# timestamp workers_connected workers_init workers_idle workers_busy workers_able workers_joined workers_removed workers_released workers_idled_out workers_blocked workers_fast_aborted workers_lost tasks_waiting tasks_on_workers tasks_running tasks_with_results tasks_submitted tasks_dispatched tasks_done tasks_failed tasks_cancelled tasks_exhausted_attempts time_send time_receive time_send_good time_receive_good time_status_msgs time_internal time_polling time_application time_execute time_execute_good time_execute_exhaustion bytes_sent bytes_received bandwidth capacity_tasks capacity_cores capacity_memory capacity_disk capacity_instantaneous capacity_weighted manager_load total_cores total_memory total_disk committed_cores committed_memory committed_disk max_cores max_memory max_disk min_cores min_memory min_disk
1709754410510331 0 0 0 0 0 0 0 0 0 0 0 0 32 0 0 0 32 0 0 0 0 0 0 0 0 0 0 0 0 0 0 0 0 0 0 1.000000 10 10 5120 10240 10 10 0.000000 0 0 0 0 0 0 0 0 0 0 0 0
1709754455045872 0 0 0 0 0 0 0 0 0 0 0 0 32 0 0 0 32 0 0 0 0 0 5483 267 0 0 21432 2907 44502817 10122 0 0 0 0 0 1.000000 10 10 5120 10240 10 10 0.508244 0 0 0 0 0 0 0 0 0 0 0 0
1709754463585725 1 0 0 1 1 1 0 0 0 0 0 0 31 1 1 0 33 2 1 0 0 0 20369 5069 0 4670 26300 3158 53017257 10568 3383045 3383045 0 266934 164194 1.000000 10 10 5120 10240 10 10 0.504510 1 8192 5409 1 8192 5409 1 8192 5409 0 0 0
1709754576537222 2 0 0 2 2 2 0 0 0 0 0 0 30 2 1 0 33 2 1 0 0 0 131600 5634 0 4670 48272 9917 165810449 16595 3383045 3383045 0 400401 164194 1.000000 33 33 270336 178497 33 15 0.487179 2 16384 10830 1 8192 5409 1 8192 5421 0 0 0
1709754581964906 9 0 0 9 9 9 0 0 0 0 0 0 23 9 8 0 36 12 4 0 0 0 630031 122915 0 121559 235078 10836 170444104 18018 10290420 10290420 0 1735069 558688 1.000000 27 27 221184 146286 22 19 0.480638 9 73728 47124 8 65536 41461 1 8192 5663 0 0 0
1709754586986012 25 0 1 24 25 25 0 0 0 0 0 0 7 24 23 0 50 43 19 0 0 0 2312393 1004424 0 1040821 1257009 12271 171833780 23473 42574163 42574163 0 5739067 3008018 2.515023 15 15 122880 74052 10 25 0.486777 25 204800 119686 25 204800 119686 1 8192 5663 0 0 0
1709754592022654 25 0 0 25 25 26 1 0 0 0 0 1 7 25 25 1 65 59 33 0 0 0 2909237 2092525 0 2088308 1657747 15729 174794120 28101 77281652 75115115 0 7874537 5528949 2.555611 12 12 98304 57065 5 24 0.503853 25 204800 120904 25 204800 120904 1 8192 6639 0 0 0
1709754597228912 27 0 0 27 27 28 1 0 0 0 0 1 5 27 27 1 76 72 44 0 0 0 3555579 2957398 0 2951979 1954858 16523 178187641 31598 98681831 96870691 0 9609606 7268034 2.471339 11 11 90112 51118 9 25 0.500442 27 221184 150710 27 221184 150710 1 8192 14903 0 0 0
1709754602277851 27 0 2 25 27 28 1 0 0 0 0 1 6 25 25 0 81 76 50 0 0 0 3742818 3695960 0 3820837 2138970 16900 182013958 34594 134820551 134820551 0 10143474 8376464 2.374313 11 11 90112 51203 13 24 0.529179 27 221184 150710 26 212992 135807 1 8192 14903 0 0 0
1709754607407823 27 0 1 26 27 28 1 0 0 0 0 1 5 26 26 0 84 80 53 0 0 0 3930244 4008946 0 4297373 2257164 17198 186359882 35697 144722824 144722824 0 10677342 8801264 2.339816 12 12 98304 60402 7 26 0.505237 27 221184 150710 27 221184 150710 1 8192 14903 0 0 0
1709754614264451 27 0 0 27 27 28 1 0 0 0 0 1 5 27 27 1 86 82 54 0 0 0 4090817 4393267 0 4386445 2279097 17393 192869611 36469 153087962 146610072 0 10944274 8952926 2.236594 11 11 90112 55374 10 24 0.507890 27 221184 150710 27 221184 150710 1 8192 14903 0 0 0
1709754619814570 27 0 0 27 27 28 1 0 0 0 0 1 5 27 27 1 87 83 55 0 0 0 4207210 4688465 0 4681506 2353610 17520 197933087 36940 157957312 153087962 0 11077741 9081545 2.161207 11 11 90112 55287 6 24 0.509065 27 221184 150710 27 221184 150710 1 8192 14903 0 0 0
1709754625015281 27 0 1 26 27 28 1 0 0 0 0 1 5 26 26 0 88 84 57 0 0 0 4312693 4983419 0 5272189 2503132 17642 202361236 37408 162183080 162183080 0 11211208 9323057 2.106580 11 11 90112 55560 10 24 0.509638 27 221184 150710 27 221184 150710 1 8192 14903 0 0 0
1709754630448139 27 0 0 27 27 28 1 0 0 0 0 1 5 27 27 0 89 85 57 0 0 0 4445041 5279531 0 5272189 2503169 18252 207660495 37816 162183080 162183080 0 11344675 9323057 2.026854 11 11 90112 56013 8 24 0.510201 27 221184 150710 27 221184 150710 1 8192 14903 0 0 0
1709754919632327 27 0 0 27 27 28 1 0 0 0 0 1 5 27 27 1 89 85 57 0 0 0 10946392 5281740 0 5272189 2505807 35613 490294807 53424 494775712 162183080 0 11344675 9323057 1.214575 10 10 81920 51170 7 24 0.512821 27 221184 150710 27 221184 150710 1 8192 14903 0 0 0
1709754924897654 27 0 0 27 27 28 1 0 0 0 0 1 5 27 27 0 90 86 58 0 0 0 11072094 5389620 0 5379937 2515914 35724 495325712 53947 494775712 494775712 0 11478142 19117186 1.772475 10 10 81920 51170 7 24 0.511601 27 221184 150710 27 221184 150710 1 8192 14903 0 0 0
1709754994963062 27 0 1 26 27 28 2 0 0 0 0 2 6 26 26 0 90 86 58 0 0 0 12972192 5390206 0 5379937 2517074 39401 563481545 57440 494775712 494775712 0 11478142 19117186 1.589007 33 33 270336 169068 2066 224 0.512820 27 221184 150710 27 221184 150710 1 8192 14903 0 0 0
1709755095966703 26 0 1 25 26 28 3 0 0 0 0 3 7 25 25 0 90 86 58 0 0 0 15231563 5391050 0 5379937 2518551 45552 662211810 62761 494775712 494775712 0 11478142 19117186 1.414854 33 33 270336 169068 2066 489 0.512821 26 212992 145283 26 212992 145283 1 8192 14903 0 0 0
1709755196833497 24 0 0 24 24 28 4 0 0 0 0 4 8 24 24 1 90 86 58 0 0 0 17432972 5391898 0 5379937 2520223 52889 760839687 68705 1089198549 494775712 0 11478142 19117186 1.278341 33 33 270336 169068 2066 715 0.512821 24 196608 134435 24 196608 134435 1 8192 14903 0 0 0
1709755203494507 24 0 0 24 24 28 4 0 0 0 0 4 8 24 24 0 91 87 59 0 0 0 17544519 6838088 0 6825739 2542000 52999 765942068 69270 1089198549 1089198549 0 11611609 28968435 1.587203 33 33 270336 169068 2066 848 0.511601 24 196608 134435 24 196608 134435 1 8192 14903 0 0 0
1709755356042074 24 0 0 24 24 28 4 0 0 0 0 4 8 24 24 1 91 87 59 0 0 0 20613166 6839306 0 6825739 2543200 60346 915378072 79467 1842827955 1089198549 0 11611609 28968435 1.409714 69 69 565248 368487 377 782 0.512821 24 196608 134435 24 196608 134435 1 8192 14903 0 0 0
1709755365338863 24 0 0 24 24 28 4 0 0 0 0 4 8 24 24 0 93 89 61 0 0 0 20749234 10776824 0 10763019 2587239 60554 920578360 80571 2612794732 2612794732 0 11878543 48690930 1.832248 98 98 802816 542316 239 718 0.510608 24 196608 134435 24 196608 134435 1 8192 14903 0 0 0
1709755386138644 24 0 0 24 24 28 4 0 0 0 0 4 8 24 24 1 93 89 61 0 0 0 21114186 10776999 0 10763019 2587300 64299 941002546 81228 3413533856 2612794732 0 11878543 48690930 1.811270 132 132 1081344 727264 697 716 0.512536 24 196608 134435 24 196608 134435 1 8192 14903 0 0 0
1709755484058110 24 0 0 24 24 28 4 0 0 0 0 4 8 24 24 1 94 90 62 0 0 0 23111321 11609682 0 11594804 2594718 70481 1036072262 86852 4314795426 3413533856 0 12012010 58566312 1.938560 142 142 1163264 785379 188 690 0.512821 24 196608 134435 24 196608 134435 1 8192 14903 0 0 0
1709755491946147 24 0 0 24 24 28 4 0 0 0 0 4 8 24 24 0 96 92 64 0 0 0 23293837 11698004 0 11682873 2607521 70696 1043681748 87816 4317425011 4317425011 0 12278944 68614670 2.204690 180 180 1474560 996488 9380 1079 0.510871 24 196608 134435 24 196608 134435 1 8192 14903 0 0 0
1709755522700333 24 0 0 24 24 28 4 0 0 0 0 4 8 24 24 1 96 92 64 0 0 0 23771029 11698221 0 11682873 2607596 74286 1073932090 88625 5253024309 4317425011 0 12278944 68614670 2.175015 182 182 1490944 1008611 46 979 0.512731 24 196608 134435 24 196608 134435 1 8192 14903 0 0 0
1709755529277260 24 0 0 24 24 28 4 0 0 0 0 4 8 24 24 0 98 94 66 0 0 0 23918259 12017927 0 12002328 2651204 74487 1080019319 89240 5254755980 5254755980 0 12545876 78555522 2.417648 220 220 1802240 1218872 2156 953 0.510544 24 196608 134435 24 196608 134435 1 8192 14903 0 0 0
1709755574155879 24 0 0 24 24 28 4 0 0 0 0 4 8 24 24 1 98 94 66 0 0 0 25152942 12018321 0 12002328 2652187 78149 1123649099 91757 6247983628 5254755980 0 12545876 78555522 2.337318 219 219 1794048 1213131 6 861 0.512819 24 196608 134435 24 196608 134435 1 8192 14903 0 0 0
1709755582229784 24 0 0 24 24 28 4 0 0 0 0 4 8 24 24 0 100 96 68 0 0 0 25332875 12874241 0 12857947 2665041 78349 1130679312 92830 6250035474 6250035474 0 12812810 88562523 2.530394 255 255 2088960 1414647 1148 798 0.510871 24 196608 134435 24 196608 134435 1 8192 14903 0 0 0
1709755753149086 24 0 0 24 24 28 4 0 0 0 0 4 8 24 24 1 100 96 68 0 0 0 28767275 12875609 0 12857947 2666368 89782 1298132060 104040 7408295431 6250035474 0 12812810 88562523 2.321622 256 256 2097152 1415999 37 658 0.512821 24 196608 134435 24 196608 134435 1 8192 14903 0 0 0
1709755758344860 24 0 0 24 24 28 4 0 0 0 0 4 7 24 24 0 100 97 69 0 0 0 28881200 12939144 0 12921368 2672882 89919 1303149517 104509 7408295431 7408295431 0 12946277 98452718 2.540351 256 256 2097152 1415999 37 598 0.511601 24 196608 134435 24 196608 134435 1 8192 14903 0 0 0
1709755790643075 24 0 0 24 24 28 4 0 0 0 0 4 7 24 24 1 100 97 69 0 0 0 29823422 12939424 0 12921368 2673724 90502 1334473709 107201 8612567793 7408295431 0 12946277 98452718 2.484361 305 305 2498560 1689439 12031 1170 0.512816 24 196608 134435 24 196608 134435 1 8192 14903 0 0 0
1709755795880883 24 0 0 24 24 28 4 0 0 0 0 4 6 24 24 0 100 98 70 0 0 0 29964464 13211746 0 13193527 2701161 94491 1339293689 107350 8612567793 8612567793 0 13079744 108335275 2.681810 351 351 2875392 1941561 3024 2270 0.511718 24 196608 134435 24 196608 134435 1 8192 14903 0 0 0
1709755874839837 24 0 0 24 24 28 4 0 0 0 0 4 6 24 24 1 100 98 70 0 0 0 31310594 13212322 0 13193527 2701458 99327 1416873165 110465 9904046712 8612567793 0 13079744 108335275 2.600692 351 351 2875392 1941561 3024 2344 0.512820 24 196608 134435 24 196608 134435 1 8192 14903 0 0 0
1709755882113564 24 0 0 24 24 28 4 0 0 0 0 4 4 24 24 0 100 100 72 0 0 0 31479162 13607969 0 13588855 2747391 99634 1423559364 111697 9905818908 9905818908 0 13346678 118326342 2.785122 397 397 3252224 2186158 2543 2418 0.510573 24 196608 134435 24 196608 134435 1 8192 14903 0 0 0
1709755921257865 24 0 0 24 24 28 4 0 0 0 0 4 4 24 24 1 100 100 72 0 0 0 32566425 13608282 0 13588855 2748226 103016 1461587817 114126 11238355902 9905818908 0 13346678 118326342 2.719523 391 391 3203072 2152854 3 2184 0.512818 24 196608 134435 24 196608 134435 1 8192 14903 0 0 0
1709755926963503 24 0 0 24 24 28 4 0 0 0 0 4 2 24 24 1 100 102 74 0 0 0 32697881 13978798 0 13959098 2795499 103224 1466743281 114485 11242666129 11240569050 0 13613612 128391308 2.901373 441 441 3612672 2428227 3572 2052 0.510168 24 196608 134435 24 196608 134435 1 8192 14903 0 0 0
1709755932379801 24 0 0 24 24 28 4 0 0 0 0 4 0 24 24 1 100 104 76 0 0 0 32764797 14175400 0 14155500 2838753 103393 1471852730 114845 11247206773 11245373208 0 13880544 128770970 2.898221 434 434 3555328 2390171 4 1761 0.508829 24 196608 134435 24 196608 134435 1 8192 14903 0 0 0
1709755957095697 24 0 1 23 24 28 4 0 0 0 0 4 0 23 23 1 100 104 77 0 0 0 32764803 14266908 0 14246783 2860451 103680 1496453675 115442 12606559246 11247206773 0 13880544 128903299 2.895265 430 430 3522560 2368870 6 1591 0.514403 24 196608 134435 23 188416 130089 1 8192 14903 0 0 0
1709755982635694 24 0 2 22 24 28 4 0 0 0 0 4 0 22 22 1 100 104 78 0 0 0 32764809 14699724 0 14679355 2882929 108457 1521530310 119145 13229992664 12606559246 0 13880544 138795396 3.067619 476 476 3899392 2623615 2368 1484 0.514616 24 196608 134435 22 180224 125826 1 8192 14903 0 0 0
1709755995397857 24 0 3 21 24 28 4 0 0 0 0 4 0 21 21 1 100 104 79 0 0 0 32764811 16228634 0 16208102 2904826 108604 1532735183 119535 14639086687 13229992664 0 13880544 148601798 3.162775 476 476 3899392 2623615 2368 1571 0.520431 24 196608 134435 21 172032 110923 1 8192 14903 0 0 0
1709756157095329 24 0 4 20 24 28 4 0 0 0 0 4 0 20 20 1 100 104 80 0 0 0 32764840 16504108 0 16482334 2936452 119824 1694105114 128381 16212179272 14639086687 0 13880544 158503372 3.336749 515 515 4218880 2935553 3117 1694 0.512821 24 196608 134435 20 163840 106557 1 8192 14903 0 0 0
1709756433382109 21 0 2 19 21 29 8 0 4 0 0 4 0 19 19 0 100 104 81 0 0 0 32764875 17472215 0 17448581 3012361 134375 1969343413 145121 16212179272 16212179272 0 13880544 168399413 3.460306 558 558 4571136 3189494 1413 1756 0.512821 21 172032 110820 19 155648 101443 1 8192 14903 0 0 0
1709756468069478 20 0 1 19 20 29 9 0 5 0 0 4 0 19 19 0 100 104 81 0 0 0 32764881 17472416 0 17448581 3056908 137344 2003982011 145924 16212179272 16212179272 0 13880544 168399413 3.460292 558 558 4571136 3189494 1413 1723 0.512821 20 163840 105706 19 155648 101443 1 8192 14903 0 0 0
1709756584374237 21 0 2 19 21 30 9 0 5 0 0 4 0 19 19 1 100 104 81 0 0 0 32764904 17473241 0 17448581 3059071 146521 2120246219 151725 17004861895 16212179272 0 13880544 168399413 3.460234 558 558 4571136 3189494 1413 1680 0.512821 21 172032 110072 19 155648 101443 1 8192 14903 0 0 0
1709756597505915 21 0 3 18 21 30 9 0 5 0 0 4 0 18 18 1 100 104 82 0 0 0 32764904 17729306 0 17704489 3081477 146683 2133094331 156378 17724328823 17004861895 0 13880544 178233166 3.628414 558 558 4571136 3189494 1413 1655 0.518049 21 172032 110072 18 147456 97196 1 8192 14903 0 0 0
1709756697759539 23 0 6 17 23 32 9 0 5 0 0 4 0 17 17 0 100 104 83 0 0 0 32764928 18042794 0 18017175 3206324 153213 2232921409 160129 17724328823 17724328823 0 13880544 188099373 3.791216 583 583 4775936 3331857 948 1509 0.512821 23 188416 130113 17 139264 92991 1 8192 14927 0 0 0
1709756738194719 22 0 6 16 22 32 10 0 6 0 0 4 0 16 16 1 100 104 84 0 0 0 32764930 18287466 0 18261569 3229243 153615 2273063107 163385 21216966065 19840037949 0 13880544 198171353 3.961194 583 583 4775936 3331857 948 1455 0.513148 22 180224 125850 16 131072 87717 1 8192 14927 0 0 0
1709756779905976 21 0 6 15 21 32 11 0 7 0 0 4 0 15 15 1 100 104 85 0 0 0 32764943 18768564 0 18742299 3252847 156921 2314263617 165452 23401496405 21216966065 0 13880544 208066042 4.107323 661 661 5414912 3785804 815 1841 0.512830 21 172032 121484 15 122880 83426 1 8192 14927 0 0 0
1709756805547001 22 0 8 14 22 33 11 0 7 0 0 4 0 14 14 0 100 104 86 0 0 0 32764943 19707511 0 19680979 3468078 157290 2338771593 166464 23401496405 23401496405 0 13880544 218103232 4.216250 661 661 5414912 3785804 815 1742 0.513266 22 180224 129293 14 114688 79088 1 8192 14927 0 0 0
1709756890874981 22 0 8 14 22 34 12 0 8 0 0 4 0 14 14 0 100 104 86 0 0 0 32764963 19708067 0 19680979 3513315 164284 2424042760 170071 23401496405 23401496405 0 13880544 218103232 4.216203 712 712 5832704 4079354 1951 1773 0.512821 22 180224 129309 14 114688 79088 1 8192 14927 0 0 0
1709756915569678 21 0 7 14 21 35 14 0 10 0 0 4 0 14 14 0 100 104 86 0 0 0 32764969 19708197 0 19680979 3582240 164586 2448663393 174556 23401496405 23401496405 0 13880544 218103232 4.216193 712 712 5832704 4079354 1951 1782 0.512821 21 172032 124356 14 114688 79088 1 8192 14927 0 0 0
1709756939129259 21 0 7 14 21 35 14 0 10 0 0 4 0 14 14 1 100 104 86 0 0 0 32764973 19708335 0 19680979 3582584 167266 2472213350 175092 25755495571 23401496405 0 13880544 218103232 4.216181 712 712 5832704 4079354 1951 1799 0.512821 21 172032 124356 14 114688 79088 1 8192 14927 0 0 0
1709756948556594 21 0 8 13 21 35 14 0 10 0 0 4 0 13 13 1 100 104 87 0 0 0 32764974 19970994 0 19943502 3588612 167403 2481355770 175681 28106541524 25755495571 0 13880544 228189372 4.377579 712 712 5832704 4079354 1951 1815 0.521553 21 172032 124356 13 106496 73608 1 8192 14927 0 0 0
1709757033215988 20 0 8 12 20 36 16 0 12 0 0 4 0 12 12 0 100 104 88 0 0 0 32764993 20223691 0 20195661 3656023 171451 2565707028 180614 28106541524 28106541524 0 13880544 238205306 4.536965 854 854 6995968 4914213 5265 2569 0.512821 20 163840 108402 12 98304 69370 1 8192 14903 0 0 0
1709757038656638 21 0 9 12 21 37 16 0 12 0 0 4 0 12 12 0 100 104 88 0 0 0 32764994 20223738 0 20195661 3793621 171583 2571009663 180686 28106541524 28106541524 0 13880544 238205306 4.536961 854 854 6995968 4914213 5265 2704 0.512821 21 172032 112779 12 98304 69370 1 8192 14903 0 0 0
1709757043958997 22 0 10 12 22 39 17 0 13 0 0 4 0 12 12 0 100 104 88 0 0 0 32764999 20223801 0 20195661 3974991 171781 2576130130 180786 28106541524 28106541524 0 13880544 238205306 4.536955 854 854 6995968 4914213 5265 2833 0.512821 22 180224 118393 12 98304 69370 1 8192 14903 0 0 0
1709757068218088 23 0 11 12 23 40 17 0 13 0 0 4 0 12 12 0 100 104 88 0 0 0 32765004 20223959 0 20195661 4019660 175007 2600340412 181310 28106541524 28106541524 0 13880544 238205306 4.536941 854 854 6995968 4914213 5265 3071 0.512821 23 188416 122598 12 98304 69370 1 8192 14903 0 0 0
1709757098111058 23 0 11 12 23 41 18 0 14 0 0 4 0 12 12 0 100 104 88 0 0 0 32765012 20224107 0 20195661 4074575 175369 2630175456 183515 28106541524 28106541524 0 13880544 238205306 4.536928 854 854 6995968 4914213 5265 3181 0.512821 23 188416 123374 12 98304 69370 1 8192 14903 0 0 0
1709757108751385 22 0 10 12 22 41 19 0 15 0 0 4 0 12 12 1 100 104 88 0 0 0 32765015 20224167 0 20195661 4075039 175500 2640790384 183856 30607199723 28106541524 0 13880544 238205306 4.536922 854 854 6995968 4914213 5265 3286 0.512821 22 180224 115565 12 98304 69370 1 8192 14903 0 0 0
1709757139102486 22 0 11 11 22 41 19 0 15 0 0 4 0 11 11 0 100 104 89 0 0 0 32765023 20481430 0 20452633 4143912 179455 2670834173 185185 30607199723 30607199723 0 13880544 248235731 4.694652 917 917 7512064 5269494 4713 3541 0.512891 22 180224 115565 11 90112 65136 1 8192 14903 0 0 0
1709757149687114 24 0 13 11 24 43 19 0 15 0 0 4 0 11 11 0 100 104 89 0 0 0 32765029 20481518 0 20452633 4188722 179742 2681373125 185484 30607199723 30607199723 0 13880544 248235731 4.694644 917 917 7512064 5269494 4713 3600 0.512822 24 196608 135766 11 90112 65136 1 8192 14927 0 0 0
1709757189364086 24 0 13 11 24 44 20 0 16 0 0 4 0 11 11 0 100 104 89 0 0 0 32765038 20481755 0 20452633 4232785 183437 2720999139 187955 30607199723 30607199723 0 13880544 248235731 4.694622 917 917 7512064 5269494 4713 3709 0.512821 24 196608 135794 11 90112 65136 1 8192 14927 0 0 0
1709757219670634 24 0 13 11 24 45 21 0 17 0 0 4 0 11 11 0 100 104 89 0 0 0 32765047 20481918 0 20452633 4245007 183844 2751292131 188540 30607199723 30607199723 0 13880544 248235731 4.694607 917 917 7512064 5269494 4713 3760 0.512821 24 196608 136908 11 90112 65136 1 8192 14927 0 0 0
1709757244238025 24 0 13 11 24 46 22 0 18 0 0 4 0 11 11 0 100 104 89 0 0 0 32765054 20482052 0 20452633 4291957 186349 2775805832 192397 30607199723 30607199723 0 13880544 248235731 4.694594 917 917 7512064 5269494 4713 3854 0.512821 24 196608 135766 11 90112 65136 1 8192 14927 0 0 0
1709757249381405 24 0 14 10 24 46 22 0 18 0 0 4 0 10 10 0 100 104 90 0 0 0 32765054 20482067 0 20711806 4314620 186385 2780667124 192467 33271967489 33271967489 0 13880544 258251916 4.873986 917 917 7512064 5269494 4713 3897 0.512821 24 196608 135766 11 90112 65136 1 8192 14927 0 0 0
1709757294897749 24 0 14 10 24 47 23 0 19 0 0 4 0 10 10 0 100 104 90 0 0 0 32765060 20741588 0 20711806 4468890 189200 2826023591 194808 33271967489 33271967489 0 13880544 258251916 4.850346 990 990 8110080 5689369 6392 4098 0.512836 24 196608 139337 10 81920 60879 1 8192 14927 0 0 0
1709757334594840 24 0 14 10 24 47 23 0 19 0 0 4 0 10 10 0 100 104 90 0 0 0 32765068 20741765 0 20711806 4514790 189587 2865673389 195429 33271967489 33271967489 0 13880544 258251916 4.850329 990 990 8110080 5689369 6392 4213 0.512821 24 196608 139337 10 81920 60879 1 8192 14927 0 0 0
1709757384512373 21 0 11 10 21 49 28 0 24 0 0 4 0 10 10 0 100 104 90 0 0 0 32765080 20742072 0 20711806 4528929 193204 2915569838 198143 33271967489 33271967489 0 13880544 258251916 4.850300 990 990 8110080 5689369 6392 4426 0.512821 21 172032 126346 10 81920 60879 1 8192 14927 0 0 0
1709757419333052 20 0 10 10 20 50 30 0 26 0 0 4 0 10 10 0 100 104 90 0 0 0 32765087 20742268 0 20711806 4573600 196640 2950339627 200499 33271967489 33271967489 0 13880544 258251916 4.850282 990 990 8110080 5689369 6392 4619 0.512821 20 163840 121236 10 81920 60879 1 8192 14927 0 0 0
1709757479797065 19 0 9 10 19 51 32 0 28 0 0 4 0 10 10 0 100 104 90 0 0 0 32765100 20742614 0 20711806 4638724 200405 3010731255 203366 33271967489 33271967489 0 13880544 258251916 4.850249 990 990 8110080 5689369 6392 4793 0.512821 19 155648 105282 10 81920 60879 1 8192 14903 0 0 0
1709757489431424 19 0 9 10 19 52 33 0 29 0 0 4 0 10 10 0 100 104 90 0 0 0 32765103 20742684 0 20711806 4674355 200604 3020329360 203553 33271967489 33271967489 0 13880544 258251916 4.850242 990 990 8110080 5689369 6392 4873 0.512821 19 155648 105999 10 81920 60879 1 8192 14903 0 0 0
1709757512701045 19 0 9 10 19 52 33 0 29 0 0 4 0 10 10 1 100 104 90 0 0 0 32765107 20742792 0 20711806 4674585 200838 3043575650 204004 36199586400 33271967489 0 13880544 258251916 4.850232 990 990 8110080 5689369 6392 4949 0.512821 19 155648 105999 10 81920 60879 1 8192 14903 0 0 0
1709757528975047 19 0 10 9 19 53 34 0 30 0 0 4 0 9 9 0 100 104 91 0 0 0 32765108 21054393 0 21023181 4740894 201117 3059492530 205044 36199586400 36199586400 0 13880544 268344037 5.000982 990 990 8110080 5689369 6392 5091 0.513833 19 155648 104724 9 73728 55605 1 8192 14903 0 0 0
1709757543272064 20 0 11 9 20 54 34 0 30 0 0 4 0 9 9 0 100 104 91 0 0 0 32765108 21054477 0 21023181 4795997 205344 3073728297 206698 36199586400 36199586400 0 13880544 268344037 5.000974 1072 1072 8781824 6181087 6920 5270 0.512859 20 163840 109838 9 73728 55605 1 8192 14903 0 0 0
1709757553031030 20 0 11 9 20 55 35 0 31 0 0 4 0 9 9 0 100 104 91 0 0 0 32765111 21054538 0 21023181 4840436 205512 3083442184 206913 36199586400 36199586400 0 13880544 268344037 5.000968 1072 1072 8781824 6181087 6920 5353 0.512824 20 163840 109734 9 73728 55605 1 8192 14903 0 0 0
1709757583493063 20 0 11 9 20 56 36 0 32 0 0 4 0 9 9 0 100 104 91 0 0 0 32765115 21054702 0 21023181 4884303 205916 3113858945 207518 36199586400 36199586400 0 13880544 268344037 5.000952 1072 1072 8781824 6181087 6920 5432 0.512821 20 163840 120404 9 73728 55605 1 8192 14927 0 0 0
1709757598152201 20 0 11 9 20 57 37 0 33 0 0 4 0 9 9 0 100 104 91 0 0 0 32765119 21054812 0 21023181 4941280 209813 3128454850 209536 36199586400 36199586400 0 13880544 268344037 5.000942 1072 1072 8781824 6181087 6920 5578 0.512821 20 163840 117869 9 73728 55605 1 8192 14927 0 0 0
1709757603476103 22 0 13 9 22 59 37 0 33 0 0 4 0 9 9 0 100 104 91 0 0 0 32765124 21054870 0 21023181 5081125 210002 3133638363 209635 36199586400 36199586400 0 13880544 268344037 5.000936 1072 1072 8781824 6181087 6920 5646 0.512821 22 180224 127390 9 73728 55605 1 8192 14927 0 0 0
1709757608961029 23 0 14 9 23 60 37 0 33 0 0 4 0 9 9 0 100 104 91 0 0 0 32765131 21054918 0 21023181 5125244 210158 3139078700 209743 36199586400 36199586400 0 13880544 268344037 5.000931 1072 1072 8781824 6181087 6920 5710 0.512821 23 188416 142284 9 73728 55605 1 8192 14927 0 0 0
1709757619242319 23 0 14 9 23 60 37 0 33 0 0 4 0 9 9 1 100 104 91 0 0 0 32765133 21054959 0 21023181 5125323 210253 3149258918 210047 39234066000 36199586400 0 13880544 268344037 5.000927 1072 1072 8781824 6181087 6920 5771 0.512821 23 188416 142284 9 73728 55605 1 8192 14927 0 0 0
1709757635276218 24 0 16 8 24 61 37 0 33 0 0 4 0 8 8 0 100 104 92 0 0 0 32765136 22100908 0 22068990 5270650 210476 3164200791 210921 39234066000 39234066000 0 13880544 278426868 5.080849 1072 1072 8781824 6181087 6920 5884 0.513833 24 196608 146575 8 65536 50695 1 8192 14927 0 0 0
1709757660038591 24 0 16 8 24 62 38 0 34 0 0 4 0 8 8 0 100 104 92 0 0 0 32765141 22101043 0 22068990 5283011 213273 3188943466 215067 39234066000 39234066000 0 13880544 278426868 5.080836 1114 1114 9125888 6437966 1834 5490 0.512833 24 196608 147792 8 65536 50695 1 8192 14927 0 0 0
1709757690680037 24 0 16 8 24 63 39 0 35 0 0 4 0 8 8 0 100 104 92 0 0 0 32765150 22101179 0 22068990 5327419 213702 3219539012 215672 39234066000 39234066000 0 13880544 278426868 5.080822 1114 1114 9125888 6437966 1834 5308 0.512821 24 196608 146650 8 65536 50695 1 8192 14927 0 0 0
1709757711944809 24 0 17 7 24 63 39 0 35 0 0 4 0 7 7 0 100 104 93 0 0 0 32765150 22101194 0 38447113 5333358 213746 3224419406 215775 41542604194 41542604194 0 13880544 288483582 5.255624 1114 1114 9125888 6437966 1834 5135 0.512821 24 196608 146650 8 65536 50695 1 8192 14927 0 0 0
1709757761832225 25 0 18 7 25 65 40 0 36 0 0 4 0 7 7 0 100 104 93 0 0 0 32765166 38479759 0 38447113 5527752 216814 3274105724 218796 41542604194 41542604194 0 13880544 288483582 4.047403 810 810 6635520 4704728 141 4581 0.512821 25 204800 154478 7 57344 45032 1 8192 14927 0 0 0
1709757781633168 26 0 19 7 26 67 41 0 37 0 0 4 0 7 7 0 100 104 93 0 0 0 32765174 38479854 0 38447113 5617143 219920 3293812154 220504 41542604194 41542604194 0 13880544 288483582 4.047397 810 810 6635520 4704728 141 4149 0.512821 26 212992 160595 7 57344 45032 1 8192 14927 0 0 0
1709757826919801 25 0 18 7 25 69 44 0 40 0 0 4 0 7 7 0 100 104 93 0 0 0 32765185 38480034 0 38447113 5673644 220529 3339040325 221421 41542604194 41542604194 0 13880544 288483582 4.047386 810 810 6635520 4704728 141 3949 0.512821 25 204800 155851 7 57344 45032 1 8192 14927 0 0 0
1709757881163212 24 0 17 7 24 70 46 0 42 0 0 4 0 7 7 0 100 104 93 0 0 0 32765196 38480270 0 38447113 5718859 225242 3393228743 225938 41542604194 41542604194 0 13880544 288483582 4.047372 810 810 6635520 4704728 141 3579 0.512821 24 196608 150741 7 57344 45032 1 8192 14927 0 0 0
1709757926144734 19 0 12 7 19 71 52 0 48 0 0 4 0 7 7 0 100 104 93 0 0 0 32765208 38480464 0 38447113 5763139 228734 3438159572 228386 41542604194 41542604194 0 13880544 288483582 4.047360 810 810 6635520 4704728 141 3245 0.512821 19 155648 105462 7 57344 45032 1 8192 14903 0 0 0
1709757936634665 19 0 12 7 19 72 53 0 49 0 0 4 0 7 7 0 100 104 93 0 0 0 32765214 38480522 0 38447113 5796614 228942 3448615344 228606 41542604194 41542604194 0 13880544 288483582 4.047357 810 810 6635520 4704728 141 3090 0.512821 19 155648 106179 7 57344 45032 1 8192 14903 0 0 0
1709757986862525 20 0 13 7 20 74 54 0 50 0 0 4 0 7 7 0 100 104 93 0 0 0 32765227 38480760 0 38447113 5898943 232638 3498733676 231590 41542604194 41542604194 0 13880544 288483582 4.047342 810 810 6635520 4704728 141 2803 0.512821 20 163840 110018 7 57344 45032 1 8192 14903 0 0 0
1709758021068665 17 0 10 7 17 74 57 0 53 0 0 4 0 7 7 0 100 104 93 0 0 0 32765235 38480898 0 38447113 5944528 235472 3532890261 232392 41542604194 41542604194 0 13880544 288483582 4.047334 810 810 6635520 4704728 141 2544 0.512821 17 139264 95760 7 57344 45032 1 8192 14903 0 0 0
1709758026890276 19 0 12 7 19 76 57 0 53 0 0 4 0 7 7 0 100 104 93 0 0 0 32765242 38480945 0 38447113 5988770 235653 3538667138 232473 41542604194 41542604194 0 13880544 288483582 4.047331 810 810 6635520 4704728 141 2424 0.512821 19 155648 114921 7 57344 45032 1 8192 14927 0 0 0
1709758041613211 19 0 12 7 19 76 57 0 53 0 0 4 0 7 7 0 100 104 93 0 0 0 32765243 38481001 0 38447113 6033299 235811 3553342610 234963 41542604194 41542604194 0 13880544 288483582 4.047328 810 810 6635520 4704728 141 2310 0.512821 19 155648 114921 7 57344 45032 1 8192 14927 0 0 0
1709758056843084 21 0 14 7 21 78 57 0 53 0 0 4 0 7 7 0 100 104 93 0 0 0 32765249 38481087 0 38447113 6045492 236114 3568559427 235264 41542604194 41542604194 0 13880544 288483582 4.047323 810 810 6635520 4704728 141 2202 0.512821 21 172032 124819 7 57344 45032 1 8192 14927 0 0 0
1709758091953077 18 0 11 7 18 79 61 0 57 0 0 4 0 7 7 0 100 104 93 0 0 0 32765257 38481263 0 38447113 6091068 239624 3603617236 237861 41542604194 41542604194 0 13880544 288483582 4.047312 810 810 6635520 4704728 141 2002 0.512821 18 147456 106674 7 57344 45032 1 8192 14927 0 0 0
1709758106192127 19 0 12 7 19 80 61 0 57 0 0 4 0 7 7 0 100 104 93 0 0 0 32765261 38481325 0 38447113 6305727 239823 3617640797 238191 41542604194 41542604194 0 13880544 288483582 4.047308 810 810 6635520 4704728 141 1909 0.512821 19 155648 112154 7 57344 45032 1 8192 14927 0 0 0
1709758136143406 20 0 13 7 20 82 62 0 58 0 0 4 0 7 7 0 100 104 93 0 0 0 32765268 38481463 0 38447113 6353142 243261 3647540267 238768 41542604194 41542604194 0 13880544 288483582 4.047300 810 810 6635520 4704728 141 1737 0.512821 20 163840 115922 7 57344 45032 1 8192 14927 0 0 0
1709758156613378 21 0 14 7 21 83 62 0 58 0 0 4 0 7 7 0 100 104 93 0 0 0 32765273 38481562 0 38447113 6396287 243560 3667961927 243277 41542604194 41542604194 0 13880544 288483582 4.047294 810 810 6635520 4704728 141 1658 0.512821 21 172032 120179 7 57344 45032 1 8192 14927 0 0 0
1709758161704041 22 0 15 7 22 84 62 0 58 0 0 4 0 7 7 0 100 104 93 0 0 0 32765276 38481593 0 38447113 6407890 243684 3673040571 243372 41542604194 41542604194 0 13880544 288483582 4.047292 810 810 6635520 4704728 141 1583 0.512821 22 180224 125842 7 57344 45032 1 8192 14927 0 0 0
1709758226093714 21 0 14 7 21 84 63 0 59 0 0 4 0 7 7 0 100 104 93 0 0 0 32765286 38481876 0 38447113 6497935 247302 3737333047 246305 41542604194 41542604194 0 13880544 288483582 4.047276 810 810 6635520 4704728 141 1443 0.512821 21 172032 121604 7 57344 45032 1 8192 14927 0 0 0
1709758236889907 23 0 16 7 23 88 65 0 61 0 0 4 0 7 7 0 100 104 93 0 0 0 32765291 38481982 0 38447113 6693011 247706 3747933097 246544 41542604194 41542604194 0 13880544 288483582 4.047269 810 810 6635520 4704728 141 1378 0.512821 23 188416 134785 7 57344 45032 1 8192 14927 0 0 0
1709758266245581 25 0 18 7 25 90 65 0 61 0 0 4 0 7 7 0 100 104 93 0 0 0 32765299 38482132 0 38447113 6748737 251228 3777228337 247207 41542604194 41542604194 0 13880544 288483582 4.047260 810 810 6635520 4704728 141 1259 0.512821 25 204800 155159 7 57344 45032 1 8192 14927 0 0 0
1709758326959407 22 0 15 7 22 91 69 0 65 0 0 4 0 7 7 0 100 104 93 0 0 0 32765316 38482417 0 38447113 6795546 254776 3837888191 250191 41542604194 41542604194 0 13880544 288483582 4.047243 810 810 6635520 4704728 141 1151 0.512821 22 180224 130917 7 57344 45032 1 8192 14903 0 0 0
1709758347118123 22 0 16 6 22 92 70 0 66 0 0 4 0 6 6 0 100 104 94 0 0 0 32765323 38524068 0 38488462 6813293 255261 3857983011 253947 45411088075 45411088075 0 13880544 298440395 4.178076 810 810 6635520 4704728 141 1053 0.513116 22 180224 130883 6 49152 39623 1 8192 14903 0 0 0
1709758352977316 23 0 17 6 23 93 70 0 66 0 0 4 0 6 6 0 100 104 94 0 0 0 32765328 38524105 0 38488462 6846811 255412 3863808195 254051 45411088075 45411088075 0 13880544 298440395 4.178073 889 889 7282688 5184830 45639 3283 0.512855 23 188416 136427 6 49152 39623 1 8192 14903 0 0 0
1709758377750025 23 0 17 6 23 94 71 0 67 0 0 4 0 6 6 0 100 104 94 0 0 0 32765336 38524216 0 38488462 6891863 259082 3888531266 254604 45411088075 45411088075 0 13880544 298440395 4.178066 889 889 7282688 5184830 45639 7413 0.512821 23 188416 136050 6 49152 39623 1 8192 14903 0 0 0
1709758417161129 21 0 15 6 21 95 74 0 70 0 0 4 0 6 6 0 100 104 94 0 0 0 32765342 38524369 0 38488462 6931824 259604 3927898818 257279 45411088075 45411088075 0 13880544 298440395 4.178057 889 889 7282688 5184830 45639 9325 0.512821 21 172032 126377 6 49152 39623 1 8192 14903 0 0 0
1709758427113597 22 0 16 6 22 96 74 0 70 0 0 4 0 6 6 0 100 104 94 0 0 0 32765344 38524414 0 38488462 6992857 259778 3937789630 257491 45411088075 45411088075 0 13880544 298440395 4.178054 889 889 7282688 5184830 45639 11141 0.512821 22 180224 130582 6 49152 39623 1 8192 14903 0 0 0
1709758442169038 22 0 16 6 22 97 75 0 71 0 0 4 0 6 6 0 100 104 94 0 0 0 32765350 38524500 0 38488462 7053939 264424 3952778759 257804 45411088075 45411088075 0 13880544 298440395 4.178049 889 889 7282688 5184830 45639 14505 0.512821 22 180224 131358 6 49152 39623 1 8192 14903 0 0 0
1709758482847474 22 0 16 6 22 99 77 0 73 0 0 4 0 6 6 0 100 104 94 0 0 0 32765362 38524670 0 38488462 7143507 265070 3993362428 261925 45411088075 45411088075 0 13880544 298440395 4.178038 889 889 7282688 5184830 45639 16062 0.512821 22 180224 140599 6 49152 39623 1 8192 14927 0 0 0
1709758512576077 23 0 17 6 23 100 77 0 73 0 0 4 0 6 6 0 100 104 94 0 0 0 32765365 38524786 0 38488462 7156423 268448 4023073787 262528 45411088075 45411088075 0 13880544 298440395 4.178031 889 889 7282688 5184830 45639 18946 0.512821 23 188416 145223 6 49152 39623 1 8192 14927 0 0 0
1709758532431820 22 0 16 6 22 101 79 0 75 0 0 4 0 6 6 0 100 104 94 0 0 0 32765367 38524869 0 38488462 7201882 268756 4042881327 264610 45411088075 45411088075 0 13880544 298440395 4.178026 889 889 7282688 5184830 45639 20281 0.512821 22 180224 140133 6 49152 39623 1 8192 14927 0 0 0
1709758547864151 19 0 13 6 19 101 82 0 78 0 0 4 0 6 6 0 100 104 94 0 0 0 32765369 38524919 0 38488462 7214112 268942 4058300552 264967 45411088075 45411088075 0 13880544 298440395 4.178023 889 889 7282688 5184830 45639 21549 0.512821 19 155648 113167 6 49152 39623 1 8192 14927 0 0 0
1709758575271798 20 0 14 6 20 103 83 0 79 0 0 4 0 6 6 1 100 104 94 0 0 0 32765374 38525073 0 38488462 7422858 271987 4085488944 265624 48233114232 45411088075 0 13880544 298440395 4.178014 889 889 7282688 5184830 45639 23899 0.512821 20 163840 118077 6 49152 39623 1 8192 14927 0 0 0
1709758585698184 20 0 15 5 20 103 83 0 79 0 0 4 0 5 5 0 100 104 95 0 0 0 32765375 39169758 0 39133027 7472954 272142 4095223807 268539 48233114232 48233114232 0 13880544 308513451 4.274113 889 889 7282688 5184830 45639 26019 0.519240 20 163840 118077 5 40960 35002 1 8192 14927 0 0 0
1709758600062654 21 0 16 5 21 104 83 0 79 0 0 4 0 5 5 0 100 104 95 0 0 0 32765378 39169824 0 39133027 7484782 272378 4109575388 269104 48233114232 48233114232 0 13880544 308513451 4.274109 938 938 7684096 5477461 4169 24927 0.513061 21 172032 122415 5 40960 35002 1 8192 14927 0 0 0
1709758605083107 23 0 18 5 23 106 83 0 79 0 0 4 0 5 5 0 100 104 95 0 0 0 32765383 39169864 0 39133027 7530913 272553 4114549193 269207 48233114232 48233114232 0 13880544 308513451 4.274106 938 938 7684096 5477461 4169 23890 0.512829 23 188416 132335 5 40960 35002 1 8192 14927 0 0 0
1709758635255143 21 0 16 5 21 106 85 0 81 0 0 4 0 5 5 0 100 104 95 0 0 0 32765386 39169960 0 39133027 7577388 275719 4144670684 269809 48233114232 48233114232 0 13880544 308513451 4.274100 938 938 7684096 5477461 4169 21968 0.512821 21 172032 122688 5 40960 35002 1 8192 14927 0 0 0
1709758645471997 22 0 17 5 22 108 86 0 82 0 0 4 0 5 5 0 100 104 95 0 0 0 32765393 39170024 0 39133027 7578750 275952 4154885399 270025 48233114232 48233114232 0 13880544 308513451 4.274096 938 938 7684096 5477461 4169 21079 0.512821 22 180224 127095 5 40960 35002 1 8192 14927 0 0 0
1709758679085902 23 0 19 4 23 111 88 0 84 0 0 4 0 4 4 0 100 104 96 0 0 0 32765408 39426698 0 39389427 7736301 280214 4188076303 274137 51356649488 51356649488 0 13880544 318532224 4.391249 1002 1002 8208384 5801683 6358 18778 0.512825 23 188416 131931 4 32768 30784 1 8192 14927 0 0 0
1709758729127835 22 0 18 4 22 112 90 0 86 0 0 4 0 4 4 0 100 104 96 0 0 0 32765420 39426870 0 39389427 7766134 280862 4238084547 276836 51356649488 51356649488 0 13880544 318532224 4.391238 1002 1002 8208384 5801683 6358 18157 0.512821 22 180224 128198 4 32768 30784 1 8192 14927 0 0 0
1709758789442103 20 0 16 4 20 113 93 0 89 0 0 4 0 4 4 0 100 104 96 0 0 0 32765426 39427082 0 39389427 7779975 284131 4298375610 282361 51356649488 51356649488 0 13880544 318532224 4.391225 1002 1002 8208384 5801683 6358 17008 0.512821 20 163840 109163 4 32768 30784 1 8192 14903 0 0 0
1709758799482092 21 0 17 4 21 114 93 0 89 0 0 4 0 4 4 0 100 104 96 0 0 0 32765431 39427145 0 39389427 7813684 287396 4308378104 282615 51356649488 51356649488 0 13880544 318532224 4.391220 1002 1002 8208384 5801683 6358 15971 0.512821 21 172032 114707 4 32768 30784 1 8192 14903 0 0 0
1709758822168052 21 0 18 3 21 115 94 0 90 0 0 4 0 3 3 0 100 104 97 0 0 0 32765434 39491547 0 39453634 7864241 287793 4330947338 283780 54582287224 54582287224 0 13880544 328624208 4.520504 1002 1002 8208384 5801683 6358 15035 0.513314 21 172032 114330 3 24576 26163 1 8192 14903 0 0 0
1709758847273073 21 0 18 3 21 116 95 0 91 0 0 4 0 3 3 0 100 104 97 0 0 0 32765438 39491637 0 39453634 8016017 288208 4355897503 286129 54582287224 54582287224 0 13880544 328624208 4.520498 1070 1070 8765440 6203860 33061 15937 0.512826 21 172032 116865 3 24576 26163 1 8192 14903 0 0 0
1709758867455846 20 0 17 3 20 117 97 0 93 0 0 4 0 3 3 0 100 104 97 0 0 0 32765444 39491715 0 39453634 8094494 291428 4375997850 286534 54582287224 54582287224 0 13880544 328624208 4.520493 1070 1070 8765440 6203860 33061 17608 0.512821 20 163840 111483 3 24576 26163 1 8192 14903 0 0 0
1709758874469694 21 0 18 3 21 118 97 0 93 0 0 4 0 3 3 1 100 104 97 0 0 0 32765447 39491741 0 39453634 8094689 291535 4382989448 286747 58258343498 54582287224 0 13880544 328624208 4.520491 1070 1070 8765440 6203860 33061 18381 0.512821 21 172032 115688 3 24576 26163 1 8192 14903 0 0 0
1709758929287113 20 0 18 2 20 121 101 0 97 0 0 4 0 2 2 0 100 104 98 0 0 0 32765462 39977944 0 39939567 8261677 294827 4437168393 290099 58258343498 58258343498 0 13880544 338747260 4.622991 1134 1134 9289728 6574932 5938 19120 0.512821 20 163840 121084 2 16384 11260 1 8192 14927 0 0 0
1709758944428383 20 0 18 2 20 122 102 0 98 0 0 4 0 2 2 0 100 104 98 0 0 0 32765465 39977994 0 39939567 8305575 295050 4452265000 290426 58258343498 58258343498 0 13880544 338747260 4.622987 1134 1134 9289728 6574932 5938 18461 0.512821 20 163840 131713 2 16384 11260 1 8192 14927 0 0 0
1709758954943448 19 0 17 2 19 123 104 0 100 0 0 4 0 2 2 0 100 104 98 0 0 0 32765471 39978032 0 39939567 8317851 295219 4462767196 290636 58258343498 58258343498 0 13880544 338747260 4.622984 1134 1134 9289728 6574932 5938 17835 0.512821 19 155648 126710 2 16384 11260 1 8192 14927 0 0 0
1709758989794319 18 0 16 2 18 125 107 0 103 0 0 4 0 2 2 0 100 104 98 0 0 0 32765477 39978148 0 39939567 8364394 298786 4497565527 292719 58258343498 58258343498 0 13880544 338747260 4.622977 1134 1134 9289728 6574932 5938 16676 0.512821 18 147456 122766 2 16384 11260 1 8192 14927 0 0 0
1709759014512615 20 0 18 2 20 127 107 0 103 0 0 4 0 2 2 0 100 104 98 0 0 0 32765484 39978234 0 39939567 8580647 299204 4522066312 293241 58258343498 58258343498 0 13880544 338747260 4.622971 1134 1134 9289728 6574932 5938 16140 0.512821 20 163840 133156 2 16384 11260 1 8192 14927 0 0 0
1709759024140652 21 0 19 2 21 128 107 0 103 0 0 4 0 2 2 0 100 104 98 0 0 0 32765487 39978272 0 39939567 8593381 299390 4531678442 295981 58258343498 58258343498 0 13880544 338747260 4.622968 1134 1134 9289728 6574932 5938 15630 0.512821 21 172032 137777 2 16384 11260 1 8192 14927 0 0 0
1709759044444152 20 0 18 2 20 128 108 0 104 0 0 4 0 2 2 0 100 104 98 0 0 0 32765490 39978331 0 39939567 8636886 302559 4551934451 296498 58258343498 58258343498 0 13880544 338747260 4.622964 1134 1134 9289728 6574932 5938 14686 0.512821 20 163840 132297 2 16384 11260 1 8192 14927 0 0 0
1709759049548223 22 0 20 2 22 130 108 0 104 0 0 4 0 2 2 0 100 104 98 0 0 0 32765492 39978371 0 39939567 8680926 302757 4556993887 296603 58258343498 58258343498 0 13880544 338747260 4.622962 1134 1134 9289728 6574932 5938 14249 0.512821 22 180224 140892 2 16384 11260 1 8192 14927 0 0 0
1709759084312904 23 0 21 2 23 131 108 0 104 0 0 4 0 2 2 0 100 104 98 0 0 0 32765500 39978471 0 39939567 8724903 303214 4591708958 301441 58258343498 58258343498 0 13880544 338747260 4.622955 1134 1134 9289728 6574932 5938 13834 0.512821 23 188416 145130 2 16384 11260 1 8192 14927 0 0 0
1709759094219105 22 0 20 2 22 131 109 0 105 0 0 4 0 2 2 0 100 104 98 0 0 0 32765501 39978495 0 39939567 8768813 306322 4601567743 301631 58258343498 58258343498 0 13880544 338747260 4.622953 1134 1134 9289728 6574932 5938 13065 0.512821 22 180224 139890 2 16384 11260 1 8192 14927 0 0 0
1709759124077310 22 0 20 2 22 134 112 0 108 0 0 4 0 2 2 0 100 104 98 0 0 0 32765514 39978604 0 39939567 8857549 306824 4631335766 302224 58258343498 58258343498 0 13880544 338747260 4.622945 1134 1134 9289728 6574932 5938 12709 0.512821 22 180224 139141 2 16384 11260 1 8192 14927 0 0 0
1709759159848060 22 0 20 2 22 135 113 0 109 0 0 4 0 2 2 0 100 104 98 0 0 0 32765517 39978698 0 39939567 8902668 310243 4667055600 304253 58258343498 58258343498 0 13880544 338747260 4.622939 1134 1134 9289728 6574932 5938 12050 0.512821 22 180224 136514 2 16384 11260 1 8192 14927 0 0 0
1709759174551747 20 0 18 2 20 135 115 0 111 0 0 4 0 2 2 0 100 104 98 0 0 0 32765520 39978748 0 39939567 8914771 310436 4681746417 304561 58258343498 58258343498 0 13880544 338747260 4.622936 1134 1134 9289728 6574932 5938 11745 0.512821 20 163840 127301 2 16384 11260 1 8192 14927 0 0 0
1709759229830333 19 0 17 2 19 137 118 0 114 0 0 4 0 2 2 0 100 104 98 0 0 0 32765532 39978913 0 39939567 8928223 314183 4737004677 307261 58258343498 58258343498 0 13880544 338747260 4.622925 1134 1134 9289728 6574932 5938 11180 0.512821 19 155648 103077 2 16384 11260 1 8192 14867 0 0 0
1709759244622058 20 0 18 2 20 139 119 0 115 0 0 4 0 2 2 0 100 104 98 0 0 0 32765540 39978981 0 39939567 9001246 314473 4751722546 307549 58258343498 58258343498 0 13880544 338747260 4.622920 1134 1134 9289728 6574932 5938 10918 0.512821 20 163840 108579 2 16384 11260 1 8192 14867 0 0 0
1709759264538339 19 0 17 2 19 140 121 0 117 0 0 4 0 2 2 0 100 104 98 0 0 0 32765545 39979045 0 39939567 9046545 314729 4771592623 307950 58258343498 58258343498 0 13880544 338747260 4.622915 1134 1134 9289728 6574932 5938 10669 0.512821 19 155648 93335 2 16384 11260 1 8192 6639 0 0 0
1709759279569316 19 0 17 2 19 141 122 0 118 0 0 4 0 2 2 0 100 104 98 0 0 0 32765549 39979093 0 39939567 9051906 317610 4786613287 309788 58258343498 58258343498 0 13880544 338747260 4.622912 1134 1134 9289728 6574932 5938 10209 0.512821 19 155648 93335 2 16384 11260 1 8192 6639 0 0 0
1709759309117089 18 0 16 2 18 142 124 0 120 0 0 4 0 2 2 0 100 104 98 0 0 0 32765554 39979178 0 39939567 9200244 317987 4816011459 310397 58258343498 58258343498 0 13880544 338747260 4.622906 1134 1134 9289728 6574932 5938 9996 0.512821 18 147456 90390 2 16384 11260 1 8192 7809 0 0 0
1709759334311058 18 0 16 2 18 144 126 0 122 0 0 4 0 2 2 0 100 104 98 0 0 0 32765559 39979260 0 39939567 9278788 321134 4841122926 310912 58258343498 58258343498 0 13880544 338747260 4.622901 1134 1134 9289728 6574932 5938 9602 0.512821 18 147456 90072 2 16384 11260 1 8192 7809 0 0 0
1709759339624178 19 0 17 2 19 145 126 0 122 0 0 4 0 2 2 0 100 104 98 0 0 0 32765566 39979284 0 39939567 9334285 321276 4846378938 312169 58258343498 58258343498 0 13880544 338747260 4.622899 1134 1134 9289728 6574932 5938 9419 0.512821 19 155648 95186 2 16384 11260 1 8192 7809 0 0 0
1709759369350798 19 0 17 2 19 147 128 0 124 0 0 4 0 2 2 0 100 104 98 0 0 0 32765575 39979384 0 39939567 9422771 321743 4876015561 312825 58258343498 58258343498 0 13880544 338747260 4.622892 1134 1134 9289728 6574932 5938 9245 0.512821 19 155648 116421 2 16384 11260 1 8192 14927 0 0 0
1709759379848082 20 0 18 2 20 148 128 0 124 0 0 4 0 2 2 0 100 104 98 0 0 0 32765576 39979423 0 39939567 9466658 321909 4886468314 313080 58258343498 58258343498 0 13880544 338747260 4.622889 1134 1134 9289728 6574932 5938 9080 0.512821 20 163840 120655 2 16384 11260 1 8192 14927 0 0 0
1709759394988810 20 0 18 2 20 149 129 0 125 0 0 4 0 2 2 0 100 104 98 0 0 0 32765580 39979476 0 39939567 9510957 326380 4901559769 313356 58258343498 58258343498 0 13880544 338747260 4.622886 1134 1134 9289728 6574932 5938 8774 0.512821 20 163840 131284 2 16384 11260 1 8192 14927 0 0 0
1709759434254209 17 0 15 2 17 149 132 0 128 0 0 4 0 2 2 0 100 104 98 0 0 0 32765587 39979584 0 39939567 9556398 326803 4940776409 315868 58258343498 58258343498 0 13880544 338747260 4.622878 1134 1134 9289728 6574932 5938 8633 0.512821 17 139264 117621 2 16384 11260 1 8192 14927 0 0 0
1709759439703742 19 0 17 2 19 151 132 0 128 0 0 4 0 2 2 0 100 104 98 0 0 0 32765590 39979617 0 39939567 9568214 326952 4946213723 315951 58258343498 58258343498 0 13880544 338747260 4.622876 1134 1134 9289728 6574932 5938 8499 0.512821 19 155648 128375 2 16384 11260 1 8192 14927 0 0 0
1709759459889893 19 0 17 2 19 152 133 0 129 0 0 4 0 2 2 0 100 104 98 0 0 0 32765591 39979681 0 39939567 9772168 329830 4966192326 316375 58258343498 58258343498 0 13880544 338747260 4.622872 1134 1134 9289728 6574932 5938 8250 0.512821 19 155648 128103 2 16384 11260 1 8192 14927 0 0 0
1709759474698188 20 0 18 2 20 153 133 0 129 0 0 4 0 2 2 0 100 104 98 0 0 0 32765594 39979729 0 39939567 9784956 330039 4980985487 318248 58258343498 58258343498 0 13880544 338747260 4.622869 1134 1134 9289728 6574932 5938 8135 0.512821 20 163840 132724 2 16384 11260 1 8192 14927 0 0 0
1709759489838912 20 0 18 2 20 154 134 0 130 0 0 4 0 2 2 0 100 104 98 0 0 0 32765596 39979776 0 39939567 9829492 330271 4996080847 318608 58258343498 58258343498 0 13880544 338747260 4.622866 1134 1134 9289728 6574932 5938 8026 0.512821 20 163840 131501 2 16384 11260 1 8192 14927 0 0 0
1709759499036692 21 0 19 2 21 155 134 0 130 0 0 4 0 2 2 0 100 104 98 0 0 0 32765598 39979811 0 39939567 9873169 330434 5005234312 318834 58258343498 58258343498 0 13880544 338747260 4.622863 1134 1134 9289728 6574932 5938 7922 0.512821 21 172032 135839 2 16384 11260 1 8192 14927 0 0 0
1709759510738542 21 0 19 2 21 155 134 0 130 0 0 4 0 2 2 1 100 104 98 0 0 0 32765599 39979837 0 39939567 9873305 330548 5016929275 319144 62282239480 58258343498 0 13880544 338747260 4.622862 1134 1134 9289728 6574932 5938 7823 0.512821 21 172032 135839 2 16384 11260 1 8192 14927 0 0 0
1709759525679050 22 0 21 1 22 156 134 0 130 0 0 4 0 1 1 0 100 104 99 0 0 0 32765604 40124115 0 40083705 9923465 333773 5031676061 321262 62282239480 62282239480 0 13880544 348864393 4.746081 1218 1218 9977856 6806383 22852 8401 0.513492 22 180224 140077 1 8192 6639 1 8192 14927 0 0 0
1709759540586214 22 0 21 1 22 157 135 0 131 0 0 4 0 1 1 0 100 104 99 0 0 0 32765609 40124161 0 40083705 9963652 333990 5046542288 321575 62282239480 62282239480 0 13880544 348864393 4.746078 1218 1218 9977856 6806383 22852 9124 0.512848 22 180224 139055 1 8192 6639 1 8192 14927 0 0 0
1709759565123094 20 0 19 1 20 158 138 0 134 0 0 4 0 1 1 0 100 104 99 0 0 0 32765613 40124235 0 40083705 10007191 334337 5071034423 322098 62282239480 62282239480 0 13880544 348864393 4.746073 1218 1218 9977856 6806383 22852 9811 0.512821 20 163840 129335 1 8192 6639 1 8192 14927 0 0 0
1709759570541540 21 0 20 1 21 159 138 0 134 0 0 4 0 1 1 0 100 104 99 0 0 0 32765616 40124258 0 40083705 10051907 334458 5076407729 322244 62282239480 62282239480 0 13880544 348864393 4.746071 1218 1218 9977856 6806383 22852 10464 0.512821 21 172032 134517 1 8192 6639 1 8192 14927 0 0 0
1709759600937131 21 0 20 1 21 160 139 0 135 0 0 4 0 1 1 0 100 104 99 0 0 0 32765624 40124335 0 40083705 10088642 337581 5106760846 324540 62282239480 62282239480 0 13880544 348864393 4.746066 1218 1218 9977856 6806383 22852 11673 0.512821 21 172032 134517 1 8192 6639 1 8192 14927 0 0 0
1709759610147121 22 0 21 1 22 162 140 0 136 0 0 4 0 1 1 0 100 104 99 0 0 0 32765627 40124378 0 40083705 10177699 337849 5115881011 324798 62282239480 62282239480 0 13880544 348864393 4.746063 1218 1218 9977856 6806383 22852 12232 0.512821 22 180224 146757 1 8192 6639 1 8192 14927 0 0 0
1709759620951277 22 0 21 1 22 163 141 0 137 0 0 4 0 1 1 0 100 104 99 0 0 0 32765629 40124419 0 40083705 10189904 338052 5126672301 325007 62282239480 62282239480 0 13880544 348864393 4.746060 1218 1218 9977856 6806383 22852 12763 0.512821 22 180224 147229 1 8192 6639 1 8192 14927 0 0 0
1709759670178294 18 0 17 1 18 163 145 0 141 0 0 4 0 1 1 0 100 104 99 0 0 0 32765634 40124534 0 40083705 10202966 342610 5175878309 327969 62282239480 62282239480 0 13880544 348864393 4.746052 1218 1218 9977856 6806383 22852 13748 0.512821 18 147456 108080 1 8192 6639 1 8192 14867 0 0 0
1709759685983313 19 0 18 1 19 165 146 0 142 0 0 4 0 1 1 0 100 104 99 0 0 0 32765641 40124586 0 40083705 10243084 342898 5191642340 328286 62282239480 62282239480 0 13880544 348864393 4.746048 1218 1218 9977856 6806383 22852 14204 0.512821 19 155648 113278 1 8192 6639 1 8192 14867 0 0 0
1709759725312099 20 0 19 1 20 167 147 0 143 0 0 4 0 1 1 0 100 104 99 0 0 0 32765649 40124699 0 40083705 10320317 346373 5230885186 333116 62282239480 62282239480 0 13880544 348864393 4.746040 1218 1218 9977856 6806383 22852 15048 0.512821 20 163840 108202 1 8192 6639 1 8192 14867 0 0 0
1709759765835423 18 0 17 1 18 168 150 0 146 0 0 4 0 1 1 0 100 104 99 0 0 0 32765657 40124815 0 40083705 10358020 350485 5271365471 333981 62282239480 62282239480 0 13880544 348864393 4.746032 1218 1218 9977856 6806383 22852 15810 0.512821 18 147456 97546 1 8192 6639 1 8192 14867 0 0 0
1709759775059129 19 0 18 1 19 170 151 0 147 0 0 4 0 1 1 0 100 104 99 0 0 0 32765661 40124862 0 40083705 10550338 350740 5280394307 336016 62282239480 62282239480 0 13880544 348864393 4.746029 1218 1218 9977856 6806383 22852 16163 0.512821 19 155648 104939 1 8192 6639 1 8192 14867 0 0 0
1709759790510677 19 0 18 1 19 171 152 0 148 0 0 4 0 1 1 0 100 104 99 0 0 0 32765664 40124910 0 40083705 10606420 350974 5295789008 336327 62282239480 62282239480 0 13880544 348864393 4.746026 1218 1218 9977856 6806383 22852 16498 0.512821 19 155648 105796 1 8192 6639 1 8192 14867 0 0 0
1709759815741580 18 0 17 1 18 172 154 0 150 0 0 4 0 1 1 0 100 104 99 0 0 0 32765669 40124992 0 40083705 10651728 353683 5320971057 336879 62282239480 62282239480 0 13880544 348864393 4.746020 1218 1218 9977856 6806383 22852 17118 0.512821 18 147456 111740 1 8192 6639 1 8192 14903 0 0 0
1709759830176234 17 0 16 1 17 172 155 0 151 0 0 4 0 1 1 0 100 104 99 0 0 0 32765673 40125021 0 40083705 10696865 353797 5335359946 337199 62282239480 62282239480 0 13880544 348864393 4.746018 1218 1218 9977856 6806383 22852 17405 0.512821 17 139264 107502 1 8192 6639 1 8192 14903 0 0 0
1709759835505025 19 0 18 1 19 174 155 0 151 0 0 4 0 1 1 0 100 104 99 0 0 0 32765679 40125056 0 40083705 10740973 353969 5340642422 338992 62282239480 62282239480 0 13880544 348864393 4.746015 1218 1218 9977856 6806383 22852 17678 0.512821 19 155648 126663 1 8192 6639 1 8192 14927 0 0 0
1709759865006962 17 0 16 1 17 174 157 0 153 0 0 4 0 1 1 0 100 104 99 0 0 0 32765682 40125125 0 40083705 10785846 354280 5370098147 339701 62282239480 62282239480 0 13880544 348864393 4.746010 1218 1218 9977856 6806383 22852 17937 0.512821 17 139264 118182 1 8192 6639 1 8192 14927 0 0 0
1709759880068543 18 0 17 1 18 176 158 0 154 0 0 4 0 1 1 0 100 104 99 0 0 0 32765684 40125186 0 40083705 10798122 357176 5385143960 340047 62282239480 62282239480 0 13880544 348864393 4.746006 1218 1218 9977856 6806383 22852 18417 0.512821 18 147456 133347 1 8192 6639 1 8192 14927 0 0 0
1709759885727071 19 0 18 1 19 177 158 0 154 0 0 4 0 1 1 0 100 104 99 0 0 0 32765687 40125206 0 40083705 10845105 357296 5390755087 340153 62282239480 62282239480 0 13880544 348864393 4.746005 1218 1218 9977856 6806383 22852 18639 0.512821 19 155648 138621 1 8192 6639 1 8192 14927 0 0 0
1709759905439930 18 0 17 1 18 178 160 0 156 0 0 4 0 1 1 0 100 104 99 0 0 0 32765697 40125272 0 40083705 11051032 357615 5410259210 342360 62282239480 62282239480 0 13880544 348864393 4.746000 1218 1218 9977856 6806383 22852 18850 0.512821 18 147456 132940 1 8192 6639 1 8192 14927 0 0 0
1709759915504780 18 0 17 1 18 179 161 0 157 0 0 4 0 1 1 0 100 104 99 0 0 0 32765702 40125308 0 40083705 11064769 357789 5420309701 342586 62282239480 62282239480 0 13880544 348864393 4.745997 1218 1218 9977856 6806383 22852 19051 0.512821 18 147456 123482 1 8192 6639 1 8192 14927 0 0 0
1709759924430843 17 0 16 1 17 179 162 0 158 0 0 4 0 1 1 1 100 104 99 0 0 0 32765704 40125324 0 40083705 11064992 357863 5429160829 342801 67581265940 62282239480 0 13880544 348864393 4.745996 1218 1218 9977856 6806383 22852 19242 0.512821 17 139264 118002 1 8192 6639 1 8192 14927 0 0 0
1709759925245225 0 0 0 0 0 179 179 17 158 0 0 4 0 0 0 0 100 104 100 0 0 0 32765704 40936094 0 40894397 11139857 357889 5429160829 342879 67581265940 67581265940 0 13880544 358865836 4.823202 1218 1218 9977856 6806383 22852 19595 0.537179 0 0 0 0 0 0 0 0 0 0 0 0
