parsing sugarscape.mf...
local resources: 64.000 cores, 515756 MB memory, 6750426 MB disk
max running remote jobs: 100
max running local jobs: 64
checking sugarscape.mf for consistency...
sugarscape.mf has 3 rules.
creating new log file makeflow.10728457.makeflowlog...
checking files for unexpected changes...  (use --skip-file-check to skip this step)
starting workflow....
submitting job: python3 sugarscape.py --conf rawSugarscape4689358278237954938.config
submitted job 10728477
submitting job: python3 sugarscape.py --conf rawSugarscape242383949487557356.config
submitted job 10728491
submitting job: python3 sugarscape.py --conf rawSugarscape3761315932555994022.config
submitted job 10728503
job 10728477 completed
job 10728491 completed
deleted makeflow.failed.1
deleted rawSugarscape242383949487557356.json
submitting job: python3 sugarscape.py --conf rawSugarscape242383949487557356.config
submitted job 10737327
job 10728503 completed
job 10737327 completed
deleted makeflow.failed.1
nothing left to do.
