# timestamp workers_connected workers_init workers_idle workers_busy workers_able workers_joined workers_removed workers_released workers_idled_out workers_blocked workers_fast_aborted workers_lost tasks_waiting tasks_on_workers tasks_running tasks_with_results tasks_submitted tasks_dispatched tasks_done tasks_failed tasks_cancelled tasks_exhausted_attempts time_send time_receive time_send_good time_receive_good time_status_msgs time_internal time_polling time_application time_execute time_execute_good time_execute_exhaustion bytes_sent bytes_received bandwidth capacity_tasks capacity_cores capacity_memory capacity_disk capacity_instantaneous capacity_weighted manager_load total_cores total_memory total_disk committed_cores committed_memory committed_disk max_cores max_memory max_disk min_cores min_memory min_disk
1709833029977553 0 0 0 0 0 0 0 0 0 0 0 0 2 0 0 0 2 0 0 0 0 0 0 0 0 0 0 0 0 0 0 0 0 0 0 1.000000 10 10 5120 10240 10 10 0.000000 0 0 0 0 0 0 0 0 0 0 0 0
1709833184003456 1 0 1 0 1 1 0 0 0 0 0 0 2 0 0 0 2 0 0 0 0 0 17458 357 0 0 152455 7861 153839724 13286 0 0 0 0 0 1.000000 10 10 5120 10240 10 10 0.512820 0 0 0 0 0 0 0 0 0 0 0 0
1709833189586773 1 0 0 1 1 1 0 0 0 0 0 0 1 1 1 0 2 1 0 0 0 0 101841 376 0 0 152643 7956 159338157 13393 0 0 0 133467 0 1.000000 10 10 5120 10240 10 10 0.500316 1 8192 7268 1 8192 7268 1 8192 7268 0 0 0
1709833194965180 2 0 0 2 2 2 0 0 0 0 0 0 0 2 2 0 2 2 0 0 0 0 131348 401 0 0 185867 8068 164653487 13498 0 0 0 266934 0 1.000000 10 10 5120 10240 10 10 0.497438 2 16384 12943 2 16384 12943 1 8192 7268 0 0 0
1709833201511670 2 0 0 2 2 2 0 0 0 0 0 0 0 2 2 0 3 3 1 0 0 0 131819 68407 0 67933 202861 8158 171113372 14423 5391907 5391907 0 400401 172230 1.000000 10 10 5120 10240 10 10 0.505491 2 16384 12943 2 16384 12943 1 8192 7268 0 0 0
1709833259210384 2 0 0 2 2 2 0 0 0 0 0 0 0 2 2 1 3 3 1 0 0 0 131825 68534 0 67933 203004 10804 228727424 16894 79866535 5391907 0 400401 172230 1.000000 36 36 294912 204300 36 14 0.512799 2 16384 12943 2 16384 12943 1 8192 7268 0 0 0
1709833264314387 2 0 0 2 2 2 0 0 0 0 0 0 0 2 2 1 4 4 2 0 0 0 132215 369678 0 369001 289977 10877 233442298 17455 84208547 79866535 0 533866 336424 1.000000 36 36 294912 204300 36 17 0.511459 2 16384 12943 2 16384 12943 1 8192 7268 0 0 0
1709833269535164 2 0 0 2 2 2 0 0 0 0 0 0 0 2 2 0 5 5 3 0 0 0 132693 671462 0 670714 381980 10976 238347292 17883 84208547 84208547 0 667333 477486 1.000000 70 70 573440 453005 76 23 0.510806 2 16384 12943 2 16384 12943 1 8192 7268 0 0 0
1709833275040469 2 0 0 2 2 2 0 0 0 0 0 0 0 2 2 1 6 6 4 0 0 0 133065 1046178 0 1045360 467085 13240 243310772 18273 93202435 90257356 0 800800 814266 1.306132 45 45 368640 303165 6 23 0.510073 2 16384 12943 2 16384 12943 1 8192 7268 0 0 0
1709833280914999 2 0 0 2 2 2 0 0 0 0 0 0 0 2 2 0 7 7 5 0 0 0 133553 1346074 0 1345158 551858 13323 248878582 18595 93202435 93202435 0 934267 974627 1.230353 32 32 262144 219832 7 23 0.510392 2 16384 12943 2 16384 12943 1 8192 7268 0 0 0
1709836344658491 2 0 0 2 2 2 0 0 0 0 0 0 0 2 2 1 7 7 5 0 0 0 133962 1353352 0 1345158 563574 176916 3312197248 175175 3162061171 93202435 0 934267 974627 1.223994 26 26 212992 180685 5 23 0.512821 2 16384 12943 2 16384 12943 1 8192 7268 0 0 0
1709836350772979 2 0 0 2 2 2 0 0 0 0 0 0 0 2 2 0 8 8 6 0 0 0 134513 2172189 0 2163908 648825 177036 3317485145 175866 3162061171 3162061171 0 1067734 11057458 5.012994 26 26 212992 180685 5 23 0.511601 2 16384 12943 2 16384 12943 1 8192 7268 0 0 0
1709836357420512 2 0 0 2 2 2 0 0 0 0 0 0 0 2 2 1 8 8 6 0 0 0 134513 2172207 0 2163908 648854 177089 3324046192 176080 3173133720 3162061171 0 1067734 11057458 5.012955 645 645 5283840 4516613 2401 142 0.512162 2 16384 12943 2 16384 12943 1 8192 7268 0 0 0
1709837353762230 2 0 0 2 2 2 0 0 0 0 0 0 0 2 2 1 9 9 7 0 0 0 135322 2477154 0 2465039 747451 247315 4319856139 236389 4168755322 3173133720 0 1201201 11190138 4.523411 522 522 4276224 3675104 10 163 0.512821 2 16384 12943 2 16384 12943 1 8192 7268 0 0 0
1709837362003445 2 0 0 2 2 2 0 0 0 0 0 0 0 2 2 0 11 11 9 0 0 0 136496 3476609 0 3464245 925304 247487 4326995954 239048 4170817235 4170817235 0 1468135 21128118 5.964251 574 574 4702208 4057535 837 184 0.510661 2 16384 12943 2 16384 12943 1 8192 7268 0 0 0
1709838534609601 2 0 0 2 2 2 0 0 0 0 0 0 0 2 2 1 11 11 9 0 0 0 136687 3481184 0 3464245 931720 315340 5499365484 315217 5347351985 4170817235 0 1468135 21128118 5.956394 515 515 4218880 3651865 3 74 0.512821 2 16384 12943 2 16384 12943 1 8192 7268 0 0 0
1709838540235070 2 0 0 2 2 2 0 0 0 0 0 0 0 2 2 0 12 12 10 0 0 0 137371 4251690 0 4234580 1015660 315452 5504212553 316322 5347351985 5347351985 0 1601602 31022807 7.088774 515 515 4218880 3651865 3 68 0.511470 2 16384 12943 2 16384 12943 1 8192 7268 0 0 0
1709838546650523 2 0 0 2 2 2 0 0 0 0 0 0 0 2 2 1 12 12 10 0 0 0 137372 4251718 0 4234580 1015694 315545 5510549383 316707 5357998851 5347351985 0 1601602 31022807 7.088727 562 562 4603904 3995090 835 107 0.512091 2 16384 12943 2 16384 12943 1 8192 7268 0 0 0
1709839500035097 2 0 0 2 2 2 0 0 0 0 0 0 0 2 2 1 13 13 11 0 0 0 138093 4553874 0 4533665 1105029 372924 6463416322 381203 6310459780 5357998851 0 1735067 31177422 6.689688 514 514 4210688 3661316 12 91 0.512821 2 16384 12943 2 16384 12943 1 8192 7268 0 0 0
1709839505347035 2 0 0 2 2 2 0 0 0 0 0 0 0 2 2 0 14 14 12 0 0 0 138620 5324073 0 5303726 1189156 373045 6467951435 382108 6310459780 6310459780 0 1868534 41043841 7.491622 514 514 4210688 3661316 12 85 0.511470 2 16384 12943 2 16384 12943 1 8192 7268 0 0 0
1709840178538236 2 0 0 2 2 2 0 0 0 0 0 0 0 2 2 1 14 14 12 0 0 0 138760 5327104 0 5303726 1193375 416052 7140963298 427943 6987572727 6310459780 0 1868534 41043841 7.487276 534 534 4374528 3810224 685 381 0.512821 2 16384 12943 2 16384 12943 1 8192 7268 0 0 0
1709840184434877 2 0 0 2 2 2 0 0 0 0 0 0 0 2 2 1 16 16 14 0 0 0 139820 6400459 0 6376846 1373110 416193 7145604540 430793 6991028516 6989504640 0 2135468 50965493 7.742945 529 529 4333568 3779950 488 416 0.509764 2 16384 12943 2 16384 12943 1 8192 7268 0 0 0
1709840192124908 2 0 0 2 2 2 0 0 0 0 0 0 0 2 2 1 18 18 16 0 0 0 140946 6930761 0 6906900 1545117 416380 7152590061 431696 6996948557 6993140801 0 2402400 51188241 7.227112 463 463 3792896 3315914 2 359 0.509768 2 16384 12943 2 16384 12943 1 8192 7268 0 0 0
1709840197367102 2 0 1 1 2 2 0 0 0 0 0 0 0 1 1 0 19 19 18 0 0 0 141471 7232602 0 7509887 1716952 416516 7157135071 432171 7001055604 7001055604 0 2535867 51566981 6.997015 439 439 3596288 3146945 3 326 0.509981 2 16384 12943 2 16384 12943 1 8192 7268 0 0 0
1709840202747292 2 0 0 2 2 2 0 0 0 0 0 0 0 2 2 0 20 20 18 0 0 0 142123 7534036 0 7509887 1717037 416690 7162511602 434736 7001055604 7001055604 0 2669334 51566981 6.738237 413 413 3383296 2962984 4 295 0.510352 2 16384 12943 2 16384 12943 1 8192 7268 0 0 0
1709841098027936 2 0 0 2 2 2 0 0 0 0 0 0 0 2 2 1 20 20 18 0 0 0 142287 7536899 0 7509887 1721377 467911 8057602158 485533 7901130535 7001055604 0 2669334 51566981 6.735581 394 394 3227648 2828723 5 138 0.512821 2 16384 12943 2 16384 12943 1 8192 7268 0 0 0
1709841106269230 2 0 0 2 2 2 0 0 0 0 0 0 0 2 2 0 22 22 20 0 0 0 143584 8613047 0 8585799 1910322 468118 8064653397 486884 7903158473 7903158473 0 2936262 61600564 7.028629 413 413 3383296 2967058 664 153 0.510661 2 16384 12943 2 16384 12943 1 8192 7268 0 0 0
1709841311521871 2 0 0 2 2 2 0 0 0 0 0 0 0 2 2 1 22 22 20 0 0 0 143617 8613714 0 8585799 1911370 481713 8269858317 501995 16018156556 7903158473 0 2936262 61600564 7.028068 394 394 3227648 2832210 3 121 0.512821 2 16384 12943 2 16384 12943 1 8192 7268 0 0 0
1709841316764009 2 0 0 2 2 2 0 0 0 0 0 0 0 2 2 0 23 23 21 0 0 0 144047 8781061 0 8753061 1928154 481799 8274931235 503086 16018156556 16018156556 0 3069729 71692685 7.988586 394 394 3227648 2832210 3 111 0.511601 2 16384 12943 2 16384 12943 1 8192 7268 0 0 0
1709841322296990 2 0 0 2 2 2 0 0 0 0 0 0 0 2 2 0 24 24 22 0 0 0 144625 8848798 0 8820688 1945001 481869 8280378323 503561 16023531227 16023531227 0 3203196 71847151 7.958437 789 789 6463488 5614750 32063 3227 0.511065 2 16384 12943 2 16384 12943 1 8192 7268 0 0 0
1709841921013344 2 0 0 2 2 2 0 0 0 0 0 0 0 2 2 1 24 24 22 0 0 0 144760 8850683 0 8820688 1947994 516929 8878937279 540210 16842196128 16023531227 0 3203196 71847151 7.956650 783 783 6414336 5520756 36 1855 0.512821 2 16384 12943 2 16384 12943 1 8192 7268 0 0 0
1709841929087324 2 0 0 2 2 2 0 0 0 0 0 0 0 2 2 1 26 26 24 0 0 0 145565 9913839 0 9883698 2107005 517059 8885787310 541058 16848023940 16845237026 0 3470130 81777728 8.081860 772 772 6324224 5450488 598 1625 0.510169 2 16384 12943 2 16384 12943 1 8192 7268 0 0 0
1709841934233069 2 0 1 1 2 2 0 0 0 0 0 0 0 1 1 0 27 27 26 0 0 0 146101 10213701 0 10481155 2276987 517131 8890243530 541406 16851930847 16851930847 0 3603597 82108305 7.890232 741 741 6070272 5238037 4 1467 0.510177 2 16384 12943 2 16384 12943 1 8192 7268 0 0 0
1709841941992655 2 0 0 2 2 2 0 0 0 0 0 0 0 2 2 1 29 29 27 0 0 0 147261 10810132 0 10779648 2350933 517334 8897549791 542325 16858291392 16855957464 0 3870531 82257947 7.496173 687 687 5627904 4866841 5 1259 0.509581 2 16384 12943 2 16384 12943 1 8192 7268 0 0 0
1709841947886698 2 0 0 2 2 2 0 0 0 0 0 0 0 2 2 0 30 30 28 0 0 0 147934 11109132 0 11078532 2437055 517449 8903135821 542729 16858291392 16858291392 0 4003998 82368522 7.317293 666 666 5455872 4722606 6 1138 0.510176 2 16384 12943 2 16384 12943 1 8192 7268 0 0 0
1709841954775549 2 0 0 2 2 2 0 0 0 0 0 0 0 2 2 0 31 31 29 0 0 0 148418 11409651 0 11378978 2520778 517544 8909639135 543214 16864288308 16864288308 0 4137465 82515313 7.149856 643 643 5267456 4563578 3 1029 0.510437 2 16384 12943 2 16384 12943 1 8192 7268 0 0 0
1709843918726309 2 0 0 2 2 2 0 0 0 0 0 0 0 2 2 1 31 31 29 0 0 0 148738 11415732 0 11378978 2530096 632841 10873327088 650755 19465704567 16864288308 0 4137465 82515313 7.145898 621 621 5087232 4411092 7 195 0.512821 2 16384 12943 2 16384 12943 1 8192 7268 0 0 0
1709843924218911 2 0 0 2 2 2 0 0 0 0 0 0 0 2 2 0 32 32 30 0 0 0 149313 11822663 0 11785778 2549372 632946 10878410824 651716 19465704567 19465704567 0 4270932 92411354 7.701604 621 621 5087232 4411092 7 178 0.511601 2 16384 12943 2 16384 12943 1 8192 7268 0 0 0
1709843929267112 2 0 1 1 2 2 0 0 0 0 0 0 0 1 1 0 33 33 32 0 0 0 149950 11888175 0 11918854 2585807 633029 10883287863 652322 19475514313 19475514313 0 4404399 92703295 7.692985 703 703 5758976 4960087 5220 671 0.510875 2 16384 12943 2 16384 12943 1 8192 7268 0 0 0
1709843934350161 2 0 0 2 2 2 0 0 0 0 0 0 0 2 2 0 34 34 32 0 0 0 150354 11956021 0 11918854 2585839 633134 10888369873 652674 19475514313 19475514313 0 4537866 92703295 7.660129 699 699 5726208 4900735 33 610 0.510745 2 16384 12943 2 16384 12943 1 8192 7268 0 0 0
1709844397525203 2 0 0 2 2 2 0 0 0 0 0 0 0 2 2 1 34 34 32 0 0 0 150451 11957822 0 11918854 2588221 658251 11351406699 681919 21923191286 19475514313 0 4537866 92703295 7.658929 696 696 5701632 4850642 29 399 0.512821 2 16384 12943 2 16384 12943 1 8192 7268 0 0 0
1709844402774148 2 0 0 2 2 2 0 0 0 0 0 0 0 2 2 1 35 35 33 0 0 0 151046 12726508 0 12687356 2672229 658340 11355801548 682688 21926463171 21923191286 0 4671333 102660108 7.948655 696 696 5701632 4850642 29 364 0.511324 2 16384 12943 2 16384 12943 1 8192 7268 0 0 0
1709844408186610 2 0 0 2 2 2 0 0 0 0 0 0 0 2 2 0 36 36 34 0 0 0 151602 13028669 0 12989386 2756251 658451 11360904665 683116 21926463171 21926463171 0 4804798 102846471 7.789237 746 746 6111232 5205860 1774 502 0.510943 2 16384 12943 2 16384 12943 1 8192 7268 0 0 0
1709845508931620 2 0 0 2 2 2 0 0 0 0 0 0 0 2 2 1 36 36 34 0 0 0 151831 13032435 0 12989386 2761890 723637 12461430133 746422 23031707079 21926463171 0 4804798 102846471 7.786876 710 710 5816320 4960687 3 198 0.512821 2 16384 12943 2 16384 12943 1 8192 7268 0 0 0
1709845514268030 2 0 0 2 2 2 0 0 0 0 0 0 0 2 2 0 37 37 35 0 0 0 152447 13801125 0 13757987 2845889 726425 12465987510 747391 23031707079 23031707079 0 4938265 112709866 8.040809 714 714 5849088 4994369 802 212 0.511470 2 16384 12943 2 16384 12943 1 8192 7268 0 0 0
1709846589020144 2 0 0 2 2 2 0 0 0 0 0 0 0 2 2 1 37 37 35 0 0 0 152642 13804238 0 13757987 2850890 788417 13540528390 807663 24110390014 23031707079 0 4938265 112709866 8.038903 714 714 5849088 4994369 802 573 0.512821 2 16384 12943 2 16384 12943 1 8192 7268 0 0 0
1709846598565391 2 0 0 2 2 2 0 0 0 0 0 0 0 2 2 0 39 39 37 0 0 0 153655 14884520 0 14838039 3018880 790914 13548898478 808982 24112714949 24112714949 0 5205199 122763624 8.115385 716 716 5865472 5013790 764 613 0.510871 2 16384 12943 2 16384 12943 1 8192 7268 0 0 0
1709848978914636 2 0 0 2 2 2 0 0 0 0 0 0 0 2 2 1 39 39 37 0 0 0 154019 14892208 0 14838039 3030566 929313 15928869963 943179 26497989257 24112714949 0 5205199 122763624 8.111042 697 697 5709824 4885744 3 90 0.512821 2 16384 12943 2 16384 12943 1 8192 7268 0 0 0
1709848984267007 2 0 0 2 2 2 0 0 0 0 0 0 0 2 2 0 40 40 38 0 0 0 154705 15713580 0 15659259 3115672 929415 15933393042 944148 26497989257 26497989257 0 5338666 132779809 8.300837 697 697 5709824 4885744 3 82 0.511470 2 16384 12943 2 16384 12943 1 8192 7268 0 0 0
1709848991914647 2 0 0 2 2 2 0 0 0 0 0 0 0 2 2 1 41 41 39 0 0 0 155275 16087653 0 16033153 3201630 932494 15940498230 944653 26508550179 26504354218 0 5472133 133146548 8.138747 716 716 5865472 5028413 7 227 0.510933 2 16384 12943 2 16384 12943 1 8192 7268 0 0 0
1709848997856022 2 0 0 2 2 2 0 0 0 0 0 0 0 2 2 0 42 42 40 0 0 0 155842 16464180 0 16409576 3284679 932653 15946056918 945088 26508550179 26508550179 0 5605600 133419130 7.977385 716 716 5865472 5028413 7 206 0.510771 2 16384 12943 2 16384 12943 1 8192 7268 0 0 0
1709850485540099 2 0 0 2 2 2 0 0 0 0 0 0 0 2 2 1 42 42 40 0 0 0 156058 16469110 0 16409576 3291606 1021684 17433533851 1030512 33064728130 26508550179 0 5605600 133419130 7.974916 698 698 5718016 4906277 5 68 0.512821 2 16384 12943 2 16384 12943 1 8192 7268 0 0 0
1709850491761584 2 0 0 2 2 2 0 0 0 0 0 0 0 2 2 0 43 43 41 0 0 0 156633 17614386 0 17554744 3308471 1024068 17438605964 1031235 33064728130 33064728130 0 5739067 143491110 8.008375 842 842 6897664 5890653 5288 324 0.511601 2 16384 12943 2 16384 12943 1 8192 7268 0 0 0
1709850497527648 2 0 0 2 2 2 0 0 0 0 0 0 0 2 2 0 44 44 42 0 0 0 157283 17679793 0 17619990 3325099 1024169 17444288467 1031794 33070345306 33070345306 0 5872534 143664826 7.995141 842 842 6897664 5890653 5288 809 0.511065 2 16384 12943 2 16384 12943 1 8192 7268 0 0 0
1709850917511366 2 0 0 2 2 2 0 0 0 0 0 0 0 2 2 0 44 44 42 0 0 0 157355 17681110 0 17619990 3327185 1045521 17864222406 1055528 33070345306 33070345306 0 5872534 143664826 7.994519 839 839 6873088 5843276 38 553 0.512821 2 16384 12943 2 16384 12943 1 8192 7268 0 0 0
1709851605092451 2 0 0 2 2 2 0 0 0 0 0 0 0 2 2 1 44 44 42 0 0 0 157433 17683332 0 17619990 3330122 1083930 18551642438 1092101 35682505200 33070345306 0 5872534 143664826 7.993488 839 839 6873088 5843276 38 319 0.512821 2 16384 12943 2 16384 12943 1 8192 7268 0 0 0
1709851610436596 2 0 0 2 2 2 0 0 0 0 0 0 0 2 2 0 45 45 43 0 0 0 157848 18502641 0 18439154 3414092 1084303 18556160330 1093213 35682505200 35682505200 0 6006001 153750966 8.164637 839 839 6873088 5843276 38 292 0.511470 2 16384 12943 2 16384 12943 1 8192 7268 0 0 0
1709852910218298 2 0 0 2 2 2 0 0 0 0 0 0 0 2 2 1 45 45 43 0 0 0 158092 18507278 0 18439154 3420232 1159277 19855684899 1163906 36985082063 35682505200 0 6006001 153750966 8.162502 873 873 7151616 6086232 1790 1336 0.512821 2 16384 12943 2 16384 12943 1 8192 7268 0 0 0
1709852916049320 2 0 0 2 2 2 0 0 0 0 0 0 0 2 2 0 46 46 44 0 0 0 158557 19305820 0 19237622 3543122 1159347 19860689642 1165071 36985082063 36985082063 0 6139468 163652540 8.319109 873 873 7151616 6086232 1790 1381 0.511720 2 16384 12943 2 16384 12943 1 8192 7268 0 0 0
1709853222560442 2 0 0 2 2 2 0 0 0 0 0 0 0 2 2 1 46 46 44 0 0 0 158605 19306744 0 19237622 3544493 1175270 20167085103 1180527 37295858944 36985082063 0 6139468 163652540 8.318694 852 852 6979584 5945566 512 1153 0.512821 2 16384 12943 2 16384 12943 1 8192 7268 0 0 0
1709853228424592 2 0 0 2 2 2 0 0 0 0 0 0 0 2 2 0 47 47 45 0 0 0 159245 20075119 0 20005852 3632495 1175353 20172169924 1183838 37295858944 37295858944 0 6272933 173446669 8.470440 852 852 6979584 5945566 512 1091 0.511601 2 16384 12943 2 16384 12943 1 8192 7268 0 0 0
1709853234266641 2 0 0 2 2 2 0 0 0 0 0 0 0 2 2 1 47 47 45 0 0 0 159245 20075128 0 20005852 3632508 1175383 20177933325 1184021 37306114916 37295858944 0 6272933 173446669 8.470436 830 830 6799360 5797384 206 1047 0.512091 2 16384 12943 2 16384 12943 1 8192 7268 0 0 0
1709853239855672 2 0 0 2 2 2 0 0 0 0 0 0 0 2 2 0 48 48 46 0 0 0 159589 20374183 0 20304852 3716508 1175466 20183216829 1184275 37306114916 37306114916 0 6406400 173648073 8.362483 830 830 6799360 5797384 206 966 0.511280 2 16384 12943 2 16384 12943 1 8192 7268 0 0 0
1709853245803442 2 0 0 2 2 2 0 0 0 0 0 0 0 2 2 1 49 49 47 0 0 0 159945 20677001 0 20607609 3803524 1175522 20188695801 1184616 37315754708 37312251297 0 6539867 173861507 8.256688 813 813 6660096 5683648 11 874 0.510572 2 16384 12943 2 16384 12943 1 8192 7268 0 0 0
1709853251164389 2 0 0 2 2 2 0 0 0 0 0 0 0 2 2 0 50 50 48 0 0 0 160457 20976821 0 20907296 3888533 1178837 20193745703 1184987 37315754708 37315754708 0 6673334 174042130 8.153543 781 781 6397952 5468953 4 751 0.510612 2 16384 12943 2 16384 12943 1 8192 7268 0 0 0
1709853258450241 2 0 0 2 2 2 0 0 0 0 0 0 0 2 1 0 51 51 49 0 0 0 160912 21349898 0 21280269 3973442 1178971 20200571224 1186622 37322070569 37322070569 0 6806801 174318349 8.030121 781 781 6397952 5468953 4 679 0.510498 2 16384 12943 2 16384 12943 1 8192 7268 0 0 0
1709853267353437 2 0 0 2 2 2 0 0 0 0 0 0 0 2 2 1 51 51 49 0 0 0 160916 21349918 0 21280269 3973475 1179012 20209395957 1186799 37335298104 37322070569 0 6806801 174318349 8.030112 765 765 6266880 5361058 7 646 0.511898 2 16384 12943 2 16384 12943 1 8192 7268 0 0 0
1709853274000396 2 0 0 2 2 2 0 0 0 0 0 0 0 2 2 1 53 53 51 0 0 0 161885 21946175 0 21876350 4142386 1179097 20215276027 1187484 37340054077 37338100604 0 7073735 174568090 7.835475 752 752 6160384 5294403 14 557 0.509788 2 16384 12943 2 16384 12943 1 8192 7268 0 0 0
1709853279348031 2 0 0 2 2 2 0 0 0 0 0 0 0 2 2 0 54 54 52 0 0 0 162252 22244926 0 22175005 4225500 1179236 20220318930 1187739 37340054077 37340054077 0 7207202 174691026 7.741790 751 751 6152192 5287362 3 504 0.510740 2 16384 12943 2 16384 12943 1 8192 7268 0 0 0
1709853286136665 2 0 0 2 2 2 0 0 0 0 0 0 0 2 2 1 54 54 52 0 0 0 162252 22244950 0 22175005 4225528 1179310 20227090478 1187946 40133652245 37340054077 0 7207202 174691026 7.741782 749 749 6135808 5273281 3 479 0.511696 2 16384 12943 2 16384 12943 1 8192 7268 0 0 0
1709853295634036 2 0 0 2 2 2 0 0 0 0 0 0 0 2 2 0 56 56 54 0 0 0 163243 23183115 0 23112912 4259064 1179476 20235630545 1188871 40137039826 40137039826 0 7474136 184694513 7.849888 805 805 6594560 5641375 2918 559 0.510675 2 16384 12943 2 16384 12943 1 8192 7268 0 0 0
1709853301488028 2 0 0 2 2 2 0 0 0 0 0 0 0 2 2 0 57 57 55 0 0 0 164044 23248697 0 23178360 4275822 1179609 20241400417 1189508 40142741295 40142741295 0 7607603 184877979 7.840541 814 814 6668288 5677983 22 508 0.510657 2 16384 12943 2 16384 12943 1 8192 7268 0 0 0
1709853933290232 2 0 0 2 2 2 0 0 0 0 0 0 0 2 2 1 57 57 55 0 0 0 164169 23250692 0 23178360 4278685 1218665 20873047477 1221905 40801126839 40142741295 0 7607603 184877979 7.839831 770 770 6307840 5346032 37 295 0.512821 2 16384 12943 2 16384 12943 1 8192 7268 0 0 0
1709853939548739 2 0 0 2 2 2 0 0 0 0 0 0 0 2 2 1 59 59 57 0 0 0 165103 24170645 0 24098090 4445627 1218800 20878220659 1222916 40805284148 40802890678 0 7874537 194853166 7.944535 780 780 6389760 5415461 481 282 0.510062 2 16384 12943 2 16384 12943 1 8192 7268 0 0 0
1709853945038209 2 0 0 2 2 2 0 0 0 0 0 0 0 2 2 1 61 61 59 0 0 0 166420 24769809 0 24697042 4604153 1218928 20882945585 1223691 40808987962 40806987993 0 8141471 195164459 7.775339 766 766 6275072 5318260 3 244 0.508549 2 16384 12943 2 16384 12943 1 8192 7268 0 0 0
1709853952353146 2 0 0 2 2 2 0 0 0 0 0 0 0 2 2 1 63 63 61 0 0 0 167293 25362663 0 25289716 4767389 1219076 20889503842 1224317 40814525755 40811254900 0 8408405 195419644 7.614019 750 750 6144000 5207174 3 211 0.509046 2 16384 12943 2 16384 12943 1 8192 7268 0 0 0
1709853960807023 2 0 0 2 2 2 0 0 0 0 0 0 0 2 2 0 65 65 63 0 0 0 168212 25971290 0 25898155 4940487 1219253 20897251124 1224971 40816577695 40816577695 0 8675339 195683430 7.455831 731 731 5988352 5075259 4 183 0.509877 2 16384 12943 2 16384 12943 1 8192 7268 0 0 0
1709854861650764 2 0 0 2 2 2 0 0 0 0 0 0 0 2 2 0 65 65 63 0 0 0 168356 25974494 0 25898155 5114152 1270510 21797818316 1270661 40816577695 40816577695 0 8675339 195683430 7.454876 732 732 5996544 5082202 3 87 0.512821 2 16384 12943 2 16384 12943 1 8192 7268 0 0 0
1709854873347392 2 0 0 2 2 2 0 0 0 0 0 0 0 2 2 1 65 65 63 0 0 0 168357 25974550 0 25898155 5114199 1272579 21809495747 1271007 42393424906 40816577695 0 8675339 195683430 7.454860 732 732 5996544 5082202 3 79 0.512821 2 16384 12943 2 16384 12943 1 8192 7268 0 0 0
1709854883080841 2 0 0 2 2 2 0 0 0 0 0 0 0 2 2 1 67 67 65 0 0 0 169836 26783108 0 26706341 5147746 1272750 21818384231 1272350 42402172652 42397262091 0 8942273 205676088 7.593828 767 767 6283264 5300268 1900 165 0.510740 2 16384 12943 2 16384 12943 1 8192 7268 0 0 0
1709854888221166 2 0 0 2 2 2 0 0 0 0 0 0 0 2 2 0 68 68 66 0 0 0 170316 26848315 0 26771465 5164323 1272866 21823458162 1272715 42402172652 42402172652 0 9075740 205811757 7.584866 779 779 6381568 5357867 26 153 0.510685 2 16384 12943 2 16384 12943 1 8192 7268 0 0 0
1709854894589141 2 0 0 2 2 2 0 0 0 0 0 0 0 2 2 0 69 69 67 0 0 0 170822 26913584 0 26836624 5180995 1272999 21829739694 1276384 42408388767 42408388767 0 9209207 205993696 7.577552 794 794 6504448 5435222 33 142 0.510753 2 16384 12943 2 16384 12943 1 8192 7268 0 0 0
1709855554105030 2 0 0 2 2 2 0 0 0 0 0 0 0 2 2 0 69 69 67 0 0 0 170914 26915343 0 26836624 5185326 1307745 22489182908 1306397 42408388767 42408388767 0 9209207 205993696 7.577034 806 806 6602752 5491163 42 100 0.512821 2 16384 12943 2 16384 12943 1 8192 7268 0 0 0
1709856080083869 2 0 0 2 2 2 0 0 0 0 0 0 0 2 2 1 69 69 67 0 0 0 171002 26916927 0 26836624 5187811 1339394 23015016929 1335954 44531587620 42408388767 0 9209207 205993696 7.576566 806 806 6602752 5491163 42 80 0.512821 2 16384 12943 2 16384 12943 1 8192 7268 0 0 0
1709856085263001 2 0 0 2 2 2 0 0 0 0 0 0 0 2 2 0 70 70 68 0 0 0 171780 27736357 0 27655738 5269854 1339523 23019370437 1337191 44531587620 44531587620 0 9342672 216030886 7.701445 806 806 6602752 5491163 42 78 0.511470 2 16384 12943 2 16384 12943 1 8192 7268 0 0 0
1709856093285916 2 0 0 2 2 2 0 0 0 0 0 0 0 2 2 0 71 71 69 0 0 0 172255 28035227 0 27954509 5359038 1339651 23027004005 1337738 44538456574 44538456574 0 9476139 216161300 7.628637 820 820 6717440 5586543 1015 170 0.510985 2 16384 12943 2 16384 12943 1 8192 7268 0 0 0
1709856100981710 2 0 0 2 2 2 0 0 0 0 0 0 0 2 1 0 72 72 70 0 0 0 172885 28334754 0 28253900 5441026 1339757 23034316898 1338259 44544846514 44544846514 0 9609606 216298694 7.557376 821 821 6725632 5593356 8 155 0.510741 2 16384 12943 2 16384 12943 1 8192 7268 0 0 0
1709856690187457 2 0 0 2 2 2 0 0 0 0 0 0 0 2 2 1 72 72 70 0 0 0 173006 28336733 0 28253900 5443806 1373611 23623432270 1371529 46345433757 44544846514 0 9609606 216298694 7.556819 630 630 5160960 4312582 8 95 0.512821 2 16384 12943 2 16384 12943 1 8192 7268 0 0 0
1709856695930486 2 0 0 2 2 2 0 0 0 0 0 0 0 2 2 0 73 73 71 0 0 0 173622 29000850 0 28917823 5460750 1373693 23628509107 1372598 46345433757 46345433757 0 9743073 226179043 7.711977 630 630 5160960 4312582 8 87 0.511601 2 16384 12943 2 16384 12943 1 8192 7268 0 0 0
1709857143862405 2 0 0 2 2 2 0 0 0 0 0 0 0 2 2 1 73 73 71 0 0 0 173703 29001989 0 28917823 5462577 1395937 24076310759 1397451 47392727037 46345433757 0 9743073 226179043 7.711655 661 661 5414912 4524788 2401 869 0.512821 2 16384 12943 2 16384 12943 1 8192 7268 0 0 0
1709857149642963 2 0 0 2 2 2 0 0 0 0 0 0 0 2 1 0 74 74 72 0 0 0 174318 29768728 0 29684419 5548464 1396121 24081315960 1398391 47392727037 47392727037 0 9876540 236069238 7.833277 661 661 5414912 4524788 2401 1019 0.511470 2 16384 12943 2 16384 12943 1 8192 7268 0 0 0
1709857836141123 2 0 0 2 2 2 0 0 0 0 0 0 0 2 2 1 74 74 72 0 0 0 174436 29771107 0 29684419 5551670 1436941 24767646016 1438934 48083551938 47392727037 0 9876540 236069238 7.832624 666 666 5455872 4559015 767 901 0.512821 2 16384 12943 2 16384 12943 1 8192 7268 0 0 0
1709857841327651 2 0 2 0 2 2 0 0 0 0 0 0 1 0 0 0 76 75 75 0 0 0 175026 30840712 0 31352754 5740447 1437035 24771052016 1440396 49236211125 49236211125 0 10010007 255887798 8.175846 673 673 5513216 4606933 476 869 0.535896 2 16384 12943 1 8192 5675 1 8192 7268 0 0 0
1709857846787047 2 0 0 2 2 2 0 0 0 0 0 0 0 2 2 1 77 77 75 0 0 0 176144 31439924 0 31352754 5740592 1437144 24776492723 1441069 49241584280 49236211125 0 10276941 255887798 8.028654 674 674 5521408 4613778 4 785 0.509551 2 16384 12943 2 16384 12943 1 8192 7268 0 0 0
1709857851958032 2 0 0 2 2 2 0 0 0 0 0 0 0 2 2 0 78 78 76 0 0 0 176544 31537375 0 31450116 5757313 1437235 24781565106 1441396 49241584280 49241584280 0 10410408 256333915 8.021311 700 700 5734400 4769000 1355 842 0.510162 2 16384 12943 2 16384 12943 1 8192 7268 0 0 0
1709859558180717 2 0 0 2 2 2 0 0 0 0 0 0 0 2 2 1 78 78 76 0 0 0 176908 31542605 0 31450116 5765499 1550668 26487539913 1541130 50952795856 49241584280 0 10410408 256333915 8.019896 709 709 5808128 4807266 30 211 0.512821 2 16384 12943 2 16384 12943 1 8192 7268 0 0 0
1709859563343192 2 0 0 2 2 2 0 0 0 0 0 0 0 2 2 1 80 80 78 0 0 0 178097 32174464 0 32081674 5798463 1550873 26492034611 1542624 50957155800 50954872957 0 10677342 266344962 8.165940 752 752 6160384 5074374 2630 316 0.510169 2 16384 12943 2 16384 12943 1 8192 7268 0 0 0
1709859568480043 2 0 0 2 2 2 0 0 0 0 0 0 0 2 2 0 81 81 79 0 0 0 178609 32239740 0 32146845 5815059 1550977 26497104888 1543034 50957155800 50957155800 0 10810809 266500974 8.157884 765 765 6266880 5137225 14 287 0.510434 2 16384 12943 2 16384 12943 1 8192 7268 0 0 0
1709859763849544 2 0 0 2 2 2 0 0 0 0 0 0 0 2 2 0 81 81 79 0 0 0 178641 32240488 0 32146845 5848043 1561512 26692417134 1555184 50957155800 50957155800 0 10810809 266500974 8.157688 712 712 5832704 4781313 16 239 0.512821 2 16384 12943 2 16384 12943 1 8192 7268 0 0 0
1709860087329171 2 0 0 2 2 2 0 0 0 0 0 0 0 2 2 1 81 81 79 0 0 0 178693 32241511 0 32146845 5849388 1577572 27015773960 1572575 53202489324 50957155800 0 10810809 266500974 8.157417 712 712 5832704 4781313 16 182 0.512821 2 16384 12943 2 16384 12943 1 8192 7268 0 0 0
1709860095117063 2 0 0 2 2 2 0 0 0 0 0 0 0 2 1 0 82 82 80 0 0 0 179418 35013742 0 34918860 5941495 1580853 27020777914 1574093 53202489324 53202489324 0 10944276 276516908 7.789705 710 710 5816320 4790965 652 192 0.511470 2 16384 12943 2 16384 12943 1 8192 7268 0 0 0
1709861541611042 2 0 0 2 2 2 0 0 0 0 0 0 0 2 2 0 82 82 80 0 0 0 179711 35019809 0 34918860 5955649 1664634 28467077038 1660166 53202489324 53202489324 0 10944276 276516908 7.788298 710 710 5816320 4790965 652 530 0.512821 2 16384 12943 2 16384 12943 1 8192 7268 0 0 0
1709862568618339 2 0 0 2 2 2 0 0 0 0 0 0 0 2 2 1 82 82 80 0 0 0 179888 35023061 0 34918860 5960200 1724175 29493879411 1715755 55680280868 53202489324 0 10944276 276516908 7.787539 710 710 5816320 4790965 652 610 0.512821 2 16384 12943 2 16384 12943 1 8192 7268 0 0 0
1709862576913372 2 0 0 2 2 2 0 0 0 0 0 0 0 2 2 1 84 84 82 0 0 0 181272 36796445 0 36692017 6130164 1724418 29500228201 1717031 55685504924 55682346965 0 11211210 286723460 7.683888 731 731 5988352 4956434 1129 641 0.510427 2 16384 12943 2 16384 12943 1 8192 7268 0 0 0
1709862585564030 2 0 0 2 2 2 0 0 0 0 0 0 0 2 2 0 86 86 84 0 0 0 182434 37394749 0 37290065 6299044 1724605 29508188525 1717784 55687364904 55687364904 0 11478142 287003741 7.575195 695 695 5693440 4712342 4 552 0.510094 2 16384 12943 2 16384 12943 1 8192 7268 0 0 0
1709864767481815 2 0 0 2 2 2 0 0 0 0 0 0 0 2 2 1 86 86 84 0 0 0 182809 37402190 0 37290065 6308961 1851147 31689759203 1836661 57874206833 55687364904 0 11478142 287003741 7.573620 679 679 5562368 4603856 2 93 0.512821 2 16384 12943 2 16384 12943 1 8192 7268 0 0 0
1709864775188868 2 0 0 2 2 2 0 0 0 0 0 0 0 2 2 1 88 88 86 0 0 0 183829 38892365 0 38779998 6479805 1853539 31695799384 1837947 57878930680 57876490799 0 11745076 297159733 7.538978 696 696 5701632 4719122 1215 196 0.510169 2 16384 12943 2 16384 12943 1 8192 7268 0 0 0
1709864780365115 2 0 0 2 2 2 0 0 0 0 0 0 0 2 2 0 89 89 87 0 0 0 184244 39189260 0 39076818 6567830 1853647 31700668915 1838260 57878930680 57878930680 0 11878543 297275678 7.488093 694 694 5685248 4705561 3 178 0.510177 2 16384 12943 2 16384 12943 1 8192 7268 0 0 0
1709865049708239 2 0 0 2 2 2 0 0 0 0 0 0 0 2 2 1 89 89 87 0 0 0 184279 39190194 0 39076818 6569035 1867137 31969964980 1852426 63365146967 57878930680 0 11878543 297275678 7.487908 650 650 5324800 4407226 3 141 0.512821 2 16384 12943 2 16384 12943 1 8192 7268 0 0 0
1709865055391045 2 0 0 2 2 2 0 0 0 0 0 0 0 2 2 0 90 90 88 0 0 0 184867 39721762 0 39608194 6585656 1867277 31975114312 1853238 63365146967 63365146967 0 12012010 307398730 7.633163 650 650 5324800 4407226 3 129 0.511827 2 16384 12943 2 16384 12943 1 8192 7268 0 0 0
1709866943881404 2 0 0 2 2 2 0 0 0 0 0 0 0 2 2 1 90 90 88 0 0 0 185206 39728789 0 39608194 6594824 1971940 33863295694 1953403 65532877746 63365146967 0 12012010 307398730 7.631755 770 770 6307840 5195835 8929 7318 0.512821 2 16384 12943 2 16384 12943 1 8192 7268 0 0 0
1709866950876494 2 0 0 2 2 2 0 0 0 0 0 0 0 2 2 0 91 91 89 0 0 0 185887 40840246 0 40719468 6689825 1972060 33869162878 1956024 65532877746 65532877746 0 12145477 317400173 7.660464 770 770 6307840 5195835 8929 7476 0.511601 2 16384 12943 2 16384 12943 1 8192 7268 0 0 0
1709866959108401 2 0 0 2 2 2 0 0 0 0 0 0 0 2 2 0 92 92 90 0 0 0 186447 41144263 0 41023374 6778872 1972214 33877000281 1956525 65541548679 65541548679 0 12278944 317604697 7.611811 802 802 6569984 5411766 1219 6867 0.511033 2 16384 12943 2 16384 12943 1 8192 7268 0 0 0
1709870122705249 2 0 0 2 2 2 0 0 0 0 0 0 0 2 2 1 92 92 90 0 0 0 187040 41155961 0 41023374 6794019 2173690 37040056723 2179644 68708918614 65541548679 0 12278944 317604697 7.609548 672 672 5505024 4556394 10 447 0.512821 2 16384 12943 2 16384 12943 1 8192 7268 0 0 0
1709870128760039 2 0 0 2 2 2 0 0 0 0 0 0 0 2 1 0 93 93 91 0 0 0 187487 42197399 0 42064678 6879908 2173768 37045061786 2180424 68708918614 68708918614 0 12412411 327696681 7.652570 672 672 5505024 4556394 10 406 0.511470 2 16384 12943 2 16384 12943 1 8192 7268 0 0 0
1709870134816286 2 0 0 2 2 2 0 0 0 0 0 0 0 2 2 1 93 93 91 0 0 0 187488 42197423 0 42064678 6879939 2173809 37051039550 2180635 68719328463 68708918614 0 12412411 327696681 7.652565 713 713 5840896 4857568 1788 476 0.512091 2 16384 12943 2 16384 12943 1 8192 7268 0 0 0
1709870140413387 2 0 0 2 2 2 0 0 0 0 0 0 0 2 2 0 94 94 92 0 0 0 187948 42502829 0 42369969 6962973 2173889 37056325342 2180989 68719328463 68719328463 0 12545876 327830901 7.603717 713 713 5840896 4857568 1788 605 0.511280 2 16384 12943 2 16384 12943 1 8192 7268 0 0 0
1709870188869518 2 0 0 2 2 2 0 0 0 0 0 0 0 2 2 1 94 94 92 0 0 0 187958 42503006 0 42369969 6963122 2176749 37104757953 2184714 73857874686 68719328463 0 12545876 327830901 7.603684 668 668 5472256 4550989 11 548 0.512809 2 16384 12943 2 16384 12943 1 8192 7268 0 0 0
1709870195495895 2 0 0 2 2 2 0 0 0 0 0 0 0 2 2 1 96 96 94 0 0 0 189218 43099700 0 42966445 6996104 2176906 37110752138 2185858 73863735598 73861187089 0 12812808 338168250 7.732270 776 776 6356992 5261550 8584 902 0.510262 2 16384 12943 2 16384 12943 1 8192 7268 0 0 0
1709870200632049 2 0 0 2 2 2 0 0 0 0 0 0 0 2 2 0 97 97 95 0 0 0 189754 43164437 0 43031068 7012574 2177011 37115822317 2186205 73863735598 73863735598 0 12946275 338327696 7.727072 792 792 6488064 5344287 21 817 0.510475 2 16384 12943 2 16384 12943 1 8192 7268 0 0 0
1709872813782740 2 0 0 2 2 2 0 0 0 0 0 0 0 2 2 1 97 97 95 0 0 0 190304 43175119 0 43031068 7026427 2342854 39728546961 2336155 76541719403 73863735598 0 12946275 338327696 7.725071 806 806 6602752 5412554 18 106 0.512821 2 16384 12943 2 16384 12943 1 8192 7268 0 0 0
1709872822865995 2 0 0 2 2 2 0 0 0 0 0 0 0 2 1 0 99 99 97 0 0 0 191378 44510436 0 44366214 7193330 2342983 39736201132 2339090 76543832378 76543832378 0 13213209 348478798 7.716384 851 851 6971392 5714743 1565 172 0.510573 2 16384 12943 2 16384 12943 1 8192 7268 0 0 0
1709872830260999 2 0 0 2 2 2 0 0 0 0 0 0 0 2 1 0 100 100 98 0 0 0 191938 44808753 0 44664433 7278354 2343068 39743211532 2339568 76550333156 76550333156 0 13346676 348606470 7.670669 851 851 6971392 5714743 3 156 0.510577 2 16384 12943 2 16384 12943 1 8192 7268 0 0 0
1709872861204418 2 0 0 2 2 2 0 0 0 0 0 0 0 2 2 1 100 100 98 0 0 0 191940 44808859 0 44664433 7278464 2343321 39774075492 2340293 76585663122 76550333156 0 13346676 348606470 7.670651 853 853 6987776 5728174 8 149 0.512727 2 16384 12943 2 16384 12943 1 8192 7268 0 0 0
1709873426812059 2 0 1 1 2 3 1 0 1 0 0 0 0 1 1 0 100 100 99 0 0 0 192024 45112180 0 44965464 7380215 2382666 40339278509 2376639 76585663122 76585663122 0 13346676 348792780 7.623202 855 855 7004160 5741605 39 101 0.512821 2 16384 10598 1 8192 5675 1 8192 5675 0 0 0
1709873573299700 2 0 1 1 2 3 1 0 1 0 0 0 0 1 1 1 100 100 99 0 0 0 192059 45112648 0 44965464 7380816 2388756 40485734342 2384395 79963318208 76585663122 0 13346676 348792780 7.623117 855 855 7004160 5741605 39 94 0.512821 2 16384 10598 1 8192 5675 1 8192 5675 0 0 0
1709873573802489 0 0 0 0 0 3 3 2 1 0 0 0 0 0 0 0 100 100 100 0 0 0 192059 45612734 0 45465435 7397349 2388794 40485734342 2384395 79963318208 79963318208 0 13346676 358865836 7.749615 855 855 7004160 5741605 39 90 0.537179 0 0 0 0 0 0 0 0 0 0 0 0
