2024/03/07 01:24:13.00 work_queue_worker[15] debug: ./work_queue_worker version 8.0.0 DEVELOPMENT (released 2024-03-05 22:47:58 -0600)
2024/03/07 01:24:13.00 work_queue_worker[15] debug: Built by chodges@ap21.uc.osg-htc.org on 2024-03-05 22:47:58 -0600
2024/03/07 01:24:13.00 work_queue_worker[15] debug: System: Linux ap21.uc.osg-htc.org 5.4.240-1.el8.elrepo.x86_64 #1 SMP Tue Apr 4 13:26:38 EDT 2023 x86_64 x86_64 x86_64 GNU/Linux
2024/03/07 01:24:13.00 work_queue_worker[15] debug: Configuration: --prefix /home/chodges/cctools --strict --without-system-parrot --tcp-low-port 9000 --tcp-high-port 9500
2024/03/07 01:24:13.01 work_queue_worker[15] wq: WORK_QUEUE_SANDBOX set to /srv/worker-7941029-15.
2024/03/07 01:24:13.01 work_queue_worker[15] debug: error reading disk usage on directory: ./cache.
2024/03/07 01:24:13.01 work_queue_worker[15] wq: querying catalog for managers with project=nessie_c32
2024/03/07 01:24:13.01 work_queue_worker[15] debug: trying catalog query: http://catalog.cse.nd.edu:9097/query/dHJ1ZQ==
2024/03/07 01:24:13.01 work_queue_worker[15] http: connect catalog.cse.nd.edu port 9097
2024/03/07 01:24:13.01 work_queue_worker[15] dns: looking up name catalog.cse.nd.edu
2024/03/07 01:24:13.01 work_queue_worker[15] dns: catalog.cse.nd.edu is 129.74.152.177
2024/03/07 01:24:13.01 work_queue_worker[15] tcp: connecting to 129.74.152.177 port 9097
2024/03/07 01:24:13.02 work_queue_worker[15] tcp: made connection to 129.74.152.177 port 9097
2024/03/07 01:24:13.02 work_queue_worker[15] http: GET /query/dHJ1ZQ== HTTP/1.1
Connection: close
Host: catalog.cse.nd.edu
User-Agent: Mozilla/5.0 (compatible; CCTools 8.0.0 DEVELOPMENT Parrot; http://ccl.cse.nd.edu/)
2024/03/07 01:24:13.03 work_queue_worker[15] http: HTTP/1.1 200 OK
2024/03/07 01:24:13.03 work_queue_worker[15] http: Date: Thu Mar  7 01:24:13 2024
2024/03/07 01:24:13.03 work_queue_worker[15] http: Server: catalog_server
2024/03/07 01:24:13.03 work_queue_worker[15] http: Connection: close
2024/03/07 01:24:13.03 work_queue_worker[15] http: Access-Control-Allow-Origin: *
2024/03/07 01:24:13.03 work_queue_worker[15] http: Content-type: text/plain; charset=utf-8
2024/03/07 01:24:13.03 work_queue_worker[15] http:
2024/03/07 01:24:13.18 work_queue_worker[15] tcp: disconnected from 129.74.152.177 port 9097
2024/03/07 01:24:13.19 work_queue_worker[15] wq: project name nessie_c32 matches 0 managers
2024/03/07 01:24:15.19 work_queue_worker[15] wq: project name nessie_c32 matches 0 managers
2024/03/07 01:24:19.19 work_queue_worker[15] debug: error reading disk usage on directory: ./cache.
2024/03/07 01:24:19.19 work_queue_worker[15] wq: project name nessie_c32 matches 0 managers
2024/03/07 01:24:27.19 work_queue_worker[15] debug: error reading disk usage on directory: ./cache.
2024/03/07 01:24:27.19 work_queue_worker[15] wq: project name nessie_c32 matches 0 managers
2024/03/07 01:24:43.19 work_queue_worker[15] debug: error reading disk usage on directory: ./cache.
2024/03/07 01:24:43.19 work_queue_worker[15] wq: project name nessie_c32 matches 0 managers
2024/03/07 01:25:15.19 work_queue_worker[15] debug: error reading disk usage on directory: ./cache.
2024/03/07 01:25:15.19 work_queue_worker[15] wq: querying catalog for managers with project=nessie_c32
2024/03/07 01:25:15.19 work_queue_worker[15] debug: trying catalog query: http://catalog.cse.nd.edu:9097/query/dHJ1ZQ==
2024/03/07 01:25:15.19 work_queue_worker[15] http: connect catalog.cse.nd.edu port 9097
2024/03/07 01:25:15.19 work_queue_worker[15] tcp: connecting to 129.74.152.177 port 9097
2024/03/07 01:25:15.20 work_queue_worker[15] tcp: made connection to 129.74.152.177 port 9097
2024/03/07 01:25:15.20 work_queue_worker[15] http: GET /query/dHJ1ZQ== HTTP/1.1
Connection: close
Host: catalog.cse.nd.edu
User-Agent: Mozilla/5.0 (compatible; CCTools 8.0.0 DEVELOPMENT Parrot; http://ccl.cse.nd.edu/)
2024/03/07 01:25:15.21 work_queue_worker[15] http: HTTP/1.1 200 OK
2024/03/07 01:25:15.21 work_queue_worker[15] http: Date: Thu Mar  7 01:25:15 2024
2024/03/07 01:25:15.21 work_queue_worker[15] http: Server: catalog_server
2024/03/07 01:25:15.21 work_queue_worker[15] http: Connection: close
2024/03/07 01:25:15.21 work_queue_worker[15] http: Access-Control-Allow-Origin: *
2024/03/07 01:25:15.21 work_queue_worker[15] http: Content-type: text/plain; charset=utf-8
2024/03/07 01:25:15.21 work_queue_worker[15] http:
2024/03/07 01:25:15.37 work_queue_worker[15] tcp: disconnected from 129.74.152.177 port 9097
2024/03/07 01:25:15.37 work_queue_worker[15] wq: project name nessie_c32 matches 0 managers
2024/03/07 01:26:15.38 work_queue_worker[15] debug: error reading disk usage on directory: ./cache.
2024/03/07 01:26:15.38 work_queue_worker[15] wq: querying catalog for managers with project=nessie_c32
2024/03/07 01:26:15.38 work_queue_worker[15] debug: trying catalog query: http://catalog.cse.nd.edu:9097/query/dHJ1ZQ==
2024/03/07 01:26:15.38 work_queue_worker[15] http: connect catalog.cse.nd.edu port 9097
2024/03/07 01:26:15.38 work_queue_worker[15] tcp: connecting to 129.74.152.177 port 9097
2024/03/07 01:26:15.39 work_queue_worker[15] tcp: made connection to 129.74.152.177 port 9097
2024/03/07 01:26:15.39 work_queue_worker[15] http: GET /query/dHJ1ZQ== HTTP/1.1
Connection: close
Host: catalog.cse.nd.edu
User-Agent: Mozilla/5.0 (compatible; CCTools 8.0.0 DEVELOPMENT Parrot; http://ccl.cse.nd.edu/)
2024/03/07 01:26:15.40 work_queue_worker[15] http: HTTP/1.1 200 OK
2024/03/07 01:26:15.40 work_queue_worker[15] http: Date: Thu Mar  7 01:26:15 2024
2024/03/07 01:26:15.40 work_queue_worker[15] http: Server: catalog_server
2024/03/07 01:26:15.40 work_queue_worker[15] http: Connection: close
2024/03/07 01:26:15.40 work_queue_worker[15] http: Access-Control-Allow-Origin: *
2024/03/07 01:26:15.40 work_queue_worker[15] http: Content-type: text/plain; charset=utf-8
2024/03/07 01:26:15.40 work_queue_worker[15] http:
2024/03/07 01:26:15.55 work_queue_worker[15] tcp: disconnected from 129.74.152.177 port 9097
2024/03/07 01:26:15.55 work_queue_worker[15] wq: project name nessie_c32 matches 0 managers
2024/03/07 01:27:15.55 work_queue_worker[15] debug: error reading disk usage on directory: ./cache.
2024/03/07 01:27:15.55 work_queue_worker[15] wq: querying catalog for managers with project=nessie_c32
2024/03/07 01:27:15.55 work_queue_worker[15] debug: trying catalog query: http://catalog.cse.nd.edu:9097/query/dHJ1ZQ==
2024/03/07 01:27:15.55 work_queue_worker[15] http: connect catalog.cse.nd.edu port 9097
2024/03/07 01:27:15.55 work_queue_worker[15] tcp: connecting to 129.74.152.177 port 9097
2024/03/07 01:27:15.56 work_queue_worker[15] tcp: made connection to 129.74.152.177 port 9097
2024/03/07 01:27:15.56 work_queue_worker[15] http: GET /query/dHJ1ZQ== HTTP/1.1
Connection: close
Host: catalog.cse.nd.edu
User-Agent: Mozilla/5.0 (compatible; CCTools 8.0.0 DEVELOPMENT Parrot; http://ccl.cse.nd.edu/)
2024/03/07 01:27:15.57 work_queue_worker[15] http: HTTP/1.1 200 OK
2024/03/07 01:27:15.57 work_queue_worker[15] http: Date: Thu Mar  7 01:27:15 2024
2024/03/07 01:27:15.57 work_queue_worker[15] http: Server: catalog_server
2024/03/07 01:27:15.57 work_queue_worker[15] http: Connection: close
2024/03/07 01:27:15.57 work_queue_worker[15] http: Access-Control-Allow-Origin: *
2024/03/07 01:27:15.57 work_queue_worker[15] http: Content-type: text/plain; charset=utf-8
2024/03/07 01:27:15.57 work_queue_worker[15] http:
2024/03/07 01:27:15.72 work_queue_worker[15] tcp: disconnected from 129.74.152.177 port 9097
2024/03/07 01:27:15.73 work_queue_worker[15] wq: project name nessie_c32 matches 0 managers
2024/03/07 01:28:15.73 work_queue_worker[15] debug: error reading disk usage on directory: ./cache.
2024/03/07 01:28:15.73 work_queue_worker[15] wq: querying catalog for managers with project=nessie_c32
2024/03/07 01:28:15.73 work_queue_worker[15] debug: trying catalog query: http://catalog.cse.nd.edu:9097/query/dHJ1ZQ==
2024/03/07 01:28:15.73 work_queue_worker[15] http: connect catalog.cse.nd.edu port 9097
2024/03/07 01:28:15.73 work_queue_worker[15] tcp: connecting to 129.74.152.177 port 9097
2024/03/07 01:28:15.74 work_queue_worker[15] tcp: made connection to 129.74.152.177 port 9097
2024/03/07 01:28:15.74 work_queue_worker[15] http: GET /query/dHJ1ZQ== HTTP/1.1
Connection: close
Host: catalog.cse.nd.edu
User-Agent: Mozilla/5.0 (compatible; CCTools 8.0.0 DEVELOPMENT Parrot; http://ccl.cse.nd.edu/)
2024/03/07 01:28:15.75 work_queue_worker[15] http: HTTP/1.1 200 OK
2024/03/07 01:28:15.75 work_queue_worker[15] http: Date: Thu Mar  7 01:28:15 2024
2024/03/07 01:28:15.75 work_queue_worker[15] http: Server: catalog_server
2024/03/07 01:28:15.75 work_queue_worker[15] http: Connection: close
2024/03/07 01:28:15.75 work_queue_worker[15] http: Access-Control-Allow-Origin: *
2024/03/07 01:28:15.75 work_queue_worker[15] http: Content-type: text/plain; charset=utf-8
2024/03/07 01:28:15.75 work_queue_worker[15] http:
2024/03/07 01:28:15.90 work_queue_worker[15] tcp: disconnected from 129.74.152.177 port 9097
2024/03/07 01:28:15.90 work_queue_worker[15] wq: project name nessie_c32 matches 0 managers
2024/03/07 01:29:15.91 work_queue_worker[15] debug: error reading disk usage on directory: ./cache.
2024/03/07 01:29:15.91 work_queue_worker[15] wq: querying catalog for managers with project=nessie_c32
2024/03/07 01:29:15.91 work_queue_worker[15] debug: trying catalog query: http://catalog.cse.nd.edu:9097/query/dHJ1ZQ==
2024/03/07 01:29:15.91 work_queue_worker[15] http: connect catalog.cse.nd.edu port 9097
2024/03/07 01:29:15.91 work_queue_worker[15] dns: looking up name catalog.cse.nd.edu
2024/03/07 01:29:15.91 work_queue_worker[15] dns: catalog.cse.nd.edu is 129.74.152.177
2024/03/07 01:29:15.91 work_queue_worker[15] tcp: connecting to 129.74.152.177 port 9097
2024/03/07 01:29:15.92 work_queue_worker[15] tcp: made connection to 129.74.152.177 port 9097
2024/03/07 01:29:15.92 work_queue_worker[15] http: GET /query/dHJ1ZQ== HTTP/1.1
Connection: close
Host: catalog.cse.nd.edu
User-Agent: Mozilla/5.0 (compatible; CCTools 8.0.0 DEVELOPMENT Parrot; http://ccl.cse.nd.edu/)
2024/03/07 01:29:15.93 work_queue_worker[15] http: HTTP/1.1 200 OK
2024/03/07 01:29:15.93 work_queue_worker[15] http: Date: Thu Mar  7 01:29:15 2024
2024/03/07 01:29:15.93 work_queue_worker[15] http: Server: catalog_server
2024/03/07 01:29:15.93 work_queue_worker[15] http: Connection: close
2024/03/07 01:29:15.93 work_queue_worker[15] http: Access-Control-Allow-Origin: *
2024/03/07 01:29:15.93 work_queue_worker[15] http: Content-type: text/plain; charset=utf-8
2024/03/07 01:29:15.93 work_queue_worker[15] http:
2024/03/07 01:29:16.08 work_queue_worker[15] tcp: disconnected from 129.74.152.177 port 9097
2024/03/07 01:29:16.08 work_queue_worker[15] wq: project name nessie_c32 matches 0 managers
2024/03/07 01:29:16.08 work_queue_worker[15] notice: stopping: could not connect after 300 seconds.
