2024/03/04 11:16:06.46 work_queue_worker[17] debug: ./work_queue_worker version 8.0.0 DEVELOPMENT (released 2024-01-31 18:33:01 -0600)
2024/03/04 11:16:06.46 work_queue_worker[17] debug: Built by sunrise1001@ap21.uc.osg-htc.org on 2024-01-31 18:33:01 -0600
2024/03/04 11:16:06.46 work_queue_worker[17] debug: System: Linux ap21.uc.osg-htc.org 5.4.240-1.el8.elrepo.x86_64 #1 SMP Tue Apr 4 13:26:38 EDT 2023 x86_64 x86_64 x86_64 GNU/Linux
2024/03/04 11:16:06.46 work_queue_worker[17] debug: Configuration: --prefix /home/sunrise1001/cctools
2024/03/04 11:16:06.48 work_queue_worker[17] wq: WORK_QUEUE_SANDBOX set to /srv/worker-9999-17.
2024/03/04 11:16:06.48 work_queue_worker[17] debug: error reading disk usage on directory: ./cache.
2024/03/04 11:16:06.48 work_queue_worker[17] wq: querying catalog for managers with project=nessie
2024/03/04 11:16:06.48 work_queue_worker[17] debug: trying catalog query: http://catalog.cse.nd.edu:9097/query/dHJ1ZQ==
2024/03/04 11:16:06.48 work_queue_worker[17] http: connect catalog.cse.nd.edu port 9097
2024/03/04 11:16:06.48 work_queue_worker[17] dns: looking up name catalog.cse.nd.edu
2024/03/04 11:16:06.54 work_queue_worker[17] dns: catalog.cse.nd.edu is 129.74.152.177
2024/03/04 11:16:06.54 work_queue_worker[17] tcp: connecting to 129.74.152.177 port 9097
2024/03/04 11:16:06.57 work_queue_worker[17] tcp: made connection to 129.74.152.177 port 9097
2024/03/04 11:16:06.57 work_queue_worker[17] http: GET /query/dHJ1ZQ== HTTP/1.1
Connection: close
Host: catalog.cse.nd.edu
User-Agent: Mozilla/5.0 (compatible; CCTools 8.0.0 DEVELOPMENT Parrot; http://ccl.cse.nd.edu/)
2024/03/04 11:16:06.61 work_queue_worker[17] http: HTTP/1.1 200 OK
2024/03/04 11:16:06.61 work_queue_worker[17] http: Date: Mon Mar  4 13:16:06 2024
2024/03/04 11:16:06.61 work_queue_worker[17] http: Server: catalog_server
2024/03/04 11:16:06.61 work_queue_worker[17] http: Connection: close
2024/03/04 11:16:06.61 work_queue_worker[17] http: Access-Control-Allow-Origin: *
2024/03/04 11:16:06.61 work_queue_worker[17] http: Content-type: text/plain; charset=utf-8
2024/03/04 11:16:06.61 work_queue_worker[17] http:
2024/03/04 11:16:06.76 work_queue_worker[17] tcp: disconnected from 129.74.152.177 port 9097
2024/03/04 11:16:06.77 work_queue_worker[17] wq: project name nessie matches 0 managers
2024/03/04 11:16:08.77 work_queue_worker[17] wq: project name nessie matches 0 managers
2024/03/04 11:16:12.78 work_queue_worker[17] debug: error reading disk usage on directory: ./cache.
2024/03/04 11:16:12.78 work_queue_worker[17] wq: project name nessie matches 0 managers
2024/03/04 11:16:20.78 work_queue_worker[17] debug: error reading disk usage on directory: ./cache.
2024/03/04 11:16:20.78 work_queue_worker[17] wq: project name nessie matches 0 managers
2024/03/04 11:16:36.78 work_queue_worker[17] debug: error reading disk usage on directory: ./cache.
2024/03/04 11:16:36.78 work_queue_worker[17] wq: project name nessie matches 0 managers
2024/03/04 11:17:08.78 work_queue_worker[17] debug: error reading disk usage on directory: ./cache.
2024/03/04 11:17:08.78 work_queue_worker[17] wq: querying catalog for managers with project=nessie
2024/03/04 11:17:08.78 work_queue_worker[17] debug: trying catalog query: http://catalog.cse.nd.edu:9097/query/dHJ1ZQ==
2024/03/04 11:17:08.78 work_queue_worker[17] http: connect catalog.cse.nd.edu port 9097
2024/03/04 11:17:08.78 work_queue_worker[17] tcp: connecting to 129.74.152.177 port 9097
2024/03/04 11:17:08.81 work_queue_worker[17] tcp: made connection to 129.74.152.177 port 9097
2024/03/04 11:17:08.81 work_queue_worker[17] http: GET /query/dHJ1ZQ== HTTP/1.1
Connection: close
Host: catalog.cse.nd.edu
User-Agent: Mozilla/5.0 (compatible; CCTools 8.0.0 DEVELOPMENT Parrot; http://ccl.cse.nd.edu/)
2024/03/04 11:17:08.85 work_queue_worker[17] http: HTTP/1.1 200 OK
2024/03/04 11:17:08.85 work_queue_worker[17] http: Date: Mon Mar  4 13:17:08 2024
2024/03/04 11:17:08.85 work_queue_worker[17] http: Server: catalog_server
2024/03/04 11:17:08.85 work_queue_worker[17] http: Connection: close
2024/03/04 11:17:08.85 work_queue_worker[17] http: Access-Control-Allow-Origin: *
2024/03/04 11:17:08.85 work_queue_worker[17] http: Content-type: text/plain; charset=utf-8
2024/03/04 11:17:08.85 work_queue_worker[17] http:
2024/03/04 11:17:09.00 work_queue_worker[17] tcp: disconnected from 129.74.152.177 port 9097
2024/03/04 11:17:09.01 work_queue_worker[17] wq: project name nessie matches 0 managers
2024/03/04 11:18:09.02 work_queue_worker[17] debug: error reading disk usage on directory: ./cache.
2024/03/04 11:18:09.02 work_queue_worker[17] wq: querying catalog for managers with project=nessie
2024/03/04 11:18:09.02 work_queue_worker[17] debug: trying catalog query: http://catalog.cse.nd.edu:9097/query/dHJ1ZQ==
2024/03/04 11:18:09.02 work_queue_worker[17] http: connect catalog.cse.nd.edu port 9097
2024/03/04 11:18:09.02 work_queue_worker[17] tcp: connecting to 129.74.152.177 port 9097
2024/03/04 11:18:09.05 work_queue_worker[17] tcp: made connection to 129.74.152.177 port 9097
2024/03/04 11:18:09.06 work_queue_worker[17] http: GET /query/dHJ1ZQ== HTTP/1.1
Connection: close
Host: catalog.cse.nd.edu
User-Agent: Mozilla/5.0 (compatible; CCTools 8.0.0 DEVELOPMENT Parrot; http://ccl.cse.nd.edu/)
2024/03/04 11:18:09.09 work_queue_worker[17] http: HTTP/1.1 200 OK
2024/03/04 11:18:09.09 work_queue_worker[17] http: Date: Mon Mar  4 13:18:09 2024
2024/03/04 11:18:09.09 work_queue_worker[17] http: Server: catalog_server
2024/03/04 11:18:09.09 work_queue_worker[17] http: Connection: close
2024/03/04 11:18:09.09 work_queue_worker[17] http: Access-Control-Allow-Origin: *
2024/03/04 11:18:09.09 work_queue_worker[17] http: Content-type: text/plain; charset=utf-8
2024/03/04 11:18:09.09 work_queue_worker[17] http:
2024/03/04 11:18:09.27 work_queue_worker[17] tcp: disconnected from 129.74.152.177 port 9097
2024/03/04 11:18:09.27 work_queue_worker[17] wq: project name nessie matches 0 managers
2024/03/04 11:19:09.28 work_queue_worker[17] debug: error reading disk usage on directory: ./cache.
2024/03/04 11:19:09.28 work_queue_worker[17] wq: querying catalog for managers with project=nessie
2024/03/04 11:19:09.28 work_queue_worker[17] debug: trying catalog query: http://catalog.cse.nd.edu:9097/query/dHJ1ZQ==
2024/03/04 11:19:09.28 work_queue_worker[17] http: connect catalog.cse.nd.edu port 9097
2024/03/04 11:19:09.28 work_queue_worker[17] tcp: connecting to 129.74.152.177 port 9097
2024/03/04 11:19:09.31 work_queue_worker[17] tcp: made connection to 129.74.152.177 port 9097
2024/03/04 11:19:09.31 work_queue_worker[17] http: GET /query/dHJ1ZQ== HTTP/1.1
Connection: close
Host: catalog.cse.nd.edu
User-Agent: Mozilla/5.0 (compatible; CCTools 8.0.0 DEVELOPMENT Parrot; http://ccl.cse.nd.edu/)
2024/03/04 11:19:09.35 work_queue_worker[17] http: HTTP/1.1 200 OK
2024/03/04 11:19:09.35 work_queue_worker[17] http: Date: Mon Mar  4 13:19:09 2024
2024/03/04 11:19:09.35 work_queue_worker[17] http: Server: catalog_server
2024/03/04 11:19:09.35 work_queue_worker[17] http: Connection: close
2024/03/04 11:19:09.35 work_queue_worker[17] http: Access-Control-Allow-Origin: *
2024/03/04 11:19:09.35 work_queue_worker[17] http: Content-type: text/plain; charset=utf-8
2024/03/04 11:19:09.35 work_queue_worker[17] http:
2024/03/04 11:19:09.49 work_queue_worker[17] tcp: disconnected from 129.74.152.177 port 9097
2024/03/04 11:19:09.50 work_queue_worker[17] wq: project name nessie matches 0 managers
2024/03/04 11:20:09.50 work_queue_worker[17] debug: error reading disk usage on directory: ./cache.
2024/03/04 11:20:09.50 work_queue_worker[17] wq: querying catalog for managers with project=nessie
2024/03/04 11:20:09.50 work_queue_worker[17] debug: trying catalog query: http://catalog.cse.nd.edu:9097/query/dHJ1ZQ==
2024/03/04 11:20:09.50 work_queue_worker[17] http: connect catalog.cse.nd.edu port 9097
2024/03/04 11:20:09.50 work_queue_worker[17] tcp: connecting to 129.74.152.177 port 9097
2024/03/04 11:20:09.54 work_queue_worker[17] tcp: made connection to 129.74.152.177 port 9097
2024/03/04 11:20:09.54 work_queue_worker[17] http: GET /query/dHJ1ZQ== HTTP/1.1
Connection: close
Host: catalog.cse.nd.edu
User-Agent: Mozilla/5.0 (compatible; CCTools 8.0.0 DEVELOPMENT Parrot; http://ccl.cse.nd.edu/)
2024/03/04 11:20:09.57 work_queue_worker[17] http: HTTP/1.1 200 OK
2024/03/04 11:20:09.57 work_queue_worker[17] http: Date: Mon Mar  4 13:20:09 2024
2024/03/04 11:20:09.57 work_queue_worker[17] http: Server: catalog_server
2024/03/04 11:20:09.57 work_queue_worker[17] http: Connection: close
2024/03/04 11:20:09.57 work_queue_worker[17] http: Access-Control-Allow-Origin: *
2024/03/04 11:20:09.57 work_queue_worker[17] http: Content-type: text/plain; charset=utf-8
2024/03/04 11:20:09.57 work_queue_worker[17] http:
2024/03/04 11:20:09.73 work_queue_worker[17] tcp: disconnected from 129.74.152.177 port 9097
2024/03/04 11:20:09.74 work_queue_worker[17] wq: project name nessie matches 0 managers
2024/03/04 11:21:09.74 work_queue_worker[17] debug: error reading disk usage on directory: ./cache.
2024/03/04 11:21:09.74 work_queue_worker[17] wq: querying catalog for managers with project=nessie
2024/03/04 11:21:09.74 work_queue_worker[17] debug: trying catalog query: http://catalog.cse.nd.edu:9097/query/dHJ1ZQ==
2024/03/04 11:21:09.74 work_queue_worker[17] http: connect catalog.cse.nd.edu port 9097
2024/03/04 11:21:09.74 work_queue_worker[17] dns: looking up name catalog.cse.nd.edu
2024/03/04 11:21:09.75 work_queue_worker[17] dns: catalog.cse.nd.edu is 129.74.152.177
2024/03/04 11:21:09.75 work_queue_worker[17] tcp: connecting to 129.74.152.177 port 9097
2024/03/04 11:21:09.79 work_queue_worker[17] tcp: made connection to 129.74.152.177 port 9097
2024/03/04 11:21:09.79 work_queue_worker[17] http: GET /query/dHJ1ZQ== HTTP/1.1
Connection: close
Host: catalog.cse.nd.edu
User-Agent: Mozilla/5.0 (compatible; CCTools 8.0.0 DEVELOPMENT Parrot; http://ccl.cse.nd.edu/)
2024/03/04 11:21:09.82 work_queue_worker[17] http: HTTP/1.1 200 OK
2024/03/04 11:21:09.82 work_queue_worker[17] http: Date: Mon Mar  4 13:21:09 2024
2024/03/04 11:21:09.82 work_queue_worker[17] http: Server: catalog_server
2024/03/04 11:21:09.82 work_queue_worker[17] http: Connection: close
2024/03/04 11:21:09.82 work_queue_worker[17] http: Access-Control-Allow-Origin: *
2024/03/04 11:21:09.82 work_queue_worker[17] http: Content-type: text/plain; charset=utf-8
2024/03/04 11:21:09.82 work_queue_worker[17] http:
2024/03/04 11:21:09.97 work_queue_worker[17] tcp: disconnected from 129.74.152.177 port 9097
2024/03/04 11:21:09.98 work_queue_worker[17] wq: project name nessie matches 0 managers
2024/03/04 11:21:09.98 work_queue_worker[17] notice: stopping: could not connect after 300 seconds.
