2024/03/08 01:29:14.87 work_queue_worker[14] debug: ./work_queue_worker version 8.0.0 DEVELOPMENT (released 2024-01-31 18:33:01 -0600)
2024/03/08 01:29:14.87 work_queue_worker[14] debug: Built by sunrise1001@ap21.uc.osg-htc.org on 2024-01-31 18:33:01 -0600
2024/03/08 01:29:14.87 work_queue_worker[14] debug: System: Linux ap21.uc.osg-htc.org 5.4.240-1.el8.elrepo.x86_64 #1 SMP Tue Apr 4 13:26:38 EDT 2023 x86_64 x86_64 x86_64 GNU/Linux
2024/03/08 01:29:14.87 work_queue_worker[14] debug: Configuration: --prefix /home/sunrise1001/cctools
2024/03/08 01:29:14.90 work_queue_worker[14] wq: WORK_QUEUE_SANDBOX set to /srv/worker-4977-14.
2024/03/08 01:29:14.90 work_queue_worker[14] debug: error reading disk usage on directory: ./cache.
2024/03/08 01:29:14.90 work_queue_worker[14] wq: querying catalog for managers with project=joyboy-16
2024/03/08 01:29:14.90 work_queue_worker[14] debug: trying catalog query: http://catalog.cse.nd.edu:9097/query/dHJ1ZQ==
2024/03/08 01:29:14.90 work_queue_worker[14] http: connect catalog.cse.nd.edu port 9097
2024/03/08 01:29:14.90 work_queue_worker[14] dns: looking up name catalog.cse.nd.edu
2024/03/08 01:29:14.90 work_queue_worker[14] dns: catalog.cse.nd.edu is 129.74.152.177
2024/03/08 01:29:14.90 work_queue_worker[14] tcp: connecting to 129.74.152.177 port 9097
2024/03/08 01:29:14.92 work_queue_worker[14] tcp: made connection to 129.74.152.177 port 9097
2024/03/08 01:29:14.92 work_queue_worker[14] http: GET /query/dHJ1ZQ== HTTP/1.1
Connection: close
Host: catalog.cse.nd.edu
User-Agent: Mozilla/5.0 (compatible; CCTools 8.0.0 DEVELOPMENT Parrot; http://ccl.cse.nd.edu/)
2024/03/08 01:29:14.94 work_queue_worker[14] http: HTTP/1.1 200 OK
2024/03/08 01:29:14.94 work_queue_worker[14] http: Date: Fri Mar  8 02:29:14 2024
2024/03/08 01:29:14.94 work_queue_worker[14] http: Server: catalog_server
2024/03/08 01:29:14.94 work_queue_worker[14] http: Connection: close
2024/03/08 01:29:14.94 work_queue_worker[14] http: Access-Control-Allow-Origin: *
2024/03/08 01:29:14.94 work_queue_worker[14] http: Content-type: text/plain; charset=utf-8
2024/03/08 01:29:14.94 work_queue_worker[14] http:
2024/03/08 01:29:15.02 work_queue_worker[14] tcp: disconnected from 129.74.152.177 port 9097
2024/03/08 01:29:15.02 work_queue_worker[14] wq: project name joyboy-16 matches 0 managers
2024/03/08 01:29:17.02 work_queue_worker[14] wq: project name joyboy-16 matches 0 managers
2024/03/08 01:29:21.03 work_queue_worker[14] debug: error reading disk usage on directory: ./cache.
2024/03/08 01:29:21.03 work_queue_worker[14] wq: project name joyboy-16 matches 0 managers
2024/03/08 01:29:29.03 work_queue_worker[14] debug: error reading disk usage on directory: ./cache.
2024/03/08 01:29:29.03 work_queue_worker[14] wq: project name joyboy-16 matches 0 managers
2024/03/08 01:29:45.03 work_queue_worker[14] debug: error reading disk usage on directory: ./cache.
2024/03/08 01:29:45.03 work_queue_worker[14] wq: project name joyboy-16 matches 0 managers
2024/03/08 01:30:17.03 work_queue_worker[14] debug: error reading disk usage on directory: ./cache.
2024/03/08 01:30:17.03 work_queue_worker[14] wq: querying catalog for managers with project=joyboy-16
2024/03/08 01:30:17.03 work_queue_worker[14] debug: trying catalog query: http://catalog.cse.nd.edu:9097/query/dHJ1ZQ==
2024/03/08 01:30:17.03 work_queue_worker[14] http: connect catalog.cse.nd.edu port 9097
2024/03/08 01:30:17.03 work_queue_worker[14] tcp: connecting to 129.74.152.177 port 9097
2024/03/08 01:30:17.05 work_queue_worker[14] tcp: made connection to 129.74.152.177 port 9097
2024/03/08 01:30:17.05 work_queue_worker[14] http: GET /query/dHJ1ZQ== HTTP/1.1
Connection: close
Host: catalog.cse.nd.edu
User-Agent: Mozilla/5.0 (compatible; CCTools 8.0.0 DEVELOPMENT Parrot; http://ccl.cse.nd.edu/)
2024/03/08 01:30:17.06 work_queue_worker[14] http: HTTP/1.1 200 OK
2024/03/08 01:30:17.07 work_queue_worker[14] http: Date: Fri Mar  8 02:30:17 2024
2024/03/08 01:30:17.07 work_queue_worker[14] http: Server: catalog_server
2024/03/08 01:30:17.07 work_queue_worker[14] http: Connection: close
2024/03/08 01:30:17.07 work_queue_worker[14] http: Access-Control-Allow-Origin: *
2024/03/08 01:30:17.07 work_queue_worker[14] http: Content-type: text/plain; charset=utf-8
2024/03/08 01:30:17.07 work_queue_worker[14] http:
2024/03/08 01:30:17.15 work_queue_worker[14] tcp: disconnected from 129.74.152.177 port 9097
2024/03/08 01:30:17.15 work_queue_worker[14] wq: project name joyboy-16 matches 0 managers
2024/03/08 01:31:17.16 work_queue_worker[14] debug: error reading disk usage on directory: ./cache.
2024/03/08 01:31:17.16 work_queue_worker[14] wq: querying catalog for managers with project=joyboy-16
2024/03/08 01:31:17.16 work_queue_worker[14] debug: trying catalog query: http://catalog.cse.nd.edu:9097/query/dHJ1ZQ==
2024/03/08 01:31:17.16 work_queue_worker[14] http: connect catalog.cse.nd.edu port 9097
2024/03/08 01:31:17.16 work_queue_worker[14] tcp: connecting to 129.74.152.177 port 9097
2024/03/08 01:31:17.18 work_queue_worker[14] tcp: made connection to 129.74.152.177 port 9097
2024/03/08 01:31:17.18 work_queue_worker[14] http: GET /query/dHJ1ZQ== HTTP/1.1
Connection: close
Host: catalog.cse.nd.edu
User-Agent: Mozilla/5.0 (compatible; CCTools 8.0.0 DEVELOPMENT Parrot; http://ccl.cse.nd.edu/)
2024/03/08 01:31:17.19 work_queue_worker[14] http: HTTP/1.1 200 OK
2024/03/08 01:31:17.19 work_queue_worker[14] http: Date: Fri Mar  8 02:31:17 2024
2024/03/08 01:31:17.19 work_queue_worker[14] http: Server: catalog_server
2024/03/08 01:31:17.19 work_queue_worker[14] http: Connection: close
2024/03/08 01:31:17.19 work_queue_worker[14] http: Access-Control-Allow-Origin: *
2024/03/08 01:31:17.19 work_queue_worker[14] http: Content-type: text/plain; charset=utf-8
2024/03/08 01:31:17.19 work_queue_worker[14] http:
2024/03/08 01:31:17.28 work_queue_worker[14] tcp: disconnected from 129.74.152.177 port 9097
2024/03/08 01:31:17.28 work_queue_worker[14] wq: project name joyboy-16 matches 0 managers
2024/03/08 01:32:17.29 work_queue_worker[14] debug: error reading disk usage on directory: ./cache.
2024/03/08 01:32:17.29 work_queue_worker[14] wq: querying catalog for managers with project=joyboy-16
2024/03/08 01:32:17.29 work_queue_worker[14] debug: trying catalog query: http://catalog.cse.nd.edu:9097/query/dHJ1ZQ==
2024/03/08 01:32:17.29 work_queue_worker[14] http: connect catalog.cse.nd.edu port 9097
2024/03/08 01:32:17.29 work_queue_worker[14] tcp: connecting to 129.74.152.177 port 9097
2024/03/08 01:32:17.30 work_queue_worker[14] tcp: made connection to 129.74.152.177 port 9097
2024/03/08 01:32:17.30 work_queue_worker[14] http: GET /query/dHJ1ZQ== HTTP/1.1
Connection: close
Host: catalog.cse.nd.edu
User-Agent: Mozilla/5.0 (compatible; CCTools 8.0.0 DEVELOPMENT Parrot; http://ccl.cse.nd.edu/)
2024/03/08 01:32:17.32 work_queue_worker[14] http: HTTP/1.1 200 OK
2024/03/08 01:32:17.32 work_queue_worker[14] http: Date: Fri Mar  8 02:32:17 2024
2024/03/08 01:32:17.32 work_queue_worker[14] http: Server: catalog_server
2024/03/08 01:32:17.32 work_queue_worker[14] http: Connection: close
2024/03/08 01:32:17.32 work_queue_worker[14] http: Access-Control-Allow-Origin: *
2024/03/08 01:32:17.32 work_queue_worker[14] http: Content-type: text/plain; charset=utf-8
2024/03/08 01:32:17.32 work_queue_worker[14] http:
2024/03/08 01:32:17.40 work_queue_worker[14] tcp: disconnected from 129.74.152.177 port 9097
2024/03/08 01:32:17.40 work_queue_worker[14] wq: project name joyboy-16 matches 0 managers
2024/03/08 01:33:17.40 work_queue_worker[14] debug: error reading disk usage on directory: ./cache.
2024/03/08 01:33:17.40 work_queue_worker[14] wq: querying catalog for managers with project=joyboy-16
2024/03/08 01:33:17.40 work_queue_worker[14] debug: trying catalog query: http://catalog.cse.nd.edu:9097/query/dHJ1ZQ==
2024/03/08 01:33:17.40 work_queue_worker[14] http: connect catalog.cse.nd.edu port 9097
2024/03/08 01:33:17.40 work_queue_worker[14] tcp: connecting to 129.74.152.177 port 9097
2024/03/08 01:33:17.42 work_queue_worker[14] tcp: made connection to 129.74.152.177 port 9097
2024/03/08 01:33:17.42 work_queue_worker[14] http: GET /query/dHJ1ZQ== HTTP/1.1
Connection: close
Host: catalog.cse.nd.edu
User-Agent: Mozilla/5.0 (compatible; CCTools 8.0.0 DEVELOPMENT Parrot; http://ccl.cse.nd.edu/)
2024/03/08 01:33:17.44 work_queue_worker[14] http: HTTP/1.1 200 OK
2024/03/08 01:33:17.44 work_queue_worker[14] http: Date: Fri Mar  8 02:33:17 2024
2024/03/08 01:33:17.44 work_queue_worker[14] http: Server: catalog_server
2024/03/08 01:33:17.44 work_queue_worker[14] http: Connection: close
2024/03/08 01:33:17.44 work_queue_worker[14] http: Access-Control-Allow-Origin: *
2024/03/08 01:33:17.44 work_queue_worker[14] http: Content-type: text/plain; charset=utf-8
2024/03/08 01:33:17.44 work_queue_worker[14] http:
2024/03/08 01:33:17.52 work_queue_worker[14] tcp: disconnected from 129.74.152.177 port 9097
2024/03/08 01:33:17.53 work_queue_worker[14] wq: project name joyboy-16 matches 0 managers
2024/03/08 01:34:17.53 work_queue_worker[14] debug: error reading disk usage on directory: ./cache.
2024/03/08 01:34:17.53 work_queue_worker[14] wq: querying catalog for managers with project=joyboy-16
2024/03/08 01:34:17.53 work_queue_worker[14] debug: trying catalog query: http://catalog.cse.nd.edu:9097/query/dHJ1ZQ==
2024/03/08 01:34:17.53 work_queue_worker[14] http: connect catalog.cse.nd.edu port 9097
2024/03/08 01:34:17.53 work_queue_worker[14] dns: looking up name catalog.cse.nd.edu
2024/03/08 01:34:17.53 work_queue_worker[14] dns: catalog.cse.nd.edu is 129.74.152.177
2024/03/08 01:34:17.53 work_queue_worker[14] tcp: connecting to 129.74.152.177 port 9097
2024/03/08 01:34:17.54 work_queue_worker[14] tcp: made connection to 129.74.152.177 port 9097
2024/03/08 01:34:17.54 work_queue_worker[14] http: GET /query/dHJ1ZQ== HTTP/1.1
Connection: close
Host: catalog.cse.nd.edu
User-Agent: Mozilla/5.0 (compatible; CCTools 8.0.0 DEVELOPMENT Parrot; http://ccl.cse.nd.edu/)
2024/03/08 01:34:17.56 work_queue_worker[14] http: HTTP/1.1 200 OK
2024/03/08 01:34:17.56 work_queue_worker[14] http: Date: Fri Mar  8 02:34:17 2024
2024/03/08 01:34:17.56 work_queue_worker[14] http: Server: catalog_server
2024/03/08 01:34:17.56 work_queue_worker[14] http: Connection: close
2024/03/08 01:34:17.56 work_queue_worker[14] http: Access-Control-Allow-Origin: *
2024/03/08 01:34:17.56 work_queue_worker[14] http: Content-type: text/plain; charset=utf-8
2024/03/08 01:34:17.56 work_queue_worker[14] http:
2024/03/08 01:34:17.64 work_queue_worker[14] tcp: disconnected from 129.74.152.177 port 9097
2024/03/08 01:34:17.64 work_queue_worker[14] wq: project name joyboy-16 matches 0 managers
2024/03/08 01:34:17.64 work_queue_worker[14] notice: stopping: could not connect after 300 seconds.
