# timestamp workers_connected workers_init workers_idle workers_busy workers_able workers_joined workers_removed workers_released workers_idled_out workers_blocked workers_fast_aborted workers_lost tasks_waiting tasks_on_workers tasks_running tasks_with_results tasks_submitted tasks_dispatched tasks_done tasks_failed tasks_cancelled tasks_exhausted_attempts time_send time_receive time_send_good time_receive_good time_status_msgs time_internal time_polling time_application time_execute time_execute_good time_execute_exhaustion bytes_sent bytes_received bandwidth capacity_tasks capacity_cores capacity_memory capacity_disk capacity_instantaneous capacity_weighted manager_load total_cores total_memory total_disk committed_cores committed_memory committed_disk max_cores max_memory max_disk min_cores min_memory min_disk
1709286764282105 0 0 0 0 0 0 0 0 0 0 0 0 64 0 0 0 64 0 0 0 0 0 0 0 0 0 0 0 0 0 0 0 0 0 0 1.000000 10 10 5120 10240 10 10 0.000000 0 0 0 0 0 0 0 0 0 0 0 0
1709286793024508 1 0 0 1 1 1 0 0 0 0 0 0 63 1 0 0 64 0 0 0 0 0 6208 246 0 0 202143 3785 28525717 13498 0 0 0 133467 0 1.000000 10 10 5120 10240 10 10 0.480626 1 4096 1878 0 0 0 1 4096 1878 0 0 0
1709286911450687 2 0 0 2 2 2 0 0 0 0 0 0 62 2 1 0 64 1 0 0 0 0 100095 1146 0 0 233012 15798 146804544 20019 0 0 0 266934 0 1.000000 10 10 5120 10240 10 10 0.487179 2 8192 2999 1 4096 1878 1 4096 1878 0 0 0
1709286916453498 6 0 0 6 6 6 0 0 0 0 0 0 58 6 6 1 68 10 4 0 0 0 284059 327140 0 325466 431345 22339 151074800 21706 9756826 7038745 0 810134 591794 1.000000 11 11 45056 17465 12 12 0.495371 6 30384 34942 6 30384 34942 1 7000 14777 0 0 0
1709286921657573 9 0 0 9 9 9 0 0 0 0 0 0 55 9 9 1 79 24 15 0 0 0 536352 1175676 0 1172394 747758 25839 154846138 25968 33506170 31218764 0 1236220 2347589 1.996338 15 15 86332 128352 15 18 0.500096 9 51384 71567 9 51384 71567 1 7000 14777 0 0 0
1709286927268182 12 0 0 12 12 12 0 0 0 0 0 0 52 12 12 1 85 33 21 0 0 0 760473 1895523 0 1891540 1478230 27031 158732412 28012 48162108 43757175 0 1650631 3305312 1.779504 14 14 83771 132827 15 21 0.488274 12 67768 65329213 12 67768 65329213 1 7000 32614383 0 0 0
1709286932656190 12 0 0 12 12 12 0 0 0 0 0 0 52 12 12 1 87 35 23 0 0 0 822977 2445350 0 2440975 1639507 27406 163345244 28680 56850540 51931893 0 1655301 3634923 1.543649 12 12 70862 17908918 8 21 0.501677 12 67768 65329213 12 67768 65329213 1 7000 32614383 0 0 0
1709286938148612 12 0 0 12 12 12 0 0 0 0 0 0 52 12 12 1 88 36 24 0 0 0 877125 2708918 0 2704394 1705942 27657 168452676 29098 61934778 56850540 0 1657636 3761487 1.441165 10 10 59155 28455391 4 21 0.506697 12 67768 65329213 12 67768 65329213 1 7000 32614383 0 0 0
1709286943538649 12 0 0 12 12 12 0 0 0 0 0 0 52 12 12 0 89 37 25 0 0 0 929008 2973442 0 2968721 1772329 27881 173525054 29544 61934778 61934778 0 1659971 3911250 1.361486 10 10 58397 27284945 11 21 0.508906 12 67768 65329213 12 67768 65329213 1 7000 32614383 0 0 0
1709286949154338 12 0 0 12 12 12 0 0 0 0 0 0 52 12 12 0 90 38 26 0 0 0 982012 3239006 0 3234106 1838515 30850 178751978 29988 68089793 68089793 0 1662306 4088746 1.299362 10 10 57700 26208135 13 21 0.509747 12 67768 65329213 12 67768 65329213 1 7000 32614383 0 0 0
1709286957172601 12 0 0 12 12 12 0 0 0 0 0 0 52 12 12 0 91 39 27 0 0 0 1063531 3504833 0 3499737 1904943 31316 186352270 33285 74677595 74677595 0 1664641 4274611 1.239856 11 11 62761 27735572 16 21 0.510499 12 67768 65329213 12 67768 65329213 1 7000 32614383 0 0 0
1709287013626171 14 0 1 13 14 14 0 0 0 0 0 0 51 13 12 0 91 39 27 0 0 0 1660715 3505561 0 3499737 1988075 39326 242109594 36423 74677595 74677595 0 1798108 4274611 1.121000 11 11 62106 26723186 15 21 0.487177 14 81768 65354889 12 67768 65329213 1 7000 32614383 0 0 0
1709287020392415 17 0 0 17 17 17 0 0 0 0 0 0 47 17 17 1 93 46 29 0 0 0 2263983 3670846 0 3664492 2449282 41210 247622200 37987 81082465 78599557 0 2336646 4611970 1.116581 11 11 62638 25773745 9 21 0.495291 17 94056 65394465 17 94056 65394465 1 7000 32614383 0 0 0
1709287025576387 19 0 1 18 19 19 0 0 0 0 0 0 45 18 17 0 96 51 33 0 0 0 2703288 4120194 0 4400592 3033202 42441 251063192 39118 91186572 91186572 0 2610585 5331558 1.110022 11 11 62997 23301407 8 21 0.486650 19 106344 130620163 19 106344 130620163 1 7000 32614383 0 0 0
1709287032248620 19 0 0 19 19 19 0 0 0 0 0 0 45 19 19 1 100 55 36 0 0 0 2883649 5215805 0 5208023 3290783 45514 256387557 41938 106412282 103716421 0 2619921 5926344 1.006284 10 10 57406 37412110 13 21 0.501243 19 106344 130620163 19 106344 130620163 1 7000 32614383 0 0 0
1709287039429972 19 0 0 19 19 19 0 0 0 0 0 0 40 19 19 1 100 60 41 0 0 0 3152429 6315852 0 6307198 3738887 47118 261748225 42809 123896031 120868817 0 2631594 6826824 0.952681 10 10 57398 65357122 7 21 0.508797 19 106344 130620163 19 106344 130620163 1 7000 32614383 0 0 0
1709287106879444 20 0 0 20 20 20 0 0 0 0 0 0 37 20 19 0 100 62 43 0 0 0 4529212 6773236 0 6763432 3920587 55476 327255480 50229 128364276 128364276 0 2769731 7173123 0.838955 10 10 57204 75974570 9 21 0.487178 20 110440 130624080 19 106344 130620163 1 7000 32614383 0 0 0
1709287117128195 21 0 0 21 21 21 0 0 0 0 0 0 36 21 20 0 100 63 43 0 0 0 5019347 6773459 0 6763432 4059360 57162 336871993 50527 128364276 128364276 0 2903198 7173123 0.814864 10 10 57204 75974570 9 21 0.485103 21 114536 130625622 20 110440 130624080 1 7000 32614383 0 0 0
1709287122404386 21 0 0 21 21 21 0 0 0 0 0 0 35 21 21 1 100 65 44 0 0 0 5177041 7048390 0 7038117 4127967 57576 341578371 51433 132813345 130383786 0 2905533 7349682 0.799983 10 10 57204 75974570 9 21 0.498963 21 114536 130625622 21 114536 130625622 1 7000 32614383 0 0 0
1709287127650039 21 0 1 20 21 21 0 0 0 0 0 0 33 20 20 0 100 67 47 0 0 0 5270128 7667820 0 7999779 4334871 60923 345626778 51801 136747421 136747421 0 2910203 8024692 0.806026 10 10 56145 71020713 4 21 0.504557 21 114536 130625622 21 114536 130625622 1 7000 32614383 0 0 0
1709287132872063 21 0 1 20 21 21 0 0 0 0 0 0 31 20 20 0 100 69 49 0 0 0 5411246 8353839 0 8618315 4472623 61296 349949752 52240 141072598 141072598 0 2914873 8454614 0.787702 10 10 55822 69509962 5 21 0.506600 21 114536 130625622 21 114536 130625622 1 7000 32614383 0 0 0
1709287138079309 21 0 0 21 21 21 0 0 0 0 0 0 29 21 21 1 100 71 50 0 0 0 5635471 8972102 0 8960529 4541711 62795 354445976 54481 145055310 143085747 0 2919543 8660305 0.756005 10 10 55215 66673450 5 21 0.509979 21 114536 130625622 21 114536 130625622 1 7000 32614383 0 0 0
1709287143374425 21 0 0 21 21 21 0 0 0 0 0 0 27 21 21 1 100 73 52 0 0 0 5796383 9762426 0 9750160 4747806 63559 358582657 54973 149043104 147400461 0 2924213 9103389 0.737230 10 10 55215 66673479 5 21 0.509508 21 114536 130625622 21 114536 130625622 1 7000 32614383 0 0 0
1709287151778985 21 0 0 21 21 21 0 0 0 0 0 0 25 21 21 0 100 75 54 0 0 0 5968001 10556279 0 10543570 4886788 64057 365951480 55322 151347585 151347585 0 2928883 9462166 0.715131 10 10 54623 66670918 3 21 0.510296 21 114536 130625622 21 114536 130625622 1 7000 32614383 0 0 0
1709287202829934 22 0 0 22 22 22 0 0 0 0 0 0 24 22 21 0 100 75 54 0 0 0 7050342 10557286 0 10543570 4917750 68946 415875715 59431 151347585 151347585 0 3062348 9462166 0.678360 10 10 54623 66671004 4 21 0.487179 22 118632 130626774 21 114536 130625622 1 7000 32614383 0 0 0
1709287209473325 23 0 0 23 23 23 0 0 0 0 0 0 23 23 23 1 100 77 54 0 0 0 7379104 10557436 0 10543570 4929878 69557 422171935 59537 153274849 151347585 0 3195815 9462166 0.673017 10 10 54623 66671004 4 21 0.491422 23 122728 130628134 23 122728 130628134 1 7000 32614383 0 0 0
1709287214648917 25 0 0 25 25 25 0 0 0 0 0 0 18 25 24 1 100 82 57 0 0 0 7905401 10627448 0 10612946 5328728 70618 426349202 60627 158335954 156711095 0 3469754 9992754 0.692762 10 10 54030 66668172 42 23 0.483390 25 135016 195862162 25 135016 195862162 1 7000 32626621 0 0 0
1709287223892434 25 0 0 25 25 25 0 0 0 0 0 0 12 25 25 0 100 88 63 0 0 0 8190753 11466470 0 11450935 5632311 71765 434167611 61758 168041999 168041999 0 3483764 11097904 0.707433 10 10 52320 86626054 4 25 0.505811 25 135016 195862162 25 135016 195862162 1 7000 32626621 0 0 0
1709287297208789 26 0 0 26 26 26 0 0 0 0 0 0 11 26 25 0 100 88 63 0 0 0 10034839 11467440 0 11450935 5664489 77506 505593370 65097 168041999 168041999 0 3617231 11097904 0.652649 10 10 51728 86623802 45 27 0.487179 26 139112 195863447 25 135016 195862162 1 7000 32626621 0 0 0
1709287302237269 31 0 0 31 31 31 0 0 0 0 0 0 5 31 30 0 100 94 64 0 0 0 10936784 11523936 0 11507074 5884684 79766 509438455 65871 170162508 170162508 0 4286901 11226521 0.658694 10 10 51728 86623802 45 29 0.475133 31 174112 195927560 30 167112 195915555 1 7000 32626621 0 0 0
1709287310031991 36 0 4 32 36 36 0 0 0 0 0 0 0 32 32 0 100 100 68 0 0 0 11557084 11873984 0 11856087 6324458 84705 515815785 66717 178734387 178734387 0 4560840 11918005 0.670710 10 10 51728 86623883 10 29 0.516091 36 208256 228590631 32 181112 195941862 1 7000 32626621 0 0 0
1709287315268995 37 0 5 32 37 37 0 0 0 0 0 0 0 32 32 0 100 100 68 0 0 0 11557154 11874076 0 11856087 6516013 85049 520860013 66823 178734387 178734387 0 4560840 11918005 0.670705 10 10 51728 86623725 14 29 0.513336 37 214400 261203119 32 181112 195941862 1 7000 32626621 0 0 0
1709287395219008 38 0 6 32 38 38 0 0 0 0 0 0 0 32 32 0 100 100 68 0 0 0 11557627 11875124 0 11856087 6548933 90870 600759808 73501 178734387 178734387 0 4560840 11918005 0.670662 10 10 51728 86623725 14 29 0.512821 38 218496 261204279 32 181112 195941862 1 7000 32626621 0 0 0
1709287405320991 40 0 8 32 40 40 0 0 0 0 0 0 0 32 32 0 100 100 68 0 0 0 11557836 11875372 0 11856087 6700152 91876 610707157 73732 178734387 178734387 0 4560840 11918005 0.670649 10 10 51728 86623725 14 29 0.512821 40 226688 261207242 32 181112 195941862 1 7000 32626621 0 0 0
1709287490378942 41 0 9 32 41 41 0 0 0 0 0 0 0 32 32 0 100 100 68 0 0 0 11558335 11876539 0 11856087 6735234 103894 695709471 77181 178734387 178734387 0 4560840 11918005 0.670601 10 10 51728 86623725 14 29 0.512821 41 230784 261210846 32 181112 195941862 1 7000 32626621 0 0 0
1709287580869064 42 0 10 32 42 42 0 0 0 0 0 0 0 32 32 0 100 100 68 0 0 0 11558789 11877825 0 11856087 6770151 110082 786148132 82505 178734387 178734387 0 4560840 11918005 0.670551 10 10 51728 86623725 14 29 0.512821 42 234880 261212012 32 181112 195941862 1 7000 32626621 0 0 0
1709287586158816 42 0 10 32 42 42 0 0 0 0 0 0 0 32 32 1 100 100 68 0 0 0 11558800 11877869 0 11856087 6770242 110184 791416698 82705 843111247 178734387 0 4560840 11918005 0.670550 10 10 51728 86623725 14 29 0.512821 42 234880 261212012 32 181112 195941862 1 7000 32626621 0 0 0
1709287681603035 38 0 7 31 38 43 5 0 5 0 0 0 0 31 31 0 100 100 69 0 0 0 11559336 12087736 0 12064319 6827483 123282 886590924 88632 843111247 843111247 0 4560840 21742298 1.060792 38 38 196564 329168514 2657 286 0.512821 38 205688 195954359 31 174112 195929199 1 7000 32626621 0 0 0
1709287751824062 38 0 7 31 38 46 8 0 8 0 0 0 0 31 31 0 100 100 69 0 0 0 11559735 12088727 0 12064319 7018656 129918 956602839 95649 843111247 843111247 0 4560840 21742298 1.060730 38 38 196564 329168514 2657 518 0.512821 38 208592 196002483 31 174112 195929199 1 7000 32626621 0 0 0
1709287766490050 41 0 10 31 41 49 8 0 8 0 0 0 0 31 31 0 100 100 69 0 0 0 11559915 12089033 0 12064319 7224135 133476 971056205 97440 843111247 843111247 0 4560840 21742298 1.060708 38 38 196564 329168514 2657 625 0.512821 41 220880 196010216 31 174112 195929199 1 7000 32626621 0 0 0
1709287831324848 40 0 9 31 40 49 9 0 9 0 0 0 0 31 31 0 100 100 69 0 0 0 11560169 12089866 0 12064319 7256295 138313 1035847327 101018 843111247 843111247 0 4560840 21742298 1.060659 38 38 196564 329168514 2657 824 0.512821 40 216784 196006612 31 174112 195929199 1 7000 32626621 0 0 0
1709287846618018 42 0 11 31 42 51 9 0 9 0 0 0 0 31 31 0 100 100 69 0 0 0 11560300 12090134 0 12064319 7270445 142108 1051120870 101335 843111247 843111247 0 4560840 21742298 1.060641 38 38 196564 329168514 2657 1004 0.512821 42 224976 196009210 31 174112 195929199 1 7000 32626621 0 0 0
1709287877968044 42 0 11 31 42 51 9 0 9 0 0 0 0 31 31 1 100 100 69 0 0 0 11560445 12090524 0 12064319 7272049 145274 1082443431 102054 1707351507 843111247 0 4560840 21742298 1.060617 38 38 196564 329168514 2657 1087 0.512821 42 224976 196009210 31 174112 195929199 1 7000 32626621 0 0 0
1709288018500982 38 0 8 30 38 52 14 0 14 0 0 0 0 30 30 0 100 100 70 0 0 0 11561427 12463684 0 12435532 7330316 162457 1222530392 112525 1707351507 1707351507 0 4560840 31605371 1.435614 79 79 410027 631774928 1822 1299 0.512821 38 205688 195955037 30 167112 195916143 1 7000 32626621 0 0 0
1709288078126162 35 0 5 30 35 53 18 0 18 0 0 0 0 30 30 0 100 100 70 0 0 0 11561797 12464373 0 12435532 7335632 167406 1282138491 115608 1707351507 1707351507 0 4560840 31605371 1.435551 79 79 410027 631774928 1822 1351 0.512821 35 190496 195934446 30 167112 195916143 1 7000 32626621 0 0 0
1709288108390209 36 0 6 30 36 54 18 0 18 0 0 0 0 30 30 0 100 100 70 0 0 0 11562011 12464789 0 12435532 7338245 171490 1312392915 116345 1707351507 1707351507 0 4560840 31605371 1.435513 79 79 410027 631774928 1822 1398 0.512821 36 194592 195937272 30 167112 195916143 1 7000 32626621 0 0 0
1709288155540561 34 0 4 30 34 54 20 0 20 0 0 0 0 30 30 1 100 100 70 0 0 0 11562371 12465461 0 12435532 7342200 177738 1359393161 119107 2645758706 1707351507 0 4560840 31605371 1.435451 79 79 410027 631774928 1822 1441 0.512821 34 186400 195934674 30 167112 195916143 1 7000 32626621 0 0 0
1709288198286959 34 0 5 29 34 55 21 0 21 0 0 0 0 29 29 0 100 100 71 0 0 0 11562644 15692223 0 15661658 7518775 181379 1398862805 120606 2645758706 2645758706 0 4560840 41480427 1.611029 79 79 410027 631774928 1822 1480 0.512848 34 186400 195935959 29 160968 163289522 1 7000 32626621 0 0 0
1709288219933824 34 0 5 29 34 55 21 0 21 0 0 0 0 29 29 1 100 100 71 0 0 0 11562737 15692430 0 15661658 7519292 184591 1420486672 124603 3949053721 2645758706 0 4560840 41480427 1.611011 108 108 565056 935523662 267 1363 0.512823 34 186400 195935959 29 160968 163289522 1 7000 32626621 0 0 0
1709288271893066 35 0 7 28 35 56 21 0 21 0 0 0 0 28 28 0 100 100 72 0 0 0 11563198 17122976 0 17091190 7566060 189439 1470971062 128284 3949053721 3949053721 0 4560840 51376376 1.859638 160 160 830433 1279468696 892 1239 0.512821 35 190496 195937119 28 156872 163288401 1 7000 32626621 0 0 0
1709288286012439 35 0 7 28 35 56 21 0 21 0 0 0 0 28 28 0 100 100 72 0 0 0 11563256 17123119 0 17091190 7598779 189761 1485056364 128596 3949053721 3949053721 0 4560840 51376376 1.859625 160 160 830433 1279468696 892 1222 0.512821 35 190496 195937119 28 156872 163288401 1 7000 32626621 0 0 0
1709288301456824 36 0 8 28 36 57 21 0 21 0 0 0 0 28 28 1 100 100 72 0 0 0 11563395 17123341 0 17091190 7599853 190433 1500416418 129000 5234053652 3949053721 0 4560840 51376376 1.859601 160 160 830433 1279468696 892 1206 0.512821 36 194592 195938557 28 156872 163288401 1 7000 32626621 0 0 0
1709288322042141 36 0 9 27 36 58 22 0 22 0 0 0 0 27 27 0 100 100 73 0 0 0 11563554 18560991 0 18528422 7723099 191199 1519518190 130436 5234053652 5234053652 0 4560840 61260519 2.083754 160 160 830433 1279468696 892 1177 0.513223 36 197496 195950447 27 152776 163286863 1 7000 32626621 0 0 0
1709288328861988 36 0 9 27 36 58 22 0 22 0 0 0 0 27 27 1 100 100 73 0 0 0 11563586 18561048 0 18528422 7723238 193968 1526316384 134389 6263424504 5234053652 0 4560840 61260519 2.083748 198 198 1027661 1583201361 601 1122 0.512998 36 197496 195950447 27 152776 163286863 1 7000 32626621 0 0 0
1709288349762687 37 0 11 26 37 59 22 0 22 0 0 0 0 26 26 0 100 100 74 0 0 0 11563768 18712583 0 18679546 7780247 194824 1547020163 134907 6263424504 6263424504 0 4560840 71078169 2.382552 198 198 1027661 1583201361 601 1072 0.512981 37 204496 195963110 26 148680 163285578 1 7000 32626621 0 0 0
1709288375731297 37 0 11 26 37 59 22 0 22 0 0 0 0 26 26 1 100 100 74 0 0 0 11563952 18712930 0 18679546 7781616 195696 1572888446 135603 7420509417 6263424504 0 4560840 71078169 2.382510 240 240 1245649 1918859623 5616 1300 0.512822 37 204496 195963110 26 148680 163285578 1 7000 32626621 0 0 0
1709288436450362 36 0 11 25 36 60 24 0 24 0 0 0 0 25 25 0 100 100 75 0 0 0 11564381 19494087 0 19459859 7922817 201792 1632766964 139787 7420509417 7420509417 0 4560840 80941205 2.625407 277 277 1449264 -2147483648 1140 1692 0.512821 36 200400 195960239 25 142536 130678171 1 7000 32626621 0 0 0
1709288519210240 35 0 10 25 35 61 26 0 26 0 0 0 0 25 25 1 100 100 75 0 0 0 11565100 19495285 0 19459859 7929096 212413 1715420508 145743 8792939726 7420509417 0 4560840 80941205 2.625244 277 277 1449264 -2147483648 1140 1615 0.512821 35 191352 163322881 25 142536 130678171 1 7000 32614383 0 0 0
1709288550565377 34 0 10 24 34 61 27 0 27 0 0 0 0 24 24 1 100 100 76 0 0 0 11565238 22639300 0 22603489 8007155 213249 1743606616 147039 10039652223 8792939726 0 4560840 90792222 2.658588 277 277 1449264 -2147483648 1140 1570 0.513314 34 187256 163321760 24 138440 130676629 1 7000 32614383 0 0 0
1709288621191436 31 0 8 23 31 61 30 0 30 0 0 0 0 23 23 1 100 100 77 0 0 0 11565788 22848195 0 22811445 8031917 219021 1813984348 151894 11358503696 10039652223 0 4560840 100643316 2.915399 339 339 1773648 -2147483648 4991 1636 0.512821 31 174968 163317624 23 131440 130664088 1 7000 32614383 0 0 0
1709288672744343 28 0 6 22 28 61 33 0 33 0 0 0 0 22 22 1 100 100 78 0 0 0 11566093 25140102 0 25102761 8054938 225336 1863132730 155368 13104616961 11358503696 0 4560840 110518929 2.989921 356 356 1862592 -2147483648 551 1894 0.512841 28 156872 163290620 22 124440 130652083 1 7000 32614383 0 0 0
1709288678538418 28 0 6 22 28 61 33 0 33 0 0 0 0 22 22 0 101 101 79 0 0 0 11567006 25830459 0 25792763 8154189 225962 1868230749 157303 13104616961 13104616961 0 4563175 114709110 3.041568 356 356 1862592 -2147483648 551 1764 0.512167 28 156872 163290620 22 122392 98046831 1 7000 32614383 0 0 0
1709288696002901 27 0 5 22 27 61 34 0 34 0 0 0 0 22 22 1 101 101 79 0 0 0 11567189 25830717 0 25792763 8155461 234924 1885612308 161853 14848439029 13104616961 0 4563175 114709110 3.041532 401 401 2091027 -2147483648 1838 1772 0.512727 27 150728 130683213 22 122392 98046831 1 7000 32614383 0 0 0
1709288868294132 24 0 3 21 24 61 37 0 37 0 0 0 0 21 21 1 101 101 80 0 0 0 11568508 27947676 0 27906944 8233132 259003 2055506612 178549 16788288313 14848439029 0 4563175 124565145 3.116353 433 433 2257892 -2147483648 774 1638 0.512821 24 135536 130665630 21 118296 98010362 1 7000 32614383 0 0 0
1709288924089312 27 0 7 20 27 64 37 0 37 0 0 0 0 20 20 0 101 101 81 0 0 0 11569030 28817554 0 28775800 8521383 261538 2110349351 184436 16788288313 16788288313 0 4563175 134449374 3.282592 433 433 2257892 -2147483648 774 1554 0.512821 27 147824 130672447 20 112152 65395979 1 7000 32614383 0 0 0
1709288966242625 26 0 6 20 26 64 38 0 38 0 0 0 0 20 20 1 101 101 81 0 0 0 11569302 28818154 0 28775800 8523610 266490 2152391956 189183 18717690850 16788288313 0 4563175 134449374 3.282522 474 474 2463408 -2147483648 1545 1554 0.512821 26 140824 130660442 20 112152 65395979 1 7000 32614383 0 0 0
1709289001324205 26 0 6 20 26 65 39 0 39 0 0 0 0 20 20 0 102 102 82 0 0 0 11570514 29425356 0 29382280 8663057 271053 2186809045 195172 18717690850 18717690850 0 4565510 138639303 3.331330 525 525 2728458 -2147483648 2143 1584 0.512817 26 141680 98066189 20 110104 32818721 1 7000 32614383 0 0 0
1709289071710616 27 0 7 20 27 66 39 0 39 0 0 0 0 20 20 0 102 102 82 0 0 0 11570933 29426159 0 29382280 8798284 277353 2257046685 198385 18717690850 18717690850 0 4565510 138639303 3.331230 525 525 2728458 -2147483648 2143 1639 0.512821 27 145776 98102657 20 110104 32818721 1 7000 32614383 0 0 0
1709289092188110 27 0 7 20 27 66 39 0 39 0 0 0 0 20 20 1 102 102 82 0 0 0 11571059 29426390 0 29382280 8799296 277998 2277509275 198976 20591085137 18717690850 0 4565510 138639303 3.331201 525 525 2728458 -2147483648 2143 1665 0.512821 27 145776 98102657 20 110104 32818721 1 7000 32614383 0 0 0
1709289133268230 27 0 8 19 27 66 39 0 39 0 0 0 0 19 19 1 102 102 83 0 0 0 11571214 29517918 0 29473325 8812153 281969 2318392257 202289 22684165208 20591085137 0 4565510 148674785 3.556691 588 588 3031296 -2147483648 17066 2480 0.512927 27 145776 98102657 19 106008 32817361 1 7000 32614383 0 0 0
1709289138905215 27 0 8 19 27 66 39 0 39 0 0 0 0 19 19 0 103 103 84 0 0 0 11571733 30124788 0 30080044 8908082 282158 2323420097 203294 22684165208 22684165208 0 4567845 152864710 3.600765 588 588 3031296 -2147483648 17066 3903 0.511865 27 145776 98102657 19 103960 206750 1 7000 32614383 0 0 0
1709289268672849 23 0 4 19 23 66 43 0 43 0 0 0 0 19 19 1 103 103 84 0 0 0 11572425 30126491 0 30080044 8914534 293996 2453082866 212028 24935937673 22684165208 0 4567845 152864710 3.600558 642 642 3336514 -2147483648 2490 3703 0.512821 23 127344 65481457 19 103960 206750 1 7000 32613727 0 0 0
1709289426075886 21 0 3 18 21 67 46 0 46 0 0 0 0 18 18 0 103 103 85 0 0 0 11573526 32933105 0 32885055 9183406 307904 2607453467 219734 24935937673 24935937673 0 4567845 162908808 3.588638 648 648 3340612 -2147483648 580 3159 0.512821 21 116248 65432448 18 99864 205177 1 7000 32613727 0 0 0
1709289441798155 21 0 3 18 21 68 47 0 47 0 0 0 0 18 18 0 103 103 85 0 0 0 11573665 32933389 0 32885055 9226103 308663 2623128584 221908 24935937673 24935937673 0 4567845 162908808 3.588604 648 648 3340612 -2147483648 580 3031 0.512821 21 117104 32833018 18 99864 205177 1 7000 32613727 0 0 0
1709289566274999 22 0 4 18 22 69 47 0 47 0 0 0 0 18 18 0 103 103 85 0 0 0 11574300 32934694 0 32885055 9367778 318597 2747439573 229768 24935937673 24935937673 0 4567845 162908808 3.588447 648 648 3340612 -2147483648 580 2683 0.512821 22 121200 32834542 18 99864 205177 1 7000 32613727 0 0 0
1709289571434478 23 0 5 18 23 70 47 0 47 0 0 0 0 18 18 0 103 103 85 0 0 0 11574367 32934774 0 32885055 9505353 318897 2752460313 229856 24935937673 24935937673 0 4567845 162908808 3.588436 648 648 3340612 -2147483648 580 2578 0.512821 23 125296 32836059 18 99864 205177 1 7000 32613727 0 0 0
1709289591424937 23 0 5 18 23 71 48 0 48 0 0 0 0 18 18 0 103 103 85 0 0 0 11574504 32935006 0 32885055 9696539 323815 2772252782 230273 24935937673 24935937673 0 4567845 162908808 3.588406 648 648 3340612 -2147483648 580 2385 0.512821 23 127344 65446457 18 99864 205177 1 7000 32613727 0 0 0
1709289622243435 23 0 5 18 23 71 48 0 48 0 0 0 0 18 18 1 103 103 85 0 0 0 11574633 32935287 0 32885055 9697343 324543 2803044951 233071 27256029656 24935937673 0 4567845 162908808 3.588373 648 648 3340612 -2147483648 580 2295 0.512821 23 127344 65446457 18 99864 205177 1 7000 32613727 0 0 0
1709289667572427 24 0 7 17 24 72 48 0 48 0 0 0 0 17 17 0 103 103 86 0 0 0 11574837 33144493 0 33093647 9748338 331514 2848124164 234612 27256029656 27256029656 0 4567845 172941052 3.785515 708 708 3662297 -2147483648 4300 2238 0.512843 24 131440 65448315 17 92864 192586 1 7000 32613727 0 0 0
1709289777973440 22 0 5 17 22 72 50 0 50 0 0 0 0 17 17 1 103 103 86 0 0 0 11575371 33145588 0 33093647 9752162 345075 2958429721 241124 29993906010 27256029656 0 4567845 172941052 3.785377 708 708 3662297 -2147483648 4300 2533 0.512821 22 118296 32822047 17 92864 192586 1 7000 32611971 0 0 0
1709289830014001 23 0 7 16 23 73 50 0 50 0 0 0 0 16 16 0 103 103 87 0 0 0 11575669 35256387 0 35203827 10011378 350346 3008153813 245835 29993906010 29993906010 0 4567845 182836477 3.816247 744 744 3817419 -2147483648 1216 2632 0.512823 23 124440 65429454 16 88768 156121 1 7000 32611971 0 0 0
1709289870162438 21 0 5 16 21 73 52 0 52 0 0 0 0 16 16 1 103 103 87 0 0 0 11575831 35256751 0 35203827 10012883 351289 3048276631 246711 32946993850 29993906010 0 4567845 182836477 3.816204 744 744 3817419 -2147483648 1216 2562 0.512821 21 116248 65426413 16 88768 156121 1 7000 32611971 0 0 0
1709290010939958 18 0 3 15 18 73 55 0 55 0 0 0 0 15 15 1 103 103 88 0 0 0 11576493 35466599 0 35412240 10038001 366707 3188785900 259567 35655205209 32946993850 0 4567845 192919136 4.003526 819 819 4250778 -2147483648 9488 3440 0.512821 18 99008 32799993 15 81768 144554 1 7000 32607407 0 0 0
1709290141663943 17 0 3 14 17 74 57 0 57 0 0 0 0 14 14 0 103 103 89 0 0 0 11577224 35677179 0 35621465 10196593 376618 3319137360 267929 35655205209 35655205209 0 4567845 202902762 4.187110 889 889 4629622 -2147483648 8679 4485 0.512821 17 92864 192589 14 74768 131741 1 7000 36469 0 0 0
1709290155020476 17 0 3 14 17 74 57 0 57 0 0 0 0 14 14 1 103 103 89 0 0 0 11577278 35677312 0 35621465 10196913 376935 3332471770 268302 38787793319 35655205209 0 4567845 202902762 4.187094 889 889 4629622 -2147483648 8679 4695 0.512821 17 92864 192589 14 74768 131741 1 7000 36469 0 0 0
1709290171134080 17 0 4 13 17 74 57 0 57 0 0 0 0 13 13 1 103 103 90 0 0 0 11577406 35885748 0 35829632 10218369 377548 3348366162 269095 41852017369 38787793319 0 4567845 213013552 4.371850 889 889 4629622 -2147483648 8679 5085 0.513943 17 92864 192589 13 67768 119121 1 7000 36469 0 0 0
1709290201451938 17 0 5 12 17 75 58 0 58 0 0 0 0 12 12 0 103 103 91 0 0 0 11577586 35952936 0 35896432 10268251 383189 3378564625 271754 41852017369 41852017369 0 4567845 223086410 4.567760 1059 1059 5489165 -2147483648 30477 7046 0.512943 17 92864 193563 12 63672 115204 1 7000 36469 0 0 0
1709290315326475 18 0 7 11 18 76 58 0 58 0 0 0 0 11 11 0 103 103 92 0 0 0 11578159 36178811 0 36121138 10322480 392525 3492139607 277263 45134655633 45134655633 0 4567845 233166235 4.747388 1150 1150 6029005 -2147483648 12297 9621 0.512821 18 96960 197165 11 56672 102809 1 7000 36469 0 0 0
1709290554026973 12 0 1 11 12 76 64 0 64 0 0 0 0 11 11 1 103 103 92 0 0 0 11579252 36180968 0 36121138 10329823 417159 3730762115 292280 48385796715 45134655633 0 4567845 233166235 4.747065 1150 1150 6029005 -2147483648 12297 10228 0.512821 12 60768 106411 11 56672 102809 1 7000 36469 0 0 0
1709290584521897 13 0 3 10 13 77 64 0 64 0 0 0 0 10 10 0 103 103 93 0 0 0 11579456 36389769 0 36329509 10352405 418281 3761040144 295580 48385796715 48385796715 0 4567845 243247855 4.926814 1150 1150 6029005 -2147483648 12297 10431 0.512951 13 64864 107894 10 49672 89835 1 7000 36469 0 0 0
1709290620691396 12 0 2 10 12 77 65 0 65 0 0 0 0 10 10 1 103 103 93 0 0 0 11579585 36389988 0 36329509 10353146 422252 3797182367 296431 52084100082 48385796715 0 4567845 243247855 4.926779 1244 1244 6595536 -2147483648 12999 10682 0.512823 12 60768 104292 10 49672 89835 1 7000 36469 0 0 0
1709290626527048 12 0 4 8 12 77 65 0 65 0 0 0 0 8 8 0 103 103 95 0 0 0 11579600 38498391 0 39503576 10474491 422382 3799741579 297213 55916032136 55916032136 0 4567845 263372555 5.102598 1244 1244 6595536 -2147483648 12999 10909 0.530728 12 60768 104292 9 42672 76023 1 7000 36469 0 0 0
1709290640587372 12 0 4 8 12 77 65 0 65 0 0 0 0 8 8 1 103 103 95 0 0 0 11579674 39564723 0 39503576 10474698 422736 3813792945 299467 59635411659 55916032136 0 4567845 263372555 4.996205 1287 1287 6899791 -2147483648 1720 10014 0.521700 12 60768 104292 8 38576 74145 1 7000 36469 0 0 0
1709290720800130 13 0 6 7 13 78 65 0 65 0 0 0 0 7 7 0 103 103 96 0 0 0 11580078 39609061 0 39547196 10672370 427537 3893757108 303525 59635411659 59635411659 0 4567845 273429572 5.179204 1449 1449 7768296 -2147483648 49455 11286 0.512821 13 66912 32716263 7 34480 72612 1 7000 32611971 0 0 0
1709291047581898 7 0 0 7 7 78 71 0 71 0 0 0 0 7 7 1 103 103 96 0 0 0 11581551 39611410 0 39547196 10679913 452151 4220396418 321454 62009399484 59635411659 0 4567845 273429572 5.178817 1449 1449 7768296 -2147483648 49455 22803 0.512821 7 34480 72612 7 34480 72612 1 7000 36469 0 0 0
1709291129480930 8 0 2 6 8 79 71 0 71 0 0 0 0 6 6 0 103 103 97 0 0 0 11581928 41307591 0 41242764 10790281 456643 4300556136 325862 62009399484 62009399484 0 4567845 283481103 5.193938 1458 1458 7816547 -2147483648 1282 24196 0.512821 8 38576 76207 6 30384 71070 1 7000 36469 0 0 0
1709291195457126 8 0 2 6 8 79 71 0 71 0 0 0 0 6 6 1 103 103 97 0 0 0 11582262 41308066 0 41242764 10791475 460940 4366485780 343784 66279768876 62009399484 0 4567845 283481103 5.193859 1458 1458 7816547 -2147483648 1282 21963 0.512821 8 38576 76207 6 30384 71070 1 7000 36469 0 0 0
1709291543081814 5 0 0 5 5 79 74 0 74 0 0 0 0 5 5 1 103 103 98 0 0 0 11583713 41520455 0 41452738 10819738 485534 4713829821 363254 68688958866 66279768876 0 4567845 293583517 5.354369 1565 1565 8482939 -2147483648 16963 19159 0.512821 5 23384 56293 5 23384 56293 1 7000 36469 0 0 0
1709291668291807 5 0 2 3 5 79 75 0 74 0 0 1 1 3 3 0 103 103 99 0 0 0 11584196 41607388 0 41538644 10827958 495534 4838928400 371446 68688958866 68688958866 0 4567845 303553324 5.524318 1660 1660 8997878 -2147483648 23736 19414 0.512821 5 23384 56293 4 19288 54933 1 7000 36469 0 0 0
1709291683786101 5 0 1 4 5 80 75 0 74 0 0 1 0 4 4 0 103 104 99 0 0 0 11584853 41607590 0 41538644 10878218 496323 4854369277 371769 68688958866 68688958866 0 4570178 303553324 5.524271 1660 1660 8997878 -2147483648 23736 19631 0.511754 5 23384 58743 4 19288 55141 1 7000 36469 0 0 0
1709292872047503 4 0 0 4 4 80 76 0 75 0 0 1 0 4 4 1 103 104 99 0 0 0 11590212 41615648 0 41538644 10900168 618700 6042324176 465590 74256951755 68688958866 0 4570178 303553324 5.522878 1660 1660 8997878 -2147483648 23736 22345 0.512821 4 19288 55141 4 19288 55141 1 7000 36469 0 0 0
1709293147649122 4 0 1 3 4 80 76 0 75 0 0 1 0 3 3 0 103 104 100 0 0 0 11591548 43968581 0 43889331 15931545 642421 6310506114 487161 74256951755 74256951755 0 4570178 313643773 5.462055 1710 1710 9370242 -2147483648 2269 17911 0.512821 4 19288 55141 3 12288 39650 1 7000 36469 0 0 0
1709294232018882 3 0 0 3 3 80 77 0 76 0 0 1 0 3 3 0 103 104 100 0 0 0 11596236 43975745 0 43889331 15995664 736696 7394603139 559132 74256951755 74256951755 0 4570178 313643773 5.460890 1710 1710 9370242 -2147483648 2269 8177 0.512821 3 12288 39650 3 12288 39650 1 4096 36469 0 0 0
1709294661222836 3 0 0 3 3 81 78 0 77 0 0 1 0 3 3 1 103 104 100 0 0 0 11598132 43978399 0 43889331 16002440 778840 7823707330 587684 77249867557 74256951755 0 4570178 313643773 5.460443 1710 1710 9370242 -2147483648 2269 6192 0.512821 3 12288 39650 3 12288 39650 1 4096 36469 0 0 0
1709296457029130 2 0 0 2 2 81 79 0 78 0 0 1 0 2 2 1 103 104 101 0 0 0 11605515 44069904 0 43970500 16031533 933114 9619003062 709952 84739903480 77249867557 0 4570178 323722232 5.623380 1806 1806 9896291 -2147483648 31042 25633 0.512821 2 8192 38290 2 8192 38290 1 4096 36469 0 0 0
1709307309740795 1 0 0 1 1 81 80 0 79 0 0 1 0 1 1 1 103 104 102 0 0 0 11642770 45442676 0 45289574 16205891 1852977 20468278276 1450095 105132764395 84739903480 0 4570178 333815260 5.653096 1943 1943 10647006 -2147483648 5133 5152 0.512821 1 4096 1821 1 4096 1821 1 4096 1821 0 0 0
1709307309962658 0 0 0 0 0 81 81 1 79 0 0 1 0 0 0 0 103 104 103 0 0 0 11642770 45654800 0 45501612 16228899 1853007 20468278276 1450095 105132764395 105132764395 0 4570178 343893010 5.799904 1943 1943 10647006 -2147483648 5133 5152 0.537179 0 0 0 0 0 0 0 0 0 0 0 0
