# timestamp workers_connected workers_init workers_idle workers_busy workers_able workers_joined workers_removed workers_released workers_idled_out workers_blocked workers_fast_aborted workers_lost tasks_waiting tasks_on_workers tasks_running tasks_with_results tasks_submitted tasks_dispatched tasks_done tasks_failed tasks_cancelled tasks_exhausted_attempts time_send time_receive time_send_good time_receive_good time_status_msgs time_internal time_polling time_application time_execute time_execute_good time_execute_exhaustion bytes_sent bytes_received bandwidth capacity_tasks capacity_cores capacity_memory capacity_disk capacity_instantaneous capacity_weighted manager_load total_cores total_memory total_disk committed_cores committed_memory committed_disk max_cores max_memory max_disk min_cores min_memory min_disk
1709319252826496 0 0 0 0 0 0 0 0 0 0 0 0 64 0 0 0 64 0 0 0 0 0 0 0 0 0 0 0 0 0 0 0 0 0 0 1.000000 10 10 5120 10240 10 10 0.000000 0 0 0 0 0 0 0 0 0 0 0 0
1709319393311979 1 0 0 1 1 1 0 0 0 0 0 0 63 1 0 0 64 0 0 0 0 0 21292 1479 0 0 2342 15064 140431284 22755 0 0 0 133467 0 1.000000 10 10 5120 10240 10 10 0.487179 1 4096 1497 0 0 0 1 4096 1497 0 0 0
1709319399678814 3 0 0 3 3 3 0 0 0 0 0 0 61 3 3 1 67 6 3 0 0 0 87083 22927 0 20866 13320 16616 146693530 24760 12919951 11095028 0 407406 585879 1.000000 506 506 2072576 964436 496 59 0.501044 3 9216 5612 3 9216 5612 1 4096 2315 0 0 0
1709319406454552 3 0 0 3 3 3 0 0 0 0 0 0 61 3 3 1 72 11 8 0 0 0 118582 43345 0 40757 34204 17325 153394797 27038 26251793 23731667 0 419079 1308176 1.000000 125 125 402286 227161 334 106 0.506645 3 9216 5612 3 9216 5612 1 4096 2315 0 0 0
1709319411472322 3 0 0 3 3 3 0 0 0 0 0 0 61 3 3 0 73 12 9 0 0 0 129443 44102 0 41414 34817 17517 158399973 27368 26251793 26251793 0 421414 1432927 1.000000 116 116 341504 210555 73 104 0.508883 3 9216 5612 3 9216 5612 1 4096 2315 0 0 0
1709319417672066 6 0 0 6 6 6 0 0 0 0 0 0 58 6 6 1 74 16 10 0 0 0 309807 133098 0 130014 161958 19196 164176372 28196 29906119 27686088 0 824150 1549055 1.000000 94 94 256683 170464 35 98 0.497090 6 18432 11060 6 18432 11060 1 4096 2315 0 0 0
1709319423178166 8 0 0 8 8 8 0 0 0 0 0 0 56 8 7 0 75 18 11 0 0 0 495464 243213 0 239808 237519 22970 169317442 29070 29906119 29906119 0 1093417 1771245 1.000000 58 58 166298 104719 8 90 0.482460 8 26624 13991 7 22528 12738 1 4096 2315 0 0 0
1709319429330984 8 0 0 8 8 8 0 0 0 0 0 0 56 8 8 1 76 20 12 0 0 0 551307 263388 0 259811 243327 23405 175378291 29463 42128693 33181467 0 1095752 1910494 1.000000 46 46 137030 82754 13 84 0.500278 8 26624 13991 8 26624 13991 1 4096 2315 0 0 0
1709319434928211 9 0 0 9 9 9 0 0 0 0 0 0 55 9 9 1 78 23 14 0 0 0 655453 352897 0 348976 416512 26542 180617709 30208 50494170 46817324 0 1233887 2316846 3.358202 51 51 164133 87331 131 84 0.492394 9 30720 16542 9 30720 16542 1 4096 2551 0 0 0
1709319441375373 9 0 0 9 9 9 0 0 0 0 0 0 55 9 9 0 80 25 16 0 0 0 711571 438606 0 434299 439200 26967 186903850 30947 57300104 57300104 0 1238557 2578899 3.165260 54 54 176948 90814 124 92 0.504828 9 30720 16542 9 30720 16542 1 4096 2551 0 0 0
1709319449127917 9 0 0 9 9 9 0 0 0 0 0 0 55 9 9 1 83 28 19 0 0 0 780082 1098680 0 1093613 606436 27771 193678564 37197 81432917 78567137 0 1245560 3053870 2.182424 42 42 143360 72644 83 87 0.507312 9 30720 16542 9 30720 16542 1 4096 2551 0 0 0
1709319454542059 9 0 0 9 9 9 0 0 0 0 0 0 55 9 9 0 84 29 20 0 0 0 819564 1393989 0 1388737 680929 28066 198756351 37685 81432917 81432917 0 1247895 3213991 1.922333 35 35 120725 62050 6 80 0.509177 9 30720 16542 9 30720 16542 1 4096 2551 0 0 0
1709319496778072 10 0 0 10 10 10 0 0 0 0 0 0 54 10 9 0 84 29 20 0 0 0 1102070 1394502 0 1388737 682793 31947 240700074 38778 81432917 81432917 0 1381362 3213991 1.755395 30 30 104448 54353 7 74 0.487166 10 31744 18039 9 30720 16542 1 4096 2551 0 0 0
1709319518693422 15 0 4 11 15 15 0 0 0 0 0 0 53 11 10 0 84 30 20 0 0 0 1364116 1394899 0 1388737 953738 35886 262075594 40499 81432917 81432917 0 1514829 3213991 1.634552 30 30 104448 54353 7 71 0.486816 15 36864 26276 10 31744 18039 1 4096 2551 0 0 0
1709319523707001 34 0 2 32 34 34 0 0 0 0 0 0 31 32 32 0 92 61 29 0 0 0 3080632 2159576 0 2233427 1782546 39473 263685529 45192 101929522 101929522 0 4469779 4712079 1.671022 20 20 59165 35560 8 51 0.488472 33 91488 122763 33 91488 122763 1 7000 15578 0 0 0
1709319529156997 39 0 0 39 39 39 0 0 0 0 0 0 10 39 39 1 100 90 51 0 0 0 4483529 4061377 0 4049444 2966154 43538 264695045 51086 152980545 151545389 0 5324282 8345948 1.525698 15 15 47966 56733 13 32 0.493496 39 122896 59938246 39 122896 59938246 1 7000 32639220 0 0 0
1709319608254005 41 0 9 32 41 41 0 0 0 0 0 0 0 32 32 0 100 100 68 0 0 0 4633118 5639047 0 5623697 3615293 49769 341419877 59770 193461154 193461154 0 5347630 11185404 1.534937 10 10 31632 5592299 11 28 0.512825 41 130064 92580287 32 95584 32744874 1 7000 32639220 0 0 0
1709319623109534 42 0 10 32 42 42 0 0 0 0 0 0 0 32 32 0 100 100 68 0 0 0 4633232 5639283 0 5623697 3686304 53122 356199095 60129 193461154 193461154 0 5347630 11185404 1.534885 10 10 31632 5592299 11 28 0.512821 42 131088 92581445 32 95584 32744874 1 7000 32639220 0 0 0
1709319628466093 54 0 22 32 54 54 0 0 0 0 0 0 0 32 32 0 100 100 68 0 0 0 4634073 5639953 0 5623697 4345191 56493 360885329 60354 193461154 193461154 0 5347630 11185404 1.534659 10 10 31632 5592299 11 28 0.512821 54 200232 92783978 32 95584 32744874 1 7000 32639220 0 0 0
1709319633607077 56 0 24 32 56 56 0 0 0 0 0 0 0 32 32 0 100 100 68 0 0 0 4634190 5640131 0 5623697 4670447 57644 365687796 71061 193461154 193461154 0 5347630 11185404 1.534615 10 10 31632 5592299 11 28 0.512821 56 207400 125459748 32 95584 32744874 1 7000 32639240 0 0 0
1709319733771006 58 0 26 32 58 58 0 0 0 0 0 0 0 32 32 0 100 100 68 0 0 0 4634969 5641921 0 5623697 4946708 68409 465551415 76503 193461154 193461154 0 5347630 11185404 1.534232 10 10 31632 5592299 11 28 0.512821 58 217640 158072691 32 95584 32744874 1 7000 32639240 0 0 0
1709320288194957 32 0 0 32 32 58 26 0 26 0 0 0 0 32 32 1 100 100 68 0 0 0 4639465 5651343 0 5623697 4985546 138024 1019775104 120403 961635321 193461154 0 5347630 11185404 1.532157 10 10 31632 5592299 11 28 0.512821 32 95584 32744874 32 95584 32744874 1 7000 32639220 0 0 0
1709320314802173 32 0 1 31 32 58 26 0 26 0 0 0 0 31 31 1 100 100 69 0 0 0 4639573 5786873 0 5758733 4992101 138824 1046240071 124272 1876561458 961635321 0 5347630 21004318 2.410330 10 10 31632 5592299 11 28 0.514347 32 95584 32744874 31 94560 32742163 1 7000 32639220 0 0 0
1709320499515193 32 0 2 30 32 58 26 0 26 0 0 0 0 30 30 1 100 100 70 0 0 0 4641280 5808879 0 5777421 5004896 160568 1230864522 143464 2969617923 1876561458 0 5347630 30786315 3.297559 155 155 490281 86683842 41171 6284 0.512821 32 95584 32744874 30 90464 32739848 1 7000 32639220 0 0 0
1709320534486265 32 0 3 29 32 58 26 0 26 0 0 0 0 29 29 1 100 100 71 0 0 0 4641522 5821605 0 5789468 5007448 164691 1265786461 144685 3979252047 2969617923 0 5347630 40660209 4.193440 257 257 812918 143727539 71344 12770 0.513184 32 95584 32744874 29 89440 32738048 1 7000 32639220 0 0 0
1709320556194332 32 0 4 28 32 58 26 0 26 0 0 0 0 28 28 1 100 100 72 0 0 0 4641647 6128788 0 6096114 5035755 165463 1287174972 149848 5100484513 3979252047 0 5347630 50503118 4.945336 257 257 812918 143727539 71344 18482 0.515406 32 95584 32744874 28 88416 32736276 1 7000 32639220 0 0 0
1709320561445949 32 0 4 28 32 58 26 0 26 0 0 0 0 28 28 0 101 101 73 0 0 0 4642340 6368623 0 6335726 5040731 165744 1292183401 151407 5100484513 5100484513 0 5349965 59262042 5.596133 347 347 1097597 194062364 2775 16951 0.512739 32 95584 32744874 28 85344 32736823 1 7000 32639220 0 0 0
1709320566621606 32 0 6 26 32 58 26 0 26 0 0 0 0 26 26 0 101 101 75 0 0 0 4642376 6427636 0 6670465 5052876 165960 1297010613 152118 7185149966 7185149966 0 5349965 79029592 7.269244 457 457 1474189 255575824 4425 15730 0.534758 32 95584 32744874 27 81248 32734210 1 7000 32639220 0 0 0
1709320606451318 31 0 5 26 31 58 27 0 27 0 0 0 0 26 26 1 101 101 75 0 0 0 4642905 6704669 0 6670465 5057355 175637 1336792786 153385 8269829199 7185149966 0 5349965 79029592 7.091438 653 653 2147384 365210267 3394 14983 0.512846 31 94560 32742163 26 80224 32731633 1 7000 32639220 0 0 0
1709320621124888 30 0 5 25 30 58 28 0 28 0 0 0 0 25 25 1 101 101 76 0 0 0 4642999 7008505 0 6974006 5085410 176109 1351143857 155662 9478092825 8269829199 0 5349965 88901311 7.714457 653 653 2147384 365210267 3394 13854 0.514349 30 90464 32739848 25 79200 32729859 1 7000 32639220 0 0 0
1709320632197875 30 0 6 24 30 58 28 0 28 0 0 0 0 24 24 1 101 101 77 0 0 0 4643053 7152710 0 7117954 5100130 176454 1362043233 156183 10591458970 9478092825 0 5349965 98776322 8.418494 743 743 2396767 415545586 3016 12799 0.518360 30 90464 32739848 24 78176 32728003 1 7000 32639220 0 0 0
1709320733305302 30 0 7 23 30 58 28 0 28 0 0 0 0 23 23 1 101 101 78 0 0 0 4644127 9584458 0 9547824 5134464 190713 1460655468 163813 11794369374 10591458970 0 5349965 108612835 7.638384 782 782 2378174 437125121 434 10947 0.512821 30 90464 32739848 23 77152 32726231 1 7000 32639220 0 0 0
1709320832581198 30 0 8 22 30 58 28 0 28 0 0 0 0 22 22 1 101 101 79 0 0 0 4644980 10549195 0 10510818 5165948 206103 1558900942 176236 13096556028 11794369374 0 5349965 118502630 7.773705 820 820 2493738 458366496 1180 9071 0.512821 30 90464 32739848 22 76128 32724773 1 7000 32639220 0 0 0
1709320867766025 28 0 7 21 28 58 30 0 30 0 0 0 0 21 21 1 101 101 80 0 0 0 4645348 11517883 0 11478689 5197285 207675 1593100998 177685 14438444182 13096556028 0 5349965 128383626 7.890643 820 820 2493738 458366496 1180 8303 0.512833 28 85344 32736823 21 75104 32723315 1 7000 32639220 0 0 0
1709320982995354 23 0 2 21 23 58 35 0 35 0 0 0 0 21 21 1 102 102 81 0 0 0 4647113 11689489 0 11648469 5211114 224096 1708088479 188830 15900309457 14438444182 0 5352300 131786878 8.005711 949 949 2826549 530474674 7233 7581 0.512821 23 77152 32726231 21 75104 32722196 1 7000 32639220 0 0 0
1709321055955333 23 0 3 20 23 58 35 0 35 0 0 0 0 20 20 1 102 102 82 0 0 0 4647534 12658891 0 12616925 5240321 239231 1780037357 195640 17544387130 15900309457 0 5352300 141691102 8.102859 992 992 2833638 554297411 1318 6942 0.512831 23 77152 32726231 20 74080 32720738 1 7000 32639220 0 0 0
1709321190317290 21 0 2 19 21 58 37 0 37 0 0 0 0 19 19 1 102 102 83 0 0 0 4648395 14416189 0 14372360 5261150 251588 1912601965 210110 19332452519 17544387130 0 5352300 151530037 7.847780 995 995 2904588 555975460 899 5859 0.512821 21 75104 32722196 19 69984 32718880 1 7000 32639220 0 0 0
1709321420303429 19 0 1 18 19 58 39 0 39 0 0 0 0 18 18 1 102 102 84 0 0 0 4649965 14432792 0 14385987 5271993 275729 2142489715 225141 21226702215 19332452519 0 5352300 161423322 8.334730 1135 1135 3313274 634196839 105522 23955 0.512821 19 69984 32718880 18 65888 32717383 1 7000 32639220 0 0 0
1709321439498639 19 0 2 17 19 58 39 0 39 0 0 0 0 17 17 1 102 102 85 0 0 0 4650050 15131571 0 15084512 5293109 276209 2160958251 230801 23145106616 21226702215 0 5352300 171441159 8.523234 1135 1135 3313274 634196839 105522 31909 0.515646 19 69984 32718880 17 58888 32701805 1 7000 32639220 0 0 0
1709321449277146 19 0 3 16 19 58 39 0 39 0 0 0 0 16 16 1 102 102 86 0 0 0 4650167 16480893 0 16433596 5314851 276693 2169382778 231090 24037933302 23145106616 0 5352300 181419595 8.429277 1211 1211 3606902 677004014 2555 29048 0.513835 19 69984 32718880 16 51888 32688853 1 7000 32639220 0 0 0
1709321482980897 19 0 4 15 19 58 39 0 39 0 0 0 0 15 15 1 102 102 87 0 0 0 4650387 16514618 0 16466694 5319260 281633 2202944378 233361 25995089827 24037933302 0 5352300 191293783 8.860679 1271 1271 3940619 710809292 18692 25963 0.513047 19 69984 32718880 15 50864 32687053 1 7000 32639220 0 0 0
1709321488711905 19 0 4 15 19 58 39 0 39 0 0 0 0 15 15 0 103 103 88 0 0 0 4650963 17215512 0 17167426 5416379 281814 2207971787 234806 25995089827 25995089827 0 5354635 195484402 8.759301 1271 1271 3940619 710809292 18692 25255 0.511701 19 69984 32718880 15 45744 49633 1 7000 32639220 0 0 0
1709321714402941 18 0 3 15 18 58 40 0 40 0 0 0 0 15 15 1 103 103 88 0 0 0 4652395 17217837 0 17167426 5424385 301494 2433600897 249852 28179138045 25995089827 0 5354635 195484402 8.757796 1308 1308 4192007 1602370579 1639 20877 0.512821 18 65888 32717383 15 45744 49633 1 7000 32639220 0 0 0
1709321719487273 18 0 3 15 18 58 40 0 40 0 0 0 0 15 15 0 104 104 89 0 0 0 4652903 17270682 0 17220082 5431208 304603 2438625981 251753 28179138045 28179138045 0 5356970 201029656 8.977803 1424 1424 4390105 1744083785 32142 19660 0.511601 18 65888 32717383 15 51720 63158 1 7000 32639220 0 0 0
1709322280451809 15 0 0 15 15 58 43 0 43 0 0 0 0 15 15 1 104 104 89 0 0 0 4655770 17275799 0 17220082 5446528 346467 2999396784 287357 31010010246 28179138045 0 5356970 201029656 8.974535 1424 1424 4390105 1744083785 32142 24672 0.512821 15 51720 63158 15 51720 63158 1 7000 15578 0 0 0
1709322477882884 15 0 1 14 15 58 43 0 43 0 0 0 0 14 14 1 104 104 90 0 0 0 4657117 18080908 0 18022743 5528118 365933 3195945275 300342 33968338485 31010010246 0 5356970 211073397 9.077485 1509 1509 4562724 1847902030 2954 22201 0.512821 15 51720 63158 14 47624 60607 1 7000 15578 0 0 0
1709323305165827 13 0 0 13 13 58 45 0 45 0 0 0 0 13 13 1 104 104 91 0 0 0 4663044 19082350 0 19014064 5583908 459262 4021971453 370919 37746999594 33968338485 0 5356970 221049175 9.093036 1578 1578 4672426 1932388400 2607 11253 0.512821 13 46600 59147 13 46600 59147 1 7000 15578 0 0 0
1709323314016003 13 0 1 12 13 58 45 0 45 0 0 0 0 12 12 1 104 104 92 0 0 0 4663094 19296224 0 19227646 5605526 462126 4030578678 372601 41538852789 37746999594 0 5356970 231147401 9.413797 1578 1578 4672426 1932388400 2607 10411 0.522496 13 46600 59147 12 39600 47248 1 7000 15578 0 0 0
1709323351866633 13 0 2 11 13 58 45 0 45 0 0 0 0 11 11 1 104 104 93 0 0 0 4663364 20133763 0 20064376 5639735 469534 4067547148 379428 45445031701 41538852789 0 5356970 241267364 9.484941 1859 1859 5504462 -2147483648 4100 10496 0.513434 13 46600 59147 11 38576 45485 1 7000 15578 0 0 0
1709323402743620 13 0 4 9 13 58 46 0 45 0 0 1 1 9 9 0 104 104 94 0 0 0 4664001 20345900 0 20275538 5660695 477954 4118188254 385950 45445031701 45445031701 0 5356970 251142382 9.780800 2029 2029 6007828 -2147483648 15620 10162 0.512832 13 46600 59147 10 34480 43807 1 7000 15578 0 0 0
1709323407787986 12 0 2 10 12 58 46 0 45 0 0 1 0 10 10 0 104 105 94 0 0 0 4665316 20345967 0 20275538 5661656 479082 4123229052 385950 45445031701 45445031701 0 5359305 251142382 9.780349 2029 2029 6007828 -2147483648 15620 10435 0.500321 12 39600 43569 10 31576 29907 1 7000 15097 0 0 0
1709323695887474 10 0 0 10 10 58 48 0 47 0 0 1 0 10 10 1 104 105 94 0 0 0 4666966 20348586 0 20275538 5668845 505133 4411244753 401637 49619825684 45445031701 0 5359305 251142382 9.778680 2029 2029 6007828 -2147483648 15620 11812 0.512821 10 31576 29907 10 31576 29907 1 7000 15097 0 0 0
1709323920753325 10 0 1 9 10 58 48 0 47 0 0 1 0 9 9 1 104 105 95 0 0 0 4668384 20708146 0 20632225 5697214 520873 4635667392 422552 54018808559 49619825684 0 5359305 261261938 10.019882 2197 2197 6773217 -2147483648 9073 11742 0.512821 10 31576 29907 9 24576 14810 1 7000 15097 0 0 0
1709323948220792 10 0 2 8 10 58 48 0 47 0 0 1 0 8 8 0 104 105 96 0 0 0 4668498 21018997 0 20942812 8978938 524776 4659563403 423645 54018808559 54018808559 0 5359305 271325997 10.272223 2393 2393 7377473 -2147483648 12090 11514 0.514695 10 31576 29907 8 23552 13035 1 7000 15097 0 0 0
1709323963327324 10 0 2 8 10 58 48 0 47 0 0 1 0 8 8 0 104 105 96 0 0 0 4668615 21019228 0 20942812 8979492 525283 4674665414 425923 54018808559 54018808559 0 5359305 271325997 10.272083 2393 2393 7377473 -2147483648 12090 11543 0.513061 10 31576 29907 8 23552 13035 1 7000 15097 0 0 0
1709323973567918 10 0 2 8 10 58 48 0 47 0 0 1 0 8 8 0 104 105 96 0 0 0 4668716 21019368 0 20942812 8980652 525717 4684903155 426120 54018808559 54018808559 0 5359305 271325997 10.271987 2393 2393 7377473 -2147483648 12090 11571 0.512851 10 31576 29907 8 23552 13035 1 7000 15097 0 0 0
1709323983787903 10 0 2 8 10 58 48 0 47 0 0 1 0 8 8 0 104 105 96 0 0 0 4668833 21019545 0 20942812 8992886 526227 4695108813 426412 54018808559 54018808559 0 5359305 271325997 10.271869 2393 2393 7377473 -2147483648 12090 11597 0.512825 10 31576 29907 8 23552 13035 1 7000 15097 0 0 0
1709323993992982 10 0 2 8 10 58 48 0 47 0 0 1 0 8 8 0 104 105 96 0 0 0 4668878 21019611 0 20942812 11997188 526423 4702308731 426591 54018808559 54018808559 0 5359305 271325997 10.271825 2393 2393 7377473 -2147483648 12090 11622 0.512822 10 31576 29907 8 23552 13035 1 7000 15097 0 0 0
1709324409383975 8 0 0 8 8 58 50 0 49 0 0 1 0 8 8 1 104 105 96 0 0 0 4671822 21024545 0 20942812 12009846 574053 5117576779 462410 56944485584 54018808559 0 5359305 271325997 10.268676 2393 2393 7377473 -2147483648 12090 11783 0.512821 8 23552 13035 8 23552 13035 1 4096 1800 0 0 0
1709324498628339 8 0 1 7 8 58 50 0 49 0 0 1 0 7 7 1 104 105 97 0 0 0 4672259 21037612 0 20955145 12012129 583156 5206786777 467392 61923683979 56944485584 0 5359305 281376795 10.636104 2573 2573 7618601 -2147483648 81487 18608 0.512821 8 23552 13035 7 22528 11235 1 4096 1800 0 0 0
1709324657636219 8 0 2 6 8 58 50 0 49 0 0 1 0 6 6 1 104 105 98 0 0 0 4672875 22387390 0 22303753 12017423 596481 5364393671 479983 67050941694 61923683979 0 5359305 291362792 10.457261 2655 2655 8027854 -2147483648 3643 21731 0.512821 8 23552 13035 6 18432 9886 1 4096 1800 0 0 0
1709324737937560 7 0 2 5 7 58 51 0 50 0 0 1 0 5 5 1 104 105 99 0 0 0 4673192 22599865 0 22515608 12038300 601680 5444440170 484331 70920880585 67050941694 0 5359305 301417653 10.727265 2861 2861 8650730 -2147483648 20464 19993 0.512822 7 22528 11235 5 14336 8137 1 4096 1770 0 0 0
1709325675018395 4 0 0 4 4 58 54 0 53 0 0 1 0 4 4 1 104 105 100 0 0 0 4676967 23584698 0 23494213 12080826 705161 6380331295 541561 77099112592 70920880585 0 5359305 311510260 10.692589 2913 2913 8452694 -2147483648 3731 11292 0.512821 4 13312 6679 4 13312 6679 1 4096 1770 0 0 0
1709325985286919 4 0 1 3 4 59 55 0 54 0 0 1 0 3 3 0 104 105 101 0 0 0 4678172 23647956 0 23555310 12117830 731122 6690445351 562633 77099112592 77099112592 0 5359305 321566386 11.006822 3195 3195 9070671 -2147483648 86778 30750 0.512821 4 16384 6411 3 12288 5182 1 4096 1770 0 0 0
1709326580168927 3 0 0 3 3 59 56 0 55 0 0 1 0 3 3 0 104 105 101 0 0 0 4680666 23651788 0 23555310 12126911 776309 7285193750 620085 77099112592 77099112592 0 5359305 321566386 11.004364 3195 3195 9070671 -2147483648 86778 54915 0.512821 3 12288 5182 3 12288 5182 1 4096 1770 0 0 0
1709332423622355 3 0 0 3 3 59 56 0 55 0 0 1 0 3 3 1 104 105 101 0 0 0 4700514 23685605 0 23555310 12197830 1234313 13127508170 996609 89993393097 77099112592 0 5359305 321566386 10.983560 3195 3195 9070671 -2147483648 86778 86579 0.512821 3 12288 5182 3 12288 5182 1 4096 1770 0 0 0
1709334019593255 2 0 0 2 2 59 57 0 56 0 0 1 0 2 2 1 104 105 102 0 0 0 4707795 23990484 0 23850017 12278057 1373278 14722821228 1103941 100610187116 89993393097 0 5359305 331673942 11.199973 3679 3679 10675407 -2147483648 32167 45801 0.512821 2 8192 3412 2 8192 3412 1 4096 1734 0 0 0
1709337509687209 1 0 0 1 1 59 58 0 57 0 0 1 0 1 1 1 104 105 103 0 0 0 4722702 24211283 0 24050748 12338490 1662194 18212014602 1313238 118701998210 100610187116 0 5359305 341767060 11.441407 4087 4087 12115537 -2147483648 41458 41621 0.512821 1 4096 1734 1 4096 1734 1 4096 1734 0 0 0
1709337510010172 0 0 0 0 0 59 59 1 57 0 0 1 0 0 0 0 104 105 104 0 0 0 4722702 24521419 0 24360743 12381171 1662230 18212014602 1313238 118701998210 118701998210 0 5359305 351790447 11.646941 4087 4087 12115537 -2147483648 41458 41606 0.537179 0 0 0 0 0 0 0 0 0 0 0 0
