# timestamp workers_connected workers_init workers_idle workers_busy workers_able workers_joined workers_removed workers_released workers_idled_out workers_blocked workers_fast_aborted workers_lost tasks_waiting tasks_on_workers tasks_running tasks_with_results tasks_submitted tasks_dispatched tasks_done tasks_failed tasks_cancelled tasks_exhausted_attempts time_send time_receive time_send_good time_receive_good time_status_msgs time_internal time_polling time_application time_execute time_execute_good time_execute_exhaustion bytes_sent bytes_received bandwidth capacity_tasks capacity_cores capacity_memory capacity_disk capacity_instantaneous capacity_weighted manager_load total_cores total_memory total_disk committed_cores committed_memory committed_disk max_cores max_memory max_disk min_cores min_memory min_disk
1709919870015219 0 0 0 0 0 0 0 0 0 0 0 0 8 0 0 0 8 0 0 0 0 0 0 0 0 0 0 0 0 0 0 0 0 0 0 1.000000 10 10 5120 10240 10 10 0.000000 0 0 0 0 0 0 0 0 0 0 0 0
1709919915059043 0 0 0 0 0 0 0 0 0 0 0 0 8 0 0 0 8 0 0 0 0 0 4458 138 0 0 20315 2120 45014588 7117 0 0 0 0 0 1.000000 10 10 5120 10240 10 10 0.508244 0 0 0 0 0 0 0 0 0 0 0 0
1709919924112628 1 0 0 1 1 1 0 0 0 0 0 0 7 1 1 0 9 2 1 0 0 0 16127 3075 0 2841 21303 2309 54051887 7491 3951160 3951160 0 266934 158201 1.000000 10 10 5120 10240 10 10 0.504510 1 8192 5303 1 8192 5303 1 8192 5303 0 0 0
1709920039748615 2 0 0 2 2 2 0 0 0 0 0 0 6 2 1 0 9 2 1 0 0 0 121460 3413 0 2841 34649 8999 169555098 13779 3951160 3951160 0 400401 158201 1.000000 194 194 1589248 1028782 194 38 0.487179 2 16384 10390 1 8192 5303 1 8192 5303 0 0 0
1709920044975724 6 0 0 6 6 6 0 0 0 0 0 0 2 6 6 1 13 11 5 0 0 0 323248 102926 0 102079 159022 9516 174346787 15270 14990118 13543245 0 1468137 675057 1.000000 56 56 458752 304752 99 55 0.498160 6 49152 41644 6 49152 41644 1 8192 14917 0 0 0
1709920050091393 8 0 0 8 8 8 0 0 0 0 0 0 0 8 8 1 18 18 10 0 0 0 455206 284242 0 283025 300951 9867 178991517 16877 29008068 27108477 0 2402404 1688901 1.000000 33 33 270336 221834 33 50 0.501117 8 65536 61891 8 65536 61891 1 8192 14917 0 0 0
1709920056380285 8 0 0 8 8 8 0 0 0 0 0 0 0 8 8 1 22 22 14 0 0 0 457207 567524 0 565974 372200 12001 184920564 18189 49142994 46889762 0 2936268 2357197 4.926407 25 25 204800 212172 9 52 0.505629 8 65536 61891 8 65536 61891 1 8192 14917 0 0 0
1709920063423038 8 0 0 8 8 8 0 0 0 0 0 0 0 8 8 0 24 24 16 0 0 0 458151 764071 0 762363 416178 12156 191742708 18860 50781310 50781310 0 3203202 2710093 4.614021 31 31 253952 268353 11 68 0.508693 8 65536 61891 8 65536 61891 1 8192 14917 0 0 0
1709920970494754 8 0 0 8 8 8 0 0 0 0 0 0 0 8 8 1 24 24 16 0 0 0 458346 766953 0 762363 422404 58360 1098689733 64370 979278523 50781310 0 3203202 2710093 4.602434 29 29 237568 262382 9 42 0.512821 8 65536 61891 8 65536 61891 1 8192 14917 0 0 0
1709920977187069 8 0 0 8 8 8 0 0 0 0 0 0 0 8 8 0 25 25 17 0 0 0 458826 2362791 0 2358093 444218 58439 1103784944 64889 979278523 979278523 0 3336669 12585475 5.381503 29 29 237568 262382 9 40 0.511601 8 65536 61891 8 65536 61891 1 8192 14917 0 0 0
1709921022866652 8 0 0 8 8 8 0 0 0 0 0 0 0 8 8 1 25 25 17 0 0 0 458835 2362963 0 2358093 444790 61292 1149437449 65900 1956931557 979278523 0 3336669 12585475 5.381158 280 280 2293760 2630008 544 90 0.512818 8 65536 61891 8 65536 61891 1 8192 14917 0 0 0
1709921028212325 8 0 0 8 8 8 0 0 0 0 0 0 0 8 8 0 26 26 18 0 0 0 459227 2612317 0 2607354 467165 61394 1154532789 66176 1956931557 1956931557 0 3470136 22481516 8.057649 280 280 2293760 2630008 544 135 0.511600 8 65536 61891 8 65536 61891 1 8192 14917 0 0 0
1709921267151462 8 0 0 8 8 8 0 0 0 0 0 0 0 8 8 1 26 26 18 0 0 0 459281 2613085 0 2607354 468916 73846 1393441172 80957 3304974520 1956931557 0 3470136 22481516 8.055493 507 507 4153344 4647838 2714 720 0.512821 8 65536 61891 8 65536 61891 1 8192 14917 0 0 0
1709921276794697 8 0 0 8 8 8 0 0 0 0 0 0 0 8 8 0 28 28 20 0 0 0 460432 2636011 0 2630088 480395 74009 1403047771 82199 3309486076 3309486076 0 3737070 32461634 11.148849 850 850 6963200 7619356 57150 3727 0.511007 8 65536 61891 8 65536 61891 1 8192 14917 0 0 0
1709921317071394 8 0 0 8 8 8 0 0 0 0 0 0 0 8 8 1 28 28 20 0 0 0 460439 2636125 0 2630088 480551 77982 1443295221 84922 3603326615 3309486076 0 3737070 32461634 11.148413 842 842 6897664 7393518 107 3375 0.512791 8 65536 61891 8 65536 61891 1 8192 14917 0 0 0
1709921322410104 8 0 0 8 8 8 0 0 0 0 0 0 0 8 8 0 29 29 21 0 0 0 460841 2880270 0 2874156 502872 78095 1448388732 85204 3603326615 3603326615 0 3870537 42255763 13.166120 842 842 6897664 7393518 107 3057 0.511588 8 65536 61891 8 65536 61891 1 8192 14917 0 0 0
1709921903721779 8 0 0 8 8 8 0 0 0 0 0 0 0 8 8 1 29 29 21 0 0 0 460949 2882017 0 2874156 507195 108784 2029620497 118485 5461996908 3603326615 0 3870537 42255763 13.158814 840 840 6881280 7238040 820 2163 0.512821 8 65536 61891 8 65536 61891 1 8192 14917 0 0 0
1709921909178739 8 0 0 8 8 8 0 0 0 0 0 0 0 8 8 1 32 32 24 0 0 0 462283 3036035 0 3027938 532057 108948 2034896246 119649 5467172267 5465897937 0 4270938 52696706 15.529914 1215 1215 9953280 10159989 30 2538 0.509034 8 65536 61891 8 65536 61891 1 8192 14917 0 0 0
1709921914206839 8 0 1 7 8 8 0 0 0 0 0 0 0 7 7 0 35 35 28 0 0 0 463559 3131488 0 3154831 564691 111409 2039767858 120552 5471946703 5471946703 0 4671339 53362745 15.394963 1159 1159 9494528 9334230 24 1971 0.507849 8 65536 61891 8 65536 61891 1 8192 14917 0 0 0
1709921920655959 8 0 0 8 8 8 0 0 0 0 0 0 0 8 8 0 37 37 29 0 0 0 464613 3195431 0 3186771 573057 111560 2046174466 121250 5473280580 5473280580 0 4938271 53493159 15.225105 1125 1125 9216000 8870384 21 1694 0.509341 8 65536 61891 8 65536 61891 1 8192 14917 0 0 0
1709921974551879 8 0 0 8 8 8 0 0 0 0 0 0 0 8 8 1 37 37 29 0 0 0 464626 3195618 0 3186771 573608 115507 2100041188 123923 6475628702 5473280580 0 4938271 53493159 15.224273 1108 1108 9076736 8652449 18 1532 0.512818 8 65536 61891 8 65536 61891 1 8192 14917 0 0 0
1709921984437215 8 0 0 8 8 8 0 0 0 0 0 0 0 8 8 0 40 40 32 0 0 0 466140 3857957 0 3848806 639229 115769 2109216800 125455 6479528241 6479528241 0 5338672 63628790 15.210690 1129 1129 9248768 9334172 10 1332 0.510387 8 65536 61891 8 65536 61891 1 8192 14917 0 0 0
1709922597300296 8 0 0 8 8 8 0 0 0 0 0 0 0 8 8 1 40 40 32 0 0 0 466262 3859918 0 3848806 643772 154281 2721973250 163531 7759401886 6479528241 0 5338672 63628790 15.203366 1091 1091 8937472 9246703 11 767 0.512821 8 65536 61891 8 65536 61891 1 8192 14917 0 0 0
1709922602611359 8 0 0 8 8 8 0 0 0 0 0 0 0 8 8 1 43 43 35 0 0 0 467929 4258492 0 4247096 710252 154496 2726815850 165028 7763979810 7762494019 0 5739073 73790394 16.047070 1200 1200 9830400 9948706 9 800 0.508955 8 65536 61891 8 65536 61891 1 8192 14917 0 0 0
1709922609729067 8 0 0 8 8 8 0 0 0 0 0 0 0 8 8 0 45 45 37 0 0 0 468806 4435325 0 4423765 754575 154656 2733732777 165609 7765716650 7765716650 0 6006007 74050611 15.568087 1131 1131 9265152 9190821 8 689 0.509664 8 65536 61891 8 65536 61891 1 8192 14917 0 0 0
1709922717242359 8 0 0 8 8 8 0 0 0 0 0 0 0 8 8 1 45 45 37 0 0 0 468825 4435677 0 4423765 755433 161904 2841225339 170996 10433541337 7765716650 0 6006007 74050611 15.566910 1099 1099 9003008 8847812 9 593 0.512821 8 65536 61891 8 65536 61891 1 8192 14917 0 0 0
1709922722317189 8 0 0 8 8 8 0 0 0 0 0 0 0 8 8 0 46 46 38 0 0 0 469234 4485686 0 4473693 762176 161999 2846249023 171412 10433541337 10433541337 0 6139474 83945300 17.338632 1099 1099 9003008 8847812 9 537 0.511601 8 65536 61891 8 65536 61891 1 8192 14917 0 0 0
1709922728025072 8 0 0 8 8 8 0 0 0 0 0 0 0 8 8 0 47 47 39 0 0 0 469858 4498922 0 4486824 769065 162125 2851935390 171933 10439211790 10439211790 0 6272941 84116501 17.348743 1460 1460 11960320 11640273 33114 3714 0.511065 8 65536 61891 8 65536 61891 1 8192 14917 0 0 0
1709922980026417 8 0 0 8 8 8 0 0 0 0 0 0 0 8 8 1 47 47 39 0 0 0 469907 4499768 0 4486824 770921 173684 3103900742 184843 13370012649 10439211790 0 6272941 84116501 17.345619 1453 1453 11902976 11476949 146 2908 0.512821 8 65536 61891 8 65536 61891 1 8192 14917 0 0 0
1709922985110073 8 0 0 8 8 8 0 0 0 0 0 0 0 8 8 0 48 48 40 0 0 0 470337 4543358 0 4530331 779220 173769 3108939492 185406 13370012649 13370012649 0 6406408 94208622 19.138374 1453 1453 11902976 11476949 146 2639 0.511601 8 65536 61891 8 65536 61891 1 8192 14917 0 0 0
1709923129864325 8 0 0 8 8 8 0 0 0 0 0 0 0 8 8 1 48 48 40 0 0 0 470362 4543704 0 4530331 780092 184899 3253650114 194660 16441438129 13370012649 0 6406408 94208622 19.136958 1838 1838 15056896 14432712 34037 8464 0.512821 8 65536 61891 8 65536 61891 1 8192 14917 0 0 0
1709923134890678 8 0 0 8 8 8 0 0 0 0 0 0 0 8 8 1 49 49 41 0 0 0 470792 6710128 0 6696688 801962 184976 3256487080 195242 16444185027 16441438129 0 6539875 104291453 14.719143 1838 1838 15056896 14432712 34037 10958 0.511162 8 65536 61891 8 65536 61891 1 8192 14917 0 0 0
1709923143695140 8 0 0 8 8 8 0 0 0 0 0 0 0 8 8 0 51 51 43 0 0 0 471923 6949236 0 6935574 845473 185129 3265028546 195936 16447544957 16447544957 0 6806809 104930774 14.359113 1683 1683 13787136 13781526 13 9522 0.510548 8 65536 61891 8 65536 61891 1 8192 14917 0 0 0
1709923702619691 8 0 0 8 8 8 0 0 0 0 0 0 0 8 8 1 51 51 43 0 0 0 472006 6950500 0 6935574 849050 235536 3823860890 228234 18878371809 16447544957 0 6806809 104930774 14.356508 1643 1643 13459456 13710950 15 5711 0.512821 8 65536 61891 8 65536 61891 1 8192 14917 0 0 0
1709923712327688 8 0 0 8 8 8 0 0 0 0 0 0 0 8 8 0 53 53 45 0 0 0 472996 6979190 0 6964127 870319 239133 3833516926 229178 18882867842 18882867842 0 7073743 114945099 15.615047 1836 1836 15040512 15073316 25 5956 0.511007 8 65536 61891 8 65536 61891 1 8192 14917 0 0 0
1709923720081454 8 0 0 8 8 8 0 0 0 0 0 0 0 8 8 1 55 55 47 0 0 0 474052 6991201 0 6976001 871859 239266 3841244611 231328 18895594254 18891848773 0 7340677 115253489 15.661212 1834 1834 15024128 14941000 344 5128 0.509985 8 65536 61891 8 65536 61891 1 8192 14917 0 0 0
1709923725298992 8 0 0 8 8 8 0 0 0 0 0 0 0 8 8 0 56 56 48 0 0 0 474697 7003406 0 6988128 884940 239344 3846444847 231679 18895594254 18895594254 0 7474144 115387047 15.668354 1833 1833 15015936 14821950 633 4691 0.510353 8 65536 61891 8 65536 61891 1 8192 14917 0 0 0
1709923912245755 8 0 1 7 8 8 1 0 0 0 0 0 1 7 7 0 56 56 48 0 0 0 474723 7003806 0 6988128 886437 253690 4028359913 241422 18895594254 18895594254 0 7474144 115387047 15.667461 1828 1828 14974976 14675527 113 3844 0.512821 8 65536 61891 8 65536 61891 1 8192 14917 0 0 0
1709924059371148 8 0 0 8 8 9 1 0 0 0 0 0 0 8 7 0 56 56 48 0 0 0 1332995 7004127 0 6988128 5937458 262727 4174561461 250914 18895594254 18895594254 0 7607611 115387047 14.069225 1828 1828 14974976 14675527 113 3313 0.487179 8 65536 61891 7 57344 46977 1 8192 14917 0 0 0
1709924169411520 8 0 0 8 8 9 1 0 0 0 0 0 0 8 8 1 56 57 48 0 0 0 1333816 7004380 0 6988128 5938133 274420 4284574359 257260 21149347398 18895594254 0 7607611 115387047 14.067413 1828 1828 14974976 14675527 113 2857 0.512820 8 65536 61891 8 65536 61891 1 8192 14917 0 0 0
1709924178894375 8 0 0 8 8 9 1 0 0 0 0 0 0 8 8 0 59 60 51 0 0 0 1335241 7146275 0 7129796 5975062 274622 4293883637 258589 25269216704 25269216704 0 8008012 135481583 16.134184 2015 2015 16506880 16096478 23 3185 0.510387 8 65536 61891 8 65536 61891 1 8192 14917 0 0 0
1709924724404146 8 0 1 7 8 9 2 0 0 0 0 0 1 7 7 0 59 60 51 0 0 0 1335353 7147891 0 7129796 5979371 307049 4834317849 289617 25269216704 25269216704 0 8008012 135481583 16.130898 2398 2398 19644416 19102958 36095 16394 0.512821 8 65536 61891 8 65536 61891 1 8192 14917 0 0 0
1709924822911263 7 0 0 7 7 9 2 0 0 0 0 0 1 7 7 1 59 60 51 0 0 0 1883813 7148254 0 7129796 10984951 314525 4932241476 294051 26032537716 25269216704 0 8008012 135481583 15.150723 2398 2398 19644416 19102958 36095 19205 0.512821 7 57344 46974 7 57344 46974 1 8192 14914 0 0 0
1709924832906013 7 0 0 7 7 9 2 0 0 0 0 0 1 7 7 0 61 62 53 0 0 0 1942646 8170878 0 8152143 11029294 314734 4941130917 295115 26036162317 26036162317 0 8274944 145808049 14.529554 2247 2247 18407424 18323093 687 19845 0.510943 7 57344 46974 7 57344 46974 1 8192 14914 0 0 0
1709924849506023 7 0 0 7 7 9 2 0 0 0 0 0 1 7 7 1 61 62 53 0 0 0 2014457 8170926 0 8152143 11029323 315153 4957633945 297520 28280919694 26036162317 0 8274944 145808049 14.427046 2197 2197 17997824 18355980 12 18854 0.512457 7 57344 46974 7 57344 46974 1 8192 14914 0 0 0
1709924857336157 7 0 0 7 7 9 2 0 0 0 0 0 1 7 7 0 63 64 55 0 0 0 2091507 9075320 0 9056313 11074010 317567 4964456966 298193 28282580190 28282580190 0 8541878 155961628 14.049001 2224 2224 18219008 18549341 2418 15595 0.511644 7 57344 46974 7 57344 46974 1 8192 14914 0 0 0
1709924862916744 8 0 0 8 8 10 2 0 0 0 0 0 0 8 7 0 63 64 55 0 0 0 2210777 9075359 0 9056313 11118108 317716 4969872952 298463 28282580190 28282580190 0 8675345 155961628 13.911763 2203 2203 18046976 18358184 9 14816 0.487063 8 65536 61891 7 57344 46974 1 8192 14917 0 0 0
1709925027798556 8 0 0 8 8 10 2 0 0 0 0 0 0 8 8 1 63 65 55 0 0 0 2211568 9075978 0 9056313 11119477 325783 5134725754 310293 30587351582 28282580190 0 8675345 155961628 13.910025 2203 2203 18046976 18358184 9 12705 0.512821 8 65536 61891 8 65536 61891 1 8192 14917 0 0 0
1709925032888016 8 0 0 8 8 10 2 0 0 0 0 0 0 8 8 0 64 66 56 0 0 0 2212045 9138255 0 9118472 11126229 328819 5139748480 310983 30587351582 30587351582 0 8808812 165844185 14.674685 2377 2377 19472384 19761796 26670 12229 0.511601 8 65536 61891 8 65536 61891 1 8192 14917 0 0 0
1709925131821419 8 0 0 8 8 10 2 0 0 0 0 0 0 8 8 1 64 66 56 0 0 0 2212073 9138628 0 9118472 11127122 333238 5238666254 314736 31998880148 30587351582 0 8808812 165844185 14.674167 2377 2377 19472384 19761796 26670 13638 0.512821 8 65536 61891 8 65536 61891 1 8192 14917 0 0 0
1709925137431951 8 0 0 8 8 10 2 0 0 0 0 0 0 8 8 1 65 67 57 0 0 0 2212696 9226822 0 9206557 11138373 333381 5244172685 315674 32004215580 31998880148 0 8942279 175677938 15.391169 2377 2377 19472384 19761796 26670 14909 0.511601 8 65536 61891 8 65536 61891 1 8192 14917 0 0 0
1709925146021905 8 0 0 8 8 10 2 0 0 0 0 0 0 8 8 1 67 69 59 0 0 0 2214284 9251220 0 9230618 11166823 333545 5252706969 316405 32012570044 32007773129 0 9209211 175996526 15.404988 2446 2446 20037632 19818740 27 13239 0.510864 8 65536 61891 8 65536 61891 1 8192 14917 0 0 0
1709925153277070 8 0 0 8 8 10 2 0 0 0 0 0 0 8 8 1 69 71 61 0 0 0 2215942 9268275 0 9247482 11191806 336381 5259920372 319707 32019657793 32016112528 0 9476145 176323676 15.429221 2468 2468 20217856 19039714 38 10792 0.509944 8 65536 61891 8 65536 61891 1 8192 14917 0 0 0
1709925158321305 8 0 0 8 8 10 2 0 0 0 0 0 0 8 8 0 70 72 62 0 0 0 2216640 9276076 0 9255153 11192951 336472 5264955448 320021 32019657793 32019657793 0 9609612 176448507 15.439244 2468 2468 20217856 19039714 38 9745 0.510335 8 65536 61891 8 65536 61891 1 8192 14917 0 0 0
1709925327792519 8 0 0 8 8 10 2 0 0 0 0 0 0 8 8 1 70 72 62 0 0 0 2216678 9276688 0 9255153 11194243 346856 5434397485 328066 34367337220 32019657793 0 9609612 176448507 15.438371 2494 2494 20430848 18751114 55 8364 0.512821 8 65536 61891 8 65536 61891 1 8192 14917 0 0 0
1709925334269883 8 0 0 8 8 10 2 0 0 0 0 0 0 8 8 0 72 74 64 0 0 0 2218198 9307259 0 9285468 11210854 349960 5440829703 329491 34368672338 34368672338 0 9876546 186657583 16.262223 2711 2711 22208512 19971384 26 8560 0.511169 8 65536 61891 8 65536 61891 1 8192 14917 0 0 0
1709925431587914 8 0 0 8 8 10 2 0 0 0 0 0 0 8 8 1 72 74 64 0 0 0 2218219 9307618 0 9285468 11211754 353655 5538114847 334991 34947964354 34368672338 0 9876546 186657583 16.261687 2711 2711 22208512 19971384 26 7729 0.512820 8 65536 61891 8 65536 61891 1 8192 14917 0 0 0
1709925438081084 8 0 0 8 8 10 2 0 0 0 0 0 0 8 8 1 75 77 67 0 0 0 2219922 10337920 0 10315459 11278562 353873 5543507598 336414 34953090954 34951597405 0 10276947 196823728 15.727750 2850 2850 23347200 19880670 10 6329 0.509034 8 65536 61891 8 65536 61891 1 8192 14917 0 0 0
1709925443265332 8 0 0 8 8 10 2 0 0 0 0 0 0 8 8 0 76 78 68 0 0 0 2220461 10428013 0 10405440 11300752 353976 5548600571 336742 34953090954 34953090954 0 10410414 196947483 15.634447 2806 2806 22986752 19573740 9 5713 0.509935 8 65536 61891 8 65536 61891 1 8192 14917 0 0 0
1709925871021325 8 0 0 8 8 10 2 0 0 0 0 0 0 8 8 1 76 78 68 0 0 0 2220533 10429475 0 10405440 11304646 382535 5976286459 363831 35494867732 34953090954 0 10410414 196947483 15.632551 2652 2652 21725184 18501110 8 3796 0.512821 8 65536 61891 8 65536 61891 1 8192 14917 0 0 0
1709925876516598 8 0 0 8 8 10 2 0 0 0 0 0 0 8 8 1 80 82 72 0 0 0 2222610 10476565 0 10452174 11337301 384905 5981695510 365764 35500141780 35498872322 0 10944282 207193421 16.381562 2596 2596 21266432 18206013 26 3558 0.508418 8 65536 61891 8 65536 61891 1 8192 14917 0 0 0
1709925884868974 8 0 0 8 8 10 2 0 0 0 0 0 0 8 8 0 83 85 75 0 0 0 2224170 10502482 0 10477823 11361875 385137 5990002526 366779 35503340495 35503340495 0 11344683 207657732 16.410992 2613 2613 21405696 18381869 26 2905 0.509403 8 65536 61891 8 65536 61891 1 8192 14917 0 0 0
1709925916978150 8 0 0 8 8 10 2 0 0 0 0 0 0 8 8 1 83 85 75 0 0 0 2224178 10502595 0 10477823 11362017 385418 6022086307 369871 36592423579 35503340495 0 11344683 207657732 16.410836 2618 2618 21446656 18435956 37 2762 0.512692 8 65536 61891 8 65536 61891 1 8192 14917 0 0 0
1709925922578125 8 0 0 8 8 10 2 0 0 0 0 0 0 8 8 0 84 86 76 0 0 0 2224620 10963953 0 10939090 11383737 385646 6027223733 370164 36592423579 36592423579 0 11478150 217521127 16.559087 2618 2618 21446656 18435956 37 2497 0.511545 8 65536 61891 8 65536 61891 1 8192 14917 0 0 0
1709925948465793 8 0 0 8 8 10 2 0 0 0 0 0 0 8 8 1 84 86 76 0 0 0 2224624 10964063 0 10939090 11384304 389716 6053087287 372272 38366975557 36592423579 0 11478150 217521127 16.558944 2590 2590 21217280 18726388 1764 2427 0.512797 8 65536 61891 8 65536 61891 1 8192 14917 0 0 0
1709925953660032 8 0 0 8 8 10 2 0 0 0 0 0 0 8 8 0 85 87 77 0 0 0 2225036 11008186 0 10983106 11409284 389805 6058228373 372834 38366975557 38366975557 0 11611617 227413224 17.225726 2590 2590 21217280 18726388 1764 2363 0.511591 8 65536 61891 8 65536 61891 1 8192 14917 0 0 0
1709926063324039 8 0 0 8 8 10 2 0 0 0 0 0 0 8 8 1 85 87 77 0 0 0 2225050 11008526 0 10983106 11410024 397020 6167870884 377607 40259512280 38366975557 0 11611617 227413224 17.225265 2711 2711 22208512 19541276 9434 3373 0.512821 8 65536 61891 8 65536 61891 1 8192 14917 0 0 0
1709926069416776 8 0 0 8 8 10 2 0 0 0 0 0 0 8 8 1 89 91 81 0 0 0 2227103 11163966 0 11138181 11443231 397297 6173770924 379372 40265275368 40263979472 0 12145483 237884202 17.806412 2935 2935 24043520 20050423 23 4089 0.509097 8 65536 61891 8 65536 61891 1 8192 14917 0 0 0
1709926074490002 8 0 0 8 8 10 2 0 0 0 0 0 0 8 8 0 90 92 82 0 0 0 2227652 11195759 0 11169889 11451424 397383 6178809029 381856 40265275368 40265275368 0 12278950 238016531 17.782393 2968 2968 24313856 19716909 19 3693 0.509963 8 65536 61891 8 65536 61891 1 8192 14917 0 0 0
1709926532437942 8 0 0 8 8 10 2 0 0 0 0 0 0 8 8 1 90 92 82 0 0 0 2227772 11197358 0 11169889 11454889 425893 6636691505 408884 41644393398 40265275368 0 12278950 238016531 17.780116 2927 2927 23977984 19465805 18 2338 0.512821 8 65536 61891 8 65536 61891 1 8192 14917 0 0 0
1709926540530982 8 0 0 8 8 10 2 0 0 0 0 0 0 8 8 1 92 94 84 0 0 0 2229301 11212104 0 11184420 11462020 426138 6644762227 409999 41652445531 41648666663 0 12545882 248018123 18.487145 3087 3087 25288704 20527983 28576 3436 0.510729 8 65536 61891 8 65536 61891 1 8192 14917 0 0 0
1709926545596381 8 0 0 8 8 10 2 0 0 0 0 0 0 8 8 0 93 95 85 0 0 0 2229895 11213426 0 11185621 11463611 427364 6649823727 410328 41652445531 41652445531 0 12679343 248143907 18.502901 3140 3140 25722880 20878501 328 3134 0.511879 8 65536 61891 8 65536 61891 1 8192 14917 0 0 0
1709927029096451 8 0 0 8 8 10 2 0 0 0 0 0 0 8 8 1 93 95 85 0 0 0 2229979 11215105 0 11185621 11467376 459728 7133248974 439491 43653658711 41652445531 0 12679343 248143907 18.500475 3196 3196 26181632 21248900 271 2078 0.512821 8 65536 61891 8 65536 61891 1 8192 14917 0 0 0
1709927034199151 8 0 0 8 8 10 2 0 0 0 0 0 0 8 8 0 94 96 86 0 0 0 2230527 11271762 0 11242182 11474442 459842 7138293330 440166 43653658711 43653658711 0 12812808 258034102 19.130071 3196 3196 26181632 21248900 271 1903 0.511827 8 65536 61891 8 65536 61891 1 8192 14917 0 0 0
1709927510798592 8 0 0 8 8 10 2 0 0 0 0 0 0 8 8 1 94 96 86 0 0 0 2230588 11272903 0 11242182 11478012 488843 7614809704 466259 45726174639 43653658711 0 12812808 258034102 19.128368 3423 3423 28041216 22740945 25553 10652 0.512821 8 65536 61891 8 65536 61891 1 8192 14917 0 0 0
1709927519135824 8 0 0 8 8 10 2 0 0 0 0 0 0 8 8 0 96 98 88 0 0 0 2231851 12830210 0 12799276 11522920 488993 7621564605 467294 45727883095 45727883095 0 13079742 268227304 17.811328 2945 2945 24125440 19580103 1312 11567 0.510943 8 65536 61891 8 65536 61891 1 8192 14917 0 0 0
1709927606268989 8 0 1 7 8 10 3 0 0 0 0 0 1 7 7 0 96 98 88 0 0 0 2231862 12830418 0 12799276 11523264 493362 7703683379 471182 45727883095 45727883095 0 13079742 268227304 17.811069 2906 2906 23805952 19335398 9 10441 0.512820 8 65536 61891 8 65536 61891 1 8192 14917 0 0 0
1709927754676116 8 0 0 8 8 11 3 0 0 0 0 0 0 8 7 0 96 98 88 0 0 0 3130304 12830911 0 12799276 16573761 504390 7851122510 482989 45727883095 45727883095 0 13213209 268227304 16.815925 2906 2906 23805952 19335398 9 8508 0.487179 8 65536 61891 7 57344 46974 1 8192 14917 0 0 0
1709928238524854 8 0 0 8 8 11 3 0 0 0 0 0 0 8 8 1 96 99 88 0 0 0 3131139 12832859 0 12799276 16578010 536721 8334895967 509685 47425858691 45727883095 0 13213209 268227304 16.812993 2906 2906 23805952 19335398 9 5370 0.512821 8 65536 61891 8 65536 61891 1 8192 14917 0 0 0
1709928246441837 8 0 0 8 8 11 3 0 0 0 0 0 0 8 8 1 98 101 90 0 0 0 3132199 12850262 0 12816505 16602536 536861 8342769009 510590 47433579572 47430086550 0 13480143 278185598 17.403711 2815 2815 23060480 18687407 41968 6704 0.510594 8 65536 61891 8 65536 61891 1 8192 14917 0 0 0
1709928251584147 8 0 0 8 8 11 3 0 0 0 0 0 0 8 8 0 99 102 91 0 0 0 3132766 12858119 0 12824269 16611403 536952 8347902251 510864 47433579572 47433579572 0 13613610 278314217 17.410173 3108 3108 25460736 20022878 29 6054 0.510621 8 65536 61891 8 65536 61891 1 8192 14917 0 0 0
1709928293571630 8 0 0 8 8 11 3 0 0 0 0 0 0 8 8 1 99 102 91 0 0 0 3132775 12858299 0 12824269 16611688 539847 8389877036 511854 49657657920 47433579572 0 13613610 278314217 17.409967 3169 3169 25960448 19794286 110 5475 0.512794 8 65536 61891 8 65536 61891 1 8192 14917 0 0 0
1709928759740600 7 0 0 7 7 11 4 0 1 0 0 0 0 7 7 1 100 103 93 0 0 0 3133339 12960438 0 12924542 16632231 571195 8855862480 539926 52538913754 49659044714 0 13747077 288537111 17.912555 3195 3195 26173440 19380349 24 3716 0.512821 7 57344 56202 7 57344 56202 1 8192 14917 0 0 0
1709928900525500 7 0 1 6 7 11 4 0 1 0 0 0 0 6 6 1 100 103 94 0 0 0 3133370 12980958 0 12944483 16641420 579062 8996604861 545928 54410263058 52538913754 0 13747077 298629095 18.486972 3537 3537 28975104 21508281 45077 7425 0.512821 7 57344 56202 6 49152 50159 1 8192 14917 0 0 0
1709928970541090 8 0 3 5 8 12 4 0 1 0 0 0 0 5 5 0 100 103 95 0 0 0 3133388 13029169 0 12992351 16801364 582681 9066409842 551155 54410263058 54410263058 0 13747077 308495514 19.013977 3712 3712 30408704 22556082 26629 11874 0.512822 8 65536 63681 5 40960 45072 1 8192 14917 0 0 0
1709929313500781 5 0 0 5 5 12 7 0 4 0 0 0 0 5 5 1 100 103 95 0 0 0 3133452 13030364 0 12992351 16804324 600770 9409316080 567395 57775087694 54410263058 0 13747077 308495514 19.012496 3712 3712 30408704 22556082 26629 16327 0.512821 5 40960 45072 5 40960 45072 1 8192 14917 0 0 0
1709929363193361 6 0 2 4 6 13 7 0 4 0 0 0 0 4 4 0 100 103 96 0 0 0 3133461 13080841 0 13042568 16842974 605324 9458925710 570538 57775087694 57775087694 0 13747077 318496957 19.541551 3976 3976 32571392 24103648 15588 17246 0.512841 6 49152 51115 4 32768 40467 1 8192 14917 0 0 0
1709929413993544 7 0 3 4 7 14 7 0 4 0 0 0 0 4 4 0 100 103 96 0 0 0 3133471 13081010 0 13042568 16990897 608111 9509573908 571422 57775087694 57775087694 0 13747077 318496957 19.541335 3976 3976 32571392 24103648 15588 17086 0.512821 7 57344 58594 4 32768 40467 1 8192 14917 0 0 0
1709929589065074 7 0 4 3 7 14 8 0 4 0 0 0 1 3 3 0 100 103 96 0 0 0 3133508 13081586 0 13042568 16992904 616659 9679621523 578859 57775087694 57775087694 0 13747077 318496957 19.540596 3976 3976 32571392 24103648 15588 16874 0.512821 7 57344 58594 4 32768 40467 1 8192 14917 0 0 0
1709929739377349 5 0 1 4 5 15 10 0 6 0 0 0 0 4 4 0 100 104 96 0 0 0 3134055 13082105 0 13042568 22042788 625506 9829871212 586066 57775087694 57775087694 0 13880544 318496957 19.547161 3976 3976 32571392 24103648 15588 16636 0.512821 5 40960 45072 4 32768 30158 1 8192 14917 0 0 0
1709929864554833 6 0 2 4 6 16 10 0 6 0 0 0 0 4 4 0 100 104 96 0 0 0 3134085 13082517 0 13042568 22190525 631571 9954886652 593324 57775087694 57775087694 0 13880544 318496957 19.546628 3976 3976 32571392 24103648 15588 16488 0.512821 6 49152 52551 4 32768 30158 1 8192 14917 0 0 0
1709930432454005 4 0 0 4 4 16 12 0 8 0 0 0 0 4 4 1 100 104 96 0 0 0 3134168 13084064 0 13042568 22195429 19056414 10504231049 693129 60452646840 57775087694 0 13880544 318496957 19.544663 3976 3976 32571392 24103648 15588 16131 0.512821 4 32768 30158 4 32768 30158 1 8192 14917 0 0 0
1709930553012138 5 0 2 3 5 17 12 0 8 0 0 0 0 3 3 0 100 104 97 0 0 0 3134185 14015934 0 13974173 22357014 19063798 10623701354 701843 60452646840 60452646840 0 13880544 328568937 19.042741 3813 3813 31236096 23863622 2326 14739 0.512821 5 40960 35181 3 24576 15241 1 8192 14917 0 0 0
1709931230069438 3 0 0 3 3 17 14 0 10 0 0 0 0 3 3 1 100 104 97 0 0 0 3136106 14018442 0 13974173 22364413 19108883 11300629828 738804 64168427434 60452646840 0 13880544 328568937 19.037825 3813 3813 31236096 23863622 2326 9038 0.512821 3 24576 15241 3 24576 15241 1 8192 5333 0 0 0
1709931330065306 4 0 2 2 4 18 14 0 10 0 0 0 0 2 2 0 100 104 98 0 0 0 3136618 14439049 0 14394138 22542471 19119112 11400027968 745802 64168427434 64168427434 0 13880544 338691989 19.130959 3806 3806 31178752 23792161 6990 8250 0.512821 4 32768 19454 2 16384 9908 1 8192 5333 0 0 0
1709931455890499 5 0 3 2 5 19 14 0 10 0 0 0 0 2 2 0 100 104 98 0 0 0 3137190 14439966 0 14394138 22556802 19135412 11525808097 754538 64168427434 64168427434 0 13880544 338691989 19.129339 3806 3806 31178752 23792161 6990 8072 0.512821 5 40960 23818 2 16384 9908 1 8192 5333 0 0 0
1709932611132142 2 0 0 2 2 19 17 0 13 0 0 0 0 2 2 0 100 104 98 0 0 0 3141964 14445276 0 14394138 22583913 19230395 12680816095 824960 64168427434 64168427434 0 13880544 338691989 19.118370 3806 3806 31178752 23792161 6990 7384 0.512821 2 16384 9908 2 16384 9908 1 8192 5303 0 0 0
1709932621006499 4 0 2 2 4 21 17 0 13 0 0 0 0 2 2 0 100 104 98 0 0 0 3142082 14445373 0 14394138 22658006 19233544 12690611802 825174 64168427434 64168427434 0 13880544 338691989 19.118137 3806 3806 31178752 23792161 6990 7347 0.512821 4 32768 568040 2 16384 9908 1 8192 553204 0 0 0
1709932671982366 5 0 3 2 5 22 17 0 13 0 0 0 0 2 2 0 100 104 98 0 0 0 3142330 14445638 0 14394138 22795973 19234612 12741443260 828077 64168427434 64168427434 0 13880544 338691989 19.117579 3806 3806 31178752 23792161 6990 7330 0.512821 5 40960 573063 2 16384 9908 1 8192 553204 0 0 0
1709932721643859 6 0 4 2 6 23 17 0 13 0 0 0 0 2 2 0 100 104 98 0 0 0 3142544 14445863 0 14394138 22937667 19238137 12790952795 832779 64168427434 64168427434 0 13880544 338691989 19.117102 3806 3806 31178752 23792161 6990 7297 0.512821 6 49152 577957 2 16384 9908 1 8192 553204 0 0 0
1709932861058758 7 0 5 2 7 24 17 0 13 0 0 0 0 2 2 0 100 104 98 0 0 0 3143190 14446539 0 14394138 23080478 19252977 12930197476 839472 64168427434 64168427434 0 13880544 338691989 19.115665 3806 3806 31178752 23792161 6990 7242 0.512821 7 57344 582927 2 16384 9908 1 8192 553204 0 0 0
1709933249210005 2 0 0 2 2 24 22 0 18 0 0 0 0 2 2 1 100 104 98 0 0 0 3144709 14448297 0 14394138 23087438 19282910 13318266958 861823 69171057569 64168427434 0 13880544 338691989 19.112105 3806 3806 31178752 23792161 6990 7169 0.512821 2 16384 9908 2 16384 9908 1 8192 5303 0 0 0
1709933704070075 4 0 3 1 4 27 23 0 19 0 0 0 0 1 1 0 100 104 99 0 0 0 3146538 14466238 0 14410145 23273002 19317086 13772860058 886215 69171057569 69171057569 0 13880544 348748703 19.635190 4210 4210 34488320 26284491 32560 15707 0.512821 4 32768 24236 1 8192 4605 1 8192 8979 0 0 0
1709933714580077 5 0 4 1 5 28 23 0 19 0 0 0 0 1 1 0 100 104 99 0 0 0 3146606 14466293 0 14410145 23284860 19317384 13783357018 886384 69171057569 69171057569 0 13880544 348748703 19.635053 4210 4210 34488320 26284491 32560 16550 0.512821 5 40960 29737 1 8192 4605 1 8192 8979 0 0 0
1709933734594685 6 0 5 1 6 29 23 0 19 0 0 0 0 1 1 0 100 104 99 0 0 0 3146704 14466418 0 14410145 23566116 19317831 13803088604 886745 69171057569 69171057569 0 13880544 348748703 19.634804 4210 4210 34488320 26284491 32560 17351 0.512821 6 49152 34311 1 8192 4605 1 8192 8979 0 0 0
1709934439768074 2 0 1 1 2 31 29 0 25 0 0 0 0 1 1 0 100 104 99 0 0 0 3149457 14469140 0 14410145 23630182 19368171 14508085553 925706 69171057569 69171057569 0 13880544 348748703 19.628703 4210 4210 34488320 26284491 32560 24758 0.512821 2 16384 9931 1 8192 4605 1 8192 5326 0 0 0
1709934449524061 5 0 4 1 5 34 29 0 25 0 0 0 0 1 1 0 100 104 99 0 0 0 3149613 14469261 0 14410145 23793348 19368877 14517675988 925884 69171057569 69171057569 0 13880544 348748703 19.628394 4210 4210 34488320 26284491 32560 25149 0.512821 5 40960 29562 1 8192 4605 1 8192 8979 0 0 0
1709934725023066 8 0 7 1 8 37 29 0 25 0 0 0 0 1 1 0 100 104 99 0 0 0 3150777 14470361 0 14410145 23972141 19387014 14792952449 941636 69171057569 69171057569 0 13880544 348748703 19.625872 4210 4210 34488320 26284491 32560 27114 0.512821 8 65536 44987 1 8192 4605 1 8192 8979 0 0 0
1709935509274451 1 0 0 1 1 37 36 0 32 0 0 0 0 1 1 1 100 104 99 0 0 0 3153502 14473117 0 14410145 23981109 19447527 15577059243 987077 75091246548 69171057569 0 13880544 348748703 19.619769 4210 4210 34488320 26284491 32560 29908 0.512821 1 8192 4605 1 8192 4605 1 8192 4605 0 0 0
1709935509319870 0 0 0 0 0 37 37 1 32 0 0 0 0 0 0 0 100 104 100 0 0 0 3153502 14514899 0 14451858 23987056 19447556 15577059243 987077 75091246548 75091246548 0 13880544 358865836 20.119458 4210 4210 34488320 26284491 32560 30167 0.537179 0 0 0 0 0 0 0 0 0 0 0 0
