# timestamp workers_connected workers_init workers_idle workers_busy workers_able workers_joined workers_removed workers_released workers_idled_out workers_blocked workers_fast_aborted workers_lost tasks_waiting tasks_on_workers tasks_running tasks_with_results tasks_submitted tasks_dispatched tasks_done tasks_failed tasks_cancelled tasks_exhausted_attempts time_send time_receive time_send_good time_receive_good time_status_msgs time_internal time_polling time_application time_execute time_execute_good time_execute_exhaustion bytes_sent bytes_received bandwidth capacity_tasks capacity_cores capacity_memory capacity_disk capacity_instantaneous capacity_weighted manager_load total_cores total_memory total_disk committed_cores committed_memory committed_disk max_cores max_memory max_disk min_cores min_memory min_disk
1709833035313362 0 0 0 0 0 0 0 0 0 0 0 0 4 0 0 0 4 0 0 0 0 0 0 0 0 0 0 0 0 0 0 0 0 0 0 1.000000 10 10 5120 10240 10 10 0.000000 0 0 0 0 0 0 0 0 0 0 0 0
1709833190445587 0 0 0 0 0 0 0 0 0 0 0 0 4 0 0 0 4 0 0 0 0 0 17567 401 0 0 145922 8265 154951690 12672 0 0 0 0 0 1.000000 10 10 5120 10240 10 10 0.512820 0 0 0 0 0 0 0 0 0 0 0 0
1709833196395187 4 0 0 4 4 4 0 0 0 0 0 0 0 4 3 0 6 5 2 0 0 0 101928 308561 0 307970 555484 8645 160021722 13804 4404003 4404003 0 800802 268183 1.000000 10 10 81920 48800 4 10 0.483298 4 32768 21919 3 24576 14643 1 8192 7276 0 0 0
1709833279805353 4 0 0 4 4 4 0 0 0 0 0 0 0 4 4 1 6 6 2 0 0 0 177820 308786 0 307970 555735 14718 243339840 17070 86994525 4404003 0 800802 268183 1.000000 10 10 81920 47990 26 13 0.512816 4 32768 21919 4 32768 21919 1 8192 7276 0 0 0
1709833285162994 4 0 0 4 4 4 0 0 0 0 0 0 0 4 4 0 7 7 3 0 0 0 178291 607385 0 606499 645695 14790 248389428 17991 86994525 86994525 0 934269 422798 1.000000 10 10 81920 47990 26 15 0.511599 4 32768 21919 4 32768 21919 1 8192 7276 0 0 0
1709833291929094 4 0 0 4 4 4 0 0 0 0 0 0 0 4 4 0 8 8 4 0 0 0 178692 909543 0 908573 728696 14876 254767741 20019 92445084 92445084 0 1067736 583159 1.446761 46 46 376832 258735 69 21 0.511064 4 32768 21919 4 32768 21919 1 8192 7276 0 0 0
1709833301841364 4 0 0 4 4 4 0 0 0 0 0 0 0 4 4 1 8 8 4 0 0 0 178693 909566 0 908573 728722 14945 264601571 20216 107289667 92445084 0 1067736 583159 1.446729 34 34 278528 205275 7 21 0.512123 4 32768 21919 4 32768 21919 1 8192 7276 0 0 0
1709833307860371 4 0 0 4 4 4 0 0 0 0 0 0 0 4 4 1 9 9 5 0 0 0 179071 1283389 0 1282333 811714 15032 270161942 20544 112068398 107289667 0 1201203 919939 1.383203 34 34 278528 205275 7 21 0.511129 4 32768 21919 4 32768 21919 1 8192 7276 0 0 0
1709833313474523 4 0 0 4 4 4 0 0 0 0 0 0 0 4 4 1 10 10 6 0 0 0 179559 1584507 0 1583365 896831 15148 275385790 20976 116857644 112068398 0 1334670 1092169 1.311977 29 29 237568 182271 16 21 0.511645 4 32768 21919 4 32768 21919 1 8192 7276 0 0 0
1709833963303301 4 0 0 4 4 4 0 0 0 0 0 0 0 4 4 1 11 11 7 0 0 0 180036 1889623 0 1886700 989656 47759 924820833 58680 885962897 116857644 0 1468137 1256363 1.255417 21 21 172032 137934 6 21 0.512821 4 32768 21919 4 32768 21919 1 8192 7276 0 0 0
1709833970739962 4 0 0 4 4 4 0 0 0 0 0 0 0 4 4 0 13 13 9 0 0 0 180863 2170699 0 2167649 1001423 47880 931968136 59944 888059287 888059287 0 1735067 11279056 5.277868 146 146 1196032 925202 2082 125 0.510871 4 32768 21919 4 32768 21919 1 8192 7276 0 0 0
1709835058508656 4 0 0 4 4 4 0 0 0 0 0 0 0 4 4 1 13 13 9 0 0 0 180996 2173175 0 2167649 1006017 99426 2019549748 117818 2754685560 888059287 0 1735067 11279056 5.272019 145 145 1187840 892782 37 75 0.512821 4 32768 21919 4 32768 21919 1 8192 7276 0 0 0
1709835063688636 4 0 0 4 4 4 0 0 0 0 0 0 0 4 4 1 14 14 10 0 0 0 181481 3237153 0 3231522 1074786 99497 2023595884 118470 2758455175 2754685560 0 1868534 21173745 6.427956 145 145 1187840 892782 37 73 0.511324 4 32768 21919 4 32768 21919 1 8192 7276 0 0 0
1709835069310109 4 0 0 4 4 4 0 0 0 0 0 0 0 4 4 0 15 15 11 0 0 0 182032 3578536 0 3572825 1143379 99611 2028874663 118897 2758455175 2758455175 0 2002001 21379693 5.929562 365 365 2990080 2206754 1325 196 0.510943 4 32768 21919 4 32768 21919 1 8192 7276 0 0 0
1709836397090416 4 0 0 4 4 4 0 0 0 0 0 0 0 4 4 1 15 15 11 0 0 0 182215 3582268 0 3572825 1149844 172485 3356492100 189814 5189804298 2758455175 0 2002001 21379693 5.923395 335 335 2744320 1994895 6 68 0.512821 4 32768 21919 4 32768 21919 1 8192 7276 0 0 0
1709836403322314 4 0 0 4 4 4 0 0 0 0 0 0 0 4 4 1 18 18 14 0 0 0 183685 3751879 0 3742202 1183749 172680 3362515195 192583 5195599975 5193454753 0 2402402 31676877 8.258164 604 604 4947968 3481828 11 836 0.509403 4 32768 21919 4 32768 21919 1 8192 7276 0 0 0
1709836408377113 4 0 0 4 4 4 0 0 0 0 0 0 0 4 4 0 19 19 15 0 0 0 184285 3776914 0 3767146 1190515 172764 3367543720 192931 5195599975 5195599975 0 2535867 31874920 8.284533 599 599 4907008 3408225 22 758 0.510097 4 32768 21919 4 32768 21919 1 8192 7276 0 0 0
1709836559823585 4 0 0 4 4 4 0 0 0 0 0 0 0 4 4 1 19 19 15 0 0 0 184304 3777321 0 3767146 1191155 180314 3518905582 200064 6691050361 5195599975 0 2535867 31874920 8.283642 595 595 4874240 3346915 33 656 0.512821 4 32768 21919 4 32768 21919 1 8192 7276 0 0 0
1709836570699628 4 0 1 3 4 4 0 0 0 0 0 0 0 3 3 0 19 19 16 0 0 0 184304 3777321 0 14643045 1259682 180314 3518905582 200064 6691050361 6691050361 0 2535867 41770961 10.665897 595 595 4874240 3346915 33 625 0.512821 4 32768 21919 4 32768 21919 1 8192 7276 0 0 0
1709836575979165 4 0 0 4 4 4 0 0 0 0 0 0 0 4 4 0 20 20 16 0 0 0 184735 14653354 0 14643045 1259812 180419 3524183554 200836 6691050361 6691050361 0 2669334 41770961 2.856269 595 595 4874240 3346915 33 568 0.512284 4 32768 21919 4 32768 21919 1 8192 7276 0 0 0
1709836611893348 4 0 0 4 4 4 0 0 0 0 0 0 0 4 4 1 20 20 16 0 0 0 184737 14653436 0 14643045 1259888 182579 3560011692 203427 9988504060 6691050361 0 2669334 41770961 2.856252 336 336 2752512 1877841 134 527 0.512806 4 32768 21919 4 32768 21919 1 8192 7276 0 0 0
1709836616917337 4 0 1 3 4 4 0 0 0 0 0 0 0 3 3 0 21 21 18 0 0 0 185052 15424896 0 15716439 1433848 182625 3563868654 203664 9991761518 9991761518 0 2802801 52043779 3.350797 336 336 2752512 1877841 134 490 0.511316 4 32768 21919 4 32768 21919 1 8192 7276 0 0 0
1709836621923240 4 0 0 4 4 4 0 0 0 0 0 0 0 4 3 0 22 22 18 0 0 0 185393 15726986 0 15716439 1433858 182680 3568873825 203887 9991761518 9991761518 0 2936268 52043779 3.295111 467 467 3825664 2656324 2302 668 0.510736 4 32768 21919 4 32768 21919 1 8192 7276 0 0 0
1709836641299351 4 0 0 4 4 4 0 0 0 0 0 0 0 4 4 1 22 22 18 0 0 0 185396 15727036 0 15716439 1433921 184756 3588167147 204291 10015451971 9991761518 0 2936268 52043779 3.295100 447 447 3661824 2581997 4 604 0.512553 4 32768 21919 4 32768 21919 1 8192 7276 0 0 0
1709836646616273 4 0 0 4 4 4 0 0 0 0 0 0 0 4 3 0 23 23 19 0 0 0 185738 16028013 0 16017351 1523889 184833 3593172333 204711 10015451971 10015451971 0 3069735 52201980 3.251019 447 447 3661824 2581997 4 546 0.511339 4 32768 21919 4 32768 21919 1 8192 7276 0 0 0
1709836657514304 4 0 0 4 4 4 0 0 0 0 0 0 0 4 4 1 23 23 19 0 0 0 185739 16028043 0 16017351 1523961 184921 3603988870 205926 10030665328 10015451971 0 3069735 52201980 3.251013 429 429 3514368 2511886 24 520 0.512289 4 32768 21919 4 32768 21919 1 8192 7276 0 0 0
1709836662813349 4 0 0 4 4 4 0 0 0 0 0 0 0 4 4 0 24 24 20 0 0 0 186226 16331232 0 16320464 1615984 184991 3608971796 206250 10030665328 10030665328 0 3203202 52317230 3.205603 429 429 3514368 2511886 24 473 0.511211 4 32768 21919 4 32768 21919 1 8192 7276 0 0 0
1709837353005134 4 0 0 4 4 4 0 0 0 0 0 0 0 4 4 1 24 24 20 0 0 0 186326 16333088 0 16320464 1618746 220693 4299003946 244994 10725183013 10030665328 0 3203202 52317230 3.205223 412 412 3375104 2441615 16 268 0.512821 4 32768 21919 4 32768 21919 1 8192 7276 0 0 0
1709837360532164 4 0 0 4 4 4 0 0 0 0 0 0 0 4 4 0 26 26 22 0 0 0 187305 17259160 0 17246351 1788842 222758 4305507946 247728 10726650060 10726650060 0 3470136 62220596 3.590846 405 405 3317760 2449827 3 245 0.510573 4 32768 21919 4 32768 21919 1 8192 7276 0 0 0
1709837436497176 4 0 0 4 4 4 0 0 0 0 0 0 0 4 4 1 26 26 22 0 0 0 187313 17259374 0 17246351 1789180 225722 4381397718 250751 14969737347 10726650060 0 3470136 62220596 3.590800 405 405 3317760 2449827 3 222 0.512820 4 32768 21919 4 32768 21919 1 8192 7276 0 0 0
1709837442197869 4 0 1 3 4 4 0 0 0 0 0 0 0 3 3 0 26 26 23 0 0 0 187313 17259374 0 22946900 1857722 225722 4381397718 250751 14969737347 14969737347 0 3470136 72303427 4.141950 405 405 3317760 2449827 3 212 0.512820 4 32768 21919 4 32768 21919 1 8192 7276 0 0 0
1709837449200001 4 0 0 4 4 4 0 0 0 0 0 0 0 4 4 0 28 28 24 0 0 0 188260 23233867 0 23220602 1926167 225906 4388049114 257958 14971839094 14971839094 0 3737070 72474628 3.103097 460 460 3768320 2759140 703 219 0.510661 4 32768 21919 4 32768 21919 1 8192 7276 0 0 0
1709838055594906 4 0 0 4 4 4 0 0 0 0 0 0 0 4 4 1 28 28 24 0 0 0 188336 23235353 0 23220602 1928604 261436 4994292208 292446 16456382683 14971839094 0 3737070 72474628 3.102890 452 452 3702784 2690097 4 131 0.512821 4 32768 21919 4 32768 21919 1 8192 7276 0 0 0
1709838064648084 4 0 0 4 4 4 0 0 0 0 0 0 0 4 4 0 29 29 25 0 0 0 188972 27004026 0 26989168 2005372 261572 4999572552 295594 16456382683 16456382683 0 3870537 82350010 3.023805 452 452 3702784 2690097 4 119 0.511601 4 32768 21919 4 32768 21919 1 8192 7276 0 0 0
1709838507558580 4 0 0 4 4 4 0 0 0 0 0 0 0 4 4 1 29 29 25 0 0 0 189042 27005101 0 26989168 2007265 288409 5442400600 318794 18560540448 16456382683 0 3870537 82350010 3.023678 442 442 3620864 2614554 361 212 0.512821 4 32768 21919 4 32768 21919 1 8192 7276 0 0 0
1709838513811722 4 0 0 4 4 4 0 0 0 0 0 0 0 4 4 1 31 31 27 0 0 0 189994 27163929 0 27147838 2063684 288534 5448458835 319774 18566413242 18563197753 0 4137471 92653017 3.374529 496 496 4063232 2911139 10568 745 0.510427 4 32768 21919 4 32768 21919 1 8192 7276 0 0 0
1709838518925138 4 0 0 4 4 4 0 0 0 0 0 0 0 4 4 0 32 32 28 0 0 0 190561 27214267 0 27198101 2069903 288634 5453520634 320119 18566413242 18566413242 0 4270938 93019756 3.385668 493 493 4038656 2872511 14 675 0.510548 4 32768 21919 4 32768 21919 1 8192 7276 0 0 0
1709839211407419 4 0 0 4 4 4 0 0 0 0 0 0 0 4 4 1 32 32 28 0 0 0 190661 27216137 0 27198101 2072986 328804 6145848740 359062 20332555356 18566413242 0 4270938 93019756 3.385424 492 492 4030464 2847204 35 385 0.512821 4 32768 21919 4 32768 21919 1 8192 7276 0 0 0
1709839217924497 4 0 1 3 4 4 0 0 0 0 0 0 0 3 3 0 32 32 29 0 0 0 190661 27216137 0 33714982 2141578 328804 6145848740 359062 20332555356 20332555356 0 4270938 102902313 3.729307 492 492 4030464 2847204 35 368 0.512821 4 32768 21919 4 32768 21919 1 8192 7276 0 0 0
1709839223959448 4 0 0 4 4 4 0 0 0 0 0 0 0 4 4 1 34 34 30 0 0 0 191520 34009092 0 33990827 2210373 332592 6151464789 360053 20337616947 20335509647 0 4537872 103049104 3.000032 456 456 3735552 2624611 258 331 0.510725 4 32768 21919 4 32768 21919 1 8192 7276 0 0 0
1709839230505634 4 0 0 4 4 4 0 0 0 0 0 0 0 4 4 1 36 36 32 0 0 0 192632 34555733 0 34537312 2347598 332733 6157324884 360873 20342922208 20339534638 0 4804806 103341045 2.968080 444 444 3637248 2530457 4 286 0.509579 4 32768 21919 4 32768 21919 1 8192 7276 0 0 0
1709839767571083 4 0 0 4 4 4 0 0 0 0 0 0 0 4 4 1 37 37 33 0 0 0 193320 34830851 0 34810869 2418430 361349 6693972459 391926 22753888913 20342922208 0 4938273 103527408 2.953416 432 432 3538944 2440617 6 169 0.512821 4 32768 21919 4 32768 21919 1 8192 7276 0 0 0
1709839776920121 4 0 0 4 4 4 0 0 0 0 0 0 0 4 4 1 39 39 35 0 0 0 194430 35900024 0 35879867 2588415 361515 6702080138 393075 22760882368 22756987646 0 5205207 113668222 3.140830 469 469 3842048 2672087 1685 231 0.510740 4 32768 21919 4 32768 21919 1 8192 7276 0 0 0
1709839784987074 4 0 0 4 4 4 0 0 0 0 0 0 0 4 4 1 41 41 37 0 0 0 195546 36498037 0 36477521 2757234 361688 6709380032 393858 22767125787 22763306112 0 5472141 113928439 3.103247 452 452 3702784 2614871 5 200 0.510053 4 32768 21919 4 32768 21919 1 8192 7276 0 0 0
1709839793303019 4 0 0 4 4 4 0 0 0 0 0 0 0 4 4 1 43 43 39 0 0 0 196585 37172487 0 37151769 2922896 361809 6716851974 394666 22773529318 22768991543 0 5739075 114338957 3.064442 436 436 3571712 2556521 4 174 0.509678 4 32768 21919 4 32768 21919 1 8192 7276 0 0 0
1709839799641105 4 0 0 4 4 4 0 0 0 0 0 0 0 4 4 1 45 45 41 0 0 0 197610 37772327 0 37751463 3089778 361950 6722421229 395427 22778036783 22775935053 0 6006009 114667833 3.030912 421 421 3448832 2498299 5 151 0.509042 4 32768 21919 4 32768 21919 1 8192 7276 0 0 0
1709840109224980 4 0 0 4 4 4 0 0 0 0 0 0 0 4 4 1 46 46 42 0 0 0 198209 38073746 0 38051908 3176105 378505 7031582610 413339 23086662414 22778036783 0 6139476 114848456 3.014821 407 407 3334144 2441225 3 109 0.512821 4 32768 21919 4 32768 21919 1 8192 7276 0 0 0
1709840114393854 4 0 0 4 4 4 0 0 0 0 0 0 0 4 4 1 47 47 43 0 0 0 198544 38843874 0 38821965 3260116 378580 7035895763 413848 23090481149 23086662414 0 6272941 124642585 3.197824 407 407 3334144 2441225 3 99 0.511324 4 32768 21919 4 32768 21919 1 8192 7276 0 0 0
1709840119947977 4 0 0 4 4 4 0 0 0 0 0 0 0 4 4 0 48 48 44 0 0 0 199019 39142125 0 39120105 3344930 380672 7041142730 414117 23090481149 23090481149 0 6406408 124772999 3.179939 397 397 3252224 2404305 5 106 0.510943 4 32768 21919 4 32768 21919 1 8192 7276 0 0 0
1709840864296902 4 0 0 4 4 4 0 0 0 0 0 0 0 4 4 1 48 48 44 0 0 0 199126 39144241 0 39120105 3348040 423144 7785393827 455863 25440851494 23090481149 0 6406408 124772999 3.179759 397 397 3252224 2404305 5 61 0.512821 4 32768 21919 4 32768 21919 1 8192 7276 0 0 0
1709840871458419 4 0 0 4 4 4 0 0 0 0 0 0 0 4 4 0 50 50 46 0 0 0 200185 39260110 0 39235730 3364626 423272 7792426967 457293 25442768050 25442768050 0 6673342 134903528 3.421622 436 436 3571712 2627530 15154 812 0.510792 4 32768 21919 4 32768 21919 1 8192 7276 0 0 0
1709841347387196 4 0 0 4 4 4 0 0 0 0 0 0 0 4 4 1 50 50 46 0 0 0 200248 39262248 0 39235730 3367578 449124 8268210257 492447 26674811528 25442768050 0 6673342 134903528 3.421431 435 435 3563520 2609130 24 524 0.512821 4 32768 21919 4 32768 21919 1 8192 7276 0 0 0
1709841357061757 4 0 1 3 4 4 0 0 0 0 0 0 0 3 3 0 50 50 47 0 0 0 200248 39262248 0 48904359 3451422 449124 8268210257 492447 26674811528 26674811528 0 6673342 144782184 3.660165 435 435 3563520 2609130 24 499 0.512821 4 32768 21919 4 32768 21919 1 8192 7276 0 0 0
1709841362973097 4 0 0 4 4 4 0 0 0 0 0 0 0 4 4 0 51 51 47 0 0 0 200862 48931107 0 48904359 3451469 449230 8274119643 493419 26674811528 26674811528 0 6806809 144782184 2.942413 435 435 3563520 2609130 24 454 0.511601 4 32768 21919 4 32768 21919 1 8192 7276 0 0 0
1709841368566038 4 0 0 4 4 4 0 0 0 0 0 0 0 4 4 0 52 52 48 0 0 0 201495 49240104 0 49213215 3546494 449335 8279307043 493991 26680686452 26680686452 0 6940274 144905939 2.928947 388 388 3178496 2337775 120 423 0.510875 4 32768 21919 4 32768 21919 1 8192 7276 0 0 0
1709842039491818 4 0 0 4 4 4 0 0 0 0 0 0 0 4 4 1 52 52 48 0 0 0 201591 49243173 0 49213215 3551223 490851 8950123307 541307 27853714544 26680686452 0 6940274 144905939 2.928760 383 383 3137536 2317629 7 225 0.512821 4 32768 21919 4 32768 21919 1 8192 7276 0 0 0
1709842049400648 4 0 0 4 4 4 0 0 0 0 0 0 0 4 4 0 56 56 52 0 0 0 204016 49394704 0 49364194 3634286 491162 8959803463 543526 27858172762 27858172762 0 7474142 155202729 3.127918 401 401 3284992 2414315 29 475 0.509900 4 32768 21919 4 32768 21919 1 8192 7276 0 0 0
1709842459917574 4 0 0 4 4 4 0 0 0 0 0 0 0 4 4 1 56 56 52 0 0 0 204090 49396596 0 49364194 3636903 517984 9370189870 572746 32258378817 27858172762 0 7474142 155202729 3.127795 407 407 3334144 2429192 14 323 0.512821 4 32768 21919 4 32768 21919 1 8192 7276 0 0 0
1709842465118701 4 0 1 3 4 4 0 0 0 0 0 0 0 3 3 0 57 57 54 0 0 0 204658 50420801 0 50661647 3774342 518076 9374022678 573801 32261938285 32261938285 0 7607609 165474416 3.260492 407 407 3334144 2429192 14 294 0.511324 4 32768 21919 4 32768 21919 1 8192 7276 0 0 0
1709842471641220 4 0 0 4 4 4 0 0 0 0 0 0 0 4 4 1 59 59 55 0 0 0 205846 50968100 0 50935105 3843208 518287 9380131769 574733 32267496726 32264680439 0 7874543 165607457 3.232999 470 470 3850240 2762411 6 552 0.510489 4 32768 21919 4 32768 21919 1 8192 7276 0 0 0
1709842478491024 4 0 0 4 4 4 0 0 0 0 0 0 0 4 4 1 61 61 57 0 0 0 207326 51514795 0 51481505 3980451 518490 9386294876 575724 32273107932 32270333353 0 8141477 165856139 3.208242 475 475 3891200 2748544 5 475 0.509333 4 32768 21919 4 32768 21919 1 8192 7276 0 0 0
1709842487464345 4 0 0 4 4 4 0 0 0 0 0 0 0 4 4 1 62 62 58 0 0 0 207897 51788054 0 51754607 4049225 518682 9394912126 578414 33395830522 32273107932 0 8274944 165980970 3.196083 462 462 3784704 2676404 5 430 0.510796 4 32768 21919 4 32768 21919 1 8192 7276 0 0 0
1709842492854437 4 0 0 4 4 4 0 0 0 0 0 0 0 4 4 1 63 63 59 0 0 0 208327 54283518 0 54249946 4134187 518755 9397720753 578818 33398100467 33395830522 0 8408411 175844365 3.224650 458 458 3751936 2656288 5 389 0.509950 4 32768 21919 4 32768 21919 1 8192 7276 0 0 0
1709842498408065 4 0 0 4 4 4 0 0 0 0 0 0 0 4 4 0 64 64 60 0 0 0 208932 54587199 0 54553508 4218189 518957 9402964552 579251 33398100467 33398100467 0 8541878 176027831 3.212259 435 435 3563520 2542700 334 385 0.510338 4 32768 21919 4 32768 21919 1 8192 7276 0 0 0
1709843110324958 4 0 0 4 4 4 0 0 0 0 0 0 0 4 4 1 64 64 60 0 0 0 209031 54589835 0 54553508 4222126 556569 10014714392 623166 34014688372 33398100467 0 8541878 176027831 3.212099 433 433 3547136 2550724 3 224 0.512821 4 32768 21919 4 32768 21919 1 8192 7276 0 0 0
1709843116877983 4 0 0 4 4 4 0 0 0 0 0 0 0 4 3 0 65 65 61 0 0 0 209606 56130648 0 56094183 4305198 556649 10019718685 624339 34014688372 34014688372 0 8675345 185894038 3.293486 433 433 3547136 2550724 3 203 0.511470 4 32768 21919 4 32768 21919 1 8192 7276 0 0 0
1709843606786271 4 0 0 4 4 4 0 0 0 0 0 0 0 4 4 1 65 65 61 0 0 0 209694 56132682 0 56094183 4308117 589418 10509484363 659228 35142365498 34014688372 0 8675345 185894038 3.293362 397 397 3252224 2359380 291 242 0.512821 4 32768 21919 4 32768 21919 1 8192 7276 0 0 0
1709843612034483 4 0 0 4 4 4 0 0 0 0 0 0 0 4 4 0 66 66 62 0 0 0 210262 57090227 0 57051534 4376855 589527 10513772956 660313 35142365498 35142365498 0 8808806 195736184 3.404322 397 397 3252224 2359380 291 248 0.511470 4 32768 21919 4 32768 21919 1 8192 7276 0 0 0
1709843798829378 4 0 0 4 4 4 0 0 0 0 0 0 0 4 4 1 66 66 62 0 0 0 210295 57091078 0 57051534 4378128 601026 10700472612 672813 39710068475 35142365498 0 8808806 195736184 3.404269 406 406 3325952 2415576 867 364 0.512821 4 32768 21919 4 32768 21919 1 8192 7276 0 0 0
1709843806111724 4 0 0 4 4 4 0 0 0 0 0 0 0 4 4 1 68 68 64 0 0 0 211787 58255724 0 58215905 4515368 601218 10706448923 674701 39715471109 39712868779 0 9075740 205941722 3.507189 461 461 3776512 2744333 3696 579 0.510169 4 32768 21919 4 32768 21919 1 8192 7276 0 0 0
1709843811665041 4 0 0 4 4 4 0 0 0 0 0 0 0 4 4 0 69 69 65 0 0 0 212447 58529378 0 58489397 4584558 601297 10711727164 675138 39715471109 39715471109 0 9209207 206060672 3.494909 457 457 3743744 2722032 5 524 0.510434 4 32768 21919 4 32768 21919 1 8192 7276 0 0 0
1709843821421070 4 0 0 4 4 4 0 0 0 0 0 0 0 4 4 0 70 70 66 0 0 0 213027 59718010 0 59677909 4670592 601469 10720206892 675806 40418009060 40418009060 0 9342674 215894425 3.584167 509 509 4169728 3030046 5 475 0.510829 4 32768 21919 4 32768 21919 1 8192 7276 0 0 0
1709844166844318 4 0 0 4 4 4 0 0 0 0 0 0 0 4 4 1 70 70 66 0 0 0 213083 59719719 0 59677909 4673040 624577 11065548593 700072 42540429294 40418009060 0 9342674 215894425 3.584061 466 466 3817472 2774070 392 453 0.512821 4 32768 21919 4 32768 21919 1 8192 7276 0 0 0
1709844172725287 4 0 0 4 4 4 0 0 0 0 0 0 0 4 4 1 72 72 68 0 0 0 214205 59861275 0 59819213 4741427 624718 11071219381 701717 42545917215 42544261402 0 9609608 226377732 3.746205 505 505 4136960 2979872 11921 1022 0.509990 4 32768 21919 4 32768 21919 1 8192 7276 0 0 0
1709844177817048 4 0 0 4 4 4 0 0 0 0 0 0 0 4 4 0 73 73 69 0 0 0 214804 59884874 0 59842704 4789425 624901 11076264396 702120 42545917215 42545917215 0 9743075 226515126 3.748995 511 511 4186112 2988600 21 925 0.510355 4 32768 21919 4 32768 21919 1 8192 7276 0 0 0
1709844845346651 4 0 0 4 4 4 0 0 0 0 0 0 0 4 4 1 73 73 69 0 0 0 214896 59888035 0 59842704 4793924 668713 11743686906 747690 43218443337 42545917215 0 9743075 226515126 3.748792 518 518 4243456 3002498 13 510 0.512821 4 32768 21919 4 32768 21919 1 8192 7276 0 0 0
1709844850603709 4 0 0 4 4 4 0 0 0 0 0 0 0 4 4 0 74 74 70 0 0 0 215460 59993400 0 59947920 4801805 668833 11748836609 748645 43218443337 43218443337 0 9876542 236366375 3.900349 518 518 4243456 3002498 13 463 0.511601 4 32768 21919 4 32768 21919 1 8192 7276 0 0 0
1709845033582380 4 0 0 4 4 4 0 0 0 0 0 0 0 4 4 1 74 74 70 0 0 0 215505 59994087 0 59947920 4803000 679668 11931720186 761830 44643927385 43218443337 0 9876542 236366375 3.900301 528 528 4325376 3032897 4346 1186 0.512821 4 32768 21919 4 32768 21919 1 8192 7276 0 0 0
1709845039825212 4 0 0 4 4 4 0 0 0 0 0 0 0 4 4 0 75 75 71 0 0 0 216169 60950780 0 60904400 4871688 683101 11936999225 764552 44643927385 44643927385 0 10010009 246173007 3.994235 546 546 4472832 3111432 1089 1475 0.511601 4 32768 21919 4 32768 21919 1 8192 7276 0 0 0
1709845686532128 4 0 0 4 4 4 0 0 0 0 0 0 0 4 4 1 75 75 71 0 0 0 216302 60953188 0 60904400 4875119 721445 12583556962 799215 46523730558 44643927385 0 10010009 246173007 3.994069 546 546 4472832 3111432 1089 1313 0.512821 4 32768 21919 4 32768 21919 1 8192 7276 0 0 0
1709845691560503 4 0 1 3 4 4 0 0 0 0 0 0 0 3 3 0 76 76 73 0 0 0 216768 61841611 0 62067100 5012111 721524 12587352257 800329 46527246956 46527246956 0 10143474 256266508 4.094022 546 546 4472832 3111432 1089 1292 0.511324 4 32768 21919 4 32768 21919 1 8192 7276 0 0 0
1709845699498586 4 0 0 4 4 4 0 0 0 0 0 0 0 4 4 1 78 78 74 0 0 0 217879 62389549 0 62340348 5080648 724038 12594873733 802806 46534220152 46531101945 0 10410408 256448447 4.064956 559 559 4579328 3183631 7 1189 0.510078 4 32768 21919 4 32768 21919 1 8192 7276 0 0 0
1709845706440667 4 0 0 4 4 4 0 0 0 0 0 0 0 4 4 1 80 80 76 0 0 0 218912 62939230 0 62889827 5218892 724223 12601125950 803455 46539918456 46536948675 0 10677342 256710567 4.037500 516 516 4227072 2940442 6 1021 0.509186 4 32768 21919 4 32768 21919 1 8192 7276 0 0 0
1709845715402418 4 0 0 4 4 4 0 0 0 0 0 0 0 4 4 0 82 82 78 0 0 0 220059 63485997 0 63436353 5356454 724500 12609469622 804145 46542621721 46542621721 0 10944276 256990848 4.010966 507 507 4153344 2892508 5 878 0.511541 4 32768 21919 4 32768 21919 1 8192 7276 0 0 0
1709845889873499 4 0 0 4 4 4 0 0 0 0 0 0 0 4 4 1 82 82 78 0 0 0 220090 63486680 0 63436353 5357402 736238 12783906378 816628 47586889866 46542621721 0 10944276 256990848 4.010921 535 535 4382720 3052252 5 718 0.512821 4 32768 21919 4 32768 21919 1 8192 7276 0 0 0
1709845898378727 4 0 0 4 4 4 0 0 0 0 0 0 0 4 4 0 85 85 81 0 0 0 221683 63637414 0 63586765 5434374 736475 12792188473 817979 47590054510 47590054510 0 11344675 267171943 4.159378 567 567 4644864 3231067 18 805 0.510256 4 32768 21919 4 32768 21919 1 8192 7276 0 0 0
1709846093229291 4 0 0 4 4 4 0 0 0 0 0 0 0 4 4 1 85 85 81 0 0 0 221708 63638170 0 63586765 5435511 748699 12986932424 829671 49866478469 47590054510 0 11344675 267171943 4.159327 573 573 4694016 3263364 13 660 0.512821 4 32768 21919 4 32768 21919 1 8192 7276 0 0 0
1709846099896654 4 0 0 4 4 4 0 0 0 0 0 0 0 4 4 0 86 86 82 0 0 0 222347 64679507 0 64627881 5525549 748815 12992546906 830487 49866478469 49866478469 0 11478142 277187877 4.241687 573 573 4694016 3263364 13 598 0.511601 4 32768 21919 4 32768 21919 1 8192 7276 0 0 0
1709846109306402 4 0 0 4 4 4 0 0 0 0 0 0 0 4 4 1 86 86 82 0 0 0 222348 64679540 0 64627881 5525582 748907 13001876846 830762 49880867325 49866478469 0 11478142 277187877 4.241685 607 607 4972544 3486683 1379 638 0.512336 4 32768 21919 4 32768 21919 1 8192 7276 0 0 0
1709846119086249 4 0 0 4 4 4 0 0 0 0 0 0 0 4 4 1 87 87 83 0 0 0 222766 64979260 0 64927475 5610578 751121 13011269032 831231 49889660225 49880867325 0 11611609 277343889 4.226394 564 564 4620288 3239686 16 678 0.511768 4 32768 21919 4 32768 21919 1 8192 7276 0 0 0
1709846124373278 4 0 0 4 4 4 0 0 0 0 0 0 0 4 4 0 88 88 84 0 0 0 223194 65281225 0 65229357 5695606 751223 13016247184 831583 49889660225 49889660225 0 11745076 277530199 4.211539 564 564 4620288 3239686 16 614 0.510956 4 32768 21919 4 32768 21919 1 8192 7276 0 0 0
1709846129422090 4 0 1 3 4 4 0 0 0 0 0 0 0 3 3 0 88 88 85 0 0 0 223194 65281242 0 65529188 5783601 751280 13020906596 832905 49898755152 49898755152 0 11745076 277657871 4.213396 563 563 4612096 3233941 9 584 0.511584 4 32768 21919 4 32768 21919 1 8192 7276 0 0 0
1709846134981725 4 0 0 4 4 4 0 0 0 0 0 0 0 4 4 0 89 89 85 0 0 0 223887 65581372 0 65529188 5783657 751386 13026464650 833336 49898755152 49898755152 0 11878543 277657871 4.196070 563 563 4612096 3233941 9 529 0.511057 4 32768 21919 4 32768 21919 1 8192 7276 0 0 0
1709846436734851 4 0 0 4 4 4 0 0 0 0 0 0 0 4 4 1 89 89 85 0 0 0 223927 65582378 0 65529188 5785180 767108 13328110529 852847 51300605310 49898755152 0 11878543 277657871 4.196003 564 564 4620288 3239686 10 394 0.512821 4 32768 21919 4 32768 21919 1 8192 7276 0 0 0
1709846444537237 4 0 0 4 4 4 0 0 0 0 0 0 0 4 4 1 91 91 87 0 0 0 225169 66813375 0 66759994 5922681 767351 13334541956 854033 51306472585 51303727870 0 12145477 287697666 4.265497 588 588 4816896 3350772 1079 394 0.510266 4 32768 21919 4 32768 21919 1 8192 7276 0 0 0
1709848130415495 4 0 0 4 4 4 0 0 0 0 0 0 0 4 4 1 92 92 88 0 0 0 226124 67093104 0 67033248 6000667 876563 15019846424 955328 52991725587 51306472585 0 12278942 287829995 4.251478 596 596 4882432 3342089 5 96 0.512821 4 32768 21919 4 32768 21919 1 8192 7276 0 0 0
1709848136864207 4 0 0 4 4 4 0 0 0 0 0 0 0 4 4 1 94 94 90 0 0 0 227291 68322211 0 68262099 6137909 876783 15024926018 956744 52996252648 52994015023 0 12545876 297821981 4.317899 626 626 5128192 3481812 1290 149 0.510169 4 32768 21919 4 32768 21919 1 8192 7276 0 0 0
1709848142419126 4 0 0 4 4 4 0 0 0 0 0 0 0 4 4 0 95 95 91 0 0 0 228007 68596107 0 68535786 6206516 876890 15030205548 957137 52996252648 52996252648 0 12679343 297937926 4.304127 630 630 5160960 3475376 4 136 0.510434 4 32768 21919 4 32768 21919 1 8192 7276 0 0 0
1709848741530646 4 0 0 4 4 4 0 0 0 0 0 0 0 4 4 1 95 95 91 0 0 0 228145 68598580 0 68535786 6210001 915862 15629151365 995645 55607723607 52996252648 0 12679343 297937926 4.303963 634 634 5193728 3468576 4 83 0.512821 4 32768 21919 4 32768 21919 1 8192 7276 0 0 0
1709848747046092 4 0 0 4 4 4 0 0 0 0 0 0 0 4 4 0 96 96 92 0 0 0 228660 69527425 0 69464519 6297174 915996 15633729471 996396 55607723607 55607723607 0 12812810 308010982 4.386161 634 634 5193728 3468576 4 77 0.511470 4 32768 21919 4 32768 21919 1 8192 7276 0 0 0
1709849651172499 4 0 0 4 4 4 0 0 0 0 0 0 0 4 4 1 96 96 92 0 0 0 228837 69531102 0 69464519 6301927 973953 16537707723 1047629 59365494177 55607723607 0 12812810 308010982 4.385919 680 680 5570560 3720239 1661 971 0.512821 4 32768 21919 4 32768 21919 1 8192 7276 0 0 0
1709849657971384 4 0 0 4 4 4 0 0 0 0 0 0 0 4 4 0 98 98 94 0 0 0 230118 69659093 0 69592284 6353352 974098 16544352208 1049008 59367012831 59367012831 0 13079744 318268254 4.521414 769 769 6299648 4167007 20858 2030 0.510792 4 32768 21919 4 32768 21919 1 8192 7276 0 0 0
1709850050864367 4 0 0 4 4 4 0 0 0 0 0 0 0 4 4 1 98 98 94 0 0 0 230184 69660669 0 69592284 6355517 1000482 16937123879 1070604 63707494700 59367012831 0 13079744 318268254 4.521308 721 721 5906432 3906908 22 1358 0.512821 4 32768 21919 4 32768 21919 1 8192 7276 0 0 0
1709850057035175 4 0 0 4 4 4 0 0 0 0 0 0 0 4 4 1 100 100 96 0 0 0 231330 70823470 0 70754854 6492849 1000590 16941992375 1071594 63711814002 63709995900 0 13346676 328529492 4.588550 794 794 6504448 4305101 3521 1344 0.509882 4 32768 21919 4 32768 21919 1 8192 7276 0 0 0
1709850317457008 4 0 1 3 4 4 0 0 0 0 0 0 0 3 3 0 100 100 97 0 0 0 231379 71100513 0 71030917 6563073 1014624 17202106046 1086160 63711814002 63711814002 0 13346676 328655276 4.572407 969 969 7938048 5159194 3 992 0.512821 4 32768 21919 3 24576 17039 1 8192 7276 0 0 0
1709850577355265 4 0 1 3 4 5 1 0 1 0 0 0 0 3 3 0 100 100 97 0 0 0 231425 71101544 0 71030917 6609259 1029402 17461924613 1103039 63711814002 63711814002 0 13346676 328655276 4.572338 969 969 7938048 5159194 3 732 0.512821 4 32768 22365 3 24576 17039 1 8192 7276 0 0 0
1709850930738192 3 0 0 3 3 5 2 0 2 0 0 0 0 3 3 1 100 100 97 0 0 0 231482 71102794 0 71030917 6611375 1052214 17815184997 1119161 65899429903 63711814002 0 13346676 328655276 4.572255 969 969 7938048 5159194 3 516 0.512821 3 24576 17039 3 24576 17039 1 8192 7276 0 0 0
1709851061645696 4 0 2 2 4 6 2 0 2 0 0 0 0 2 2 0 100 100 98 0 0 0 231497 71999405 0 71927138 6739141 1058892 17945130811 1128687 65899429903 65899429903 0 13346676 338656719 4.647548 961 961 7872512 5166768 1407 559 0.512821 4 32768 22396 2 16384 9763 1 8192 7276 0 0 0
1709851426536005 3 0 1 2 3 7 4 0 4 0 0 0 0 2 2 0 100 100 98 0 0 0 231554 72000522 0 71927138 6780885 1080484 18309936039 1148300 65899429903 65899429903 0 13346676 338656719 4.647473 961 961 7872512 5166768 1407 818 0.512821 3 24576 14046 2 16384 9763 1 8192 5045 0 0 0
1709851611601016 4 0 2 2 4 8 4 0 4 0 0 0 0 2 2 0 100 100 98 0 0 0 231602 72001072 0 71927138 6816473 1089656 18494944417 1159034 65899429903 65899429903 0 13346676 338656719 4.647434 961 961 7872512 5166768 1407 929 0.512821 4 32768 19721 2 16384 9763 1 8192 5675 0 0 0
1709851981282028 3 0 1 2 3 9 6 0 6 0 0 0 0 2 2 0 100 100 98 0 0 0 231660 72002585 0 71927138 6863255 1111343 18864536162 1177117 65899429903 65899429903 0 13346676 338656719 4.647333 961 961 7872512 5166768 1407 1076 0.512821 3 24576 15089 2 16384 9763 1 8192 5326 0 0 0
1709852091570352 4 0 2 2 4 10 6 0 6 0 0 0 0 2 2 0 100 100 98 0 0 0 231672 72002996 0 71927138 6896848 1118182 18974778774 1181569 65899429903 65899429903 0 13346676 338656719 4.647306 961 961 7872512 5166768 1407 1124 0.512821 4 32768 20567 2 16384 9763 1 8192 5478 0 0 0
1709852486307123 3 0 1 2 3 11 8 0 8 0 0 0 0 2 2 0 100 100 98 0 0 0 231724 72004537 0 71927138 6938831 1145611 19369416744 1208057 65899429903 65899429903 0 13346676 338656719 4.647203 961 961 7872512 5166768 1407 1223 0.512821 3 24576 14046 2 16384 9763 1 8192 5045 0 0 0
1709852589252945 3 0 1 2 3 11 8 0 8 0 0 0 0 2 2 1 100 100 98 0 0 0 231735 72004865 0 71927138 6939275 1148939 19472346789 1213427 68835712012 65899429903 0 13346676 338656719 4.647182 961 961 7872512 5166768 1407 1242 0.512821 3 24576 14046 2 16384 9763 1 8192 5045 0 0 0
1709852629303396 4 0 3 1 4 12 8 0 8 0 0 0 0 1 1 0 100 100 99 0 0 0 231745 72080765 0 72002858 6990309 1151278 19512272504 1214711 68835712012 68835712012 0 13346676 348748703 4.775399 1035 1035 8478720 5564625 17753 2084 0.512898 4 32768 19403 1 8192 5045 1 8192 5357 0 0 0
1709852999065110 1 0 0 1 1 12 11 0 11 0 0 0 0 1 1 0 100 100 99 0 0 0 231802 72081657 0 72002858 7013758 1169242 19881972203 1233405 68835712012 68835712012 0 13346676 348748703 4.775336 1035 1035 8478720 5564625 17753 6814 0.512821 1 8192 5045 1 8192 5045 1 8192 5045 0 0 0
1709853074764097 3 0 2 1 3 14 11 0 11 0 0 0 0 1 1 0 100 100 99 0 0 0 231809 72081866 0 72002858 7058553 1172468 19957615464 1240534 68835712012 68835712012 0 13346676 348748703 4.775322 1035 1035 8478720 5564625 17753 7881 0.512821 3 24576 15844 1 8192 5045 1 8192 5442 0 0 0
1709853129845306 4 0 3 1 4 15 11 0 11 0 0 0 0 1 1 0 100 100 99 0 0 0 231821 72082026 0 72002858 7103895 1175388 20012644057 1244433 68835712012 68835712012 0 13346676 348748703 4.775310 1035 1035 8478720 5564625 17753 8844 0.512821 4 32768 20970 1 8192 5045 1 8192 5442 0 0 0
1709853499985993 2 0 1 1 2 16 14 0 14 0 0 0 0 1 1 0 100 100 99 0 0 0 231891 72083157 0 72002858 7145911 1201090 20382695401 1263724 68835712012 68835712012 0 13346676 348748703 4.775231 1035 1035 8478720 5564625 17753 11845 0.512821 2 16384 9825 1 8192 5045 1 8192 5045 0 0 0
1709853570230079 3 0 2 1 3 17 14 0 14 0 0 0 0 1 1 0 100 100 99 0 0 0 231903 72083380 0 72002858 7190598 1205118 20452887285 1266634 68835712012 68835712012 0 13346676 348748703 4.775216 1035 1035 8478720 5564625 17753 12422 0.512821 3 24576 14951 1 8192 5045 1 8192 5126 0 0 0
1709853675932266 4 0 3 1 4 18 14 0 14 0 0 0 0 1 1 0 100 100 99 0 0 0 231911 72083711 0 72002858 7235660 1208552 20558532551 1274251 68835712012 68835712012 0 13346676 348748703 4.775193 1035 1035 8478720 5564625 17753 12943 0.512821 4 32768 20277 1 8192 5045 1 8192 5326 0 0 0
1709854020771675 2 0 1 1 2 19 17 0 17 0 0 0 0 1 1 0 100 100 99 0 0 0 231955 72084810 0 72002858 7282482 1228288 20903285986 1291346 68835712012 68835712012 0 13346676 348748703 4.775118 1035 1035 8478720 5564625 17753 14396 0.512821 2 16384 10171 1 8192 5045 1 8192 5126 0 0 0
1709854055389834 3 0 2 1 3 20 17 0 17 0 0 0 0 1 1 0 100 100 99 0 0 0 231963 72084907 0 72002858 7304078 1231049 20937876587 1294144 68835712012 68835712012 0 13346676 348748703 4.775111 1035 1035 8478720 5564625 17753 14724 0.512821 3 24576 15613 1 8192 5045 1 8192 5442 0 0 0
1709854165305069 4 0 3 1 4 21 17 0 17 0 0 0 0 1 1 0 100 100 99 0 0 0 231990 72085295 0 72002858 7349628 1238478 21047731138 1300894 68835712012 68835712012 0 13346676 348748703 4.775083 1035 1035 8478720 5564625 17753 15157 0.512821 4 32768 20970 1 8192 5045 1 8192 5442 0 0 0
1709854525143316 2 0 1 1 2 22 20 0 20 0 0 0 0 1 1 0 100 100 99 0 0 0 232046 72086353 0 72002858 7391263 1258347 21407489478 1317046 68835712012 68835712012 0 13346676 348748703 4.775010 1035 1035 8478720 5564625 17753 15944 0.512821 2 16384 9369 1 8192 5045 1 8192 5045 0 0 0
1709854530552965 3 0 2 1 3 23 20 0 20 0 0 0 0 1 1 0 100 100 99 0 0 0 232050 72086378 0 72002858 7528425 1258444 21412761473 1317152 68835712012 68835712012 0 13346676 348748703 4.775008 1035 1035 8478720 5564625 17753 16035 0.512821 3 24576 14311 1 8192 5045 1 8192 5045 0 0 0
1709854560841149 4 0 3 1 4 24 20 0 20 0 0 0 0 1 1 0 100 100 99 0 0 0 232058 72086496 0 72002858 7562057 1258839 21443011206 1321160 68835712012 68835712012 0 13346676 348748703 4.775000 1035 1035 8478720 5564625 17753 16121 0.512821 4 32768 19091 1 8192 5045 1 8192 5045 0 0 0
1709854948642463 1 0 0 1 1 24 23 0 23 0 0 0 0 1 1 1 100 100 99 0 0 0 232115 72087730 0 72002858 7564613 1282203 21830695411 1341502 75646873590 68835712012 0 13346676 348748703 4.774914 1035 1035 8478720 5564625 17753 16673 0.512821 1 8192 5045 1 8192 5045 1 8192 5045 0 0 0
1709854949600178 0 0 0 0 0 24 24 1 23 0 0 0 0 0 0 0 100 100 100 0 0 0 232115 73042883 0 72957936 7633197 1282225 21830695411 1341502 75646873590 75646873590 0 13346676 358865836 4.844347 1035 1035 8478720 5564625 17753 16779 0.537179 0 0 0 0 0 0 0 0 0 0 0 0
