# timestamp workers_connected workers_init workers_idle workers_busy workers_able workers_joined workers_removed workers_released workers_idled_out workers_blocked workers_fast_aborted workers_lost tasks_waiting tasks_on_workers tasks_running tasks_with_results tasks_submitted tasks_dispatched tasks_done tasks_failed tasks_cancelled tasks_exhausted_attempts time_send time_receive time_send_good time_receive_good time_status_msgs time_internal time_polling time_application time_execute time_execute_good time_execute_exhaustion bytes_sent bytes_received bandwidth capacity_tasks capacity_cores capacity_memory capacity_disk capacity_instantaneous capacity_weighted manager_load total_cores total_memory total_disk committed_cores committed_memory committed_disk max_cores max_memory max_disk min_cores min_memory min_disk
1709831130360173 0 0 0 0 0 0 0 0 0 0 0 0 16 0 0 0 16 0 0 0 0 0 0 0 0 0 0 0 0 0 0 0 0 0 0 1.000000 10 10 5120 10240 10 10 0.000000 0 0 0 0 0 0 0 0 0 0 0 0
1709831137029776 1 0 0 1 1 1 0 0 0 0 0 0 15 1 1 1 16 1 0 0 0 0 7580 46 0 0 201623 1971 6356117 6627 1762460 0 0 133467 0 1.000000 10 10 5120 10240 10 10 0.437468 1 8192 4586 1 8192 4586 1 8192 4586 0 0 0
1709831142284492 1 0 1 0 1 1 0 0 0 0 0 0 15 0 0 0 18 3 3 0 0 0 13137 808689 0 1212690 503922 2153 10189897 7234 4792214 4792214 0 400401 482756 1.000000 10 10 81920 45860 2 10 0.476599 1 8192 4586 1 8192 4586 1 8192 4586 0 0 0
1709831149979760 1 0 0 1 1 1 0 0 0 0 0 0 15 1 1 0 20 5 4 0 0 0 21979 1617663 0 1617264 605395 2331 17369242 7866 6007456 6007456 0 667335 606701 0.741025 10 10 81920 45860 2 10 0.500216 1 8192 4586 1 8192 4586 1 8192 4586 0 0 0
1709831269016780 2 0 1 1 2 2 0 0 0 0 0 0 15 1 1 0 20 5 4 0 0 0 126497 1618100 0 1617264 742842 10126 136149942 13635 6007456 6007456 0 667335 606701 0.696445 10 10 81920 45860 2 10 0.512820 2 16384 9425 1 8192 4586 1 8192 4839 0 0 0
1709831274530259 3 0 0 3 3 3 0 0 0 0 0 0 13 3 3 0 20 7 4 0 0 0 241186 1618137 0 1617264 891601 10296 141399538 13763 6007456 6007456 0 934269 606701 0.790386 10 10 81920 45860 2 10 0.491147 3 24576 15813 3 24576 15813 1 8192 6388 0 0 0
1709831280758607 4 0 0 4 4 4 0 0 0 0 0 0 12 4 3 0 21 8 5 0 0 0 288081 1913122 0 1912126 1010202 10515 147143570 14941 9978489 9978489 0 1201203 742204 0.841984 10 10 81920 45860 2 10 0.484118 4 32768 21069 3 24576 15813 1 8192 6388 0 0 0
1709831286183443 6 0 0 6 6 6 0 0 0 0 0 0 10 6 6 1 26 16 10 0 0 0 468959 2618840 0 2617467 1358941 10937 151331305 16504 22227636 21097328 0 2135470 1653588 1.170260 10 10 81920 52258 9 11 0.499102 6 49152 30838 6 49152 30838 1 8192 6388 0 0 0
1709831295319425 6 0 0 6 6 6 0 0 0 0 0 0 10 6 6 0 29 19 13 0 0 0 525817 2884349 0 2882761 1425509 11157 160099223 17423 26881212 26881212 0 2535871 2241947 1.336147 10 10 81920 52394 9 11 0.507677 6 49152 30838 6 49152 30838 1 8192 6388 0 0 0
1709831300881242 7 0 0 7 7 7 0 0 0 0 0 0 9 7 7 0 29 20 13 0 0 0 647277 2884378 0 2882761 1465368 11299 165499310 17527 26881212 26881212 0 2669336 2241947 1.326224 10 10 81920 52407 14 12 0.499688 7 57344 35104 7 57344 35104 1 8192 6388 0 0 0
1709831305998556 8 0 0 8 8 8 0 0 0 0 0 0 8 8 8 0 29 21 13 0 0 0 778971 2884414 0 2882761 1509761 11436 170440094 17653 26881212 26881212 0 2802803 2241947 1.313280 10 10 81920 52407 14 13 0.492196 8 65536 40185 8 65536 40185 1 8192 6388 0 0 0
1709831312394368 12 0 0 12 12 12 0 0 0 0 0 0 4 12 11 0 29 24 13 0 0 0 1229959 2884510 0 2882761 2082353 14239 175735564 17898 26881212 26881212 0 3336671 2241947 1.293043 10 10 81920 52407 14 14 0.481186 12 98304 62004 11 90112 54584 1 8192 7420 0 0 0
1709831317665206 16 0 0 16 16 16 0 0 0 0 0 0 0 16 16 1 34 34 18 0 0 0 1813748 3720969 0 3718819 2453225 14767 179264653 19345 36072756 35192667 0 4537872 3101754 1.316366 10 10 81920 51968 10 14 0.494085 16 131072 92335 16 131072 92335 1 8192 14867 0 0 0
1709831323093106 17 0 1 16 17 17 0 0 0 0 0 0 0 16 16 1 41 41 25 0 0 0 1817405 4483605 0 4480870 2693744 15223 183681687 22953 45769859 44260801 0 5472139 4250218 1.471504 10 10 81920 51946 6 14 0.508726 17 139264 96665 16 131072 92335 1 8192 14867 0 0 0
1709831331082819 17 0 1 16 17 17 0 0 0 0 0 0 0 16 16 1 45 45 29 0 0 0 1819133 4816754 0 4813756 2778992 15432 191254301 23933 65371223 58228405 0 6006007 4833606 1.557811 10 10 81920 51874 7 16 0.508715 17 139264 96665 16 131072 92335 1 8192 14867 0 0 0
1709831336237383 17 0 1 16 17 17 0 0 0 0 0 0 0 16 16 0 46 46 30 0 0 0 1819587 4882965 0 4879894 2797033 15529 196341433 24277 65371223 65371223 0 6139474 4944181 1.577041 10 10 81920 51874 8 16 0.509794 17 139264 96665 16 131072 92335 1 8192 14867 0 0 0
1709831341613420 18 0 2 16 18 18 0 0 0 0 0 0 0 16 16 1 46 46 30 0 0 0 1819590 4882993 0 4879894 2836450 15637 201660819 24384 75736932 65371223 0 6139474 4944181 1.577033 10 10 81920 51814 45 18 0.512343 18 147456 101015 16 131072 92335 1 8192 14867 0 0 0
1709831346758158 18 0 2 16 18 18 0 0 0 0 0 0 0 16 16 0 47 47 31 0 0 0 1820000 4949672 0 4946483 2853627 15715 206737435 24999 75736932 75736932 0 6272941 5115382 1.604325 10 10 81920 51814 45 22 0.511391 18 147456 101015 16 131072 92335 1 8192 14867 0 0 0
1709831371154585 18 0 2 16 18 18 0 0 0 0 0 0 0 16 16 0 47 47 31 0 0 0 1820004 4949761 0 4946483 2899176 18676 231084471 25555 75736932 75736932 0 6272941 5115382 1.604303 10 10 81920 51759 63 27 0.512711 18 147456 101015 16 131072 92335 1 8192 14867 0 0 0
1709831462902705 19 0 4 15 19 19 1 0 0 0 0 0 1 15 15 0 47 47 31 0 0 0 1820028 4950315 0 4946483 2901259 21805 322817275 34550 75736932 75736932 0 6272941 5115382 1.604166 10 10 81920 51759 63 31 0.512821 19 155648 106372 16 131072 92335 1 8192 14867 0 0 0
1709831506389113 19 0 3 16 19 20 1 0 0 0 0 0 0 16 16 0 47 48 31 0 0 0 1842396 4950553 0 4946483 2917686 24124 366261422 35421 75736932 75736932 0 6406408 5115382 1.617565 10 10 81920 51759 63 35 0.512771 19 155648 104968 16 131072 90272 1 8192 14867 0 0 0
1709831601137139 20 0 4 16 20 21 1 0 0 0 0 0 0 16 16 0 47 48 31 0 0 0 1842416 4951027 0 4946483 2958051 27925 460960454 39410 75736932 75736932 0 6406408 5115382 1.617447 10 10 81920 51759 63 39 0.512821 20 163840 109166 16 131072 90272 1 8192 14867 0 0 0
1709831611086055 21 0 5 16 21 22 1 0 0 0 0 0 0 16 16 0 47 48 31 0 0 0 1842418 4951093 0 4946483 3113343 29986 470751577 39600 75736932 75736932 0 6406408 5115382 1.617431 10 10 81920 51759 63 43 0.512821 21 172032 116586 16 131072 90272 1 8192 14867 0 0 0
1709831619152900 21 0 5 16 21 22 1 0 0 0 0 0 0 16 16 0 48 49 32 0 0 0 1842935 8645857 0 8641124 3135070 30079 475100586 40218 370923259 370923259 0 6539875 14909511 1.950246 10 10 81920 51759 63 45 0.511924 21 172032 116586 16 131072 90272 1 8192 14867 0 0 0
1709831680181134 19 0 3 16 19 22 3 0 2 0 0 0 0 16 16 1 48 49 32 0 0 0 1842953 8646169 0 8641124 3136551 33919 536019905 42571 906033653 370923259 0 6539875 14909511 1.950185 24 24 196608 131488 77 49 0.512820 19 155648 107906 16 131072 90272 1 8192 14867 0 0 0
1709831685313939 19 0 4 15 19 22 3 0 2 0 0 0 0 15 15 0 49 50 34 0 0 0 1843383 10473634 0 10973825 3338240 33984 538717839 43075 908327443 908327443 0 6673342 24988495 2.451493 24 24 196608 131488 77 53 0.511162 19 155648 107906 16 131072 90272 1 8192 14867 0 0 0
1709831694572051 19 0 3 16 19 22 3 0 2 0 0 0 0 16 16 0 51 52 35 0 0 0 1844362 11487683 0 11482227 3439165 34199 547363311 44903 911161896 911161896 0 6940276 25355234 2.310178 48 48 393216 260456 3 67 0.510434 19 155648 107906 16 131072 90272 1 8192 14867 0 0 0
1709832096480779 16 0 0 16 16 22 6 0 5 0 0 0 0 16 16 1 51 52 35 0 0 0 1844456 11489766 0 11482227 3445638 57839 949194478 67021 1717333327 911161896 0 6940276 25355234 2.309801 46 46 376832 248499 3 49 0.512821 16 131072 90272 16 131072 90272 1 8192 14867 0 0 0
1709832102081487 16 0 0 16 16 22 6 0 5 0 0 0 0 16 16 1 54 55 38 0 0 0 1846309 11850268 0 11842396 3512454 58045 954364514 68294 1722234308 1720903543 0 7340677 35548224 2.986297 83 83 679936 447723 11 156 0.509794 16 131072 90272 16 131072 90272 1 8192 14867 0 0 0
1709832108018213 16 0 0 16 16 22 6 0 5 0 0 0 0 16 16 0 56 57 40 0 0 0 1847349 12027042 0 12018989 3556978 58234 960100149 68965 1723788170 1723788170 0 7607611 35808233 2.984245 82 82 671744 441747 7 137 0.509594 16 131072 90272 16 131072 90272 1 8192 14867 0 0 0
1709832239336294 16 0 0 16 16 22 6 0 5 0 0 0 0 16 16 1 56 57 40 0 0 0 1847380 12027824 0 12018989 3558970 65601 1091378614 75892 2676761414 1723788170 0 7607611 35808233 2.984070 81 81 663552 436094 8 120 0.512821 16 131072 90272 16 131072 90272 1 8192 14867 0 0 0
1709832246177989 16 0 0 16 16 22 6 0 5 0 0 0 0 16 16 0 58 59 42 0 0 0 1848438 12275805 0 12266762 3603578 65781 1097947448 76980 2678125707 2678125707 0 7874545 45729660 3.619377 124 124 1015808 667432 2822 246 0.511475 16 131072 90272 16 131072 90272 1 8192 14867 0 0 0
1709832360003404 16 0 0 16 16 22 6 0 5 0 0 0 0 16 16 1 58 59 42 0 0 0 1848453 12276305 0 12266762 3605166 72877 1211656597 82990 3348460726 2678125707 0 7874545 45729660 3.619245 123 123 1007616 661890 11 214 0.512821 16 131072 90272 16 131072 90272 1 8192 14867 0 0 0
1709832366261505 16 0 0 16 16 22 6 0 5 0 0 0 0 16 16 0 59 60 43 0 0 0 1848919 14102617 0 14092931 3706220 72996 1216086616 83792 3348460726 3348460726 0 8008012 55610009 3.803450 123 123 1007616 661890 11 195 0.511924 16 131072 90272 16 131072 90272 1 8192 14867 0 0 0
1709832480287939 16 0 0 16 16 22 6 0 5 0 0 0 0 16 16 1 59 60 43 0 0 0 1848942 14103261 0 14092931 3708033 79380 1330073463 91944 4523741502 3348460726 0 8008012 55610009 3.803291 139 139 1138688 745419 288 210 0.512821 16 131072 90272 16 131072 90272 1 8192 14867 0 0 0
1709832489517039 16 0 0 16 16 22 6 0 5 0 0 0 0 16 16 0 61 62 45 0 0 0 1849904 14440703 0 14430167 3752864 79619 1338940209 92940 4527317036 4527317036 0 8274944 65934782 4.344338 185 185 1515520 990919 3473 381 0.511806 16 131072 90272 16 131072 90272 1 8192 14867 0 0 0
1709832703607138 16 0 0 16 16 22 6 0 5 0 0 0 0 16 16 1 61 62 45 0 0 0 1849954 14441913 0 14430167 3755981 94226 1552975003 106577 5766907918 4527317036 0 8274944 65934782 4.344002 184 184 1507328 984437 16 301 0.512821 16 131072 90272 16 131072 90272 1 8192 14867 0 0 0
1709832710897325 16 0 0 16 16 22 6 0 5 0 0 0 0 16 16 0 63 64 47 0 0 0 1850847 14948687 0 14936746 3800408 94379 1559733906 107661 5768483571 5768483571 0 8541878 75973750 4.797775 229 229 1875968 1225230 2336 378 0.510792 16 131072 90272 16 131072 90272 1 8192 14867 0 0 0
1709832737793712 16 0 0 16 16 22 6 0 5 0 0 0 0 16 16 1 63 64 47 0 0 0 1850852 14948837 0 14936746 3800811 94658 1586606471 108349 6402240334 5768483571 0 8541878 75973750 4.797731 227 227 1859584 1214562 8 360 0.512770 16 131072 90272 16 131072 90272 1 8192 14867 0 0 0
1709832743134344 16 0 0 16 16 22 6 0 5 0 0 0 0 16 16 0 64 65 48 0 0 0 1851285 15174402 0 15162214 3823155 94754 1591720494 108609 6402240334 6402240334 0 8675345 85807503 5.292348 227 227 1859584 1214562 8 327 0.511809 16 131072 90272 16 131072 90272 1 8192 14867 0 0 0
1709832839949420 16 0 0 16 16 22 6 0 5 0 0 0 0 16 16 1 64 65 48 0 0 0 1851308 15174900 0 15162214 3824399 100618 1688453780 113931 7972758495 6402240334 0 8675345 85807503 5.292186 249 249 2039808 1331782 1878 549 0.512821 16 131072 90272 16 131072 90272 1 8192 14867 0 0 0
1709832847307203 16 0 0 16 16 22 6 0 5 0 0 0 0 16 16 1 66 67 50 0 0 0 1852286 16224733 0 16211822 3961584 100769 1694622550 114924 7978239459 7975917677 0 8942279 95889091 5.530502 296 296 2424832 1580085 1324 713 0.510266 16 131072 90272 16 131072 90272 1 8192 14867 0 0 0
1709832854132674 16 0 0 16 16 22 6 0 5 0 0 0 0 16 16 1 68 69 52 0 0 0 1853225 16775579 0 16762484 4098832 100933 1700758153 115523 7983688617 7981299738 0 9209211 96223536 5.397475 301 301 2465792 1609884 4 613 0.510130 16 131072 90272 16 131072 90272 1 8192 14867 0 0 0
1709832862773233 16 0 0 16 16 22 6 0 5 0 0 0 0 16 16 0 70 71 54 0 0 0 1854288 17324165 0 17310869 4236370 101087 1708779106 116184 7986088663 7986088663 0 9476145 96474113 5.268519 307 307 2514944 1645145 4 528 0.510162 16 131072 90272 16 131072 90272 1 8192 14867 0 0 0
1709833087800433 16 0 0 16 16 22 6 0 5 0 0 0 0 16 16 1 70 71 54 0 0 0 1854320 17325010 0 17310869 4239071 115299 1933695108 128505 9791390626 7986088663 0 9476145 96474113 5.268278 306 306 2506752 1630112 4 412 0.512821 16 131072 90272 16 131072 90272 1 8192 14867 0 0 0
1709833095443102 16 0 0 16 16 22 6 0 5 0 0 0 0 16 16 1 72 73 56 0 0 0 1855387 18979306 0 18964941 4400360 115476 1939578728 129285 11569315796 9793832565 0 9743079 106491738 5.320460 362 362 2965504 1914050 1056 408 0.510625 16 131072 90272 16 131072 90272 1 8192 14867 0 0 0
1709833103701633 16 0 0 16 16 22 6 0 5 0 0 0 0 16 16 0 76 77 60 0 0 0 1857431 19338107 0 19323410 4489104 115742 1947408206 130451 11571787635 11571787635 0 10276947 117002369 5.726819 419 419 3432448 2207515 6 556 0.509178 16 131072 90272 16 131072 90272 1 8192 14867 0 0 0
1709833285828316 16 0 0 16 16 22 6 0 5 0 0 0 0 16 16 1 76 77 60 0 0 0 1857463 19339108 0 19323410 4491654 125360 2129489119 140410 13531224981 11571787635 0 10276947 117002369 5.726540 419 419 3432448 2206993 5 456 0.512821 16 131072 90272 16 131072 90272 1 8192 14867 0 0 0
1709833292070410 16 0 0 16 16 22 6 0 5 0 0 0 0 16 16 1 81 82 65 0 0 0 1860536 20466990 0 20450722 4602906 128193 2134483873 142706 14120522250 14119250032 0 10944282 137249534 6.329794 507 507 4153344 2673256 1056 575 0.505775 16 131072 90272 16 131072 90272 1 8192 14867 0 0 0
1709833299234025 16 0 0 16 16 22 6 0 5 0 0 0 0 16 16 0 84 85 68 0 0 0 1861915 20732443 0 20715871 4669709 128384 2141334833 143586 14123764235 14123764235 0 11344683 137713845 6.291539 517 517 4235264 2730193 8 471 0.508458 16 131072 90272 16 131072 90272 1 8192 14867 0 0 0
1709833382827770 16 0 0 16 16 22 6 0 5 0 0 0 0 16 16 1 84 85 68 0 0 0 1861938 20732887 0 20715871 4671145 131769 2224816255 149721 15144256651 14123764235 0 11344683 137713845 6.291409 517 517 4235264 2729370 9 427 0.512820 16 131072 90272 16 131072 90272 1 8192 14867 0 0 0
1709833389049260 16 0 0 16 16 22 6 0 5 0 0 0 0 16 16 0 85 86 69 0 0 0 1862719 22544495 0 22527313 4772007 131943 2229223542 151104 15144256651 15144256651 0 11478150 147605942 6.215966 517 517 4235264 2729370 9 388 0.511470 16 131072 90272 16 131072 90272 1 8192 14867 0 0 0
1709833560461597 16 0 0 16 16 22 6 0 5 0 0 0 0 16 16 1 85 86 69 0 0 0 1862754 22545353 0 22527313 4774220 141586 2400591961 159704 16220291199 15144256651 0 11478150 147605942 6.215739 514 514 4210688 2707207 441 400 0.512821 16 131072 90272 16 131072 90272 1 8192 14867 0 0 0
1709833566102694 16 0 0 16 16 22 6 0 5 0 0 0 0 16 16 1 88 89 72 0 0 0 1864371 22903219 0 22884894 4840872 141799 2405805475 160920 16225236617 16223771275 0 11878549 157796709 6.533334 567 567 4644864 2986528 11 519 0.509331 16 131072 90272 16 131072 90272 1 8192 14867 0 0 0
1709833572975057 16 0 0 16 16 22 6 0 5 0 0 0 0 16 16 0 90 91 74 0 0 0 1865308 23079505 0 23060962 4885384 142018 2412477323 161528 16226702528 16226702528 0 12145483 158056710 6.507063 567 567 4644864 2983126 8 447 0.510799 16 131072 90272 16 131072 90272 1 8192 14867 0 0 0
1709833715265708 16 0 0 16 16 22 6 0 5 0 0 0 0 16 16 1 90 91 74 0 0 0 1865328 23080232 0 23060962 4887121 150842 2554724618 170961 17203837588 16226702528 0 12145483 158056710 6.506868 567 567 4644864 2981877 8 369 0.512821 16 131072 90272 16 131072 90272 1 8192 14867 0 0 0
1709833721391357 16 0 0 16 16 22 6 0 5 0 0 0 0 16 16 1 92 93 76 0 0 0 1866462 25818222 0 25798685 4931951 151018 2558065162 171947 17206999001 17205486453 0 12412415 168106351 6.218460 551 551 4513792 2898485 352 335 0.511065 16 131072 90272 16 131072 90272 1 8192 14867 0 0 0
1709833726642699 16 0 0 16 16 22 6 0 5 0 0 0 0 16 16 0 93 94 77 0 0 0 1866963 25906481 0 25886831 4954521 151203 2563226735 172291 17206999001 17206999001 0 12545876 168232135 6.207489 551 551 4513792 2901274 10 304 0.511944 16 131072 90272 16 131072 90272 1 8192 14867 0 0 0
1709833867832714 16 0 0 16 16 22 6 0 5 0 0 0 0 16 16 1 93 94 77 0 0 0 1866998 25907197 0 25886831 4956168 158975 2704320528 180168 17982153323 17206999001 0 12545876 168232135 6.207321 551 551 4513792 2902028 8 263 0.512821 16 131072 90272 16 131072 90272 1 8192 14867 0 0 0
1709833874362312 16 0 0 16 16 22 6 0 5 0 0 0 0 16 16 0 94 95 78 0 0 0 1867463 27136183 0 27115683 5034096 159067 2709619702 180815 17982153323 17982153323 0 12679341 178098342 6.272997 551 551 4513792 2902028 8 239 0.511601 16 131072 90272 16 131072 90272 1 8192 14867 0 0 0
1709833919120680 16 0 0 16 16 22 6 0 5 0 0 0 0 16 16 1 94 95 78 0 0 0 1867475 27136393 0 27115683 5034709 163539 2754299147 185722 19043438620 17982153323 0 12679341 178098342 6.272949 551 551 4513792 2893616 476 263 0.512812 16 131072 90272 16 131072 90272 1 8192 14867 0 0 0
1709833928447018 16 0 0 16 16 22 6 0 5 0 0 0 0 16 16 0 96 97 80 0 0 0 1868385 28209227 0 28188303 5172163 163745 2762481841 186419 19046060942 19046060942 0 12946275 188096500 6.374486 566 566 4636672 2970438 931 318 0.511342 16 131072 90272 16 131072 90272 1 8192 14867 0 0 0
1709834046389494 16 0 0 16 16 22 6 0 5 0 0 0 0 16 16 1 96 97 80 0 0 0 1868407 28209806 0 28188303 5173680 170366 2880386941 192878 21477379216 19046060942 0 12946275 188096500 6.374359 558 558 4571136 2926528 5 275 0.512821 16 131072 90272 16 131072 90272 1 8192 14867 0 0 0
1709834051470371 16 0 0 16 16 22 6 0 5 0 0 0 0 16 16 1 98 99 82 0 0 0 1869491 29960011 0 29938290 5217366 170515 2883671866 193965 21480442626 21479008478 0 13213209 198334302 6.338378 661 661 5414912 3466730 1353 306 0.509764 16 131072 90272 16 131072 90272 1 8192 14867 0 0 0
1709834056765152 16 0 0 16 16 22 6 0 5 0 0 0 0 16 16 0 99 100 83 0 0 0 1870032 30047692 0 30025848 5239283 170646 2888877477 194339 21480442626 21480442626 0 13346676 198462921 6.328690 693 693 5677056 3779962 8 278 0.511435 16 131072 90272 16 131072 90272 1 8192 14867 0 0 0
1709834308392010 16 0 0 16 16 22 6 0 5 0 0 0 0 16 16 1 99 100 83 0 0 0 1870070 30048817 0 30025848 5242280 183515 3140447334 211568 23547662052 21480442626 0 13346676 198462921 6.328459 712 712 5832704 4032986 7 219 0.512821 16 131072 90272 16 131072 90272 1 8192 14867 0 0 0
1709834435143732 16 0 1 15 16 22 6 0 5 0 0 0 0 15 15 1 100 101 85 0 0 0 1870510 30318637 0 30294958 5288226 193650 3266819473 218149 26665459603 23549258631 0 13480143 208628693 6.580463 779 779 6381568 4425436 11 429 0.512821 16 131072 90272 15 122880 84944 1 8192 14867 0 0 0
1709834458026259 16 0 2 14 16 22 6 0 5 0 0 0 0 14 14 1 100 101 86 0 0 0 1870512 31168626 0 31144671 5357341 194001 3288827142 219817 27401893030 26665459603 0 13480143 218585506 6.698572 779 779 6381568 4425436 11 390 0.513368 16 131072 90272 14 114688 80064 1 8192 14867 0 0 0
1709834510654884 16 0 3 13 16 22 6 0 5 0 0 0 0 13 13 1 100 101 87 0 0 0 1870520 31393793 0 31369584 5379993 197344 3341201566 222813 28813830005 27401893030 0 13480143 228392138 6.934380 879 879 7200768 4986783 2181 687 0.512909 16 131072 90272 13 106496 74808 1 8192 14867 0 0 0
1709834568641742 16 0 4 12 16 22 6 0 5 0 0 0 0 12 12 1 100 101 88 0 0 0 1870540 31619312 0 31594742 5403302 200700 3398933326 228003 32086609038 28813830005 0 13480143 238429328 7.173504 923 923 7561216 5236613 4207 1002 0.512825 16 131072 90272 12 98304 69541 1 8192 14867 0 0 0
1709834598271830 16 0 5 11 16 22 6 0 5 0 0 0 0 11 11 1 100 101 89 0 0 0 1870542 31852923 0 31828200 5423327 200936 3428259645 228676 35377141115 32086609038 0 13480143 248448101 7.407134 923 923 7561216 5236613 4207 1316 0.513735 16 131072 90272 11 90112 65275 1 8192 14867 0 0 0
1709834604011004 16 0 6 10 16 22 6 0 5 0 0 0 0 10 10 0 100 101 90 0 0 0 1870542 31852923 0 37567163 5492364 200936 3428259645 228676 35377141115 35377141115 0 13480143 258540222 7.692532 1030 1030 8437760 5822864 9897 1746 0.513735 16 131072 90272 11 90112 65275 1 8192 14867 0 0 0
1709834884205438 12 0 2 10 12 23 11 0 10 0 0 0 0 10 10 0 100 101 90 0 0 0 1870587 37593099 0 37567163 5635471 221653 3708272788 244242 35377141115 35377141115 0 13480143 258540222 6.573609 928 928 7602176 5233731 541 2091 0.512821 12 98304 70155 10 81920 60607 1 8192 14867 0 0 0
1709834904572443 13 0 3 10 13 24 11 0 10 0 0 0 0 10 10 0 100 101 90 0 0 0 1870592 37593171 0 37567163 5679993 221887 3728594326 244665 35377141115 35377141115 0 13480143 258540222 6.573596 928 928 7602176 5233731 541 2014 0.512821 13 106496 75411 10 81920 60607 1 8192 14867 0 0 0
1709834959332116 13 0 3 10 13 25 12 0 11 0 0 0 0 10 10 0 100 101 90 0 0 0 1870605 37593553 0 37567163 5692064 226272 3783333835 247724 35377141115 35377141115 0 13480143 258540222 6.573530 928 928 7602176 5233731 541 1871 0.512821 13 106496 75546 10 81920 60607 1 8192 14867 0 0 0
1709835014755238 14 0 4 10 14 26 12 0 11 0 0 0 0 10 10 0 100 101 90 0 0 0 1870617 37593765 0 37567163 5732413 229414 3838710021 250604 35377141115 35377141115 0 13480143 258540222 6.573493 928 928 7602176 5233731 541 1742 0.512821 14 114688 79812 10 81920 60607 1 8192 14867 0 0 0
1709835054122942 15 0 5 10 15 27 12 0 11 0 0 0 0 10 10 0 100 101 90 0 0 0 1870634 37593936 0 37567163 5870670 232768 3877932762 253483 35377141115 35377141115 0 13480143 258540222 6.573462 928 928 7602176 5233731 541 1625 0.512821 15 122880 84480 10 81920 60607 1 8192 14867 0 0 0
1709835252609411 13 0 3 10 13 27 14 0 13 0 0 0 0 10 10 1 100 101 90 0 0 0 1870681 37594662 0 37567163 5873372 243834 4076322933 266189 36760325675 35377141115 0 13480143 258540222 6.573333 928 928 7602176 5233731 541 1426 0.512821 13 106496 74344 10 81920 60607 1 8192 14867 0 0 0
1709835309438104 12 0 3 9 12 27 15 0 14 0 0 0 0 9 9 1 100 101 91 0 0 0 1870695 38552193 0 38524405 5942984 246804 4132083602 270430 38684615843 36760325675 0 13480143 268406641 6.650395 936 936 7667712 5261906 1049 1326 0.512837 12 98304 69541 9 73728 56166 1 8192 14867 0 0 0
1709835401506053 11 0 3 8 11 28 17 0 16 0 0 0 0 8 8 0 100 101 92 0 0 0 1870719 40382694 0 40354494 6061677 253066 4222294285 273996 38684615843 38684615843 0 13480143 278408084 6.588019 970 970 7946240 5453044 824 1255 0.512821 11 90112 65410 8 65536 51580 1 8192 14867 0 0 0
1709835456124208 12 0 4 8 12 29 17 0 16 0 0 0 0 8 8 0 100 101 92 0 0 0 1870729 40382913 0 40354494 6102349 256530 4276864926 276883 38684615843 38684615843 0 13480143 278408084 6.587984 970 970 7946240 5453044 824 1214 0.512821 12 98304 69676 8 65536 51580 1 8192 14867 0 0 0
1709835501612224 12 0 4 8 12 29 17 0 16 0 0 0 0 8 8 0 100 101 92 0 0 0 1870738 40383084 0 40354494 6240654 257032 4322209293 281291 38684615843 38684615843 0 13480143 278408084 6.587956 970 970 7946240 5453044 824 1195 0.512821 12 98304 69676 8 65536 51580 1 8192 14867 0 0 0
1709835636670197 12 0 4 8 12 31 19 0 18 0 0 0 0 8 8 0 100 101 92 0 0 0 1870769 40383620 0 40354494 6444213 266350 4457047017 287621 38684615843 38684615843 0 13480143 278408084 6.587867 970 970 7946240 5453044 824 1128 0.512821 12 98304 69903 8 65536 51580 1 8192 14867 0 0 0
1709835681985108 14 0 6 8 14 33 19 0 18 0 0 0 0 8 8 0 100 101 92 0 0 0 1870792 40383824 0 40354494 6525062 266967 4502277248 290362 38684615843 38684615843 0 13480143 278408084 6.587832 970 970 7946240 5453044 824 1113 0.512821 14 114688 78872 8 65536 51580 1 8192 14867 0 0 0
1709835836038812 11 0 3 8 11 33 22 0 21 0 0 0 0 8 8 0 100 101 92 0 0 0 1870822 40384373 0 40354494 6537723 278556 4656297625 298369 38684615843 38684615843 0 13480143 278408084 6.587742 970 970 7946240 5453044 824 1061 0.512821 11 90112 65135 8 65536 51580 1 8192 14867 0 0 0
1709835852687855 12 0 4 8 12 34 22 0 21 0 0 0 0 8 8 1 100 101 92 0 0 0 1870825 40384442 0 40354494 6538175 278751 4672869460 300707 43254838294 38684615843 0 13480143 278408084 6.587730 970 970 7946240 5453044 824 1050 0.512821 12 98304 69938 8 65536 51580 1 8192 14867 0 0 0
1709835898493059 13 0 6 7 13 35 22 0 21 0 0 0 0 7 7 0 100 101 93 0 0 0 1870839 41201366 0 41171145 6653063 281972 4717812107 302046 43254838294 43254838294 0 13480143 288438509 6.684869 1039 1039 8511488 5868654 3788 1167 0.512837 13 106496 74204 7 57344 45192 1 8192 14867 0 0 0
1709835953166904 12 0 5 7 12 35 23 0 22 0 0 0 0 7 7 0 100 101 93 0 0 0 1870848 41201522 0 41171145 6854833 286676 4772275836 305294 43254838294 43254838294 0 13480143 288438509 6.684844 1039 1039 8511488 5868654 3788 1424 0.512821 12 98304 69618 7 57344 45192 1 8192 14867 0 0 0
1709835958336552 14 0 7 7 14 37 23 0 22 0 0 0 0 7 7 0 100 101 93 0 0 0 1870851 41201563 0 41171145 6992384 286854 4777307447 305397 43254838294 43254838294 0 13480143 288438509 6.684837 1039 1039 8511488 5868654 3788 1543 0.512821 14 114688 78872 7 57344 45192 1 8192 14867 0 0 0
1709836133614163 13 0 6 7 13 38 25 0 24 0 0 0 0 7 7 0 100 101 93 0 0 0 1870885 41202191 0 41171145 7034155 297873 4952519577 316881 43254838294 43254838294 0 13480143 288438509 6.684734 1039 1039 8511488 5868654 3788 1962 0.512821 13 106496 74586 7 57344 45192 1 8192 14867 0 0 0
1709836173355370 11 0 4 7 11 38 27 0 26 0 0 0 0 7 7 1 100 101 93 0 0 0 1870893 41202315 0 41171145 7034921 300857 4992231904 319287 45860224762 43254838294 0 13480143 288438509 6.684714 1039 1039 8511488 5868654 3788 2141 0.512821 11 90112 63395 7 57344 45192 1 8192 14867 0 0 0
1709836269322526 8 0 2 6 8 38 30 0 29 0 0 0 0 6 6 1 100 101 94 0 0 0 1870905 41428858 0 41397292 7058932 304263 5087894206 323843 50819202561 45860224762 0 13480143 298511565 6.871596 1105 1105 9052160 6241446 7712 2574 0.512821 8 65536 49875 6 49152 40111 1 8192 14867 0 0 0
1709836275930405 10 0 5 5 10 40 30 0 29 0 0 0 0 5 5 0 100 101 95 0 0 0 1870906 42181648 0 42149967 7336541 304466 5093539523 324218 50819202561 50819202561 0 13480143 308594396 6.972450 1105 1105 9052160 6241446 7712 3076 0.513565 10 81920 59264 5 40960 35260 1 8192 14867 0 0 0
1709836289158980 10 0 5 5 10 40 30 0 29 0 0 0 0 5 5 1 100 101 95 0 0 0 1870910 42181681 0 42149967 7336585 304574 5106743624 326123 53815901030 50819202561 0 13480143 308594396 6.972444 1187 1187 9723904 6692355 4535 3149 0.513017 10 81920 59264 5 40960 35260 1 8192 14867 0 0 0
1709836304105096 11 0 7 4 11 41 30 0 29 0 0 0 0 4 4 0 100 101 96 0 0 0 1870916 42601225 0 42569373 7507085 307372 5121118545 326621 53815901030 53815901030 0 13480143 318686380 7.123081 1255 1255 10280960 7075742 5644 3403 0.514073 11 90112 65652 4 32768 29903 1 8192 14867 0 0 0
1709836346968179 12 0 10 2 12 42 30 0 29 0 0 0 0 2 2 0 100 101 98 0 0 0 1870927 44053386 0 44021297 7592564 307855 5162442132 327721 61034186437 61034186437 0 13480143 338625651 7.311906 1262 1262 10338304 7362740 1627 3524 0.512947 12 98304 69918 2 16384 10028 1 8192 14867 0 0 0
1709836406803007 13 0 11 2 13 43 30 0 29 0 0 0 0 2 2 0 100 101 98 0 0 0 1870943 44053527 0 44021297 7730507 310809 5222132711 330626 61034186437 61034186437 0 13480143 338625651 7.311881 1367 1367 11198464 7980044 7537 3916 0.512821 13 106496 74586 2 16384 10028 1 8192 14867 0 0 0
1709836466854177 14 0 12 2 14 45 31 0 30 0 0 0 0 2 2 0 100 101 98 0 0 0 1870954 44053676 0 44021297 7804047 322588 5282094970 333745 61034186437 61034186437 0 13480143 338625651 7.311855 1367 1367 11198464 7980044 7537 4270 0.512821 14 114688 79682 2 16384 10028 1 8192 14867 0 0 0
1709836591047069 11 0 9 2 11 46 35 0 34 0 0 0 0 2 2 0 100 101 98 0 0 0 1870969 44053942 0 44021297 8007390 335102 5406064090 341020 61034186437 61034186437 0 13480143 338625651 7.311811 1367 1367 11198464 7980044 7537 4878 0.512821 11 90112 64947 2 16384 10028 1 8192 14867 0 0 0
1709836716625416 5 0 3 2 5 46 41 0 40 0 0 0 0 2 2 0 100 101 98 0 0 0 1870984 44054189 0 44021297 8148269 342426 5531487402 347289 61034186437 61034186437 0 13480143 338625651 7.311769 1367 1367 11198464 7980044 7537 5258 0.512821 5 40960 24393 2 16384 10028 1 8192 5196 0 0 0
1709836771688246 5 0 3 2 5 48 43 0 42 0 0 0 0 2 2 0 100 101 98 0 0 0 1870993 44054317 0 44021297 8193464 346759 5586494862 352766 61034186437 61034186437 0 13480143 338625651 7.311747 1367 1367 11198464 7980044 7537 5481 0.512821 5 40960 24822 2 16384 10028 1 8192 5357 0 0 0
1709836776747519 6 0 4 2 6 49 43 0 42 0 0 0 0 2 2 0 100 101 98 0 0 0 1870994 44054346 0 44021297 8232626 346887 5591514445 352888 61034186437 61034186437 0 13480143 338625651 7.311742 1367 1367 11198464 7980044 7537 5584 0.512821 6 49152 29830 2 16384 10028 1 8192 5357 0 0 0
1709836791429682 7 0 5 2 7 50 43 0 42 0 0 0 0 2 2 0 100 101 98 0 0 0 1870998 44054382 0 44021297 8273961 347071 5606152706 355003 61034186437 61034186437 0 13480143 338625651 7.311736 1367 1367 11198464 7980044 7537 5682 0.512821 7 57344 34096 2 16384 10028 1 8192 5357 0 0 0
1709836832292117 7 0 5 2 7 50 43 0 42 0 0 0 0 2 2 1 100 101 98 0 0 0 1871006 44054464 0 44021297 8274145 353299 5646984922 356290 64572227871 61034186437 0 13480143 338625651 7.311722 1367 1367 11198464 7980044 7537 5864 0.512821 7 57344 34096 2 16384 10028 1 8192 5357 0 0 0
1709836852265985 8 0 7 1 8 51 43 0 42 0 0 0 0 1 1 0 100 101 99 0 0 0 1871012 44431724 0 44398428 8434140 353587 5666441173 358509 64572227871 64572227871 0 13480143 348742784 7.460525 1367 1367 11198464 7980044 7537 6028 0.513314 8 65536 38764 1 8192 4839 1 8192 5357 0 0 0
1709836882053814 8 0 7 1 8 51 43 0 42 0 0 0 0 1 1 0 100 101 99 0 0 0 1871017 44431784 0 44398428 8473198 353836 5696188786 359177 64572227871 64572227871 0 13480143 348742784 7.460514 1466 1466 12009472 8568441 7254 6090 0.512839 8 65536 38764 1 8192 4839 1 8192 5357 0 0 0
1709836892828796 9 0 8 1 9 53 44 0 43 0 0 0 0 1 1 0 100 101 99 0 0 0 1871023 44431829 0 44398428 8621799 356637 5706811911 359414 64572227871 64572227871 0 13480143 348742784 7.460506 1466 1466 12009472 8568441 7254 6205 0.512821 9 73728 44896 1 8192 4839 1 8192 6388 0 0 0
1709836912311790 11 0 10 1 11 55 44 0 43 0 0 0 0 1 1 0 100 101 99 0 0 0 1871030 44431896 0 44398428 8859344 356960 5726054136 362063 64572227871 64572227871 0 13480143 348742784 7.460494 1466 1466 12009472 8568441 7254 6258 0.512821 11 90112 54678 1 8192 4839 1 8192 6388 0 0 0
1709836932338050 11 0 10 1 11 55 44 0 43 0 0 0 0 1 1 0 100 101 99 0 0 0 1871033 44431936 0 44398428 8898637 357146 5746040262 362503 64572227871 64572227871 0 13480143 348742784 7.460487 1466 1466 12009472 8568441 7254 6308 0.512821 11 90112 54678 1 8192 4839 1 8192 6388 0 0 0
1709837167183264 6 0 5 1 6 56 50 0 49 0 0 0 0 1 1 0 100 101 99 0 0 0 1871069 44432393 0 44398428 9039597 372150 5980714144 376783 64572227871 64572227871 0 13480143 348742784 7.460408 1466 1466 12009472 8568441 7254 6524 0.512821 6 49152 29922 1 8192 4839 1 8192 6388 0 0 0
1709837182736632 8 0 7 1 8 58 50 0 49 0 0 0 0 1 1 0 100 101 99 0 0 0 1871077 44432445 0 44398428 9193991 372413 5996112281 377108 64572227871 64572227871 0 13480143 348742784 7.460398 1466 1466 12009472 8568441 7254 6561 0.512821 8 65536 42061 1 8192 4839 1 8192 7288 0 0 0
1709837222263048 5 0 4 1 5 59 54 0 53 0 0 0 0 1 1 0 100 101 99 0 0 0 1871079 44432536 0 44398428 9239386 375710 6035587545 379258 64572227871 64572227871 0 13480143 348742784 7.460383 1466 1466 12009472 8568441 7254 6629 0.512821 5 40960 26918 1 8192 4839 1 8192 7288 0 0 0
1709837257367487 5 0 4 1 5 60 55 0 54 0 0 0 0 1 1 0 100 101 99 0 0 0 1871083 44432598 0 44398428 9279597 378503 6070647997 379972 64572227871 64572227871 0 13480143 348742784 7.460372 1466 1466 12009472 8568441 7254 6691 0.512821 5 40960 26601 1 8192 4839 1 8192 7288 0 0 0
1709837282683685 6 0 5 1 6 61 55 0 54 0 0 0 0 1 1 0 100 101 99 0 0 0 1871084 44432647 0 44398428 9324022 378750 6095917353 381909 64572227871 64572227871 0 13480143 348742784 7.460364 1466 1466 12009472 8568441 7254 6720 0.512821 6 49152 31790 1 8192 4839 1 8192 7288 0 0 0
1709837302914693 7 0 6 1 7 62 55 0 54 0 0 0 0 1 1 0 100 101 99 0 0 0 1871092 44432702 0 44398428 9461284 379013 6116010169 382337 64572227871 64572227871 0 13480143 348742784 7.460354 1466 1466 12009472 8568441 7254 6747 0.512821 7 57344 36458 1 8192 4839 1 8192 7288 0 0 0
1709837332523792 8 0 7 1 8 63 55 0 54 0 0 0 0 1 1 0 100 101 99 0 0 0 1871101 44432768 0 44398428 9500967 382708 6145574890 383037 64572227871 64572227871 0 13480143 348742784 7.460342 1466 1466 12009472 8568441 7254 6798 0.512821 8 65536 40788 1 8192 4839 1 8192 7288 0 0 0
1709837367969492 9 0 8 1 9 64 55 0 54 0 0 0 0 1 1 0 100 101 99 0 0 0 1871107 44432848 0 44398428 9534662 383079 6180981019 388170 64572227871 64572227871 0 13480143 348742784 7.460328 1466 1466 12009472 8568441 7254 6821 0.512821 9 73728 45984 1 8192 4839 1 8192 7288 0 0 0
1709837397737515 10 0 9 1 10 65 55 0 54 0 0 0 0 1 1 0 100 101 99 0 0 0 1871112 44432915 0 44398428 9682715 385670 6210597468 388805 64572227871 64572227871 0 13480143 348742784 7.460317 1466 1466 12009472 8568441 7254 6864 0.512821 10 81920 52372 1 8192 4839 1 8192 7288 0 0 0
1709837407111800 12 0 11 1 12 67 55 0 54 0 0 0 0 1 1 0 100 101 99 0 0 0 1871116 44432951 0 44398428 9722524 385875 6219929681 390633 64572227871 64572227871 0 13480143 348742784 7.460310 1466 1466 12009472 8568441 7254 6884 0.512821 12 98304 61544 1 8192 4839 1 8192 7288 0 0 0
1709837532538012 10 0 9 1 10 68 58 0 57 0 0 0 0 1 1 0 100 101 99 0 0 0 1871132 44433212 0 44398428 9768628 392799 6345295853 396948 64572227871 64572227871 0 13480143 348742784 7.460266 1466 1466 12009472 8568441 7254 6938 0.512821 10 81920 49405 1 8192 4839 1 8192 6388 0 0 0
1709837537783966 11 0 10 1 11 69 58 0 57 0 0 0 0 1 1 0 100 101 99 0 0 0 1871133 44433234 0 44398428 9812878 392921 6350497201 397033 64572227871 64572227871 0 13480143 348742784 7.460262 1466 1466 12009472 8568441 7254 6954 0.512821 11 90112 54731 1 8192 4839 1 8192 6388 0 0 0
1709837592045977 10 0 9 1 10 70 60 0 59 0 0 0 0 1 1 0 100 101 99 0 0 0 1871146 44433357 0 44398428 9853336 396936 6404711454 399929 64572227871 64572227871 0 13480143 348742784 7.460240 1466 1466 12009472 8568441 7254 6984 0.512821 10 81920 49542 1 8192 4839 1 8192 6388 0 0 0
1709837682998484 8 0 7 1 8 71 63 0 62 0 0 0 0 1 1 0 100 101 99 0 0 0 1871160 44433547 0 44398428 9899635 404645 6495602416 406970 64572227871 64572227871 0 13480143 348742784 7.460207 1466 1466 12009472 8568441 7254 7024 0.512821 8 65536 40705 1 8192 4839 1 8192 6388 0 0 0
1709837727901762 6 0 5 1 6 72 66 0 65 0 0 0 0 1 1 0 100 101 99 0 0 0 1871170 44433633 0 44398428 9901475 405038 6540500475 409531 64572227871 64572227871 0 13480143 348742784 7.460192 1466 1466 12009472 8568441 7254 7036 0.512821 6 49152 29734 1 8192 4839 1 8192 5357 0 0 0
1709837757178527 8 0 7 1 8 74 66 0 65 0 0 0 0 1 1 0 100 101 99 0 0 0 1871183 44433697 0 44398428 10192259 409060 6569481486 410153 64572227871 64572227871 0 13480143 348742784 7.460179 1466 1466 12009472 8568441 7254 7058 0.512821 8 65536 41690 1 8192 4839 1 8192 7288 0 0 0
1709837797464521 9 0 8 1 9 75 66 0 65 0 0 0 0 1 1 0 100 101 99 0 0 0 1871191 44433762 0 44398428 10231636 413355 6609720264 413317 64572227871 64572227871 0 13480143 348742784 7.460167 1466 1466 12009472 8568441 7254 7078 0.512821 9 73728 46020 1 8192 4839 1 8192 7288 0 0 0
1709837812414903 9 0 8 1 9 75 66 0 65 0 0 0 0 1 1 0 100 101 99 0 0 0 1871194 44433781 0 44398428 10267469 413459 6624634186 413654 64572227871 64572227871 0 13480143 348742784 7.460164 1466 1466 12009472 8568441 7254 7087 0.512821 9 73728 46020 1 8192 4839 1 8192 7288 0 0 0
1709837847204909 9 0 8 1 9 77 68 0 67 0 0 0 0 1 1 0 100 101 99 0 0 0 1871196 44433846 0 44398428 10416593 413841 6659272171 415859 64572227871 64572227871 0 13480143 348742784 7.460153 1466 1466 12009472 8568441 7254 7096 0.512821 9 73728 46921 1 8192 4839 1 8192 7288 0 0 0
1709837922531888 8 0 7 1 8 77 69 0 68 0 0 0 0 1 1 0 100 101 99 0 0 0 1871209 44433957 0 44398428 10421271 421963 6734582004 419828 64572227871 64572227871 0 13480143 348742784 7.460133 1466 1466 12009472 8568441 7254 7120 0.512821 8 65536 42655 1 8192 4839 1 8192 7288 0 0 0
1709837977910172 10 0 9 1 10 79 69 0 68 0 0 0 0 1 1 0 100 101 99 0 0 0 1871218 44434053 0 44398428 10466652 426190 6789903868 426284 64572227871 64572227871 0 13480143 348742784 7.460116 1466 1466 12009472 8568441 7254 7134 0.512821 10 81920 53476 1 8192 4839 1 8192 7288 0 0 0
1709837987252949 10 0 9 1 10 80 70 0 69 0 0 0 0 1 1 0 100 101 99 0 0 0 1871220 44434077 0 44398428 10511392 426323 6799201210 426604 64572227871 64572227871 0 13480143 348742784 7.460112 1466 1466 12009472 8568441 7254 7140 0.512821 10 81920 53445 1 8192 4839 1 8192 7288 0 0 0
1709838037628273 10 0 9 1 10 81 71 0 70 0 0 0 0 1 1 0 100 101 99 0 0 0 1871227 44434154 0 44398428 10553161 430799 6849526979 429563 64572227871 64572227871 0 13480143 348742784 7.460098 1466 1466 12009472 8568441 7254 7152 0.512821 10 81920 53122 1 8192 4839 1 8192 7288 0 0 0
1709838047898760 11 0 10 1 11 82 71 0 70 0 0 0 0 1 1 0 100 101 99 0 0 0 1871228 44434181 0 44398428 10554145 430949 6859795912 429777 64572227871 64572227871 0 13480143 348742784 7.460094 1466 1466 12009472 8568441 7254 7158 0.512821 11 90112 57711 1 8192 4839 1 8192 7288 0 0 0
1709838122363790 9 0 8 1 9 84 75 0 74 0 0 0 0 1 1 0 100 101 99 0 0 0 1871241 44434305 0 44398428 10613165 435522 6934192885 433706 64572227871 64572227871 0 13480143 348742784 7.460072 1466 1466 12009472 8568441 7254 7168 0.512821 9 73728 47614 1 8192 4839 1 8192 6388 0 0 0
1709838212141491 9 0 8 1 9 85 76 0 75 0 0 0 0 1 1 0 100 101 99 0 0 0 1871250 44434448 0 44398428 10751426 443061 7023818599 439464 64572227871 64572227871 0 13480143 348742784 7.460047 1466 1466 12009472 8568441 7254 7182 0.512821 9 73728 45894 1 8192 4839 1 8192 6028 0 0 0
1709838237949036 9 0 8 1 9 86 77 0 76 0 0 0 0 1 1 0 100 101 99 0 0 0 1871255 44434500 0 44398428 10757971 443340 7049618585 439974 64572227871 64572227871 0 13480143 348742784 7.460038 1466 1466 12009472 8568441 7254 7186 0.512821 9 73728 45894 1 8192 4839 1 8192 6028 0 0 0
1709838257218093 10 0 9 1 10 87 77 0 76 0 0 0 0 1 1 0 100 101 99 0 0 0 1871259 44434546 0 44398428 10797563 443564 7068847087 440424 64572227871 64572227871 0 13480143 348742784 7.460030 1466 1466 12009472 8568441 7254 7190 0.512821 10 81920 50224 1 8192 4839 1 8192 6028 0 0 0
1709838267999948 11 0 10 1 11 88 77 0 76 0 0 0 0 1 1 0 100 101 99 0 0 0 1871264 44434571 0 44398428 10834977 443715 7079590921 440656 64572227871 64572227871 0 13480143 348742784 7.460025 1466 1466 12009472 8568441 7254 7194 0.512821 11 90112 55420 1 8192 4839 1 8192 6028 0 0 0
1709838308050788 10 0 9 1 10 89 79 0 78 0 0 0 0 1 1 0 100 101 99 0 0 0 1871274 44434648 0 44398428 10983946 447501 7119483792 445527 64572227871 64572227871 0 13480143 348742784 7.460011 1466 1466 12009472 8568441 7254 7200 0.512821 10 81920 51125 1 8192 4839 1 8192 6388 0 0 0
1709838363312581 8 0 7 1 8 90 82 0 81 0 0 0 0 1 1 0 100 101 99 0 0 0 1871281 44434749 0 44398428 10986981 451480 7174734936 448816 64572227871 64572227871 0 13480143 348742784 7.459994 1466 1466 12009472 8568441 7254 7206 0.512821 8 65536 40831 1 8192 4839 1 8192 6388 0 0 0
1709838418276071 9 0 8 1 9 91 82 0 81 0 0 0 0 1 1 0 100 101 99 0 0 0 1871288 44434852 0 44398428 11031922 454393 7229647304 451661 64572227871 64572227871 0 13480143 348742784 7.459976 1466 1466 12009472 8568441 7254 7212 0.512821 9 73728 46188 1 8192 4839 1 8192 6388 0 0 0
1709838433716156 9 0 8 1 9 92 83 0 82 0 0 0 0 1 1 0 100 101 99 0 0 0 1871299 44434886 0 44398428 11077033 454591 7245041459 452005 64572227871 64572227871 0 13480143 348742784 7.459969 1466 1466 12009472 8568441 7254 7215 0.512821 9 73728 46157 1 8192 4839 1 8192 6388 0 0 0
1709838478002596 10 0 9 1 10 93 83 0 82 0 0 0 0 1 1 0 100 101 99 0 0 0 1871304 44434978 0 44398428 11117239 458610 7289279681 455582 64572227871 64572227871 0 13480143 348742784 7.459953 1466 1466 12009472 8568441 7254 7219 0.512821 10 81920 50423 1 8192 4839 1 8192 6388 0 0 0
1709838553397820 9 0 8 1 9 94 85 0 84 0 0 0 0 1 1 0 100 101 99 0 0 0 1871326 44435142 0 44398428 11139473 463171 7364643269 459876 64572227871 64572227871 0 13480143 348742784 7.459923 1466 1466 12009472 8568441 7254 7223 0.512821 9 73728 45755 1 8192 4839 1 8192 6388 0 0 0
1709838568192533 8 0 7 1 8 95 87 0 86 0 0 0 0 1 1 0 100 101 99 0 0 0 1871330 44435175 0 44398428 11184615 463337 7379392109 460182 64572227871 64572227871 0 13480143 348742784 7.459917 1466 1466 12009472 8568441 7254 7225 0.512821 8 65536 41586 1 8192 4839 1 8192 6388 0 0 0
1709838663348362 7 0 6 1 7 96 89 0 88 0 0 0 0 1 1 0 100 101 99 0 0 0 1871347 44435348 0 44398428 11341219 473175 7474374943 466148 64572227871 64572227871 0 13480143 348742784 7.459887 1466 1466 12009472 8568441 7254 7231 0.512821 7 57344 35277 1 8192 4839 1 8192 5464 0 0 0
1709838678725607 8 0 7 1 8 97 89 0 88 0 0 0 0 1 1 0 100 101 99 0 0 0 1871353 44435400 0 44398428 11355663 473409 7489736937 466526 64572227871 64572227871 0 13480143 348742784 7.459877 1466 1466 12009472 8568441 7254 7233 0.512821 8 65536 39866 1 8192 4839 1 8192 5464 0 0 0
1709838698849388 9 0 8 1 9 98 89 0 88 0 0 0 0 1 1 0 100 101 99 0 0 0 1871355 44435446 0 44398428 11568620 476956 7509641195 469238 64572227871 64572227871 0 13480143 348742784 7.459870 1466 1466 12009472 8568441 7254 7236 0.512821 9 73728 44196 1 8192 4839 1 8192 5464 0 0 0
1709838713456530 10 0 9 1 10 99 89 0 88 0 0 0 0 1 1 0 100 101 99 0 0 0 1871362 44435485 0 44398428 11602077 477162 7524214079 469587 64572227871 64572227871 0 13480143 348742784 7.459862 1466 1466 12009472 8568441 7254 7237 0.512821 10 81920 49392 1 8192 4839 1 8192 5464 0 0 0
1709838773999662 9 0 8 1 9 100 91 0 90 0 0 0 0 1 1 0 100 101 99 0 0 0 1871370 44435621 0 44398428 11750692 481463 7584600157 473211 64572227871 64572227871 0 13480143 348742784 7.459839 1466 1466 12009472 8568441 7254 7239 0.512821 9 73728 45097 1 8192 4839 1 8192 6388 0 0 0
1709838858639707 7 0 6 1 7 100 93 0 92 0 0 0 0 1 1 0 100 101 99 0 0 0 1871390 44435806 0 44398428 11796544 485538 7669186319 476580 64572227871 64572227871 0 13480143 348742784 7.459806 1466 1466 12009472 8568441 7254 7241 0.512821 7 57344 35367 1 8192 4839 1 8192 6388 0 0 0
1709838868495255 8 0 7 1 8 102 94 0 93 0 0 0 0 1 1 0 100 101 99 0 0 0 1871397 44435847 0 44398428 11797819 485754 7679039804 476839 64572227871 64572227871 0 13480143 348742784 7.459798 1466 1466 12009472 8568441 7254 7242 0.512821 8 65536 40831 1 8192 4839 1 8192 6388 0 0 0
1709838878178143 9 0 8 1 9 103 94 0 93 0 0 0 0 1 1 0 100 101 99 0 0 0 1871402 44435877 0 44398428 11842243 489244 7688674331 477061 64572227871 64572227871 0 13480143 348742784 7.459793 1466 1466 12009472 8568441 7254 7244 0.512821 9 73728 46157 1 8192 4839 1 8192 6388 0 0 0
1709838913892611 10 0 9 1 10 104 94 0 93 0 0 0 0 1 1 0 100 101 99 0 0 0 1871412 44435957 0 44398428 11887045 489653 7724337678 482604 64572227871 64572227871 0 13480143 348742784 7.459778 1466 1466 12009472 8568441 7254 7245 0.512821 10 81920 51450 1 8192 4839 1 8192 6388 0 0 0
1709838993043850 10 0 9 1 10 106 96 0 95 0 0 0 0 1 1 0 100 101 99 0 0 0 1871425 44436127 0 44398428 11934379 497636 7803429183 486527 64572227871 64572227871 0 13480143 348742784 7.459749 1466 1466 12009472 8568441 7254 7248 0.512821 10 81920 51048 1 8192 4839 1 8192 6388 0 0 0
1709839008100817 10 0 9 1 10 107 97 0 96 0 0 0 0 1 1 0 100 101 99 0 0 0 1871432 44436160 0 44398428 11978975 497818 7818439231 488444 64572227871 64572227871 0 13480143 348742784 7.459742 1466 1466 12009472 8568441 7254 7249 0.512821 10 81920 52075 1 8192 4839 1 8192 6388 0 0 0
1709839108162690 9 0 8 1 9 108 99 0 98 0 0 0 0 1 1 0 100 101 99 0 0 0 1871448 44436343 0 44398428 12118649 502716 7918351285 493176 64572227871 64572227871 0 13480143 348742784 7.459710 1466 1466 12009472 8568441 7254 7251 0.512821 9 73728 45159 1 8192 4839 1 8192 5464 0 0 0
1709839158339032 10 0 9 1 10 109 99 0 98 0 0 0 0 1 1 0 100 101 99 0 0 0 1871456 44436433 0 44398428 12158282 506391 7968480389 496730 64572227871 64572227871 0 13480143 348742784 7.459694 1466 1466 12009472 8568441 7254 7253 0.512821 10 81920 49489 1 8192 4839 1 8192 5464 0 0 0
1709839168114473 10 0 9 1 10 110 100 0 99 0 0 0 0 1 1 0 100 101 99 0 0 0 1871461 44436457 0 44398428 12192816 506536 7978220675 496966 64572227871 64572227871 0 13480143 348742784 7.459690 1466 1466 12009472 8568441 7254 7254 0.512821 10 81920 49328 1 8192 4839 1 8192 5464 0 0 0
1709839183946122 9 0 8 1 9 111 102 0 101 0 0 0 0 1 1 0 100 101 99 0 0 0 1871463 44436495 0 44398428 12193995 510467 7994046649 497321 64572227871 64572227871 0 13480143 348742784 7.459683 1466 1466 12009472 8568441 7254 7254 0.512821 9 73728 44002 1 8192 4839 1 8192 5464 0 0 0
1709839248058830 8 0 7 1 8 112 104 0 103 0 0 0 0 1 1 0 100 101 99 0 0 0 1871478 44436611 0 44398428 12342950 514471 8057999474 503800 64572227871 64572227871 0 13480143 348742784 7.459662 1466 1466 12009472 8568441 7254 7254 0.512821 8 65536 40831 1 8192 4839 1 8192 6388 0 0 0
1709839303032567 8 0 7 1 8 113 105 0 104 0 0 0 0 1 1 0 100 101 99 0 0 0 1871483 44436716 0 44398428 12388609 517422 8112921206 506779 64572227871 64572227871 0 13480143 348742784 7.459645 1466 1466 12009472 8568441 7254 7254 0.512821 8 65536 41599 1 8192 4839 1 8192 6388 0 0 0
1709839358411040 8 0 7 1 8 114 106 0 105 0 0 0 0 1 1 0 100 101 99 0 0 0 1871492 44436825 0 44398428 12433608 521330 8168247456 509660 64572227871 64572227871 0 13480143 348742784 7.459625 1466 1466 12009472 8568441 7254 7254 0.512821 8 65536 41568 1 8192 4839 1 8192 6388 0 0 0
1709839373666466 10 0 9 1 10 116 106 0 105 0 0 0 0 1 1 0 100 101 99 0 0 0 1871500 44436875 0 44398428 12528862 521602 8183406547 510113 64572227871 64572227871 0 13480143 348742784 7.459616 1466 1466 12009472 8568441 7254 7254 0.512821 10 81920 51127 1 8192 4839 1 8192 6388 0 0 0
1709839418656250 10 0 9 1 10 117 107 0 106 0 0 0 0 1 1 0 100 101 99 0 0 0 1871511 44436970 0 44398428 12542165 524286 8228376666 513365 64572227871 64572227871 0 13480143 348742784 7.459599 1466 1466 12009472 8568441 7254 7254 0.512821 10 81920 52487 1 8192 4839 1 8192 6388 0 0 0
1709839473040421 9 0 8 1 9 118 109 0 108 0 0 0 0 1 1 0 100 101 99 0 0 0 1871522 44437080 0 44398428 12620871 528628 8282673934 516826 64572227871 64572227871 0 13480143 348742784 7.459580 1466 1466 12009472 8568441 7254 7254 0.512821 9 73728 47741 1 8192 4839 1 8192 6388 0 0 0
1709839523022889 10 0 9 1 10 120 110 0 109 0 0 0 0 1 1 0 100 101 99 0 0 0 1871535 44437172 0 44398428 12623222 529071 8332648590 521417 64572227871 64572227871 0 13480143 348742784 7.459563 1466 1466 12009472 8568441 7254 7254 0.512821 10 81920 53098 1 8192 4839 1 8192 6388 0 0 0
1709839558720984 10 0 9 1 10 121 111 0 110 0 0 0 0 1 1 0 100 101 99 0 0 0 1871547 44437225 0 44398428 12761327 533524 8368203065 522176 64572227871 64572227871 0 13480143 348742784 7.459552 1466 1466 12009472 8568441 7254 7254 0.512821 10 81920 51378 1 8192 4839 1 8192 6028 0 0 0
1709839623769264 10 0 9 1 10 122 112 0 111 0 0 0 0 1 1 0 100 101 99 0 0 0 1871553 44437339 0 44398428 12795737 538152 8433208527 525554 64572227871 64572227871 0 13480143 348742784 7.459533 1466 1466 12009472 8568441 7254 7254 0.512821 10 81920 51217 1 8192 4839 1 8192 6028 0 0 0
1709839693500024 8 0 7 1 8 123 115 0 114 0 0 0 0 1 1 0 100 101 99 0 0 0 1871568 44437479 0 44398428 12946461 542825 8502776652 532268 64572227871 64572227871 0 13480143 348742784 7.459508 1466 1466 12009472 8568441 7254 7254 0.512821 8 65536 42720 1 8192 4839 1 8192 6388 0 0 0
1709839743375458 7 0 6 1 7 124 117 0 116 0 0 0 0 1 1 0 100 101 99 0 0 0 1871574 44437585 0 44398428 13102983 546292 8552490534 533426 64572227871 64572227871 0 13480143 348742784 7.459490 1466 1466 12009472 8568441 7254 7254 0.512821 7 57344 37488 1 8192 4839 1 8192 6388 0 0 0
1709839803874885 8 0 7 1 8 126 118 0 117 0 0 0 0 1 1 0 100 101 99 0 0 0 1871591 44437708 0 44398428 13148050 550634 8612937063 536444 64572227871 64572227871 0 13480143 348742784 7.459467 1466 1466 12009472 8568441 7254 7254 0.512821 8 65536 42814 1 8192 4839 1 8192 6388 0 0 0
1709839838806477 8 0 7 1 8 127 119 0 118 0 0 0 0 1 1 0 100 101 99 0 0 0 1871597 44437781 0 44398428 13162764 554666 8647845264 540801 64572227871 64572227871 0 13480143 348742784 7.459455 1466 1466 12009472 8568441 7254 7254 0.512821 8 65536 42814 1 8192 4839 1 8192 6388 0 0 0
1709839868123815 8 0 7 1 8 128 120 0 119 0 0 0 0 1 1 0 100 101 99 0 0 0 1871604 44437853 0 44398428 13176311 555007 8677147658 541501 64572227871 64572227871 0 13480143 348742784 7.459442 1466 1466 12009472 8568441 7254 7254 0.512821 8 65536 44174 1 8192 4839 1 8192 6388 0 0 0
1709839873585042 9 0 8 1 9 129 120 0 119 0 0 0 0 1 1 0 100 101 99 0 0 0 1871605 44437871 0 44398428 13209546 555111 8682575224 541619 64572227871 64572227871 0 13480143 348742784 7.459439 1466 1466 12009472 8568441 7254 7254 0.512821 9 73728 48954 1 8192 4839 1 8192 6388 0 0 0
1709839918413202 10 0 9 1 10 130 120 0 119 0 0 0 0 1 1 0 100 101 99 0 0 0 1871615 44437963 0 44398428 13254290 559338 8727350891 544726 64572227871 64572227871 0 13480143 348742784 7.459422 1466 1466 12009472 8568441 7254 7254 0.512821 10 81920 54311 1 8192 4839 1 8192 6388 0 0 0
1709840003116552 8 0 7 1 8 130 122 0 121 0 0 0 0 1 1 0 100 101 99 0 0 0 1871633 44438132 0 44398428 13393776 563315 8811906628 548336 64572227871 64572227871 0 13480143 348742784 7.459392 1466 1466 12009472 8568441 7254 7254 0.512821 8 65536 42727 1 8192 4839 1 8192 6028 0 0 0
1709840033366243 11 0 10 1 10 133 122 0 121 0 0 0 0 1 1 0 100 101 99 0 0 0 1871640 44438222 0 44398428 13454511 567583 8842087931 551331 64572227871 64572227871 0 13480143 348742784 7.459377 1466 1466 12009472 8568441 7254 7254 0.512821 10 81920 52687 1 8192 4839 1 8192 6028 0 0 0
1709840068234228 10 0 9 1 10 134 124 0 123 0 0 0 0 1 1 0 100 101 99 0 0 0 1871647 44438307 0 44398428 13490722 567996 8876918127 552155 64572227871 64572227871 0 13480143 348742784 7.459362 1466 1466 12009472 8568441 7254 7254 0.512821 10 81920 52988 1 8192 4839 1 8192 6038 0 0 0
1709840158440522 10 0 9 1 10 136 126 0 125 0 0 0 0 1 1 0 100 101 99 0 0 0 1871659 44438476 0 44398428 13643855 576610 8966953454 560841 64572227871 64572227871 0 13480143 348742784 7.459333 1466 1466 12009472 8568441 7254 7254 0.512821 10 81920 54050 1 8192 4839 1 8192 6388 0 0 0
1709840193664412 9 0 8 1 9 137 128 0 127 0 0 0 0 1 1 0 100 101 99 0 0 0 1871670 44438551 0 44398428 13656408 580656 9002157947 563281 64572227871 64572227871 0 13480143 348742784 7.459319 1466 1466 12009472 8568441 7254 7254 0.512821 9 73728 48818 1 8192 4839 1 8192 6388 0 0 0
1709840218304794 9 0 8 1 9 138 129 0 128 0 0 0 0 1 1 0 100 101 99 0 0 0 1871678 44438602 0 44398428 13701381 580894 9026752220 563865 64572227871 64572227871 0 13480143 348742784 7.459309 1466 1466 12009472 8568441 7254 7254 0.512821 9 73728 48818 1 8192 4839 1 8192 6388 0 0 0
1709840253432987 10 0 9 1 10 139 129 0 128 0 0 0 0 1 1 0 100 101 99 0 0 0 1871685 44438665 0 44398428 13746324 585244 9061830003 564689 64572227871 64572227871 0 13480143 348742784 7.459298 1466 1466 12009472 8568441 7254 7254 0.512821 10 81920 54144 1 8192 4839 1 8192 6388 0 0 0
1709840323781191 10 0 9 1 10 140 130 0 129 0 0 0 0 1 1 0 100 101 99 0 0 0 1871710 44438796 0 44398428 13760529 589525 9132153877 570127 64572227871 64572227871 0 13480143 348742784 7.459273 1466 1466 12009472 8568441 7254 7254 0.512821 10 81920 55504 1 8192 4839 1 8192 6388 0 0 0
1709840403035392 7 0 6 1 7 140 133 0 132 0 0 0 0 1 1 1 100 101 99 0 0 0 1871719 44438923 0 44398428 13761929 593851 9211329019 574688 71051753803 64572227871 0 13480143 348742784 7.459251 1466 1466 12009472 8568441 7254 7254 0.512821 7 57344 38978 1 8192 4839 1 8192 6388 0 0 0
1709840408022772 0 0 0 0 0 140 140 7 132 0 0 0 0 0 0 0 100 101 100 0 0 0 1871719 49421487 0 49380890 13830387 593883 9211329019 574790 71051753803 71051753803 0 13480143 358865836 6.922882 1466 1466 12009472 8568441 7254 7254 0.537179 0 0 0 0 0 0 0 0 0 0 0 0
