# timestamp workers_connected workers_init workers_idle workers_busy workers_able workers_joined workers_removed workers_released workers_idled_out workers_blocked workers_fast_aborted workers_lost tasks_waiting tasks_on_workers tasks_running tasks_with_results tasks_submitted tasks_dispatched tasks_done tasks_failed tasks_cancelled tasks_exhausted_attempts time_send time_receive time_send_good time_receive_good time_status_msgs time_internal time_polling time_application time_execute time_execute_good time_execute_exhaustion bytes_sent bytes_received bandwidth capacity_tasks capacity_cores capacity_memory capacity_disk capacity_instantaneous capacity_weighted manager_load total_cores total_memory total_disk committed_cores committed_memory committed_disk max_cores max_memory max_disk min_cores min_memory min_disk
1709782374838024 0 0 0 0 0 0 0 0 0 0 0 0 16 0 0 0 16 0 0 0 0 0 0 0 0 0 0 0 0 0 0 0 0 0 0 1.000000 10 10 5120 10240 10 10 0.000000 0 0 0 0 0 0 0 0 0 0 0 0
1709782381822045 1 0 0 1 1 1 0 0 0 0 0 0 15 1 0 0 16 0 0 0 0 0 5820 61 0 0 1529 2166 6969517 8527 0 0 0 133467 0 1.000000 10 10 5120 10240 10 10 0.424571 1 8192 5154 0 0 0 1 8192 5154 0 0 0
1709782389573586 1 0 0 1 1 1 0 0 0 0 0 0 15 1 1 0 17 2 1 0 0 0 17743 895 0 739 2247 2311 14709073 8940 2732134 2732134 0 266934 135503 1.000000 10 10 5120 10240 10 10 0.485833 1 8192 5154 1 8192 5154 1 8192 5154 0 0 0
1709782413185707 2 0 0 2 2 2 0 0 0 0 0 0 14 2 1 0 17 2 1 0 0 0 50453 1020 0 739 15385 2651 38273698 9468 2732134 2732134 0 400399 135503 1.000000 379 379 3104768 1953366 379 29 0.486541 2 16384 13343 1 8192 5154 1 8192 8189 0 0 0
1709782421697014 2 0 0 2 2 2 0 0 0 0 0 0 14 2 2 1 17 3 1 0 0 0 66006 1057 0 739 15421 2750 46762969 9697 11219276 2732134 0 400399 135503 1.000000 379 379 3104768 1953366 379 47 0.503400 2 16384 13343 2 16384 13343 1 8192 8189 0 0 0
1709782426765994 2 0 0 2 2 2 0 0 0 0 0 0 14 2 2 0 18 4 2 0 0 0 76807 35311 0 34913 22172 2846 51786312 9966 11219276 11219276 0 533866 261287 1.000000 379 379 3104768 1953366 379 80 0.507455 2 16384 13343 2 16384 13343 1 8192 8189 0 0 0
1709782488566445 3 0 0 3 3 3 0 0 0 0 0 0 13 3 2 0 18 4 2 0 0 0 193982 35612 0 34913 29308 7521 113452191 14399 11219276 11219276 0 667333 261287 1.000000 170 170 1392640 1134155 144 87 0.487177 3 24576 18173 2 16384 13343 1 8192 8189 0 0 0
1709782493586302 14 0 0 14 14 14 0 0 0 0 0 0 2 14 14 1 23 21 7 0 0 0 951645 268121 0 266903 319724 8658 117181890 16527 26680915 25171977 0 2802795 1115537 3.063549 52 52 425984 303836 123 87 0.474057 14 114688 96124 14 114688 96124 1 8192 14888 0 0 0
1709782498718575 18 0 2 16 18 18 0 0 0 0 0 0 0 16 15 0 31 30 15 0 0 0 1387533 597214 0 595320 855724 11551 121014040 19021 49096881 49096881 0 4137465 2356842 3.120526 34 34 278528 266769 95 76 0.483138 18 147456 117759 15 122880 103690 1 8192 14888 0 0 0
1709782505478301 24 0 8 16 24 24 0 0 0 0 0 0 0 16 16 1 38 38 22 0 0 0 1391687 1055267 0 1052681 1709252 12337 126432282 22757 68752380 66719450 0 5071732 3448102 3.320515 25 25 204800 199158 26 64 0.512312 24 196608 145590 16 131072 108514 1 8192 14888 0 0 0
1709782510663093 24 0 8 16 24 24 0 0 0 0 0 0 0 16 16 0 39 39 23 0 0 0 1392153 1143653 0 1140953 1731146 12469 131527376 23092 68752380 68752380 0 5205199 3619303 3.318748 24 24 196608 198742 11 60 0.511378 24 196608 145590 16 131072 108514 1 8192 14888 0 0 0
1709782516871777 24 0 8 16 24 24 0 0 0 0 0 0 0 16 16 1 39 39 23 0 0 0 1392154 1143682 0 1140953 1731195 12535 137728596 23304 95703609 68752380 0 5205199 3619303 3.318709 23 23 188416 197068 11 58 0.512041 24 196608 145590 16 131072 108514 1 8192 14888 0 0 0
1709782524690293 24 0 8 16 24 24 0 0 0 0 0 0 0 16 16 1 43 43 27 0 0 0 1394556 1220781 0 1217649 1759038 12842 145438246 24764 127798841 124926378 0 5739067 4577186 3.761789 39 39 319488 329612 84 101 0.508663 24 196608 145590 16 131072 108514 1 8192 14888 0 0 0
1709782529731114 24 0 8 16 24 24 0 0 0 0 0 0 0 16 16 0 44 44 28 0 0 0 1395307 1234633 0 1231343 1766037 12952 150463644 25168 127798841 127798841 0 5872534 4750902 3.852292 40 40 327680 336715 102 102 0.509772 24 196608 145590 16 131072 108514 1 8192 14888 0 0 0
1709783000697095 17 0 1 16 17 25 8 0 8 0 0 0 0 16 16 0 44 44 28 0 0 0 1395393 1237615 0 1231343 1931248 38690 621209528 49852 127798841 127798841 0 5872534 4750902 3.847804 40 40 327680 335462 72 93 0.512821 17 139264 113285 16 131072 108514 1 8192 14888 0 0 0
1709783185672388 18 0 2 16 18 26 8 0 8 0 0 0 0 16 16 0 44 44 28 0 0 0 1395422 1238806 0 1231343 1946693 49716 806146310 60003 127798841 127798841 0 5872534 4750902 3.846022 40 40 327680 335462 72 91 0.512821 18 147456 119314 16 131072 108514 1 8192 14888 0 0 0
1709783190908012 19 0 3 16 19 27 8 0 8 0 0 0 0 16 16 0 44 44 28 0 0 0 1395425 1238859 0 1231343 1959779 49832 811368430 60088 127798841 127798841 0 5872534 4750902 3.845940 40 40 327680 335462 72 91 0.512821 19 155648 124418 16 131072 108514 1 8192 14888 0 0 0
1709783296172343 19 0 3 16 19 27 8 0 8 0 0 0 0 16 16 1 44 44 28 0 0 0 1395441 1239486 0 1231343 1961435 55080 916614622 64029 930865452 127798841 0 5872534 4750902 3.845001 40 40 327680 335462 72 91 0.512821 19 155648 124418 16 131072 108514 1 8192 14888 0 0 0
1709783301351309 18 0 2 16 18 27 9 0 9 0 0 0 0 16 16 0 45 45 29 0 0 0 1395898 1305038 0 1296766 1968157 55180 921726416 64635 930865452 930865452 0 6006001 14557534 7.260785 40 40 327680 335462 72 91 0.511720 18 147456 119647 16 131072 108514 1 8192 14888 0 0 0
1709783385336669 18 0 2 16 18 27 9 0 9 0 0 0 0 16 16 1 45 45 29 0 0 0 1395914 1305558 0 1296766 1969656 58654 1005695222 71076 1931633978 930865452 0 6006001 14557534 7.259344 280 280 2293760 2311874 8092 872 0.512821 18 147456 119647 16 131072 108514 1 8192 14888 0 0 0
1709783390393908 18 0 2 16 18 27 9 0 9 0 0 0 0 16 16 0 46 46 30 0 0 0 1396559 1322942 0 1314043 1981902 58782 1010725698 71709 1931633978 1931633978 0 6139468 24363936 10.696930 280 280 2293760 2311874 8092 1576 0.511601 18 147456 119647 16 131072 108514 1 8192 14888 0 0 0
1709783416834755 18 0 2 16 18 27 9 0 9 0 0 0 0 16 16 1 46 46 30 0 0 0 1396562 1323086 0 1314043 1982085 61227 1037156049 72305 2854842690 1931633978 0 6139468 24363936 10.696352 575 575 4710400 4688129 29916 4340 0.512736 18 147456 119647 16 131072 108514 1 8192 14888 0 0 0
1709783422526784 18 0 2 16 18 27 9 0 9 0 0 0 0 16 16 1 50 50 34 0 0 0 1399309 1406412 0 1396850 2011088 61502 1042731212 73760 2860340903 2858388253 0 6673334 34855438 14.115774 814 814 6668288 6597890 27 6423 0.508402 18 147456 119647 16 131072 108514 1 8192 14888 0 0 0
1709783431485044 18 0 2 16 18 27 9 0 9 0 0 0 0 16 16 0 54 54 38 0 0 0 1402300 1467331 0 1457035 2040678 61891 1051598223 78039 2864127109 2864127109 0 7207202 35504334 14.194471 779 779 6381568 6273982 34 4980 0.510322 18 147456 119647 16 131072 108514 1 8192 14888 0 0 0
1709783486016017 19 0 3 16 19 28 9 0 9 0 0 0 0 16 16 0 54 54 38 0 0 0 1402309 1467670 0 1457035 2179048 65315 1105985484 79257 2864127109 2864127109 0 7207202 35504334 14.192750 770 770 6307840 6192867 31 4498 0.512820 19 155648 124418 16 131072 108514 1 8192 14888 0 0 0
1709783751896142 19 0 3 16 19 30 11 0 11 0 0 0 0 16 16 0 54 54 38 0 0 0 1402356 1469277 0 1457035 2235096 78032 1371779800 93880 2864127109 2864127109 0 7207202 35504334 14.184575 770 770 6307840 6192867 31 3489 0.512821 19 155648 122972 16 131072 108514 1 8192 14888 0 0 0
1709783803095871 18 0 2 16 18 30 12 0 12 0 0 0 0 16 16 1 54 54 38 0 0 0 1402361 1469591 0 1457035 2235854 80506 1422972511 96519 3281834324 2864127109 0 7207202 35504334 14.183000 770 770 6307840 6192867 31 3153 0.512821 18 147456 118201 16 131072 108514 1 8192 14888 0 0 0
1709783812734053 18 0 2 16 18 30 12 0 12 0 0 0 0 16 16 0 57 57 41 0 0 0 1404721 1486030 0 1473043 2238453 80814 1432587862 98183 3286431946 3286431946 0 7607603 45606760 17.555705 872 872 7143424 6887274 201 3088 0.510387 18 147456 118201 16 131072 108514 1 8192 14888 0 0 0
1709783819084629 18 0 2 16 18 30 12 0 12 0 0 0 0 16 16 1 59 59 43 0 0 0 1405921 1553538 0 1540190 2252762 85920 1438842683 99114 4615764300 4612834397 0 7874537 55606220 20.456431 1197 1197 9805824 9296358 16813 4194 0.511509 18 147456 118201 16 131072 108514 1 8192 14888 0 0 0
1709783825678010 18 0 2 16 18 30 12 0 12 0 0 0 0 16 16 1 62 62 46 0 0 0 1408232 1593632 0 1579804 2273149 86420 1445371414 100546 4622241671 4620056130 0 8274938 56041268 20.432876 1164 1164 9535488 8833467 55 3430 0.510337 18 147456 118201 16 131072 108514 1 8192 14888 0 0 0
1709783835264043 18 0 2 16 18 30 12 0 12 0 0 0 0 16 16 0 65 65 49 0 0 0 1410037 1632821 0 1618665 2294100 86683 1454900609 101563 4626716410 4626716410 0 8675339 56436484 20.406957 1134 1134 9289728 8429684 64 2806 0.510043 18 147456 118201 16 131072 108514 1 8192 14888 0 0 0
1709783843538715 18 0 2 16 18 30 12 0 12 0 0 0 0 16 16 1 65 65 49 0 0 0 1410038 1632864 0 1618665 2294151 86759 1463152669 101795 5968367127 4626716410 0 8675339 56436484 20.406662 1124 1124 9207808 8301910 57 2669 0.511598 18 147456 118201 16 131072 108514 1 8192 14888 0 0 0
1709783848593786 18 0 3 15 18 30 12 0 12 0 0 0 0 15 15 0 67 67 52 0 0 0 1411046 1946972 0 2021235 2360860 86934 1467758331 102431 5972792897 5972792897 0 8942273 66561999 21.443150 1342 1342 10993664 9912615 3981 2494 0.509731 18 147456 118201 16 131072 108514 1 8192 14888 0 0 0
1709783856785054 18 0 2 16 18 30 12 0 12 0 0 0 0 16 16 0 69 69 53 0 0 0 1412311 2124455 0 2109542 2383139 87135 1475835011 104486 5975687858 5975687858 0 9209207 66743938 20.480451 1257 1257 10297344 9144470 12 2141 0.510057 18 147456 118201 16 131072 108514 1 8192 14888 0 0 0
1709783976183499 19 0 3 16 19 31 12 0 12 0 0 0 0 16 16 1 69 69 53 0 0 0 1412332 2125233 0 2109542 2386310 95427 1595136715 108753 7452783274 5975687858 0 9209207 66743938 20.475826 1257 1257 10297344 9165608 15 1839 0.512821 19 155648 123832 16 131072 108514 1 8192 14888 0 0 0
1709783984562660 19 0 3 16 19 31 12 0 12 0 0 0 0 16 16 1 71 71 55 0 0 0 1413589 3305339 0 3289347 2547076 95677 1602182144 111337 7459243186 7455961423 0 9476139 76749734 17.425865 1266 1266 10371072 9229089 1195 1639 0.510515 19 155648 123832 16 131072 108514 1 8192 14888 0 0 0
1709784032209350 19 0 3 16 19 31 12 0 12 0 0 0 0 16 16 1 72 72 56 0 0 0 1414294 3593959 0 3577329 2616463 101674 1649524170 112730 8064967261 7459243186 0 9609606 76887128 16.470756 1066 1066 8732672 7552023 6 1408 0.512798 19 155648 123832 16 131072 108514 1 8192 14888 0 0 0
1709784037292221 19 0 3 16 19 31 12 0 12 0 0 0 0 16 16 0 73 73 57 0 0 0 1415073 3648391 0 3631603 2623876 101874 1654550725 113192 8064967261 8064967261 0 9743073 86729274 18.170012 1066 1066 8732672 7552023 6 1272 0.511592 19 155648 123832 16 131072 108514 1 8192 14888 0 0 0
1709784270384263 17 0 1 16 17 31 14 0 14 0 0 0 0 16 16 1 73 73 57 0 0 0 1415105 3649859 0 3631603 2627420 114138 1887606430 124466 9810620362 8064967261 0 9743073 86729274 18.164631 1146 1146 9388032 8118779 7555 2696 0.512821 17 139264 114145 16 131072 108514 1 8192 14888 0 0 0
1709784275458233 17 0 1 16 17 31 14 0 14 0 0 0 0 16 16 0 74 74 58 0 0 0 1415552 3697665 0 3679307 2634892 114249 1892630999 125077 9810620362 9810620362 0 9876540 96607930 19.860590 1146 1146 9388032 8118779 7555 3170 0.511601 17 139264 114145 16 131072 108514 1 8192 14888 0 0 0
1709784375743428 18 0 2 16 18 33 15 0 15 0 0 0 0 16 16 0 74 74 58 0 0 0 1415573 3698323 0 3679307 2689166 121626 1992847341 131171 9810620362 9810620362 0 9876540 96607930 19.857953 1419 1419 11624448 9840070 23477 6068 0.512821 18 147456 118201 16 131072 108514 1 8192 14888 0 0 0
1709784581549151 19 0 3 16 19 34 15 0 15 0 0 0 0 16 16 0 74 74 58 0 0 0 1415611 3699546 0 3679307 2711282 131351 2198610895 139592 9810620362 9810620362 0 9876540 96607930 19.853057 1419 1419 11624448 9840070 23477 9299 0.512821 19 155648 123043 16 131072 108514 1 8192 14888 0 0 0
1709784636583644 19 0 3 16 19 34 15 0 15 0 0 0 0 16 16 1 74 74 58 0 0 0 1415620 3699876 0 3679307 2711827 134397 2253630364 144150 11150933417 9810620362 0 9876540 96607930 19.851741 1419 1419 11624448 9840070 23477 10682 0.512821 19 155648 123043 16 131072 108514 1 8192 14888 0 0 0
1709784641987272 19 0 3 16 19 34 15 0 15 0 0 0 0 16 16 1 76 76 60 0 0 0 1417279 4054942 0 4034080 2724646 134609 2258662896 145638 11155915145 11152401617 0 10143474 106643062 20.353038 1575 1575 12902400 10904079 3639 11516 0.510331 19 155648 123043 16 131072 108514 1 8192 14888 0 0 0
1709784647054289 19 0 3 16 19 34 15 0 15 0 0 0 0 16 16 0 77 77 61 0 0 0 1417732 4090935 0 4069969 2730977 134703 2263692827 145935 11155915145 11155915145 0 10276941 107089179 20.318719 1572 1572 12877824 10874134 30 10397 0.510505 19 155648 123043 16 131072 108514 1 8192 14888 0 0 0
1709784700801735 17 0 1 16 17 34 17 0 17 0 0 0 0 16 16 1 77 77 61 0 0 0 1417737 4091288 0 4069969 2732612 138125 2317425117 148619 11824422769 11155915145 0 10276941 107089179 20.317398 1602 1602 13123584 10745988 51 9389 0.512820 17 139264 113356 16 131072 108514 1 8192 14888 0 0 0
1709784705885589 17 0 1 16 17 34 17 0 17 0 0 0 0 16 16 0 78 78 62 0 0 0 1418196 4140132 0 4118683 2739928 138225 2322458354 149284 11824422769 11824422769 0 10410408 116940428 21.850316 1602 1602 13123584 10745988 51 8480 0.511827 17 139264 113356 16 131072 108514 1 8192 14888 0 0 0
1709784715780401 17 0 1 16 17 34 17 0 17 0 0 0 0 16 16 0 81 81 65 0 0 0 1420045 4152580 0 4130778 2748310 141592 2332324332 151871 12727408682 12727408682 0 10810809 127081597 23.598295 1879 1879 15392768 12626842 156 9316 0.510278 17 139264 113356 16 131072 108514 1 8192 14888 0 0 0
1709784734916852 17 0 1 16 17 34 17 0 17 0 0 0 0 16 16 1 81 81 65 0 0 0 1420049 4152687 0 4130778 2748433 141784 2351453056 152296 14969255397 12727408682 0 10810809 127081597 23.597824 1879 1879 15392768 12626842 156 8858 0.512458 17 139264 113356 16 131072 108514 1 8192 14888 0 0 0
1709784739996384 17 0 1 16 17 34 17 0 17 0 0 0 0 16 16 0 82 82 66 0 0 0 1420651 4207658 0 4185625 2755362 141909 2356476238 152685 14969255397 14969255397 0 10944276 136884074 25.048394 1879 1879 15392768 12626842 156 8010 0.511442 17 139264 113356 16 131072 108514 1 8192 14888 0 0 0
1709784815825863 17 0 1 16 17 34 17 0 17 0 0 0 0 16 16 1 82 82 66 0 0 0 1420663 4208142 0 4185625 2756767 145371 2432274719 155791 15933278628 14969255397 0 10944276 136884074 25.046187 2258 2258 18497536 14880267 28490 10007 0.512820 17 139264 113356 16 131072 108514 1 8192 14888 0 0 0
1709784820977678 17 0 1 16 17 34 17 0 17 0 0 0 0 16 16 1 84 84 68 0 0 0 1421750 4522808 0 4500033 2801560 145563 2437064349 157239 15937887799 15935629756 0 11211210 146914261 25.367773 2299 2299 18833408 15037337 2858 11363 0.510661 17 139264 113356 16 131072 108514 1 8192 14888 0 0 0
1709784828406514 17 0 1 16 17 34 17 0 17 0 0 0 0 16 16 0 86 86 70 0 0 0 1422953 4699843 0 4676807 2846394 145784 2444291230 158047 15939929552 15939929552 0 11478142 147194542 24.714536 2338 2338 19152896 14828932 12 9745 0.510543 17 139264 113356 16 131072 108514 1 8192 14888 0 0 0
1709784858817962 18 0 2 16 18 35 17 0 17 0 0 0 0 16 16 0 86 86 70 0 0 0 1422956 4700030 0 4676807 2886207 149005 2474656772 160445 15939929552 15939929552 0 11478142 147194542 24.713769 2328 2328 19070976 14781850 11 8797 0.512796 18 147456 117939 16 131072 108514 1 8192 14888 0 0 0
1709784915328146 17 0 1 16 17 35 18 0 18 0 0 0 0 16 16 1 86 86 70 0 0 0 1422967 4700396 0 4676807 2887502 152300 2531153500 165127 18353118686 15939929552 0 11478142 147194542 24.712248 2328 2328 19070976 14781850 11 7941 0.512821 17 139264 113097 16 131072 108514 1 8192 14888 0 0 0
1709784924118147 17 0 1 16 17 35 18 0 18 0 0 0 0 16 16 0 90 90 74 0 0 0 1424904 5460989 0 5436961 2938367 152622 2539131679 166690 20768110218 20768110218 0 12012010 167334796 24.838963 2805 2805 22978560 17655415 8 8286 0.509861 17 139264 113097 16 131072 108514 1 8192 14888 0 0 0
1709784999245703 18 0 2 16 18 36 18 0 18 0 0 0 0 16 16 0 90 90 74 0 0 0 1424918 5461417 0 5436961 2983258 156548 2614206215 170093 20768110218 20768110218 0 12012010 167334796 24.837369 2754 2754 22560768 17180633 21 7481 0.512820 18 147456 118286 16 131072 108514 1 8192 14888 0 0 0
1709785069939856 19 0 3 16 19 37 18 0 18 0 0 0 0 16 16 0 90 90 74 0 0 0 1424932 5461845 0 5436961 2991803 160954 2684882892 173849 20768110218 20768110218 0 12012010 167334796 24.835775 2754 2754 22560768 17180633 21 6754 0.512821 19 155648 123128 16 131072 108514 1 8192 14888 0 0 0
1709785245380570 18 0 2 16 18 37 19 0 19 0 0 0 0 16 16 1 90 90 74 0 0 0 1424957 5462760 0 5436961 2994276 173809 2860291249 182777 23591732016 20768110218 0 12012010 167334796 24.832385 2754 2754 22560768 17180633 21 5508 0.512821 18 147456 118545 16 131072 108514 1 8192 14888 0 0 0
1709785250418397 18 0 2 16 18 37 19 0 19 0 0 0 0 16 16 1 91 91 75 0 0 0 1425422 5535593 0 5509699 3001145 173888 2865248174 183482 23596669936 23591732016 0 12145477 177229485 25.944785 2754 2754 22560768 17180633 21 4974 0.511470 18 147456 118545 16 131072 108514 1 8192 14888 0 0 0
1709785255456405 18 0 2 16 18 37 19 0 19 0 0 0 0 16 16 0 92 92 76 0 0 0 1426004 5549094 0 5523046 3007960 176231 2870269054 183923 23596669936 23596669936 0 12278944 177434009 25.938613 3111 3111 25485312 19488447 125 6889 0.511007 18 147456 118545 16 131072 108514 1 8192 14888 0 0 0
1709785261966223 18 0 2 16 18 37 19 0 19 0 0 0 0 16 16 1 92 92 76 0 0 0 1426008 5549157 0 5523046 3008493 176393 2876769514 185702 24588177000 23596669936 0 12278944 177434009 25.938364 3111 3111 25485312 19488447 125 6551 0.512649 18 147456 118545 16 131072 108514 1 8192 14888 0 0 0
1709785269384760 18 0 2 16 18 37 19 0 19 0 0 0 0 16 16 0 94 94 78 0 0 0 1427059 5610952 0 5584564 3023006 176648 2884116423 186364 24590465928 24590465928 0 12545876 187401982 27.093612 3227 3227 26435584 20215114 13294 6294 0.511671 18 147456 118545 16 131072 108514 1 8192 14888 0 0 0
1709785444708703 17 0 1 16 17 38 21 0 21 0 0 0 0 16 16 0 94 94 78 0 0 0 1427095 5611986 0 5584564 3070074 187504 3059374077 193040 24590465928 24590465928 0 12545876 187401982 27.089493 3144 3144 25755648 19882528 52 5138 0.512821 17 139264 113703 16 131072 108514 1 8192 14888 0 0 0
1709785504950084 18 0 2 16 18 39 21 0 21 0 0 0 0 16 16 0 94 94 78 0 0 0 1427101 5612390 0 5584564 3077899 190521 3119601166 195773 24590465928 24590465928 0 12545876 187401982 27.087915 3144 3144 25755648 19882528 52 4643 0.512821 18 147456 118545 16 131072 108514 1 8192 14888 0 0 0
1709785544349046 18 0 2 16 18 39 21 0 21 0 0 0 0 16 16 1 94 94 78 0 0 0 1427105 5612625 0 5584564 3078434 190964 3158975259 199578 27641749744 24590465928 0 12545876 187401982 27.086996 3144 3144 25755648 19882528 52 4414 0.512821 18 147456 118545 16 131072 108514 1 8192 14888 0 0 0
1709785554291566 18 0 2 16 18 39 21 0 21 0 0 0 0 16 16 0 97 97 81 0 0 0 1428613 5986518 0 5958069 3137800 191211 3168501128 200813 27646033765 27646033765 0 12946275 197864475 27.112778 3133 3133 25665536 19551967 13 4087 0.510398 18 147456 118545 16 131072 108514 1 8192 14888 0 0 0
1709785574400842 18 0 2 16 18 39 21 0 21 0 0 0 0 16 16 1 97 97 81 0 0 0 1428617 5986632 0 5958069 3137982 194515 3188535989 202847 29235124683 27646033765 0 12946275 197864475 27.112346 3078 3078 25214976 19002819 11 3691 0.512540 18 147456 118545 16 131072 108514 1 8192 14888 0 0 0
1709785581201139 18 0 2 16 18 39 21 0 21 0 0 0 0 16 16 1 99 99 83 0 0 0 1429944 7091347 0 7062508 3275542 194709 3194091577 203840 29239993537 29237388815 0 13213209 207886999 24.744794 2836 2836 23232512 17346481 1233 3228 0.510068 18 147456 118545 16 131072 108514 1 8192 14888 0 0 0
1709785749877426 18 0 3 15 18 40 22 0 22 0 0 0 0 15 15 0 100 100 85 0 0 0 1430463 7643237 0 7613175 3428932 204280 3362113618 210778 29242787846 29242787846 0 13346676 208200981 23.285353 2362 2362 19349504 14041753 5 2376 0.512821 18 147456 118289 15 122880 103690 1 8192 14888 0 0 0
1709785949308140 17 0 2 15 17 41 24 0 24 0 0 0 0 15 15 0 100 100 85 0 0 0 1430490 7644406 0 7613175 3442398 215305 3561506168 222628 29242787846 29242787846 0 13346676 208200981 23.282284 2362 2362 19349504 14041753 5 1938 0.512821 17 139264 113465 15 122880 103690 1 8192 14888 0 0 0
1709786003028652 17 0 2 15 17 41 24 0 24 0 0 0 0 15 15 1 100 100 85 0 0 0 1430503 7644727 0 7613175 3443462 218244 3615214093 223840 30544937564 29242787846 0 13346676 208200981 23.281428 2362 2362 19349504 14041753 5 1751 0.512821 17 139264 113465 15 122880 103690 1 8192 14888 0 0 0
1709786033145013 18 0 4 14 18 42 24 0 24 0 0 0 0 14 14 0 100 100 86 0 0 0 1430511 7692775 0 7660982 3588461 218666 3645140969 226455 30544937564 30544937564 0 13346676 218093078 24.192835 2362 2362 19349504 14041753 5 1582 0.513038 18 147456 118289 14 114688 96062 1 8192 14888 0 0 0
1709786145467971 17 0 3 14 17 42 25 0 25 0 0 0 0 14 14 1 100 100 86 0 0 0 1430531 7693468 0 7660982 3590246 225328 3757439648 234002 34190536332 30544937564 0 13346676 218093078 24.190944 2471 2471 20242432 14689742 17221 3813 0.512821 17 139264 113356 14 114688 96062 1 8192 14888 0 0 0
1709786150472645 17 0 4 13 17 42 25 0 25 0 0 0 0 13 13 1 100 100 87 0 0 0 1430532 7742155 0 7709551 3597496 225427 3762388015 234554 37842874727 34190536332 0 13346676 228165058 25.109713 2471 2471 20242432 14689742 17221 5121 0.522496 17 139264 113356 13 106496 88477 1 8192 14888 0 0 0
1709786230180680 17 0 5 12 17 42 25 0 25 0 0 0 0 12 12 0 100 100 88 0 0 0 1430542 7789923 0 7756800 3618375 233567 3842022085 238046 37842874727 37842874727 0 13346676 238121871 26.009436 3066 3066 25116672 18208787 50562 13406 0.512821 17 139264 113356 12 98304 83570 1 8192 14888 0 0 0
1709786297303049 17 0 5 12 17 43 26 0 26 0 0 0 0 12 12 1 100 100 88 0 0 0 1430547 7790321 0 7756800 3619435 236905 3909129837 240921 41619380308 37842874727 0 13346676 238121871 26.008299 3066 3066 25116672 18208787 50562 17029 0.512821 17 139264 113447 12 98304 83570 1 8192 14888 0 0 0
1709786452979041 15 0 4 11 15 44 29 0 29 0 0 0 0 11 11 0 100 100 89 0 0 0 1430568 7839154 0 7804765 3642400 243858 4064723814 250428 41619380308 41619380308 0 13346676 248208011 26.908896 3382 3382 27705344 20251969 52205 23411 0.512821 15 122880 101038 11 90112 76004 1 8192 14888 0 0 0
1709786507280506 15 0 4 11 15 45 30 0 30 0 0 0 0 11 11 0 100 100 89 0 0 0 1430579 7839442 0 7804765 3780765 247452 4118879883 253251 41619380308 41619380308 0 13346676 248208011 26.908028 3382 3382 27705344 20251969 52205 26219 0.512821 15 122880 100955 11 90112 76004 1 8192 14888 0 0 0
1709786592302146 15 0 4 11 15 46 31 0 31 0 0 0 0 11 11 0 100 100 89 0 0 0 1430594 7839892 0 7804765 3794976 253696 4203877222 256226 41619380308 41619380308 0 13346676 248208011 26.906679 3382 3382 27705344 20251969 52205 29927 0.512821 15 122880 103607 11 90112 76004 1 8192 14888 0 0 0
1709786657960080 16 0 5 11 16 48 32 0 32 0 0 0 0 11 11 0 100 100 89 0 0 0 1430606 7840268 0 7804765 3857022 257221 4269466397 258633 41619380308 41619380308 0 13346676 248208011 26.905553 3382 3382 27705344 20251969 52205 32100 0.512821 16 131072 106074 11 90112 76004 1 8192 14888 0 0 0
1709786663654093 18 0 8 10 18 50 32 0 32 0 0 0 0 10 10 0 100 100 90 0 0 0 1430610 7887542 0 7851903 4014281 257452 4274954849 259270 44447756326 44447756326 0 13346676 258245201 27.796305 3382 3382 27705344 20251969 52205 34061 0.513645 18 147456 115746 10 81920 70900 1 8192 14888 0 0 0
1709786673564170 19 0 9 10 19 51 32 0 32 0 0 0 0 10 10 0 100 100 90 0 0 0 1430613 7887600 0 7851903 4027923 257616 4284850687 259468 44447756326 44447756326 0 13346676 258245201 27.796123 3611 3611 29581312 21619573 40387 34378 0.512898 19 155648 120679 10 81920 70900 1 8192 14888 0 0 0
1709786743646234 20 0 10 10 20 52 32 0 32 0 0 0 0 10 10 0 100 100 90 0 0 0 1430628 7887966 0 7851903 4042354 260970 4354911391 262335 44447756326 44447756326 0 13346676 258245201 27.794987 3611 3611 29581312 21619573 40387 34965 0.512821 20 163840 128245 10 81920 70900 1 8192 14888 0 0 0
1709786758220428 19 0 9 10 19 52 33 0 33 0 0 0 0 10 10 0 100 100 90 0 0 0 1430629 7888056 0 7851903 4081949 263963 4369439433 265592 44447756326 44447756326 0 13346676 258245201 27.794715 3611 3611 29581312 21619573 40387 35495 0.512821 19 155648 120617 10 81920 70900 1 8192 14888 0 0 0
1709786763318988 20 0 10 10 20 53 33 0 33 0 0 0 0 10 10 0 100 100 90 0 0 0 1430629 7888090 0 7851903 4232423 264049 4374387128 265677 44447756326 44447756326 0 13346676 258245201 27.794614 3611 3611 29581312 21619573 40387 35740 0.512821 20 163840 124815 10 81920 70900 1 8192 14888 0 0 0
1709786790759097 22 0 12 10 22 55 33 0 33 0 0 0 0 10 10 1 100 100 90 0 0 0 1430634 7888244 0 7851903 4370463 264498 4401681554 266291 46596460015 44447756326 0 13346676 258245201 27.794140 3611 3611 29581312 21619573 40387 35973 0.512821 22 180224 134596 10 81920 70900 1 8192 14888 0 0 0
1709786860904615 22 0 13 9 22 56 34 0 34 0 0 0 0 9 9 0 100 100 91 0 0 0 1430655 7952216 0 7915475 4525747 268060 4471607016 269542 46596460015 46596460015 0 13346676 268261135 28.622597 3678 3678 30130176 21984457 22526 35711 0.512821 22 180224 137640 9 73728 66279 1 8192 14888 0 0 0
1709786955837762 21 0 12 9 21 57 36 0 36 0 0 0 0 9 9 0 100 100 91 0 0 0 1430676 7952621 0 7915475 4665352 274694 4566387210 275437 46596460015 46596460015 0 13346676 268261135 28.621298 3678 3678 30130176 21984457 22526 33831 0.512821 21 172032 129972 9 73728 66279 1 8192 14888 0 0 0
1709787006583592 16 0 7 9 16 57 41 0 41 0 0 0 0 9 9 1 100 100 91 0 0 0 1430689 7952857 0 7915475 4666991 278681 4617117155 278616 51113024325 46596460015 0 13346676 268261135 28.620538 3678 3678 30130176 21984457 22526 32729 0.512821 16 131072 105137 9 73728 66279 1 8192 14888 0 0 0
1709787076389287 13 0 5 8 13 58 45 0 45 0 0 0 0 8 8 0 100 100 92 0 0 0 1430702 8010861 0 7973111 4688845 282551 4686839612 284398 51113024325 51113024325 0 13346676 278353256 29.464055 4057 4057 33234944 24459240 54163 32857 0.512821 13 106496 88499 8 65536 58646 1 8192 14888 0 0 0
1709787101398563 13 0 5 8 13 59 46 0 46 0 0 0 0 8 8 0 100 100 92 0 0 0 1430704 8010985 0 7973111 4733613 282890 4711802881 284917 51113024325 51113024325 0 13346676 278353256 29.463662 4057 4057 33234944 24459240 54163 33923 0.512821 13 106496 89004 8 65536 58646 1 8192 14888 0 0 0
1709787113433816 13 0 5 8 13 59 46 0 46 0 0 0 0 8 8 1 100 100 92 0 0 0 1430705 8011032 0 7973111 4733749 283013 4723813757 287236 53308406982 51113024325 0 13346676 278353256 29.463512 4057 4057 33234944 24459240 54163 34935 0.512821 13 106496 89004 8 65536 58646 1 8192 14888 0 0 0
1709787143588310 13 0 6 7 13 59 46 0 46 0 0 0 0 7 7 0 100 100 93 0 0 0 1430712 8426534 0 8388424 4768792 286789 4753534229 288454 53308406982 53308406982 0 13346676 288354699 29.189172 4075 4075 33382400 25381429 4172 35180 0.513833 13 106496 89004 7 57344 43758 1 8192 14888 0 0 0
1709787208587628 14 0 7 7 14 61 47 0 47 0 0 0 0 7 7 0 100 100 93 0 0 0 1430725 8426858 0 8388424 4783474 290603 4818511128 291714 53308406982 53308406982 0 13346676 288354699 29.188174 4075 4075 33382400 25381429 4172 32158 0.512821 14 114688 93635 7 57344 43758 1 8192 14888 0 0 0
1709787248179984 15 0 8 7 15 62 47 0 47 0 0 0 0 7 7 0 100 100 93 0 0 0 1430729 8427034 0 8388424 4796168 293844 4858084430 294429 53308406982 53308406982 0 13346676 288354699 29.187642 4075 4075 33382400 25381429 4172 29430 0.512821 15 122880 98256 7 57344 43758 1 8192 14888 0 0 0
1709787308393041 15 0 8 7 15 63 48 0 48 0 0 0 0 7 7 0 100 100 93 0 0 0 1430735 8427305 0 8388424 4946084 297527 4918139431 298266 53308406982 53308406982 0 13346676 288354699 29.186821 4075 4075 33382400 25381429 4172 26969 0.512821 15 122880 101300 7 57344 43758 1 8192 14888 0 0 0
1709787388143122 16 0 9 7 16 66 50 0 50 0 0 0 0 7 7 0 100 100 93 0 0 0 1430751 8427698 0 8388424 5071142 302951 4997754835 301714 53308406982 53308406982 0 13346676 288354699 29.185610 4075 4075 33382400 25381429 4172 24748 0.512821 16 131072 102868 7 57344 43758 1 8192 14888 0 0 0
1709787393768038 19 0 12 7 19 69 50 0 50 0 0 0 0 7 7 0 100 100 93 0 0 0 1430758 8427766 0 8388424 5404062 303206 5003046167 301819 53308406982 53308406982 0 13346676 288354699 29.185388 4075 4075 33382400 25381429 4172 23720 0.512821 19 155648 119684 7 57344 43758 1 8192 14888 0 0 0
1709787405305518 20 0 14 6 20 71 51 0 51 0 0 0 0 6 6 0 100 100 94 0 0 0 1430765 8676954 0 8637403 5604277 303530 5014132685 302857 55880678353 55880678353 0 13346676 298385124 29.412235 4075 4075 33382400 25381429 4172 21815 0.514695 20 163840 123956 6 49152 38584 1 8192 14888 0 0 0
1709787465478188 19 0 13 6 19 72 53 0 53 0 0 0 0 6 6 0 100 100 94 0 0 0 1430771 8677205 0 8637403 5619041 307009 5074283725 305645 55880678353 55880678353 0 13346676 298385124 29.411488 4178 4178 34226176 26028940 7131 20384 0.512821 19 155648 111768 6 49152 38584 1 8192 8520 0 0 0
1709787520692224 19 0 13 6 19 73 54 0 54 0 0 0 0 6 6 0 100 100 94 0 0 0 1430792 8677465 0 8637403 5633529 310500 5129475246 309637 55880678353 55880678353 0 13346676 298385124 29.410670 4178 4178 34226176 26028940 7131 19093 0.512821 19 155648 109109 6 49152 38584 1 8192 8520 0 0 0
1709787575460359 19 0 13 6 19 74 55 0 55 0 0 0 0 6 6 0 100 100 94 0 0 0 1430804 8677691 0 8637403 5678957 313583 5184191823 312134 55880678353 55880678353 0 13346676 298385124 29.409978 4178 4178 34226176 26028940 7131 17927 0.512821 19 155648 109614 6 49152 38584 1 8192 8520 0 0 0
1709787610266024 19 0 13 6 19 75 56 0 56 0 0 0 0 6 6 0 100 100 94 0 0 0 1430811 8677853 0 8637403 5693245 319573 5218975951 312887 55880678353 55880678353 0 13346676 298385124 29.409486 4178 4178 34226176 26028940 7131 16876 0.512821 19 155648 106679 6 49152 38584 1 8192 8520 0 0 0
1709787650956311 20 0 14 6 20 76 56 0 56 0 0 0 0 6 6 0 100 100 94 0 0 0 1430822 8678045 0 8637403 5707713 320138 5259648449 315182 55880678353 55880678353 0 13346676 298385124 29.408895 4178 4178 34226176 26028940 7131 16389 0.512821 20 163840 114245 6 49152 38584 1 8192 8520 0 0 0
1709787830436225 10 0 4 6 10 77 67 0 67 0 0 0 0 6 6 0 100 100 94 0 0 0 1430843 8678850 0 8637403 5756269 334420 5439052820 326421 55880678353 55880678353 0 13346676 298385124 29.406492 4178 4178 34226176 26028940 7131 14674 0.512821 10 81920 61536 6 49152 38584 1 8192 8520 0 0 0
1709787880141007 10 0 4 6 10 78 68 0 68 0 0 0 0 6 6 0 100 100 94 0 0 0 1430849 8679059 0 8637403 5904852 337343 5488602981 328898 55880678353 55880678353 0 13346676 298385124 29.405867 4178 4178 34226176 26028940 7131 13939 0.512821 10 81920 62981 6 49152 38584 1 8192 8520 0 0 0
1709787890728070 11 0 5 6 11 79 68 0 68 0 0 0 0 6 6 0 100 100 94 0 0 0 1430851 8679108 0 8637403 6042484 337493 5499051852 329099 55880678353 55880678353 0 13346676 298385124 29.405719 4178 4178 34226176 26028940 7131 13599 0.512821 11 90112 67805 6 49152 38584 1 8192 8520 0 0 0
1709787910942024 11 0 5 6 11 80 69 0 69 0 0 0 0 6 6 0 100 100 94 0 0 0 1430856 8679214 0 8637403 6056707 340754 5519247604 329527 55880678353 55880678353 0 13346676 298385124 29.405396 4178 4178 34226176 26028940 7131 12969 0.512821 11 90112 70505 6 49152 38584 1 8192 8520 0 0 0
1709787960057171 11 0 5 6 11 81 70 0 70 0 0 0 0 6 6 0 100 100 94 0 0 0 1430862 8679448 0 8637403 6070796 343661 5568341671 333033 55880678353 55880678353 0 13346676 298385124 29.404698 4178 4178 34226176 26028940 7131 12401 0.512821 11 90112 67846 6 49152 38584 1 8192 8520 0 0 0
1709788030131280 12 0 6 6 12 82 70 0 70 0 0 0 0 6 6 0 100 100 94 0 0 0 1430874 8679779 0 8637403 6115800 347118 5638360643 338908 55880678353 55880678353 0 13346676 298385124 29.403700 4178 4178 34226176 26028940 7131 11888 0.512821 12 98304 72972 6 49152 38584 1 8192 8520 0 0 0
1709788035578701 16 0 10 6 16 86 70 0 70 0 0 0 0 6 6 0 100 100 94 0 0 0 1430881 8679863 0 8637403 6565122 347447 5643357948 339011 55880678353 55880678353 0 13346676 298385124 29.403436 4178 4178 34226176 26028940 7131 11651 0.512821 16 131072 90841 6 49152 38584 1 8192 8520 0 0 0
1709788055081461 21 0 15 6 20 91 70 0 70 0 0 0 0 6 6 0 100 100 94 0 0 0 1430894 8679984 0 8637403 6787908 347866 5662635185 340925 55880678353 55880678353 0 13346676 298385124 29.403046 4178 4178 34226176 26028940 7131 11425 0.512821 20 163840 116155 6 49152 38584 1 8192 8520 0 0 0
1709788070300130 22 0 16 6 22 92 70 0 70 0 0 0 0 6 6 0 100 100 94 0 0 0 1430898 8680099 0 8637403 6802562 348274 5677837870 341310 55880678353 55880678353 0 13346676 298385124 29.402700 4178 4178 34226176 26028940 7131 11211 0.512821 22 180224 125662 6 49152 38584 1 8192 8520 0 0 0
1709788100421461 23 0 17 6 23 93 70 0 70 0 0 0 0 6 6 0 100 100 94 0 0 0 1430902 8680275 0 8637403 6816766 351809 5707940116 342068 55880678353 55880678353 0 13346676 298385124 29.402177 4178 4178 34226176 26028940 7131 10814 0.512821 23 188416 133228 6 49152 38584 1 8192 8520 0 0 0
1709788235072405 20 0 14 6 20 94 74 0 74 0 0 0 0 6 6 0 100 100 94 0 0 0 1430922 8680876 0 8637403 6970715 366193 5842413317 350162 55880678353 55880678353 0 13346676 298385124 29.400371 4178 4178 34226176 26028940 7131 10290 0.512821 20 163840 116717 6 49152 38584 1 8192 8520 0 0 0
1709788330661036 20 0 14 6 20 95 75 0 75 0 0 0 0 6 6 0 100 100 94 0 0 0 1430932 8681311 0 8637403 7121261 374046 5937836647 355933 55880678353 55880678353 0 13346676 298385124 29.399077 4178 4178 34226176 26028940 7131 9841 0.512821 20 163840 118381 6 49152 38584 1 8192 8520 0 0 0
1709788366974935 10 0 4 6 10 95 85 0 85 0 0 0 0 6 6 1 100 100 94 0 0 0 1430935 8681461 0 8637403 7123129 374439 5974126099 358157 58698348272 55880678353 0 13346676 298385124 29.398632 4178 4178 34226176 26028940 7131 9706 0.512821 10 81920 65498 6 49152 38584 1 8192 8520 0 0 0
1709788517764006 9 0 4 5 9 96 87 0 87 0 0 0 0 5 5 0 100 100 95 0 0 0 1430964 8880241 0 8835459 7157785 384485 6124684656 364375 58698348272 58698348272 0 13346676 308458180 29.763449 4315 4315 35348480 26816052 9485 9462 0.512821 9 73728 57932 5 40960 34234 1 8192 8520 0 0 0
1709788542400158 9 0 4 5 9 97 88 0 88 0 0 0 0 5 5 0 100 100 95 0 0 0 1430969 8880348 0 8835459 7226952 384785 6149248531 366863 58698348272 58698348272 0 13346676 308458180 29.763126 4315 4315 35348480 26816052 9485 9464 0.512821 9 73728 54662 5 40960 34234 1 8192 8520 0 0 0
1709788552076056 10 0 5 5 10 98 88 0 88 0 0 0 0 5 5 0 100 100 95 0 0 0 1430971 8880394 0 8835459 7240176 384938 6158910563 367063 58698348272 58698348272 0 13346676 308458180 29.762987 4315 4315 35348480 26816052 9485 9466 0.512821 10 81920 62228 5 40960 34234 1 8192 8520 0 0 0
1709788622357744 11 0 6 5 11 99 88 0 88 0 0 0 0 5 5 0 100 100 95 0 0 0 1430977 8880657 0 8835459 7292202 390825 6229128250 372486 58698348272 58698348272 0 13346676 308458180 29.762211 4315 4315 35348480 26816052 9485 9469 0.512821 11 90112 66426 5 40960 34234 1 8192 8520 0 0 0
1709788642511568 19 0 14 5 19 108 89 0 89 0 0 0 0 5 5 0 100 100 95 0 0 0 1430990 8880850 0 8835459 7539888 391590 6249032165 373043 58698348272 58698348272 0 13346676 308458180 29.761616 4315 4315 35348480 26816052 9485 9470 0.512821 19 155648 106698 5 40960 34234 1 8192 8520 0 0 0
1709788682555147 19 0 14 5 19 109 90 0 90 0 0 0 0 5 5 0 100 100 95 0 0 0 1430998 8881017 0 8835459 7692473 394570 6288917338 375472 58698348272 58698348272 0 13346676 308458180 29.761111 4315 4315 35348480 26816052 9485 9472 0.512821 19 155648 107474 5 40960 34234 1 8192 8520 0 0 0
1709788727709352 21 0 16 5 21 111 90 0 90 0 0 0 0 5 5 0 100 100 95 0 0 0 1431009 8881217 0 8835459 7706725 395220 6334052319 379237 58698348272 58698348272 0 13346676 308458180 29.760502 4315 4315 35348480 26816052 9485 9473 0.512821 21 172032 122381 5 40960 34234 1 8192 8520 0 0 0
1709788773046964 21 0 16 5 21 111 90 0 90 0 0 0 0 5 5 0 100 100 95 0 0 0 1431017 8881431 0 8835459 7855709 398346 6379236130 380283 58698348272 58698348272 0 13346676 308458180 29.759862 4315 4315 35348480 26816052 9485 9475 0.512821 21 172032 122381 5 40960 34234 1 8192 8520 0 0 0
1709788813880125 23 0 18 5 23 113 90 0 90 0 0 0 0 5 5 0 100 100 95 0 0 0 1431028 8881601 0 8835459 7895960 401443 6420022854 382921 58698348272 58698348272 0 13346676 308458180 29.759339 4315 4315 35348480 26816052 9485 9477 0.512821 23 188416 133302 5 40960 34234 1 8192 8520 0 0 0
1709789013985270 9 0 4 5 9 114 105 0 105 0 0 0 0 5 5 0 100 100 95 0 0 0 1431058 8882412 0 8835459 7945485 413345 6620053511 394288 58698348272 58698348272 0 13346676 308458180 29.756913 4315 4315 35348480 26816052 9485 9481 0.512821 9 73728 59784 5 40960 34234 1 8192 8520 0 0 0
1709789068749141 9 0 4 5 9 115 106 0 106 0 0 0 0 5 5 0 100 100 95 0 0 0 1431069 8882658 0 8835459 7958675 416513 6674797814 396864 58698348272 58698348272 0 13346676 308458180 29.756171 4315 4315 35348480 26816052 9485 9483 0.512821 9 73728 57342 5 40960 34234 1 8192 8520 0 0 0
1709789088380370 8 0 3 5 8 115 107 0 107 0 0 0 0 5 5 1 100 100 95 0 0 0 1431071 8882735 0 8835459 7958944 416700 6694420874 397285 62522352265 58698348272 0 13346676 308458180 29.755943 4315 4315 35348480 26816052 9485 9484 0.512821 8 65536 50771 5 40960 34234 1 8192 8520 0 0 0
1709789133147044 8 0 4 4 8 116 108 0 108 0 0 0 0 4 4 0 100 100 96 0 0 0 1431079 8935046 0 8887515 8114229 421676 6738979104 399890 62522352265 62522352265 0 13346676 318476953 30.527480 4605 4605 37724160 28847318 48306 11427 0.512846 8 65536 54265 4 32768 26693 1 8192 8520 0 0 0
1709789168076092 10 0 6 4 10 118 108 0 108 0 0 0 0 4 4 0 100 100 96 0 0 0 1431095 8935196 0 8887515 8172717 424802 6773844077 401936 62522352265 62522352265 0 13346676 318476953 30.526991 4605 4605 37724160 28847318 48306 15023 0.512821 10 81920 66454 4 32768 26693 1 8192 8520 0 0 0
1709789223313109 14 0 10 4 14 122 108 0 108 0 0 0 0 4 4 0 100 100 96 0 0 0 1431110 8935515 0 8887515 8409304 430444 6828833476 406517 62522352265 62522352265 0 13346676 318476953 30.526008 4605 4605 37724160 28847318 48306 18269 0.512821 14 114688 89499 4 32768 26693 1 8192 8520 0 0 0
1709789253243041 19 0 15 4 19 127 108 0 108 0 0 0 0 4 4 0 100 100 96 0 0 0 1431123 8935688 0 8887515 8555724 431131 6858615239 407094 62522352265 62522352265 0 13346676 318476953 30.525460 4605 4605 37724160 28847318 48306 19771 0.512821 19 155648 115608 4 32768 26693 1 8192 8520 0 0 0
1709789323257017 20 0 16 4 20 129 109 0 109 0 0 0 0 4 4 0 100 100 96 0 0 0 1431138 8935969 0 8887515 8733406 434912 6928443418 410823 62522352265 62522352265 0 13346676 318476953 30.524588 4605 4605 37724160 28847318 48306 22554 0.512821 20 163840 116981 4 32768 26693 1 8192 8520 0 0 0
1709789423336111 21 0 17 4 21 132 111 0 111 0 0 0 0 4 4 0 100 100 96 0 0 0 1431160 8936383 0 8887515 9024923 442287 7028217181 416389 62522352265 62522352265 0 13346676 318476953 30.523305 4605 4605 37724160 28847318 48306 26228 0.512821 21 172032 119223 4 32768 26693 1 8192 8520 0 0 0
1709789508100539 19 0 15 4 19 133 114 0 114 0 0 0 0 4 4 0 100 100 96 0 0 0 1431175 8936728 0 8887515 9039436 446906 7112958251 419672 62522352265 62522352265 0 13346676 318476953 30.522245 4605 4605 37724160 28847318 48306 28381 0.512821 19 155648 103811 4 32768 26693 1 8192 8520 0 0 0
1709789543062452 12 0 8 4 12 134 122 0 122 0 0 0 0 4 4 0 100 100 96 0 0 0 1431185 8936888 0 8887515 9055197 453747 7147894916 421918 62522352265 62522352265 0 13346676 318476953 30.521744 4605 4605 37724160 28847318 48306 30325 0.512821 12 98304 66548 4 32768 26693 1 8192 8520 0 0 0
1709789618636905 12 0 8 4 12 135 123 0 123 0 0 0 0 4 4 0 100 100 96 0 0 0 1431195 8937201 0 8887515 9069833 457309 7223447301 425081 62522352265 62522352265 0 13346676 318476953 30.520793 4605 4605 37724160 28847318 48306 32080 0.512821 12 98304 69261 4 32768 26693 1 8192 8520 0 0 0
1709789668050105 9 0 5 4 9 136 127 0 127 0 0 0 0 4 4 0 100 100 96 0 0 0 1431202 8937410 0 8887515 9219229 461460 7272703870 427616 62522352265 62522352265 0 13346676 318476953 30.520158 4605 4605 37724160 28847318 48306 33663 0.512821 9 73728 57284 4 32768 26693 1 8192 8520 0 0 0
1709789698556053 10 0 6 4 10 137 127 0 127 0 0 0 0 4 4 0 100 100 96 0 0 0 1431205 8937531 0 8887515 9220602 464096 7303204692 428265 62522352265 62522352265 0 13346676 318476953 30.519793 4605 4605 37724160 28847318 48306 35092 0.512821 10 81920 62070 4 32768 26693 1 8192 8520 0 0 0
1709789768875231 10 0 6 4 10 138 128 0 128 0 0 0 0 4 4 0 100 100 96 0 0 0 1431212 8937820 0 8887515 9261224 467264 7373476026 431588 62522352265 62522352265 0 13346676 318476953 30.518921 4605 4605 37724160 28847318 48306 36381 0.512821 10 81920 61632 4 32768 26693 1 8192 8520 0 0 0
1709789783633111 13 0 9 4 13 141 128 0 128 0 0 0 0 4 4 0 100 100 96 0 0 0 1431220 8937921 0 8887515 9705221 467676 7387786000 434643 62522352265 62522352265 0 13346676 318476953 30.518601 4605 4605 37724160 28847318 48306 36978 0.512821 13 106496 75823 4 32768 26693 1 8192 8520 0 0 0
1709789823118542 13 0 9 4 13 142 129 0 129 0 0 0 0 4 4 0 100 100 96 0 0 0 1431227 8938092 0 8887515 9725130 470948 7427246763 435498 62522352265 62522352265 0 13346676 318476953 30.518077 4605 4605 37724160 28847318 48306 38084 0.512821 13 106496 75698 4 32768 26693 1 8192 8520 0 0 0
1709789863695013 14 0 10 4 14 144 130 0 130 0 0 0 0 4 4 0 100 100 96 0 0 0 1431235 8938285 0 8887515 9783342 472102 7467757716 441168 62522352265 62522352265 0 13346676 318476953 30.517485 4605 4605 37724160 28847318 48306 38596 0.512821 14 114688 78319 4 32768 26693 1 8192 8520 0 0 0
1709789923567017 15 0 11 4 15 146 131 0 131 0 0 0 0 4 4 0 100 100 96 0 0 0 1431245 8938520 0 8887515 9830486 475353 7527576153 443785 62522352265 62522352265 0 13346676 318476953 30.516764 4605 4605 37724160 28847318 48306 39544 0.512821 15 122880 80457 4 32768 26693 1 8192 8520 0 0 0
1709789933910109 20 0 16 4 20 151 131 0 131 0 0 0 0 4 4 0 100 100 96 0 0 0 1431253 8938602 0 8887515 10407083 475712 7537341822 443970 62522352265 62522352265 0 13346676 318476953 30.516499 4605 4605 37724160 28847318 48306 39983 0.512821 20 163840 106551 4 32768 26693 1 8192 8520 0 0 0
1709789953472245 21 0 17 4 21 152 131 0 131 0 0 0 0 4 4 0 100 100 96 0 0 0 1431258 8938693 0 8887515 10419938 479030 7556886963 444417 62522352265 62522352265 0 13346676 318476953 30.516217 4605 4605 37724160 28847318 48306 40796 0.512821 21 172032 111172 4 32768 26693 1 8192 8520 0 0 0
1709790003903043 20 0 16 4 20 153 133 0 133 0 0 0 0 4 4 0 100 100 96 0 0 0 1431266 8938887 0 8887515 10434596 482123 7607296864 447043 62522352265 62522352265 0 13346676 318476953 30.515622 4605 4605 37724160 28847318 48306 41529 0.512821 20 163840 107356 4 32768 26693 1 8192 8520 0 0 0
1709790048452756 21 0 17 4 21 154 133 0 133 0 0 0 0 4 4 0 100 100 96 0 0 0 1431271 8939083 0 8887515 10439673 485121 7651834454 450622 62522352265 62522352265 0 13346676 318476953 30.515031 4605 4605 37724160 28847318 48306 41868 0.512821 21 172032 112142 4 32768 26693 1 8192 8520 0 0 0
1709790058001266 22 0 18 4 22 155 133 0 133 0 0 0 0 4 4 0 100 100 96 0 0 0 1431274 8939150 0 8887515 10453947 489010 7661364308 450848 62522352265 62522352265 0 13346676 318476953 30.514825 4605 4605 37724160 28847318 48306 42496 0.512821 22 180224 119205 4 32768 26693 1 8192 8520 0 0 0
1709790113512491 19 0 15 4 19 156 137 0 137 0 0 0 0 4 4 0 100 100 96 0 0 0 1431282 8939361 0 8887515 10603399 489691 7716721829 453878 62522352265 62522352265 0 13346676 318476953 30.514181 4605 4605 37724160 28847318 48306 42787 0.512821 19 155648 107228 4 32768 26693 1 8192 8520 0 0 0
1709790232542529 10 0 6 4 10 156 146 0 146 0 0 0 0 4 4 1 100 100 96 0 0 0 1431304 8939854 0 8887515 10606976 498291 7835724067 462076 68019897785 62522352265 0 13346676 318476953 30.512665 4605 4605 37724160 28847318 48306 43575 0.512821 10 81920 65110 4 32768 26693 1 8192 8520 0 0 0
1709790362534547 6 0 3 3 6 157 151 0 151 0 0 0 0 3 3 0 100 100 97 0 0 0 1431328 8989449 0 8936558 10617211 510342 7965643826 468518 68019897785 68019897785 0 13346676 328533667 31.287734 5027 5027 41181184 31841326 74594 48396 0.512821 6 49152 38050 3 24576 18173 1 8192 8520 0 0 0
1709790377130039 7 0 4 3 7 158 151 0 151 0 0 0 0 3 3 0 100 100 97 0 0 0 1431334 8989509 0 8936558 10656708 510546 7980199038 468845 68019897785 68019897785 0 13346676 328533667 31.287536 5027 5027 41181184 31841326 74594 49706 0.512821 7 57344 42632 3 24576 18173 1 8192 8520 0 0 0
1709790387216381 9 0 6 3 9 160 151 0 151 0 0 0 0 3 3 0 100 100 97 0 0 0 1431338 8989563 0 8936558 10945456 510785 7989995948 469041 68019897785 68019897785 0 13346676 328533667 31.287362 5027 5027 41181184 31841326 74594 50951 0.512821 9 73728 52031 3 24576 18173 1 8192 8520 0 0 0
1709790392886168 12 0 9 3 12 163 151 0 151 0 0 0 0 3 3 0 100 100 97 0 0 0 1431346 8989620 0 8936558 11096009 511032 7995514316 469166 68019897785 68019897785 0 13346676 328533667 31.287167 5027 5027 41181184 31841326 74594 52134 0.512821 12 98304 65510 3 24576 18173 1 8192 8520 0 0 0
1709790412310079 13 0 10 3 13 164 151 0 151 0 0 0 0 3 3 0 100 100 97 0 0 0 1431351 8989702 0 8936558 11263721 511325 8014765590 473187 68019897785 68019897785 0 13346676 328533667 31.286906 5027 5027 41181184 31841326 74594 53257 0.512821 13 106496 73345 3 24576 18173 1 8192 8520 0 0 0
1709790442033056 14 0 11 3 14 166 152 0 152 0 0 0 0 3 3 0 100 100 97 0 0 0 1431355 8989850 0 8936558 11265602 515682 8044481179 473860 68019897785 68019897785 0 13346676 328533667 31.286449 5027 5027 41181184 31841326 74594 55338 0.512821 14 114688 77247 3 24576 18173 1 8192 8520 0 0 0
1709790452367047 15 0 12 3 15 167 152 0 152 0 0 0 0 3 3 0 100 100 97 0 0 0 1431357 8989897 0 8936558 11278892 515846 8054801305 474040 68019897785 68019897785 0 13346676 328533667 31.286302 5027 5027 41181184 31841326 74594 56301 0.512821 15 122880 84788 3 24576 18173 1 8192 8520 0 0 0
1709790502371576 16 0 13 3 16 168 152 0 152 0 0 0 0 3 3 0 100 100 97 0 0 0 1431367 8990057 0 8936558 11292894 519390 8104783717 478185 68019897785 68019897785 0 13346676 328533667 31.285792 5027 5027 41181184 31841326 74594 58085 0.512821 16 131072 91851 3 24576 18173 1 8192 8520 0 0 0
1709790542428030 16 0 13 3 16 169 153 0 153 0 0 0 0 3 3 0 100 100 97 0 0 0 1431378 8990210 0 8936558 11311518 522823 8144814248 481589 68019897785 68019897785 0 13346676 328533667 31.285300 5027 5027 41181184 31841326 74594 59696 0.512821 16 131072 89266 3 24576 18173 1 8192 8189 0 0 0
1709790557360082 18 0 15 3 18 171 153 0 153 0 0 0 0 3 3 0 100 100 97 0 0 0 1431383 8990282 0 8936558 11374520 523135 8159682394 481883 68019897785 68019897785 0 13346676 328533667 31.285068 5027 5027 41181184 31841326 74594 60441 0.512821 18 147456 109099 3 24576 18173 1 8192 14888 0 0 0
1709790657595028 21 0 18 3 21 174 153 0 153 0 0 0 0 3 3 0 100 100 97 0 0 0 1431403 8990641 0 8936558 11524308 529807 8259754669 487097 68019897785 68019897785 0 13346676 328533667 31.283931 5027 5027 41181184 31841326 74594 62461 0.512821 21 172032 134402 3 24576 18173 1 8192 14927 0 0 0
1709790782165882 13 0 10 3 13 177 164 0 164 0 0 0 0 3 3 0 100 100 97 0 0 0 1431426 8991156 0 8936558 11704670 541672 8384125770 493551 68019897785 68019897785 0 13346676 328533667 31.282316 5027 5027 41181184 31841326 74594 64193 0.512821 13 106496 103679 3 24576 18173 1 8192 14927 0 0 0
1709790872069691 8 0 5 3 8 178 170 0 170 0 0 0 0 3 3 0 100 100 97 0 0 0 1431451 8991499 0 8936558 11719695 545242 8474006665 496916 68019897785 68019897785 0 13346676 328533667 31.281211 5027 5027 41181184 31841326 74594 65208 0.512821 8 65536 65093 3 24576 18173 1 8192 14927 0 0 0
1709790882102322 8 0 5 3 8 178 170 0 170 0 0 0 0 3 3 0 100 100 97 0 0 0 1431454 8991533 0 8936558 11867127 545334 8483891142 497240 68019897785 68019897785 0 13346676 328533667 31.281100 5027 5027 41181184 31841326 74594 65678 0.512821 8 65536 65093 3 24576 18173 1 8192 14927 0 0 0
1709790917309061 10 0 7 3 10 180 170 0 170 0 0 0 0 3 3 0 100 100 97 0 0 0 1431461 8991670 0 8936558 11880852 548891 8519077606 499809 68019897785 68019897785 0 13346676 328533667 31.280668 5027 5027 41181184 31841326 74594 66548 0.512821 10 81920 80469 3 24576 18173 1 8192 14927 0 0 0
1709790947741164 11 0 8 3 11 181 170 0 170 0 0 0 0 3 3 0 100 100 97 0 0 0 1431466 8991774 0 8936558 11894387 549237 8549494818 500391 68019897785 68019897785 0 13346676 328533667 31.280341 5027 5027 41181184 31841326 74594 66951 0.512821 11 90112 87532 3 24576 18173 1 8192 14927 0 0 0
1709790992938611 9 0 6 3 9 182 173 0 173 0 0 0 0 3 3 0 100 100 97 0 0 0 1431480 8991957 0 8936558 11896676 552226 8594682889 504011 68019897785 68019897785 0 13346676 328533667 31.279750 5027 5027 41181184 31841326 74594 67697 0.512821 9 73728 55499 3 24576 18173 1 8192 8189 0 0 0
1709791007599019 14 0 11 3 14 187 173 0 173 0 0 0 0 3 3 0 100 100 97 0 0 0 1431488 8992080 0 8936558 12040371 552741 8609198385 504311 68019897785 68019897785 0 13346676 328533667 31.279357 5027 5027 41181184 31841326 74594 68042 0.512821 14 114688 91643 3 24576 18173 1 8192 14888 0 0 0
1709791102339875 15 0 12 3 15 189 174 0 174 0 0 0 0 3 3 0 100 100 97 0 0 0 1431505 8992442 0 8936558 12099546 560253 8703864318 511732 68019897785 68019897785 0 13346676 328533667 31.278220 5027 5027 41181184 31841326 74594 68978 0.512821 15 122880 106570 3 24576 18173 1 8192 14927 0 0 0
1709791112636384 21 0 18 3 21 195 174 0 174 0 0 0 0 3 3 0 100 100 97 0 0 0 1431516 8992555 0 8936558 12645616 560844 8713613538 511949 68019897785 68019897785 0 13346676 328533667 31.277847 5027 5027 41181184 31841326 74594 69259 0.512821 21 172032 144888 3 24576 18173 1 8192 14927 0 0 0
1709791312073184 12 0 9 3 12 196 184 0 184 0 0 0 0 3 3 0 100 100 97 0 0 0 1431550 8993307 0 8936558 12798776 574463 8912871522 522484 68019897785 68019897785 0 13346676 328533667 31.275489 5027 5027 41181184 31841326 74594 70250 0.512821 12 98304 83887 3 24576 18173 1 8192 14927 0 0 0
1709791317443282 14 0 11 3 14 198 184 0 184 0 0 0 0 3 3 0 100 100 97 0 0 0 1431555 8993368 0 8936558 12854828 578023 8918181566 522628 68019897785 68019897785 0 13346676 328533667 31.275291 5027 5027 41181184 31841326 74594 70675 0.512821 14 114688 103390 3 24576 18173 1 8192 14927 0 0 0
1709791417807051 7 0 4 3 7 199 192 0 192 0 0 0 0 3 3 0 100 100 97 0 0 0 1431570 8993781 0 8936558 12875240 583912 9018510805 529834 68019897785 68019897785 0 13346676 328533667 31.274007 5027 5027 41181184 31841326 74594 71058 0.512821 7 57344 50145 3 24576 18173 1 8192 14882 0 0 0
1709791470234658 9 0 6 3 9 201 192 0 192 0 0 0 0 3 3 1 100 100 97 0 0 0 1431577 8994013 0 8936558 13381888 587642 9070418681 532543 74779352223 68019897785 0 13346676 328533667 31.273290 5027 5027 41181184 31841326 74594 71403 0.512821 9 73728 70968 3 24576 18173 1 8192 14888 0 0 0
1709791545342988 9 0 7 2 9 201 192 0 192 0 0 0 0 2 2 0 100 100 98 0 0 0 1431592 9010337 0 8952582 13437842 591158 9145453549 535966 74779352223 74779352223 0 13346676 338656719 32.148906 5566 5566 45596672 35261065 211849 78722 0.512825 9 73728 70968 2 16384 13019 1 8192 14888 0 0 0
1709791550546030 13 0 11 2 13 205 192 0 192 0 0 0 0 2 2 0 100 100 98 0 0 0 1431595 9010397 0 8952582 13564823 591434 9150528842 536094 74779352223 74779352223 0 13346676 338656719 32.148712 5566 5566 45596672 35261065 211849 85379 0.512821 13 106496 110237 2 16384 13019 1 8192 14927 0 0 0
1709791580674764 14 0 12 2 14 206 192 0 192 0 0 0 0 2 2 0 100 100 98 0 0 0 1431599 9010502 0 8952582 13704755 594843 9180508020 541933 74779352223 74779352223 0 13346676 338656719 32.148377 5566 5566 45596672 35261065 211849 97711 0.512821 14 114688 114824 2 16384 13019 1 8192 14927 0 0 0
1709791585875449 15 0 13 2 15 207 192 0 192 0 0 0 0 2 2 0 100 100 98 0 0 0 1431600 9010522 0 8952582 13843436 594946 9185569620 542048 74779352223 74779352223 0 13346676 338656719 32.148312 5566 5566 45596672 35261065 211849 103418 0.512821 15 122880 119649 2 16384 13019 1 8192 14927 0 0 0
1709791695557680 15 0 13 2 15 210 195 0 195 0 0 0 0 2 2 0 100 100 98 0 0 0 1431625 9010869 0 8952582 14012954 601194 9295071624 545682 74779352223 74779352223 0 13346676 338656719 32.147167 5566 5566 45596672 35261065 211849 118884 0.512821 15 122880 109015 2 16384 13019 1 8192 14927 0 0 0
1709791700731492 18 0 16 2 18 213 195 0 195 0 0 0 0 2 2 0 100 100 98 0 0 0 1431631 9010909 0 8952582 14301161 601444 9299956645 545781 74779352223 74779352223 0 13346676 338656719 32.147025 5566 5566 45596672 35261065 211849 123533 0.512821 18 147456 123550 2 16384 13019 1 8192 14927 0 0 0
1709791735153288 20 0 18 2 20 216 196 0 196 0 0 0 0 2 2 0 100 100 98 0 0 0 1431641 9011049 0 8952582 14387029 602257 9334287552 549498 74779352223 74779352223 0 13346676 338656719 32.146563 5566 5566 45596672 35261065 211849 127949 0.512821 20 163840 142620 2 16384 13019 1 8192 14927 0 0 0
1709791755012464 21 0 19 2 21 217 196 0 196 0 0 0 0 2 2 0 100 100 98 0 0 0 1431642 9011119 0 8952582 14535277 607874 9353991921 549902 74779352223 74779352223 0 13346676 338656719 32.146345 5566 5566 45596672 35261065 211849 136130 0.512821 21 172032 149237 2 16384 13019 1 8192 14927 0 0 0
1709791790570055 19 0 17 2 19 218 199 0 199 0 0 0 0 2 2 0 100 100 98 0 0 0 1431651 9011240 0 8952582 14549037 608404 9389530792 553981 74779352223 74779352223 0 13346676 338656719 32.145945 5566 5566 45596672 35261065 211849 139916 0.512821 19 155648 127881 2 16384 13019 1 8192 14927 0 0 0
1709791920696299 13 0 11 2 13 219 206 0 206 0 0 0 0 2 2 0 100 100 98 0 0 0 1431672 9011643 0 8952582 14571948 620223 9519613073 562232 74779352223 74779352223 0 13346676 338656719 32.144640 5566 5566 45596672 35261065 211849 153260 0.512821 13 106496 80571 2 16384 13019 1 8192 14882 0 0 0
1709791990897234 14 0 12 2 14 220 206 0 206 0 0 0 0 2 2 0 100 100 98 0 0 0 1431684 9011860 0 8952582 14618812 623493 9589759861 565640 74779352223 74779352223 0 13346676 338656719 32.143935 5566 5566 45596672 35261065 211849 158973 0.512821 14 114688 95498 2 16384 13019 1 8192 14927 0 0 0
1709792000812183 13 0 11 2 13 221 208 0 208 0 0 0 0 2 2 0 100 100 98 0 0 0 1431686 9011901 0 8952582 14662803 623644 9599630107 565862 74779352223 74779352223 0 13346676 338656719 32.143802 5566 5566 45596672 35261065 211849 161617 0.512821 13 106496 99479 2 16384 13019 1 8192 14927 0 0 0
1709792040426985 8 0 6 2 8 222 214 0 214 0 0 0 0 2 2 0 100 100 98 0 0 0 1431700 9012042 0 8952582 14802747 626838 9639097363 569712 74779352223 74779352223 0 13346676 338656719 32.143325 5566 5566 45596672 35261065 211849 166515 0.512821 8 65536 64609 2 16384 13019 1 8192 14927 0 0 0
1709792055678139 10 0 8 2 10 224 214 0 214 0 0 0 0 2 2 0 100 100 98 0 0 0 1431704 9012098 0 8952582 14953024 627100 9654197409 569998 74779352223 74779352223 0 13346676 338656719 32.143141 5566 5566 45596672 35261065 211849 168782 0.512821 10 81920 75025 2 16384 13019 1 8192 14927 0 0 0
1709792130005395 8 0 6 2 8 224 216 0 216 0 0 0 0 2 2 0 100 100 98 0 0 0 1431715 9012309 0 8952582 14960739 630982 9728508360 574177 74779352223 74779352223 0 13346676 338656719 32.142457 5566 5566 45596672 35261065 211849 172982 0.512821 8 65536 63787 2 16384 13019 1 8192 14927 0 0 0
1709792140813069 10 0 8 2 10 226 216 0 216 0 0 0 0 2 2 0 100 100 98 0 0 0 1431718 9012353 0 8952582 14977110 631183 9739299053 574365 74779352223 74779352223 0 13346676 338656719 32.142313 5566 5566 45596672 35261065 211849 174926 0.512821 10 81920 74709 2 16384 13019 1 8192 14927 0 0 0
1709792150221815 12 0 10 2 12 228 216 0 216 0 0 0 0 2 2 0 100 100 98 0 0 0 1431725 9012393 0 8952582 15266277 631402 9748416263 576238 74779352223 74779352223 0 13346676 338656719 32.142168 5566 5566 45596672 35261065 211849 176773 0.512821 12 98304 84361 2 16384 13019 1 8192 14927 0 0 0
1709792160158062 15 0 13 2 15 231 216 0 216 0 0 0 0 2 2 0 100 100 98 0 0 0 1431734 9012460 0 8952582 15344903 634337 9758270470 576432 74779352223 74779352223 0 13346676 338656719 32.141934 5566 5566 45596672 35261065 211849 180194 0.512821 15 122880 108314 2 16384 13019 1 8192 14927 0 0 0
1709792210572088 16 0 14 2 16 232 216 0 216 0 0 0 0 2 2 0 100 100 98 0 0 0 1431746 9012604 0 8952582 15493521 634876 9808532280 579012 74779352223 74779352223 0 13346676 338656719 32.141454 5566 5566 45596672 35261065 211849 181777 0.512821 16 131072 114931 2 16384 13019 1 8192 14927 0 0 0
1709792220222142 17 0 15 2 17 234 217 0 217 0 0 0 0 2 2 0 100 100 98 0 0 0 1431755 9012654 0 8952582 15506104 637609 9818166610 579181 74779352223 74779352223 0 13346676 338656719 32.141273 5566 5566 45596672 35261065 211849 184710 0.512821 17 139264 118222 2 16384 13019 1 8192 14927 0 0 0
1709792225293030 19 0 17 2 19 236 217 0 217 0 0 0 0 2 2 0 100 100 98 0 0 0 1431758 9012694 0 8952582 15720911 637802 9823022189 579269 74779352223 74779352223 0 13346676 338656719 32.141140 5566 5566 45596672 35261065 211849 186067 0.512821 19 155648 127470 2 16384 13019 1 8192 14927 0 0 0
1709792235944137 20 0 18 2 20 237 217 0 217 0 0 0 0 2 2 0 100 100 98 0 0 0 1431762 9012732 0 8952582 15733378 637956 9833660295 579441 74779352223 74779352223 0 13346676 338656719 32.141011 5566 5566 45596672 35261065 211849 187357 0.512821 20 163840 132091 2 16384 13019 1 8192 14927 0 0 0
1709792345813383 17 0 15 2 17 238 221 0 221 0 0 0 0 2 2 0 100 100 98 0 0 0 1431783 9013056 0 8952582 15749176 644703 9943497770 587841 74779352223 74779352223 0 13346676 338656719 32.139949 5566 5566 45596672 35261065 211849 190852 0.512821 17 139264 100651 2 16384 13019 1 8192 14882 0 0 0
1709792355539447 18 0 16 2 18 240 222 0 222 0 0 0 0 2 2 0 100 100 98 0 0 0 1431785 9013106 0 8952582 16026001 644951 9952946299 588058 74779352223 74779352223 0 13346676 338656719 32.139789 5566 5566 45596672 35261065 211849 191902 0.512821 18 147456 104152 2 16384 13019 1 8192 14882 0 0 0
1709792405945085 19 0 17 2 19 241 222 0 222 0 0 0 0 2 2 0 100 100 98 0 0 0 1431799 9013246 0 8952582 16031454 648505 10003340165 590361 74779352223 74779352223 0 13346676 338656719 32.139316 5566 5566 45596672 35261065 211849 193848 0.512821 19 155648 110004 2 16384 13019 1 8192 14882 0 0 0
1709792430238765 19 0 17 2 19 241 222 0 222 0 0 0 0 2 2 0 100 100 98 0 0 0 1431801 9013317 0 8952582 16075114 648726 10027589216 590832 74779352223 74779352223 0 13346676 338656719 32.139091 5566 5566 45596672 35261065 211849 194749 0.512821 19 155648 110004 2 16384 13019 1 8192 14882 0 0 0
1709792460858741 15 0 13 2 15 243 228 0 228 0 0 0 0 2 2 0 100 100 98 0 0 0 1431815 9013429 0 8952582 16120573 652011 10058157719 593179 74779352223 74779352223 0 13346676 338656719 32.138703 5566 5566 45596672 35261065 211849 196417 0.512821 15 122880 110189 2 16384 13019 1 8192 14927 0 0 0
1709792545861053 9 0 7 2 9 244 235 0 235 0 0 0 0 2 2 0 100 100 98 0 0 0 1431837 9013685 0 8952582 16324347 655855 10142947353 597592 74779352223 74779352223 0 13346676 338656719 32.137848 5566 5566 45596672 35261065 211849 197922 0.512821 9 73728 70006 2 16384 13019 1 8192 14927 0 0 0
1709792583285730 9 0 7 2 9 244 235 0 235 0 0 0 0 2 2 1 100 100 98 0 0 0 1431843 9013780 0 8952582 16324654 658247 10180360232 599504 82112181000 74779352223 0 13346676 338656719 32.137537 5566 5566 45596672 35261065 211849 199281 0.512821 9 73728 70006 2 16384 13019 1 8192 14927 0 0 0
1709792598580673 10 0 9 1 10 245 235 0 235 0 0 0 0 1 1 0 100 100 99 0 0 0 1431845 9213154 0 9151835 16347866 658485 10195438533 600166 82112181000 82112181000 0 13346676 348748703 32.439746 5566 5566 45596672 35261065 211849 200507 0.513492 10 81920 76048 1 8192 4830 1 8192 14927 0 0 0
1709792633884578 11 0 10 1 11 246 235 0 235 0 0 0 0 1 1 0 100 100 99 0 0 0 1431849 9213242 0 9151835 16584016 658854 10230504963 600818 82112181000 82112181000 0 13346676 348748703 32.439466 6096 6096 49938432 38993749 32766 192120 0.512824 11 90112 80902 1 8192 4830 1 8192 14927 0 0 0
1709792668342930 9 0 8 1 9 247 238 0 238 0 0 0 0 1 1 0 100 100 99 0 0 0 1431857 9213367 0 9151835 16767441 664195 10264771502 603457 82112181000 82112181000 0 13346676 348748703 32.439060 6096 6096 49938432 38993749 32766 176584 0.512821 9 73728 68196 1 8192 4830 1 8192 14927 0 0 0
1709792718970023 11 0 10 1 11 250 239 0 239 0 0 0 0 1 1 0 100 100 99 0 0 0 1431866 9213542 0 9151835 16781448 669481 10315376433 605844 82112181000 82112181000 0 13346676 348748703 32.438500 6096 6096 49938432 38993749 32766 162563 0.512821 11 90112 79434 1 8192 4830 1 8192 14927 0 0 0
1709792728894040 11 0 10 1 11 250 239 0 239 0 0 0 0 1 1 0 100 100 99 0 0 0 1431867 9213574 0 9151835 16784287 669595 10325297105 606045 82112181000 82112181000 0 13346676 348748703 32.438399 6096 6096 49938432 38993749 32766 156074 0.512821 11 90112 79434 1 8192 4830 1 8192 14927 0 0 0
1709792753200144 11 0 10 1 11 251 240 0 240 0 0 0 0 1 1 0 100 100 99 0 0 0 1431872 9213652 0 9151835 16791785 669880 10349594397 606637 82112181000 82112181000 0 13346676 348748703 32.438146 6096 6096 49938432 38993749 32766 149909 0.512821 11 90112 69293 1 8192 4830 1 8192 14903 0 0 0
1709792763428100 15 0 14 1 15 256 241 0 241 0 0 0 0 1 1 0 100 100 99 0 0 0 1431881 9213740 0 9151835 16893598 672671 10359717177 606843 82112181000 82112181000 0 13346676 348748703 32.437851 6096 6096 49938432 38993749 32766 138488 0.512821 15 122880 94849 1 8192 4830 1 8192 14867 0 0 0
1709792788180363 16 0 15 1 16 257 241 0 241 0 0 0 0 1 1 0 100 100 99 0 0 0 1431885 9213813 0 9151835 16907168 672988 10384453146 608908 82112181000 82112181000 0 13346676 348748703 32.437616 6096 6096 49938432 38993749 32766 133202 0.512821 16 131072 102390 1 8192 4830 1 8192 14867 0 0 0
1709792798674179 17 0 16 1 17 258 241 0 241 0 0 0 0 1 1 0 100 100 99 0 0 0 1431887 9213853 0 9151835 17045546 673197 10394807937 609139 82112181000 82112181000 0 13346676 348748703 32.437488 6096 6096 49938432 38993749 32766 128181 0.512821 17 139264 106972 1 8192 4830 1 8192 14867 0 0 0
1709792828955040 19 0 18 1 19 260 241 0 241 0 0 0 0 1 1 0 100 100 99 0 0 0 1431894 9213955 0 9151835 17198871 676242 10424929990 611211 82112181000 82112181000 0 13346676 348748703 32.437156 6096 6096 49938432 38993749 32766 118879 0.512821 19 155648 116668 1 8192 4830 1 8192 14867 0 0 0
1709792863411016 20 0 19 1 20 262 242 0 242 0 0 0 0 1 1 0 100 100 99 0 0 0 1431903 9214064 0 9151835 17445961 676731 10459137213 611986 82112181000 82112181000 0 13346676 348748703 32.436796 6096 6096 49938432 38993749 32766 114574 0.512821 20 163840 131562 1 8192 4830 1 8192 14894 0 0 0
1709792873630125 21 0 20 1 21 263 242 0 242 0 0 0 0 1 1 0 100 100 99 0 0 0 1431904 9214093 0 9151835 17490670 676881 10469311104 612152 82112181000 82112181000 0 13346676 348748703 32.436705 6096 6096 49938432 38993749 32766 110484 0.512821 21 172032 146489 1 8192 4830 1 8192 14927 0 0 0
1709792903225662 20 0 19 1 20 264 244 0 244 0 0 0 0 1 1 0 100 100 99 0 0 0 1431911 9214185 0 9151835 17534746 679710 10498857407 614056 82112181000 82112181000 0 13346676 348748703 32.436403 6096 6096 49938432 38993749 32766 102908 0.512821 20 163840 147161 1 8192 4830 1 8192 14927 0 0 0
1709793033011576 15 0 14 1 15 265 250 0 250 0 0 0 0 1 1 0 100 100 99 0 0 0 1431934 9214553 0 9151835 17551932 686287 10628609314 623358 82112181000 82112181000 0 13346676 348748703 32.435212 6096 6096 49938432 38993749 32766 92905 0.512821 15 122880 124432 1 8192 4830 1 8192 14927 0 0 0
1709793068090140 10 0 9 1 10 265 255 0 255 0 0 0 0 1 1 0 100 100 99 0 0 0 1431943 9214643 0 9151835 17553724 689658 10663681680 624061 82112181000 82112181000 0 13346676 348748703 32.434910 6096 6096 49938432 38993749 32766 87043 0.512821 10 81920 83973 1 8192 4830 1 8192 14927 0 0 0
1709793143897067 8 0 7 1 8 267 259 0 259 0 0 0 0 1 1 0 100 100 99 0 0 0 1431956 9214844 0 9151835 17556136 692626 10739477655 629096 82112181000 82112181000 0 13346676 348748703 32.434258 6096 6096 49938432 38993749 32766 81752 0.512821 8 65536 71865 1 8192 4830 1 8192 14927 0 0 0
1709793183261059 6 0 5 1 6 268 262 0 262 0 0 0 0 1 1 0 100 100 99 0 0 0 1431962 9214950 0 9151835 17758727 695983 10778634609 629849 82112181000 82112181000 0 13346676 348748703 32.433917 6096 6096 49938432 38993749 32766 76977 0.512821 6 49152 42044 1 8192 4830 1 8192 14903 0 0 0
1709793193499424 7 0 6 1 7 269 262 0 262 0 0 0 0 1 1 0 100 100 99 0 0 0 1431965 9214989 0 9151835 17765474 696122 10788865643 630066 82112181000 82112181000 0 13346676 348748703 32.433789 6096 6096 49938432 38993749 32766 74767 0.512821 7 57344 46607 1 8192 4830 1 8192 14903 0 0 0
1709793218342485 8 0 7 1 8 271 263 0 263 0 0 0 0 1 1 0 100 100 99 0 0 0 1431970 9215068 0 9151835 17775490 696426 10813696058 632091 82112181000 82112181000 0 13346676 348748703 32.433533 6096 6096 49938432 38993749 32766 72667 0.512821 8 65536 42139 1 8192 4830 1 8192 8189 0 0 0
1709793233049997 10 0 9 1 10 273 263 0 263 0 0 0 0 1 1 0 100 100 99 0 0 0 1431974 9215124 0 9151835 17832124 696655 10828345956 632600 82112181000 82112181000 0 13346676 348748703 32.433351 6096 6096 49938432 38993749 32766 70672 0.512821 10 81920 64595 1 8192 4830 1 8192 14867 0 0 0
1709793238650007 11 0 10 1 11 274 263 0 263 0 0 0 0 1 1 0 100 100 99 0 0 0 1431975 9215151 0 9151835 17845115 698900 10833930472 632688 82112181000 82112181000 0 13346676 348748703 32.433265 6096 6096 49938432 38993749 32766 66977 0.512821 11 90112 72136 1 8192 4830 1 8192 14867 0 0 0
1709793258025172 13 0 12 1 13 276 263 0 263 0 0 0 0 1 1 0 100 100 99 0 0 0 1431979 9215215 0 9151835 18145974 699193 10853003825 633078 82112181000 82112181000 0 13346676 348748703 32.433058 6096 6096 49938432 38993749 32766 65267 0.512821 13 106496 81489 1 8192 4830 1 8192 14867 0 0 0
1709793303580070 14 0 13 1 14 277 263 0 263 0 0 0 0 1 1 0 100 100 99 0 0 0 1431985 9215348 0 9151835 18190880 703051 10898471072 671572 82112181000 82112181000 0 13346676 348748703 32.432635 6096 6096 49938432 38993749 32766 62099 0.512821 14 114688 96383 1 8192 4830 1 8192 14894 0 0 0
1709793319000115 15 0 14 1 15 278 263 0 263 0 0 0 0 1 1 0 100 100 99 0 0 0 1431990 9215405 0 9151835 18234487 703274 10913846619 671883 82112181000 82112181000 0 13346676 348748703 32.432446 6096 6096 49938432 38993749 32766 60633 0.512821 15 122880 111310 1 8192 4830 1 8192 14927 0 0 0
1709793343767967 15 0 14 1 15 279 264 0 264 0 0 0 0 1 1 0 100 100 99 0 0 0 1431996 9215475 0 9151835 18255578 703571 10938590931 673724 82112181000 82112181000 0 13346676 348748703 32.432214 6096 6096 49938432 38993749 32766 59240 0.512821 15 122880 109150 1 8192 4830 1 8192 14927 0 0 0
1709793353066061 21 0 20 1 21 285 264 0 264 0 0 0 0 1 1 0 100 100 99 0 0 0 1432004 9215560 0 9151835 18427325 704082 10947716190 673934 82112181000 82112181000 0 13346676 348748703 32.431931 6096 6096 49938432 38993749 32766 57917 0.512821 21 172032 141120 1 8192 4830 1 8192 14927 0 0 0
1709793378638778 21 0 20 1 21 286 265 0 265 0 0 0 0 1 1 0 100 100 99 0 0 0 1432005 9215644 0 9151835 18608584 707163 10973103695 674475 82112181000 82112181000 0 13346676 348748703 32.431672 6096 6096 49938432 38993749 32766 55466 0.512821 21 172032 151237 1 8192 4830 1 8192 14927 0 0 0
1709793388733234 22 0 21 1 22 287 265 0 265 0 0 0 0 1 1 0 100 100 99 0 0 0 1432006 9215680 0 9151835 18610700 707558 10983193536 676345 82112181000 82112181000 0 13346676 348748703 32.431560 6096 6096 49938432 38993749 32766 54331 0.512821 22 180224 156023 1 8192 4830 1 8192 14927 0 0 0
1709793538978286 15 0 14 1 15 288 273 0 273 0 0 0 0 1 1 0 100 100 99 0 0 0 1432039 9216089 0 9151835 18628205 717828 11133403531 682603 82112181000 82112181000 0 13346676 348748703 32.430213 6096 6096 49938432 38993749 32766 50332 0.512821 15 122880 106745 1 8192 4830 1 8192 14927 0 0 0
1709793563877097 14 0 13 1 14 289 275 0 275 0 0 0 0 1 1 0 100 100 99 0 0 0 1432048 9216165 0 9151835 18647513 718155 11158281852 683130 82112181000 82112181000 0 13346676 348748703 32.429954 6096 6096 49938432 38993749 32766 49454 0.512821 14 114688 103244 1 8192 4830 1 8192 14927 0 0 0
1709793703817438 4 0 3 1 4 290 286 0 286 0 0 0 0 1 1 0 100 100 99 0 0 0 1432071 9216516 0 9151835 18651828 726493 11298197769 693997 82112181000 82112181000 0 13346676 348748703 32.428815 6096 6096 49938432 38993749 32766 47075 0.512821 4 32768 20521 1 8192 4830 1 8192 5852 0 0 0
1709793733182768 5 0 4 1 5 291 286 0 286 0 0 0 0 1 1 0 100 100 99 0 0 0 1432077 9216590 0 9151835 18790726 729280 11327420532 694621 82112181000 82112181000 0 13346676 348748703 32.428572 6096 6096 49938432 38993749 32766 45681 0.512821 5 40960 25292 1 8192 4830 1 8192 5852 0 0 0
1709793748951202 6 0 5 1 6 292 286 0 286 0 0 0 0 1 1 0 100 100 99 0 0 0 1432081 9216627 0 9151835 18834067 729467 11343144886 694936 82112181000 82112181000 0 13346676 348748703 32.428447 6096 6096 49938432 38993749 32766 45036 0.512821 6 49152 40186 1 8192 4830 1 8192 14894 0 0 0
1709793758365059 7 0 6 1 7 293 286 0 286 0 0 0 0 1 1 0 100 100 99 0 0 0 1432082 9216654 0 9151835 18877793 729596 11352512908 696694 82112181000 82112181000 0 13346676 348748703 32.428362 6096 6096 49938432 38993749 32766 44423 0.512821 7 57344 55113 1 8192 4830 1 8192 14927 0 0 0
1709793788206360 8 0 7 1 8 294 286 0 286 0 0 0 0 1 1 0 100 100 99 0 0 0 1432083 9216735 0 9151835 18891381 732777 11382336421 697359 82112181000 82112181000 0 13346676 348748703 32.428112 6096 6096 49938432 38993749 32766 43288 0.512821 8 65536 63603 1 8192 4830 1 8192 14927 0 0 0
1709793793826632 11 0 10 1 11 297 286 0 286 0 0 0 0 1 1 0 100 100 99 0 0 0 1432092 9216781 0 9151835 18977978 733034 11387869446 697464 82112181000 82112181000 0 13346676 348748703 32.427945 6096 6096 49938432 38993749 32766 42762 0.512821 11 90112 78146 1 8192 4830 1 8192 14927 0 0 0
1709793803107687 12 0 11 1 12 298 286 0 286 0 0 0 0 1 1 0 100 100 99 0 0 0 1432094 9216817 0 9151835 18989964 733196 11397137889 697670 82112181000 82112181000 0 13346676 348748703 32.427829 6096 6096 49938432 38993749 32766 42263 0.512821 12 98304 83096 1 8192 4830 1 8192 14927 0 0 0
1709793808724771 14 0 13 1 14 300 286 0 286 0 0 0 0 1 1 0 100 100 99 0 0 0 1432097 9216850 0 9151835 19059674 733381 11402684720 697766 82112181000 82112181000 0 13346676 348748703 32.427719 6096 6096 49938432 38993749 32766 41789 0.512821 14 114688 93112 1 8192 4830 1 8192 14927 0 0 0
1709793823733195 15 0 14 1 15 301 286 0 286 0 0 0 0 1 1 0 100 100 99 0 0 0 1432101 9216894 0 9151835 19103795 733592 11417646636 699697 82112181000 82112181000 0 13346676 348748703 32.427573 6096 6096 49938432 38993749 32766 41338 0.512821 15 122880 108015 1 8192 4830 1 8192 14927 0 0 0
1709793883441097 14 0 13 1 14 302 288 0 288 0 0 0 0 1 1 0 100 100 99 0 0 0 1432109 9217037 0 9151835 19105982 737074 11477347230 700899 82112181000 82112181000 0 13346676 348748703 32.427113 6096 6096 49938432 38993749 32766 40503 0.512821 14 114688 102962 1 8192 4830 1 8192 14927 0 0 0
1709793963027324 16 0 15 1 16 304 288 0 288 0 0 0 0 1 1 0 100 100 99 0 0 0 1432124 9217254 0 9151835 19352079 747091 11556670714 706950 82112181000 82112181000 0 13346676 348748703 32.426407 6096 6096 49938432 38993749 32766 39401 0.512821 16 131072 671306 1 8192 4830 1 8192 553450 0 0 0
1709793968591047 22 0 21 1 22 310 288 0 288 0 0 0 0 1 1 0 100 100 99 0 0 0 1432128 9217292 0 9151835 19746832 747307 11561839088 707090 82112181000 82112181000 0 13346676 348748703 32.426279 6096 6096 49938432 38993749 32766 39070 0.512821 22 180224 2897352 1 8192 4830 1 8192 553450 0 0 0
1709793973817841 23 0 22 1 23 311 288 0 288 0 0 0 0 1 1 0 100 100 99 0 0 0 1432129 9217316 0 9151835 19753514 747418 11567058792 707197 82112181000 82112181000 0 13346676 348748703 32.426203 6096 6096 49938432 38993749 32766 38755 0.512821 23 188416 2901772 1 8192 4830 1 8192 553450 0 0 0
1709794013733698 23 0 22 1 23 312 289 0 289 0 0 0 0 1 1 0 100 100 99 0 0 0 1432134 9217415 0 9151835 19755182 747879 11606969975 709346 82112181000 82112181000 0 13346676 348748703 32.425886 6096 6096 49938432 38993749 32766 38456 0.512821 23 188416 2901772 1 8192 4830 1 8192 553450 0 0 0
1709794199080214 12 0 11 1 12 313 301 0 301 0 0 0 0 1 1 0 100 100 99 0 0 0 1432168 9217950 0 9151835 19772693 760300 11792274816 719864 82112181000 82112181000 0 13346676 348748703 32.424154 6096 6096 49938432 38993749 32766 37171 0.512821 12 98304 2814278 1 8192 4830 1 8192 553450 0 0 0
1709794224285916 12 0 11 1 12 313 301 0 301 0 0 0 0 1 1 0 100 100 99 0 0 0 1432174 9218026 0 9151835 19816508 760566 11817435663 720319 82112181000 82112181000 0 13346676 348748703 32.423904 6096 6096 49938432 38993749 32766 36951 0.512821 12 98304 2814278 1 8192 4830 1 8192 553450 0 0 0
1709794254594912 14 0 13 1 14 315 301 0 301 0 0 0 0 1 1 0 100 100 99 0 0 0 1432181 9218184 0 9151835 19828819 760947 11847729405 722429 82112181000 82112181000 0 13346676 348748703 32.423402 6096 6096 49938432 38993749 32766 36742 0.512821 14 114688 2834155 1 8192 4830 1 8192 553450 0 0 0
1709794299874157 6 0 5 1 6 316 310 0 310 0 0 0 0 1 1 0 100 100 99 0 0 0 1432187 9218314 0 9151835 19873829 764184 11892959084 723363 82112181000 82112181000 0 13346676 348748703 32.422988 6096 6096 49938432 38993749 32766 36356 0.512821 6 49152 50248 1 8192 4830 1 8192 14927 0 0 0
1709794339062673 6 0 5 1 6 317 311 0 311 0 0 0 0 1 1 0 100 100 99 0 0 0 1432194 9218417 0 9151835 19875231 766815 11932140721 725852 82112181000 82112181000 0 13346676 348748703 32.422653 6096 6096 49938432 38993749 32766 36007 0.512821 6 49152 50248 1 8192 4830 1 8192 14927 0 0 0
1709794359527004 7 0 6 1 7 318 311 0 311 0 0 0 0 1 1 0 100 100 99 0 0 0 1432197 9218485 0 9151835 19938297 767054 11952541178 726199 82112181000 82112181000 0 13346676 348748703 32.422437 6096 6096 49938432 38993749 32766 35845 0.512821 7 57344 54474 1 8192 4830 1 8192 14927 0 0 0
1709794384971270 11 0 10 1 11 322 311 0 311 0 0 0 0 1 1 0 100 100 99 0 0 0 1432208 9218600 0 9151835 20147137 770141 11977771062 728280 82112181000 82112181000 0 13346676 348748703 32.422053 6096 6096 49938432 38993749 32766 35546 0.512821 11 90112 90149 1 8192 4830 1 8192 14927 0 0 0
1709794404381985 11 0 10 1 11 322 311 0 311 0 0 0 0 1 1 0 100 100 99 0 0 0 1432210 9218646 0 9151835 20190984 770297 11997137126 728675 82112181000 82112181000 0 13346676 348748703 32.421907 6096 6096 49938432 38993749 32766 35407 0.512821 11 90112 90149 1 8192 4830 1 8192 14927 0 0 0
1709794409488861 14 0 13 1 14 325 311 0 311 0 0 0 0 1 1 0 100 100 99 0 0 0 1432216 9218691 0 9151835 20451243 770507 12001983191 728782 82112181000 82112181000 0 13346676 348748703 32.421752 6096 6096 49938432 38993749 32766 35275 0.512821 14 114688 1211943 1 8192 4830 1 8192 553450 0 0 0
1709794549493036 14 0 13 1 14 327 313 0 313 0 0 0 0 1 1 0 100 100 99 0 0 0 1432235 9219056 0 9151835 20468668 777173 12141955094 736080 82112181000 82112181000 0 13346676 348748703 32.420583 6096 6096 49938432 38993749 32766 34918 0.512821 14 114688 1201449 1 8192 4830 1 8192 553450 0 0 0
1709794564136116 14 0 13 1 14 328 314 0 314 0 0 0 0 1 1 0 100 100 99 0 0 0 1432240 9219101 0 9151835 20480762 780271 12156580666 738152 82112181000 82112181000 0 13346676 348748703 32.420431 6096 6096 49938432 38993749 32766 34709 0.512821 14 114688 1200919 1 8192 4830 1 8192 553450 0 0 0
1709794569547397 20 0 19 1 20 334 314 0 314 0 0 0 0 1 1 0 100 100 99 0 0 0 1432253 9219174 0 9151835 20769876 780717 12161701943 738258 82112181000 82112181000 0 13346676 348748703 32.420169 6096 6096 49938432 38993749 32766 34612 0.512821 20 163840 2332397 1 8192 4830 1 8192 553450 0 0 0
1709794589897200 21 0 20 1 21 335 314 0 314 0 0 0 0 1 1 0 100 100 99 0 0 0 1432254 9219216 0 9151835 20917298 780953 12181903454 738675 82112181000 82112181000 0 13346676 348748703 32.420038 6096 6096 49938432 38993749 32766 34520 0.512821 21 172032 2340210 1 8192 4830 1 8192 553450 0 0 0
1709794714010950 11 0 10 1 11 336 325 0 325 0 0 0 0 1 1 0 100 100 99 0 0 0 1432279 9219466 0 9151835 20935025 788528 12305985153 744672 82112181000 82112181000 0 13346676 348748703 32.419201 6096 6096 49938432 38993749 32766 34271 0.512821 11 90112 1159343 1 8192 4830 1 8192 553450 0 0 0
1709794759718389 12 0 11 1 12 337 325 0 325 0 0 0 0 1 1 0 100 100 99 0 0 0 1432288 9219567 0 9151835 20979325 791625 12351642108 747418 82112181000 82112181000 0 13346676 348748703 32.418866 6096 6096 49938432 38993749 32766 34125 0.512821 12 98304 1174246 1 8192 4830 1 8192 553450 0 0 0
1709794819101318 13 0 12 1 13 338 325 0 325 0 0 0 0 1 1 0 100 100 99 0 0 0 1432295 9219894 0 9151835 21023955 797079 12410971383 750299 82112181000 82112181000 0 13346676 348748703 32.417850 6096 6096 49938432 38993749 32766 33994 0.512821 13 106496 1189140 1 8192 4830 1 8192 553450 0 0 0
1709794859061584 13 0 12 1 13 339 326 0 326 0 0 0 0 1 1 0 100 100 99 0 0 0 1432301 9219988 0 9151835 21085041 800152 12450866317 751125 82112181000 82112181000 0 13346676 348748703 32.417545 6096 6096 49938432 38993749 32766 33875 0.512821 13 106496 1736738 1 8192 4830 1 8192 553450 0 0 0
1709794864356012 15 0 14 1 15 341 326 0 326 0 0 0 0 1 1 0 100 100 99 0 0 0 1432306 9220021 0 9151835 21224786 800343 12456020457 751272 82112181000 82112181000 0 13346676 348748703 32.417430 6096 6096 49938432 38993749 32766 33820 0.512821 15 122880 1747361 1 8192 4830 1 8192 553450 0 0 0
1709794894922184 8 0 7 1 8 342 334 0 334 0 0 0 0 1 1 0 100 100 99 0 0 0 1432315 9220094 0 9151835 21286124 800681 12486522231 753618 82112181000 82112181000 0 13346676 348748703 32.417180 6096 6096 49938432 38993749 32766 33768 0.512821 8 65536 1157100 1 8192 4830 1 8192 553450 0 0 0
1709794954135553 8 0 7 1 8 342 334 0 334 0 0 0 0 1 1 1 100 100 99 0 0 0 1432325 9220203 0 9151835 21286454 803496 12545720426 756475 92147194144 82112181000 0 13346676 348748703 32.416818 6096 6096 49938432 38993749 32766 33671 0.512821 8 65536 1157100 1 8192 4830 1 8192 553450 0 0 0
1709794954333237 0 0 0 0 0 342 342 8 334 0 0 0 0 0 0 0 100 100 100 0 0 0 1432325 9407955 0 9339515 21302175 803524 12545720426 756475 92147194144 92147194144 0 13346676 358865836 32.745419 6096 6096 49938432 38993749 32766 33583 0.537179 0 0 0 0 0 0 0 0 0 0 0 0
