2024/03/08 01:28:24.78 work_queue_worker[15] debug: ./work_queue_worker version 8.0.0 DEVELOPMENT (released 2024-01-31 18:33:01 -0600)
2024/03/08 01:28:24.78 work_queue_worker[15] debug: Built by sunrise1001@ap21.uc.osg-htc.org on 2024-01-31 18:33:01 -0600
2024/03/08 01:28:24.78 work_queue_worker[15] debug: System: Linux ap21.uc.osg-htc.org 5.4.240-1.el8.elrepo.x86_64 #1 SMP Tue Apr 4 13:26:38 EDT 2023 x86_64 x86_64 x86_64 GNU/Linux
2024/03/08 01:28:24.78 work_queue_worker[15] debug: Configuration: --prefix /home/sunrise1001/cctools
2024/03/08 01:28:24.78 work_queue_worker[15] wq: WORK_QUEUE_SANDBOX set to /srv/worker-4977-15.
2024/03/08 01:28:24.78 work_queue_worker[15] debug: error reading disk usage on directory: ./cache.
2024/03/08 01:28:24.78 work_queue_worker[15] wq: querying catalog for managers with project=joyboy-4
2024/03/08 01:28:24.78 work_queue_worker[15] debug: trying catalog query: http://catalog.cse.nd.edu:9097/query/dHJ1ZQ==
2024/03/08 01:28:24.78 work_queue_worker[15] http: connect catalog.cse.nd.edu port 9097
2024/03/08 01:28:24.78 work_queue_worker[15] dns: looking up name catalog.cse.nd.edu
2024/03/08 01:28:24.78 work_queue_worker[15] dns: catalog.cse.nd.edu is 129.74.152.177
2024/03/08 01:28:24.78 work_queue_worker[15] tcp: connecting to 129.74.152.177 port 9097
2024/03/08 01:28:24.80 work_queue_worker[15] tcp: made connection to 129.74.152.177 port 9097
2024/03/08 01:28:24.80 work_queue_worker[15] http: GET /query/dHJ1ZQ== HTTP/1.1
Connection: close
Host: catalog.cse.nd.edu
User-Agent: Mozilla/5.0 (compatible; CCTools 8.0.0 DEVELOPMENT Parrot; http://ccl.cse.nd.edu/)
2024/03/08 01:28:24.81 work_queue_worker[15] http: HTTP/1.1 200 OK
2024/03/08 01:28:24.81 work_queue_worker[15] http: Date: Fri Mar  8 02:28:24 2024
2024/03/08 01:28:24.81 work_queue_worker[15] http: Server: catalog_server
2024/03/08 01:28:24.81 work_queue_worker[15] http: Connection: close
2024/03/08 01:28:24.81 work_queue_worker[15] http: Access-Control-Allow-Origin: *
2024/03/08 01:28:24.81 work_queue_worker[15] http: Content-type: text/plain; charset=utf-8
2024/03/08 01:28:24.81 work_queue_worker[15] http:
2024/03/08 01:28:24.90 work_queue_worker[15] tcp: disconnected from 129.74.152.177 port 9097
2024/03/08 01:28:24.90 work_queue_worker[15] wq: project name joyboy-4 matches 0 managers
2024/03/08 01:28:26.90 work_queue_worker[15] wq: project name joyboy-4 matches 0 managers
2024/03/08 01:28:30.91 work_queue_worker[15] debug: error reading disk usage on directory: ./cache.
2024/03/08 01:28:30.91 work_queue_worker[15] wq: project name joyboy-4 matches 0 managers
2024/03/08 01:28:38.91 work_queue_worker[15] debug: error reading disk usage on directory: ./cache.
2024/03/08 01:28:38.91 work_queue_worker[15] wq: project name joyboy-4 matches 0 managers
2024/03/08 01:28:54.91 work_queue_worker[15] debug: error reading disk usage on directory: ./cache.
2024/03/08 01:28:54.91 work_queue_worker[15] wq: project name joyboy-4 matches 0 managers
2024/03/08 01:29:26.91 work_queue_worker[15] debug: error reading disk usage on directory: ./cache.
2024/03/08 01:29:26.91 work_queue_worker[15] wq: querying catalog for managers with project=joyboy-4
2024/03/08 01:29:26.91 work_queue_worker[15] debug: trying catalog query: http://catalog.cse.nd.edu:9097/query/dHJ1ZQ==
2024/03/08 01:29:26.91 work_queue_worker[15] http: connect catalog.cse.nd.edu port 9097
2024/03/08 01:29:26.91 work_queue_worker[15] tcp: connecting to 129.74.152.177 port 9097
2024/03/08 01:29:26.93 work_queue_worker[15] tcp: made connection to 129.74.152.177 port 9097
2024/03/08 01:29:26.93 work_queue_worker[15] http: GET /query/dHJ1ZQ== HTTP/1.1
Connection: close
Host: catalog.cse.nd.edu
User-Agent: Mozilla/5.0 (compatible; CCTools 8.0.0 DEVELOPMENT Parrot; http://ccl.cse.nd.edu/)
2024/03/08 01:29:26.94 work_queue_worker[15] http: HTTP/1.1 200 OK
2024/03/08 01:29:26.94 work_queue_worker[15] http: Date: Fri Mar  8 02:29:26 2024
2024/03/08 01:29:26.94 work_queue_worker[15] http: Server: catalog_server
2024/03/08 01:29:26.95 work_queue_worker[15] http: Connection: close
2024/03/08 01:29:26.95 work_queue_worker[15] http: Access-Control-Allow-Origin: *
2024/03/08 01:29:26.95 work_queue_worker[15] http: Content-type: text/plain; charset=utf-8
2024/03/08 01:29:26.95 work_queue_worker[15] http:
2024/03/08 01:29:27.03 work_queue_worker[15] tcp: disconnected from 129.74.152.177 port 9097
2024/03/08 01:29:27.03 work_queue_worker[15] wq: project name joyboy-4 matches 0 managers
2024/03/08 01:30:27.04 work_queue_worker[15] debug: error reading disk usage on directory: ./cache.
2024/03/08 01:30:27.04 work_queue_worker[15] wq: querying catalog for managers with project=joyboy-4
2024/03/08 01:30:27.04 work_queue_worker[15] debug: trying catalog query: http://catalog.cse.nd.edu:9097/query/dHJ1ZQ==
2024/03/08 01:30:27.04 work_queue_worker[15] http: connect catalog.cse.nd.edu port 9097
2024/03/08 01:30:27.04 work_queue_worker[15] tcp: connecting to 129.74.152.177 port 9097
2024/03/08 01:30:27.05 work_queue_worker[15] tcp: made connection to 129.74.152.177 port 9097
2024/03/08 01:30:27.05 work_queue_worker[15] http: GET /query/dHJ1ZQ== HTTP/1.1
Connection: close
Host: catalog.cse.nd.edu
User-Agent: Mozilla/5.0 (compatible; CCTools 8.0.0 DEVELOPMENT Parrot; http://ccl.cse.nd.edu/)
2024/03/08 01:30:27.07 work_queue_worker[15] http: HTTP/1.1 200 OK
2024/03/08 01:30:27.07 work_queue_worker[15] http: Date: Fri Mar  8 02:30:27 2024
2024/03/08 01:30:27.07 work_queue_worker[15] http: Server: catalog_server
2024/03/08 01:30:27.07 work_queue_worker[15] http: Connection: close
2024/03/08 01:30:27.07 work_queue_worker[15] http: Access-Control-Allow-Origin: *
2024/03/08 01:30:27.07 work_queue_worker[15] http: Content-type: text/plain; charset=utf-8
2024/03/08 01:30:27.07 work_queue_worker[15] http:
2024/03/08 01:30:27.16 work_queue_worker[15] tcp: disconnected from 129.74.152.177 port 9097
2024/03/08 01:30:27.16 work_queue_worker[15] wq: project name joyboy-4 matches 0 managers
2024/03/08 01:31:27.16 work_queue_worker[15] debug: error reading disk usage on directory: ./cache.
2024/03/08 01:31:27.16 work_queue_worker[15] wq: querying catalog for managers with project=joyboy-4
2024/03/08 01:31:27.16 work_queue_worker[15] debug: trying catalog query: http://catalog.cse.nd.edu:9097/query/dHJ1ZQ==
2024/03/08 01:31:27.16 work_queue_worker[15] http: connect catalog.cse.nd.edu port 9097
2024/03/08 01:31:27.16 work_queue_worker[15] tcp: connecting to 129.74.152.177 port 9097
2024/03/08 01:31:27.18 work_queue_worker[15] tcp: made connection to 129.74.152.177 port 9097
2024/03/08 01:31:27.18 work_queue_worker[15] http: GET /query/dHJ1ZQ== HTTP/1.1
Connection: close
Host: catalog.cse.nd.edu
User-Agent: Mozilla/5.0 (compatible; CCTools 8.0.0 DEVELOPMENT Parrot; http://ccl.cse.nd.edu/)
2024/03/08 01:31:27.20 work_queue_worker[15] http: HTTP/1.1 200 OK
2024/03/08 01:31:27.20 work_queue_worker[15] http: Date: Fri Mar  8 02:31:27 2024
2024/03/08 01:31:27.20 work_queue_worker[15] http: Server: catalog_server
2024/03/08 01:31:27.20 work_queue_worker[15] http: Connection: close
2024/03/08 01:31:27.20 work_queue_worker[15] http: Access-Control-Allow-Origin: *
2024/03/08 01:31:27.20 work_queue_worker[15] http: Content-type: text/plain; charset=utf-8
2024/03/08 01:31:27.20 work_queue_worker[15] http:
2024/03/08 01:31:27.28 work_queue_worker[15] tcp: disconnected from 129.74.152.177 port 9097
2024/03/08 01:31:27.29 work_queue_worker[15] wq: project name joyboy-4 matches 0 managers
2024/03/08 01:32:27.29 work_queue_worker[15] debug: error reading disk usage on directory: ./cache.
2024/03/08 01:32:27.29 work_queue_worker[15] wq: querying catalog for managers with project=joyboy-4
2024/03/08 01:32:27.29 work_queue_worker[15] debug: trying catalog query: http://catalog.cse.nd.edu:9097/query/dHJ1ZQ==
2024/03/08 01:32:27.29 work_queue_worker[15] http: connect catalog.cse.nd.edu port 9097
2024/03/08 01:32:27.29 work_queue_worker[15] tcp: connecting to 129.74.152.177 port 9097
2024/03/08 01:32:27.30 work_queue_worker[15] tcp: made connection to 129.74.152.177 port 9097
2024/03/08 01:32:27.30 work_queue_worker[15] http: GET /query/dHJ1ZQ== HTTP/1.1
Connection: close
Host: catalog.cse.nd.edu
User-Agent: Mozilla/5.0 (compatible; CCTools 8.0.0 DEVELOPMENT Parrot; http://ccl.cse.nd.edu/)
2024/03/08 01:32:27.32 work_queue_worker[15] http: HTTP/1.1 200 OK
2024/03/08 01:32:27.32 work_queue_worker[15] http: Date: Fri Mar  8 02:32:27 2024
2024/03/08 01:32:27.32 work_queue_worker[15] http: Server: catalog_server
2024/03/08 01:32:27.32 work_queue_worker[15] http: Connection: close
2024/03/08 01:32:27.32 work_queue_worker[15] http: Access-Control-Allow-Origin: *
2024/03/08 01:32:27.32 work_queue_worker[15] http: Content-type: text/plain; charset=utf-8
2024/03/08 01:32:27.32 work_queue_worker[15] http:
2024/03/08 01:32:27.41 work_queue_worker[15] tcp: disconnected from 129.74.152.177 port 9097
2024/03/08 01:32:27.41 work_queue_worker[15] wq: project name joyboy-4 matches 0 managers
2024/03/08 01:33:27.41 work_queue_worker[15] debug: error reading disk usage on directory: ./cache.
2024/03/08 01:33:27.41 work_queue_worker[15] wq: querying catalog for managers with project=joyboy-4
2024/03/08 01:33:27.41 work_queue_worker[15] debug: trying catalog query: http://catalog.cse.nd.edu:9097/query/dHJ1ZQ==
2024/03/08 01:33:27.41 work_queue_worker[15] http: connect catalog.cse.nd.edu port 9097
2024/03/08 01:33:27.41 work_queue_worker[15] dns: looking up name catalog.cse.nd.edu
2024/03/08 01:33:27.41 work_queue_worker[15] dns: catalog.cse.nd.edu is 129.74.152.177
2024/03/08 01:33:27.41 work_queue_worker[15] tcp: connecting to 129.74.152.177 port 9097
2024/03/08 01:33:27.43 work_queue_worker[15] tcp: made connection to 129.74.152.177 port 9097
2024/03/08 01:33:27.43 work_queue_worker[15] http: GET /query/dHJ1ZQ== HTTP/1.1
Connection: close
Host: catalog.cse.nd.edu
User-Agent: Mozilla/5.0 (compatible; CCTools 8.0.0 DEVELOPMENT Parrot; http://ccl.cse.nd.edu/)
2024/03/08 01:33:27.44 work_queue_worker[15] http: HTTP/1.1 200 OK
2024/03/08 01:33:27.44 work_queue_worker[15] http: Date: Fri Mar  8 02:33:27 2024
2024/03/08 01:33:27.44 work_queue_worker[15] http: Server: catalog_server
2024/03/08 01:33:27.44 work_queue_worker[15] http: Connection: close
2024/03/08 01:33:27.44 work_queue_worker[15] http: Access-Control-Allow-Origin: *
2024/03/08 01:33:27.44 work_queue_worker[15] http: Content-type: text/plain; charset=utf-8
2024/03/08 01:33:27.44 work_queue_worker[15] http:
2024/03/08 01:33:27.53 work_queue_worker[15] tcp: disconnected from 129.74.152.177 port 9097
2024/03/08 01:33:27.53 work_queue_worker[15] wq: project name joyboy-4 matches 0 managers
2024/03/08 01:33:27.53 work_queue_worker[15] notice: stopping: could not connect after 300 seconds.
