# timestamp workers_connected workers_init workers_idle workers_busy workers_able workers_joined workers_removed workers_released workers_idled_out workers_blocked workers_fast_aborted workers_lost tasks_waiting tasks_on_workers tasks_running tasks_with_results tasks_submitted tasks_dispatched tasks_done tasks_failed tasks_cancelled tasks_exhausted_attempts time_send time_receive time_send_good time_receive_good time_status_msgs time_internal time_polling time_application time_execute time_execute_good time_execute_exhaustion bytes_sent bytes_received bandwidth capacity_tasks capacity_cores capacity_memory capacity_disk capacity_instantaneous capacity_weighted manager_load total_cores total_memory total_disk committed_cores committed_memory committed_disk max_cores max_memory max_disk min_cores min_memory min_disk
1709796794900547 0 0 0 0 0 0 0 0 0 0 0 0 2 0 0 0 2 0 0 0 0 0 0 0 0 0 0 0 0 0 0 0 0 0 0 1.000000 10 10 5120 10240 10 10 0.000000 0 0 0 0 0 0 0 0 0 0 0 0
1709797028748403 1 0 0 1 1 1 0 0 0 0 0 0 1 1 0 0 2 0 0 0 0 0 28666 722 0 0 12758 11580 233775393 16932 0 0 0 133465 0 1.000000 10 10 5120 10240 10 10 0.487179 1 8192 5630 0 0 0 1 8192 5630 0 0 0
1709797035112855 1 0 0 1 1 1 0 0 0 0 0 0 1 1 1 1 5 4 3 0 0 0 45133 69852 0 68903 30404 14026 240032124 18938 6179016 4781251 0 533866 431914 1.000000 31 31 253952 174530 31 13 0.503451 1 8192 5630 1 8192 5630 1 8192 5630 0 0 0
1709797040170269 1 0 0 1 1 1 0 0 0 0 0 0 1 1 1 0 6 5 4 0 0 0 50851 93341 0 92317 36416 14121 245059700 19259 6179016 6179016 0 667327 560533 1.000000 31 31 253952 174530 31 15 0.507478 1 8192 5630 1 8192 5630 1 8192 5630 0 0 0
1709797693054388 1 0 0 1 1 1 0 0 0 0 0 0 1 1 1 1 6 5 4 0 0 0 543061 95381 0 92317 37915 52434 897360862 60695 664066993 6179016 0 667327 560533 1.000000 30 30 245760 168900 27 26 0.512821 1 8192 5630 1 8192 5630 1 8192 5630 0 0 0
1709797699068142 1 0 0 1 1 1 0 0 0 0 0 0 1 1 1 0 7 6 5 0 0 0 550355 1073871 0 1070708 44112 54918 902385234 61416 664066993 664066993 0 800794 10367165 6.557336 544 544 4456448 3062720 653 59 0.511601 1 8192 5630 1 8192 5630 1 8192 5630 0 0 0
1709798859018858 1 0 0 1 1 1 0 0 0 0 0 0 1 1 1 0 7 6 5 0 0 0 1455230 1077191 0 1070708 132568 128170 2061204237 120219 664066993 664066993 0 800794 10367165 4.205697 544 544 4456448 3062720 653 446 0.512821 1 8192 5630 1 8192 5630 1 8192 5630 0 0 0
1709801007182655 1 0 0 1 1 1 0 0 0 0 0 0 1 1 1 1 7 6 5 0 0 0 3126758 1083309 0 1070708 137428 253131 4207432541 237184 3977185609 664066993 0 800794 10367165 2.529792 544 544 4456448 3062720 653 630 0.512821 1 8192 5630 1 8192 5630 1 8192 5630 0 0 0
1709801017124560 1 0 0 1 1 1 0 0 0 0 0 0 1 1 1 0 11 10 9 0 0 0 3139875 1224082 0 1211188 161526 253458 4217199777 239342 3981853883 3981853883 0 1334662 20938004 4.867342 2784 2784 22806528 15673920 27 2060 0.509900 1 8192 5630 1 8192 5630 1 8192 5630 0 0 0
1709803312149662 1 0 0 1 1 1 0 0 0 0 0 0 1 1 1 1 11 10 9 0 0 0 4839896 1231099 0 1211188 166637 388640 6510244909 360262 6281881840 3981853883 0 1334662 20938004 3.498746 2681 2681 21962752 15094030 32 313 0.512821 1 8192 5630 1 8192 5630 1 8192 5630 0 0 0
1709803332828765 1 0 1 0 1 1 0 0 0 0 0 0 1 0 0 0 11 10 10 0 0 0 4839896 1231099 0 21890087 172619 388640 6510244909 360262 6281881840 6281881840 0 1334662 31011060 5.081092 2681 2681 21962752 15094030 32 299 0.512821 1 8192 5630 1 8192 5630 1 8192 5630 0 0 0
1709803338947134 1 0 0 1 1 1 0 0 0 0 0 0 1 1 1 1 15 14 13 0 0 0 4849711 21974488 0 21954256 190619 391506 6516260773 361817 6287802132 6286470762 0 1868530 31440987 1.184245 282 282 2310144 1587660 34 234 0.508418 1 8192 5630 1 8192 5630 1 8192 5630 0 0 0
1709804343041000 1 0 0 1 1 1 0 0 0 0 0 0 1 1 1 0 16 15 14 0 0 0 5633872 22000498 0 21977311 199011 447479 7519426391 418486 6287802132 6287802132 0 2001997 31566554 1.158466 281 281 2301952 1582030 25 114 0.512821 1 8192 5630 1 8192 5630 1 8192 5630 0 0 0
1709806273123797 1 0 0 1 1 1 0 0 0 0 0 0 1 1 1 1 16 15 14 0 0 0 7134417 22005915 0 21977311 203241 563041 9447765575 525185 9221924595 6287802132 0 2001997 31566554 1.098596 281 281 2301952 1582030 25 50 0.512821 1 8192 5630 1 8192 5630 1 8192 5630 0 0 0
1709806288052801 1 0 1 0 1 1 0 0 0 0 0 0 1 0 0 0 16 15 15 0 0 0 7134417 22005915 0 36906089 209354 563041 9447765575 525185 9221924595 9221924595 0 2001997 41658538 1.428876 281 281 2301952 1582030 25 49 0.512821 1 8192 5630 1 8192 5630 1 8192 5630 0 0 0
1709806296632862 1 0 0 1 1 1 0 0 0 0 0 0 1 1 1 0 19 18 17 0 0 0 7146679 36986210 0 36957340 221079 565362 9456266477 526511 9225356541 9225356541 0 2402398 41997282 0.959439 247 247 2023424 1390610 34 62 0.510355 1 8192 5630 1 8192 5630 1 8192 5630 0 0 0
1709808351511874 1 0 0 1 1 1 0 0 0 0 0 0 1 1 1 1 19 18 17 0 0 0 8747107 36991804 0 36957340 225793 675451 11509302265 637589 11285238432 9225356541 0 2402398 41997282 0.925751 247 247 2023424 1390610 28 47 0.512821 1 8192 5630 1 8192 5630 1 8192 5630 0 0 0
1709808360131706 1 0 0 1 1 1 0 0 0 0 0 0 1 1 1 0 20 19 18 0 0 0 8752434 40577649 0 40543109 231942 675554 11514329875 638323 11285238432 11285238432 0 2535865 51998725 1.054290 247 247 2023424 1390610 28 47 0.511601 1 8192 5630 1 8192 5630 1 8192 5630 0 0 0
1709808504658700 1 0 0 1 1 1 0 0 0 0 0 0 1 1 1 0 20 19 18 0 0 0 8860587 40578057 0 40543109 5138533 684658 11653823564 646898 11285238432 11285238432 0 2535865 51998725 1.051975 275 275 2252800 1548250 570 123 0.512821 1 8192 5630 1 8192 5630 1 8192 5630 0 0 0
1709808513824702 1 0 0 1 1 1 0 0 0 0 0 0 1 1 1 0 20 19 18 0 0 0 8866219 40578073 0 40543109 10045105 686928 11658074810 647005 11285238432 11285238432 0 2535865 51998725 1.051855 275 275 2252800 1548250 570 168 0.512821 1 8192 5630 1 8192 5630 1 8192 5630 0 0 0
1709808523379075 1 0 0 1 1 1 0 0 0 0 0 0 1 1 1 0 20 19 18 0 0 0 8879350 40578112 0 40543109 10140068 687068 11667520509 647225 11285238432 11285238432 0 2535865 51998725 1.051575 275 275 2252800 1548250 570 189 0.512821 1 8192 5630 1 8192 5630 1 8192 5630 0 0 0
1709809710890538 2 0 0 2 2 2 0 0 0 0 0 0 0 2 1 0 20 19 18 0 0 0 9801613 40581597 0 40543109 10156301 759712 12853946901 714132 11285238432 11285238432 0 2669332 51998725 1.034780 275 275 2252800 1548250 570 447 0.487179 2 16384 10885 1 8192 5630 1 8192 5630 0 0 0
1709811528821016 2 0 0 2 2 2 0 0 0 0 0 0 0 2 2 0 20 20 18 0 0 0 9802589 40586518 0 40543109 10163378 858283 14671670761 805734 11285238432 11285238432 0 2669332 51998725 1.034659 275 275 2252800 1548250 570 552 0.512821 2 16384 10885 2 16384 10885 1 8192 5630 0 0 0
1709811870998965 2 0 0 2 2 2 0 0 0 0 0 0 0 2 2 1 20 20 18 0 0 0 9802662 40587456 0 40543109 10164672 878880 15013804856 819944 14801107788 11285238432 0 2669332 51998725 1.034638 275 275 2252800 1548250 570 559 0.512821 2 16384 10885 2 16384 10885 1 8192 5630 0 0 0
1709811878673341 2 0 0 2 2 2 0 0 0 0 0 0 0 2 2 0 22 22 20 0 0 0 9803511 41759271 0 41714762 10176747 879054 15020299211 820873 14802538728 14802538728 0 2936264 62247288 1.205596 351 351 2875392 1976130 2967 682 0.511169 2 16384 10885 2 16384 10885 1 8192 5630 0 0 0
1709813653201340 2 0 0 2 2 2 0 0 0 0 0 0 0 2 2 0 22 22 20 0 0 0 9803920 41763799 0 41714762 10184400 968826 16794628030 913632 14802538728 14802538728 0 2936264 62247288 1.205480 350 350 2867200 1970500 29 177 0.512821 2 16384 10885 2 16384 10885 1 8192 5630 0 0 0
1709813658730127 2 0 0 2 2 2 0 0 0 0 0 0 0 2 2 0 22 22 20 0 0 0 9803924 41763814 0 41714762 10184701 968904 16800156188 913739 14802538728 14802538728 0 2936264 62247288 1.205480 350 350 2867200 1970500 29 170 0.512821 2 16384 10885 2 16384 10885 1 8192 5630 0 0 0
1709813782996345 2 0 0 2 2 2 0 0 0 0 0 0 0 2 2 1 22 22 20 0 0 0 9803943 41764110 0 41714762 10185202 975444 16924402804 919768 16711868221 14802538728 0 2936264 62247288 1.205473 350 350 2867200 1970500 29 151 0.512821 2 16384 10885 2 16384 10885 1 8192 5630 0 0 0
1709813792066712 2 0 1 1 2 2 0 0 0 0 0 0 0 1 1 0 22 22 21 0 0 0 9803943 41764110 0 50784942 10191231 975444 16924402804 919768 16711868221 16711868221 0 2936264 72277713 1.390970 350 350 2867200 1970500 29 145 0.512821 2 16384 10885 2 16384 10885 1 8192 5630 0 0 0
1709813798638000 2 0 0 2 2 2 0 0 0 0 0 0 0 2 2 0 24 24 22 0 0 0 9805001 50857751 0 50808169 10197444 978193 16930939400 920973 16713343302 16713343302 0 3203198 72401468 1.188575 325 325 2662400 1829750 210 143 0.511169 2 16384 10885 2 16384 10885 1 8192 5630 0 0 0
1709814306534042 2 0 0 2 2 2 0 0 0 0 0 0 0 2 2 1 24 24 22 0 0 0 9805109 50858989 0 50808169 10199386 1005016 17438771584 946935 21308961149 16713343302 0 3203198 72401468 1.188549 325 325 2662400 1829750 27 103 0.512821 2 16384 10885 2 16384 10885 1 8192 5630 0 0 0
1709814315743417 2 0 0 2 2 2 0 0 0 0 0 0 0 2 2 1 26 26 24 0 0 0 9805931 50980224 0 50929268 10213094 1005182 17447843942 948001 21317995528 21313324161 0 3470132 82581879 1.350070 413 413 3383296 2318457 34271 1806 0.510811 2 16384 10885 2 16384 10885 1 8192 5630 0 0 0
1709814320781720 2 0 0 2 2 2 0 0 0 0 0 0 0 2 2 0 27 27 25 0 0 0 9806318 50993754 0 50942713 10219951 1005257 17452867687 948267 21317995528 21317995528 0 3603599 82721968 1.354052 413 413 3383296 2312284 108 1642 0.510717 2 16384 10885 2 16384 10885 1 8192 5630 0 0 0
1709815666765590 2 0 0 2 2 2 0 0 0 0 0 0 0 2 2 1 27 27 25 0 0 0 9806616 50997194 0 50942713 10225071 1075699 18798698140 1012802 22668978357 21317995528 0 3603599 82721968 1.353969 413 413 3383296 2306605 121 571 0.512821 2 16384 10885 2 16384 10885 1 8192 5630 0 0 0
1709815673770449 2 0 0 2 2 2 0 0 0 0 0 0 0 2 2 1 29 29 27 0 0 0 9807392 51112524 0 51057918 10238780 1075811 18805572119 1013828 22675814118 22672848116 0 3870533 92688945 1.511596 438 438 3588096 2440671 10621 1033 0.510266 2 16384 10885 2 16384 10885 1 8192 5630 0 0 0
1709815678807480 2 0 0 2 2 2 0 0 0 0 0 0 0 2 2 0 30 30 28 0 0 0 9807889 51125878 0 51071147 10245575 1075892 18810594604 1014173 22675814118 22675814118 0 4004000 92811881 1.515265 438 438 3588096 2435524 95 943 0.510477 2 16384 10885 2 16384 10885 1 8192 5630 0 0 0
1709815858947596 2 0 0 2 2 2 0 0 0 0 0 0 0 2 2 1 30 30 28 0 0 0 9807926 51126327 0 51071147 10246274 1084609 18990708020 1024422 24741129449 22675814118 0 4004000 92811881 1.515253 437 437 3579904 2425194 78 783 0.512821 2 16384 10885 2 16384 10885 1 8192 5630 0 0 0
1709815865964272 2 0 0 2 2 2 0 0 0 0 0 0 0 2 2 0 32 32 30 0 0 0 9808652 51220198 0 51164894 10258448 1084728 18997622895 1025354 24742988451 24742988451 0 4270932 103032537 1.676790 476 476 3899392 2642949 20355 1697 0.510792 2 16384 10885 2 16384 10885 1 8192 5630 0 0 0
1709816932052436 2 0 0 2 2 2 0 0 0 0 0 0 0 2 2 1 32 32 30 0 0 0 9808898 51222720 0 51164894 10262617 1143304 20063581792 1080094 26001230692 24742988451 0 4270932 103032537 1.676714 476 476 3899392 2644180 34 667 0.512821 2 16384 10885 2 16384 10885 1 8192 5630 0 0 0
1709816937181004 2 0 0 2 2 2 0 0 0 0 0 0 0 2 2 0 33 33 31 0 0 0 9809290 51324524 0 51266619 10269453 1143381 20068607379 1080608 26001230692 26001230692 0 4404397 112898744 1.829904 476 476 3899392 2644180 34 606 0.511601 2 16384 10885 2 16384 10885 1 8192 5630 0 0 0
1709816943012801 2 0 0 2 2 2 0 0 0 0 0 0 0 2 2 1 34 34 32 0 0 0 9809710 51338732 0 51280756 10276542 1143469 20074410246 1081034 26012019619 26007867501 0 4537864 113118960 1.834982 499 499 4087808 2767116 9856 1509 0.510933 2 16384 10885 2 16384 10885 1 8192 5630 0 0 0
1709816948050203 2 0 0 2 2 2 0 0 0 0 0 0 0 2 2 0 35 35 33 0 0 0 9810158 51352230 0 51294172 10283394 1143553 20079432900 1081440 26012019619 26012019619 0 4671331 113252001 1.838719 498 498 4079616 2757053 157 1378 0.510771 2 16384 10885 2 16384 10885 1 8192 5630 0 0 0
1709816953513346 2 0 0 2 2 2 0 0 0 0 0 0 0 2 2 1 36 36 34 0 0 0 9810590 51366133 0 51307980 10303929 1143633 20084852621 1081866 26022424434 26017855952 0 4804798 113437548 1.843261 498 498 4079616 2752809 105 1255 0.510470 2 16384 10885 2 16384 10885 1 8192 5630 0 0 0
1709816962881989 2 0 0 2 2 2 0 0 0 0 0 0 0 2 2 0 38 38 36 0 0 0 9811488 51393255 0 51334924 10319870 1143796 20094184332 1082560 26026705827 26026705827 0 5071732 113700688 1.850677 497 497 4071424 2739535 109 1093 0.510502 2 16384 10885 2 16384 10885 1 8192 5630 0 0 0
1709818493506829 2 0 0 2 2 2 0 0 0 0 0 0 0 2 2 1 38 38 36 0 0 0 9811829 51397173 0 51334924 10325822 1220549 21624632969 1162683 28659248816 26026705827 0 5071732 113700688 1.850548 497 497 4071424 2735985 110 363 0.512821 2 16384 10885 2 16384 10885 1 8192 5630 0 0 0
1709818499663084 2 0 0 2 2 2 0 0 0 0 0 0 0 2 2 0 39 39 37 0 0 0 9812311 52522845 0 52460491 10331755 1220637 21629662072 1163396 28659248816 28659248816 0 5205199 123719461 1.972437 497 497 4071424 2735985 110 339 0.511601 2 16384 10885 2 16384 10885 1 8192 5630 0 0 0
1709819158364207 2 0 0 2 2 2 0 0 0 0 0 0 0 2 2 1 39 39 37 0 0 0 9812449 52524357 0 52460491 10334164 1256761 22288283012 1196142 29322949259 28659248816 0 5205199 123719461 1.972384 536 536 4390912 2952491 2277 1233 0.512821 2 16384 10885 2 16384 10885 1 8192 5630 0 0 0
1709819166366574 2 0 0 2 2 2 0 0 0 0 0 0 0 2 2 0 41 41 39 0 0 0 9813226 53697691 0 53633692 10346144 1256890 22295104043 1197037 29324716966 29324716966 0 5472133 133704268 2.089861 536 536 4390912 2954207 563 1298 0.510792 2 16384 10885 2 16384 10885 1 8192 5630 0 0 0
1709819818671381 2 0 0 2 2 2 0 0 0 0 0 0 0 2 2 1 41 41 39 0 0 0 9813359 53699113 0 53633692 10348444 1291289 22947329357 1231125 29982021431 29324716966 0 5472133 133704268 2.089809 536 536 4390912 2955834 34 720 0.512821 2 16384 10885 2 16384 10885 1 8192 5630 0 0 0
1709819823720290 2 0 0 2 2 2 0 0 0 0 0 0 0 2 2 1 42 42 40 0 0 0 9813863 54967462 0 54901958 10354556 1291385 22951102652 1231785 29985767687 29982021431 0 5605600 143538021 2.195609 536 536 4390912 2955834 34 654 0.511324 2 16384 10885 2 16384 10885 1 8192 5630 0 0 0
1709819828777979 2 0 0 2 2 2 0 0 0 0 0 0 0 2 2 0 43 43 41 0 0 0 9814225 54996490 0 54930930 10360446 1291454 22956130478 1232040 29985767687 29985767687 0 5739067 143984138 2.203141 535 535 4382720 2951863 507 640 0.510943 2 16384 10885 2 16384 10885 1 8192 5630 0 0 0
1709819881967507 2 0 0 2 2 2 0 0 0 0 0 0 0 2 2 1 43 43 41 0 0 0 9814234 54996617 0 54930930 10360634 1294436 23009307241 1234486 32909850702 29985767687 0 5739067 143984138 2.203137 534 534 4374528 2947811 60 584 0.512814 2 16384 10885 2 16384 10885 1 8192 5630 0 0 0
1709819887098110 2 0 0 2 2 2 0 0 0 0 0 0 0 2 2 0 44 44 42 0 0 0 9814620 55098147 0 55032376 10367615 1294512 23014335126 1235018 32909850702 32909850702 0 5872534 153874333 2.346942 534 534 4374528 2947811 60 534 0.511598 2 16384 10885 2 16384 10885 1 8192 5630 0 0 0
1709821012428458 2 0 0 2 2 2 0 0 0 0 0 0 0 2 2 1 44 44 42 0 0 0 9814822 55100596 0 55032376 10371592 1358376 24139531975 1290076 34098499570 32909850702 0 5872534 153874333 2.346846 585 585 4792320 3225649 21231 13818 0.512821 2 16384 10885 2 16384 10885 1 8192 5630 0 0 0
1709821018515096 2 0 0 2 2 2 0 0 0 0 0 0 0 2 2 1 47 47 45 0 0 0 9816115 56243372 0 56174938 10389367 1358557 24144455250 1291353 34103349222 34101255905 0 6272935 164011831 2.458333 594 594 4866048 3278408 28 13176 0.509332 2 16384 10885 2 16384 10885 1 8192 5630 0 0 0
1709821025225820 2 0 0 2 2 2 0 0 0 0 0 0 0 2 2 0 49 49 47 0 0 0 9817200 56290018 0 56221444 10401464 1358714 24151107296 1295871 34104949013 34104949013 0 6539869 164329439 2.464991 593 593 4857856 3275745 40 11303 0.509774 2 16384 10885 2 16384 10885 1 8192 5630 0 0 0
1709821844334840 2 0 0 2 2 2 0 0 0 0 0 0 0 2 2 1 49 49 47 0 0 0 9817346 56291635 0 56221444 10404392 1408723 24970106737 1343311 34929057569 34104949013 0 6539869 164329439 2.464925 592 592 4849664 3271556 31 5258 0.512821 2 16384 10885 2 16384 10885 1 8192 5630 0 0 0
1709821867374891 2 0 1 1 2 2 0 0 0 0 0 0 0 1 1 0 49 49 48 0 0 0 9817346 56291635 0 79261247 10410460 1408723 24970106737 1343311 34929057569 34929057569 0 6539869 174209788 2.607457 592 592 4849664 3271556 31 4997 0.512821 2 16384 10885 2 16384 10885 1 8192 5630 0 0 0
1709821873939227 2 0 0 2 2 2 0 0 0 0 0 0 0 2 2 0 51 51 49 0 0 0 9818547 79354752 0 79284247 10416475 1408948 24976636248 1347380 34930525064 34930525064 0 6806799 174335572 1.937248 433 433 3547136 2393814 36 4291 0.510943 2 16384 10885 2 16384 10885 1 8192 5630 0 0 0
1709822503520023 2 0 0 2 2 2 0 0 0 0 0 0 0 2 2 0 51 51 49 0 0 0 9818667 79355904 0 79284247 10418697 1453495 25606133304 1381899 34930525064 34930525064 0 6806799 174335572 1.937221 433 433 3547136 2394711 24 2335 0.512821 2 16384 10885 2 16384 10885 1 8192 5630 0 0 0
1709822764367209 2 0 0 2 2 2 0 0 0 0 0 0 0 2 2 1 51 51 49 0 0 0 9818731 79356482 0 79284247 10419707 1466865 25866927308 1395318 35825933105 34930525064 0 6806799 174335572 1.937207 433 433 3547136 2394711 24 1814 0.512821 2 16384 10885 2 16384 10885 1 8192 5630 0 0 0
1709822770558137 2 0 0 2 2 2 0 0 0 0 0 0 0 2 2 0 52 52 50 0 0 0 9819244 80510176 0 80437837 10444011 1466962 25871962958 1396078 35825933105 35825933105 0 6940266 184201991 2.018030 433 433 3547136 2394711 24 1640 0.511601 2 16384 10885 2 16384 10885 1 8192 5630 0 0 0
1709823795508676 2 0 0 2 2 2 0 0 0 0 0 0 0 2 2 1 52 52 50 0 0 0 9819453 80512285 0 80437837 10447633 1525592 26896783944 1453159 36855881972 35825933105 0 6940266 184201991 2.017978 438 438 3588096 2422364 745 1106 0.512821 2 16384 10885 2 16384 10885 1 8192 5630 0 0 0
1709823803543163 2 0 0 2 2 2 0 0 0 0 0 0 0 2 2 0 54 54 52 0 0 0 9820241 81653265 0 81578664 10459571 1525719 26903669476 1454122 36857713159 36857713159 0 7207200 194255749 2.100390 444 444 3637248 2455547 892 1063 0.510792 2 16384 10885 2 16384 10885 1 8192 5630 0 0 0
1709824304484294 2 0 0 2 2 2 0 0 0 0 0 0 0 2 2 1 54 54 52 0 0 0 9820313 81654117 0 81578664 10461067 1559152 27404535607 1485748 41280098332 36857713159 0 7207200 194255749 2.100369 444 444 3637248 2455547 34 654 0.512821 2 16384 10885 2 16384 10885 1 8192 5630 0 0 0
1709824309848960 2 0 0 2 2 2 0 0 0 0 0 0 0 2 2 0 55 55 53 0 0 0 9820871 81995478 0 81919942 10467958 1559219 27409557306 1486450 41280098332 41280098332 0 7340667 204271683 2.197967 444 444 3637248 2455547 34 594 0.511601 2 16384 10885 2 16384 10885 1 8192 5630 0 0 0
1709824319031028 2 0 0 2 2 2 0 0 0 0 0 0 0 2 2 0 56 56 54 0 0 0 9821472 82015656 0 81939977 10474792 1559315 27418711087 1486897 41289233152 41289233152 0 7474134 204638422 2.202664 496 496 4063232 2739338 11924 1700 0.511245 2 16384 10885 2 16384 10885 1 8192 5630 0 0 0
1709824327048688 2 0 0 2 2 2 0 0 0 0 0 0 0 2 2 0 57 57 55 0 0 0 9822033 82035076 0 81959305 10481685 1559451 27426701031 1487417 41297197557 41297197557 0 7607601 204911004 2.206400 494 494 4046848 2724511 205 1555 0.511368 2 16384 10885 2 16384 10885 1 8192 5630 0 0 0
1709825967877279 2 0 0 2 2 2 0 0 0 0 0 0 0 2 2 1 57 57 55 0 0 0 9822338 82038380 0 81959305 10487614 1658547 29067301685 1578214 43466511527 41297197557 0 7607601 204911004 2.206313 454 454 3719168 2500429 176 512 0.512821 2 16384 10885 2 16384 10885 1 8192 5630 0 0 0
1709825974018100 2 0 0 2 2 2 0 0 0 0 0 0 0 2 2 1 60 60 58 0 0 0 9823865 83231521 0 83152149 10568566 1658733 29072184932 1579653 43471244777 43469733108 0 8008002 215162393 2.287153 473 473 3874816 2605072 15 520 0.508955 2 16384 10885 2 16384 10885 1 8192 5630 0 0 0
1709825980919259 2 0 0 2 2 2 0 0 0 0 0 0 0 2 2 0 62 62 60 0 0 0 9824937 83290357 0 83210797 10580354 1661870 29079014077 1582505 43472987908 43472987908 0 8274936 215468575 2.291551 591 591 4841472 3254963 26 428 0.509664 2 16384 10885 2 16384 10885 1 8192 5630 0 0 0
1709828085110200 2 0 0 2 2 2 0 0 0 0 0 0 0 2 2 1 62 62 60 0 0 0 9825423 83295310 0 83210797 10588163 1782730 31182953900 1688214 45582180062 43472987908 0 8274936 215468575 2.291417 591 591 4841472 3254963 26 97 0.512821 2 16384 10885 2 16384 10885 1 8192 5630 0 0 0
1709828092014085 2 0 0 2 2 2 0 0 0 0 0 0 0 2 2 0 64 64 62 0 0 0 9826296 84406371 0 84321680 10611847 1782884 31188727740 1689283 45583851459 45583851459 0 8541870 225572179 2.369333 614 614 5029888 3381637 1832 179 0.510573 2 16384 10885 2 16384 10885 1 8192 5630 0 0 0
1709830533653909 2 0 0 2 2 2 0 0 0 0 0 0 0 2 2 1 64 64 62 0 0 0 9826840 84411909 0 84321680 10621016 1914867 33630090374 1808302 48029490065 45583851459 0 8541870 225572179 2.369180 614 614 5029888 3381637 28 56 0.512821 2 16384 10885 2 16384 10885 1 8192 5630 0 0 0
1709830538931233 2 0 0 2 2 2 0 0 0 0 0 0 0 2 2 1 66 66 64 0 0 0 9827689 85631867 0 85541503 10682033 1916995 33634068462 1809140 48033326534 48031435251 0 8808804 235830522 2.444032 770 770 6307840 4240815 14 142 0.509764 2 16384 10885 2 16384 10885 1 8192 5630 0 0 0
1709830545962353 2 0 0 2 2 2 0 0 0 0 0 0 0 2 2 1 69 69 67 0 0 0 9829142 85719597 0 85628996 10752049 1917171 33640937016 1810097 48039980822 48037250968 0 9209205 236359980 2.451032 766 766 6275072 4218785 13 120 0.508676 2 16384 10885 2 16384 10885 1 8192 5630 0 0 0
1709830555856088 2 0 0 2 2 2 0 0 0 0 0 0 0 2 2 0 73 73 71 0 0 0 9831043 85823114 0 85732184 10813724 1917411 33650684475 1811368 48044513782 48044513782 0 9743071 237027002 2.460304 845 845 6922240 4653881 28 101 0.509367 2 16384 10885 2 16384 10885 1 8192 5630 0 0 0
1709830695791203 2 0 0 2 2 2 0 0 0 0 0 0 0 2 2 1 73 73 71 0 0 0 9831083 85823452 0 85732184 10814323 1923635 33790595091 1821761 54418252735 48044513782 0 9743071 237027002 2.460294 845 845 6922240 4653881 30 92 0.512821 2 16384 10885 2 16384 10885 1 8192 5630 0 0 0
1709830701133752 2 0 0 2 2 2 0 0 0 0 0 0 0 2 2 0 74 74 72 0 0 0 9831470 86141057 0 86049715 10821148 1923733 33795618574 1822423 54418252735 54418252735 0 9876538 247113142 2.553694 845 845 6922240 4653881 30 87 0.511601 2 16384 10885 2 16384 10885 1 8192 5630 0 0 0
1709830707512635 2 0 0 2 2 2 0 0 0 0 0 0 0 2 2 0 75 75 73 0 0 0 9831994 86155113 0 86063651 10828118 1923837 33801975108 1822959 54424591462 54424591462 0 10010005 247286858 2.556358 888 888 7274496 4890706 18058 1840 0.511117 2 16384 10885 2 16384 10885 1 8192 5630 0 0 0
1709830757066021 2 0 0 2 2 2 0 0 0 0 0 0 0 2 2 0 75 75 73 0 0 0 9832003 86155226 0 86063651 10942705 1926970 33851409298 1824091 54424591462 54424591462 0 10010005 247286858 2.556355 888 888 7274496 4890706 161 1678 0.512811 2 16384 10885 2 16384 10885 1 8192 5630 0 0 0
1709831594814811 2 0 0 2 2 2 0 0 0 0 0 0 0 2 2 1 75 75 73 0 0 0 9832184 86156929 0 86063651 10945826 1971561 34689059750 1865498 55468550017 54424591462 0 10010005 247286858 2.556305 888 888 7274496 4890706 161 868 0.512821 2 16384 10885 2 16384 10885 1 8192 5630 0 0 0
1709831604708038 2 0 0 2 2 2 0 0 0 0 0 0 0 2 2 0 76 76 74 0 0 0 9832534 91008602 0 90915232 10951921 1971637 34694099933 1866103 55468550017 55468550017 0 10143472 257165514 2.527993 888 888 7274496 4890706 161 800 0.511601 2 16384 10885 2 16384 10885 1 8192 5630 0 0 0
1709831886033007 2 0 0 2 2 2 0 0 0 0 0 0 0 2 2 1 76 76 74 0 0 0 9832588 91009236 0 90915232 10952922 1987837 34975385416 1880396 55754872294 55468550017 0 10143472 257165514 2.527976 810 810 6635520 4467316 212 647 0.512821 2 16384 10885 2 16384 10885 1 8192 5630 0 0 0
1709831894049076 2 0 0 2 2 2 0 0 0 0 0 0 0 2 2 0 78 78 76 0 0 0 9833480 92046053 0 91951879 10965610 1987998 34982356587 1881330 55756780909 55756780909 0 10410404 267161047 2.598292 768 768 6291456 4241555 271 590 0.510792 2 16384 10885 2 16384 10885 1 8192 5630 0 0 0
1709832704167966 2 0 0 2 2 2 0 0 0 0 0 0 0 2 2 0 78 78 76 0 0 0 9833632 92047807 0 91951879 11085841 2035363 35792260212 1925359 55756780909 55756780909 0 10410404 267161047 2.598243 767 767 6283264 4241902 31 296 0.512821 2 16384 10885 2 16384 10885 1 8192 5630 0 0 0
1709834119928313 2 0 0 2 2 2 0 0 0 0 0 0 0 2 2 1 78 78 76 0 0 0 9833945 92050978 0 91951879 11091080 2110644 37207826161 1999521 59174169335 55756780909 0 10410404 267161047 2.598154 767 767 6283264 4241902 31 115 0.512821 2 16384 10885 2 16384 10885 1 8192 5630 0 0 0
1709834125376066 2 0 0 2 2 2 0 0 0 0 0 0 0 2 2 0 79 79 77 0 0 0 9834388 92416451 0 92317242 11124776 2110731 37212906835 2000243 59174169335 59174169335 0 10543871 277062621 2.682452 767 767 6283264 4241902 31 107 0.511601 2 16384 10885 2 16384 10885 1 8192 5630 0 0 0
1709834130505013 2 0 0 2 2 2 0 0 0 0 0 0 0 2 2 0 80 80 78 0 0 0 9834888 92452291 0 92353001 11142047 2110866 37217981490 2000676 59179189235 59179189235 0 10677338 277195301 2.683980 839 839 6873088 4640099 8194 897 0.511390 2 16384 10885 2 16384 10885 1 8192 5630 0 0 0
1709834720926349 2 0 0 2 2 2 0 0 0 0 0 0 0 2 2 1 80 80 78 0 0 0 9835003 92453551 0 92353001 11144103 2143650 37808327793 2032495 62011065334 59179189235 0 10677338 277195301 2.683944 791 791 6479872 4368580 39 532 0.512821 2 16384 10885 2 16384 10885 1 8192 5630 0 0 0
1709834728853146 2 0 0 2 2 2 0 0 0 0 0 0 0 2 2 0 82 82 80 0 0 0 9835884 93620735 0 93520002 11156291 2143763 37815079203 2033279 62012727432 62012727432 0 10944272 287413635 2.750295 835 835 6840320 4611586 2421 582 0.510792 2 16384 10885 2 16384 10885 1 8192 5630 0 0 0
1709835736431429 2 0 0 2 2 2 0 0 0 0 0 0 0 2 2 1 82 82 80 0 0 0 9836092 93622865 0 93520002 11159847 2199015 38822535371 2086126 63025304814 62012727432 0 10944272 287413635 2.750233 807 807 6610944 4463122 21 250 0.512821 2 16384 10885 2 16384 10885 1 8192 5630 0 0 0
1709835742492454 2 0 0 2 2 2 0 0 0 0 0 0 0 2 2 1 84 84 82 0 0 0 9836975 95416472 0 95313436 11178065 2199149 38826781707 2087139 63029464957 63027053353 0 11211206 297462939 2.796817 798 798 6537216 4419455 560 246 0.510062 2 16384 10885 2 16384 10885 1 8192 5630 0 0 0
1709835749939617 2 0 0 2 2 2 0 0 0 0 0 0 0 2 2 0 86 86 84 0 0 0 9838015 95476414 0 95373224 11190886 2199352 38834160812 2087835 63031712212 63031712212 0 11478140 297799363 2.800661 797 797 6529024 4426116 26 216 0.510415 2 16384 10885 2 16384 10885 1 8192 5630 0 0 0
1709836452097982 2 0 0 2 2 2 0 0 0 0 0 0 0 2 2 1 86 86 84 0 0 0 9838162 95478039 0 95373224 11193488 2240769 39536228566 2124253 65358324720 63031712212 0 11478140 297799363 2.800614 795 795 6512640 4421093 18 124 0.512821 2 16384 10885 2 16384 10885 1 8192 5630 0 0 0
1709836457445188 2 0 0 2 2 2 0 0 0 0 0 0 0 2 2 0 87 87 85 0 0 0 9838593 95799250 0 95694333 11200737 2240851 39541253094 2124813 65358324720 65358324720 0 11611607 307601840 2.881786 795 795 6512640 4421093 18 114 0.511601 2 16384 10885 2 16384 10885 1 8192 5630 0 0 0
1709836466197029 2 0 0 2 2 2 0 0 0 0 0 0 0 2 2 0 88 88 86 0 0 0 9839161 95819193 0 95714167 11207588 2241045 39549976726 2125277 65367025010 65367025010 0 11745074 307938620 2.885471 839 839 6873088 4665782 6413 729 0.511506 2 16384 10885 2 16384 10885 1 8192 5630 0 0 0
1709836475692564 2 0 0 2 2 2 0 0 0 0 0 0 0 2 2 0 90 90 88 0 0 0 9840351 95846681 0 95741425 11221350 2241238 39559428538 2126157 65376447115 65376447115 0 12012008 308222926 2.889662 808 808 6619136 4481020 135 650 0.510725 2 16384 10885 2 16384 10885 1 8192 5630 0 0 0
1709838596595478 2 0 0 2 2 2 0 0 0 0 0 0 0 2 2 1 90 90 88 0 0 0 9840783 95851314 0 95741425 11229555 2366455 41680069027 2239802 68228102435 65376447115 0 12012008 308222926 2.889524 808 808 6619136 4474836 109 198 0.512821 2 16384 10885 2 16384 10885 1 8192 5630 0 0 0
1709838601758589 2 0 0 2 2 2 0 0 0 0 0 0 0 2 2 1 92 92 90 0 0 0 9841830 97016938 0 96906909 11241579 2366598 41684052238 2240915 68232038639 68229878777 0 12278942 318469513 2.951806 860 860 7045120 4762821 2431 303 0.510062 2 16384 10885 2 16384 10885 1 8192 5630 0 0 0
1709838606811438 2 0 0 2 2 2 0 0 0 0 0 0 0 2 2 0 93 93 91 0 0 0 9842326 97039890 0 96929768 11247506 2366681 41689081029 2241234 68232038639 68232038639 0 12412409 318675461 2.954186 860 860 7045120 4762821 35 278 0.510387 2 16384 10885 2 16384 10885 1 8192 5630 0 0 0
1709838649332172 2 0 0 2 2 2 0 0 0 0 0 0 0 2 2 1 93 93 91 0 0 0 9842331 97039964 0 96929768 11247674 2370548 41731587683 2244200 70410346577 68232038639 0 12412409 318675461 2.954184 796 796 6520832 4414470 41 256 0.512794 2 16384 10885 2 16384 10885 1 8192 5630 0 0 0
1709838654513729 2 0 0 2 2 2 0 0 0 0 0 0 0 2 2 1 94 94 92 0 0 0 9842855 97397043 0 97286767 11254692 2370652 41736404282 2244541 70415102872 70410346577 0 12545876 328571502 3.033525 796 796 6520832 4414470 41 236 0.511457 2 16384 10885 2 16384 10885 1 8192 5630 0 0 0
1709838662016241 2 0 0 2 2 2 0 0 0 0 0 0 0 2 2 0 96 96 94 0 0 0 9844019 97423601 0 97313106 11268563 2370811 41743870874 2245317 70418539990 70418539990 0 12812808 328783716 3.037001 826 826 6766592 4568202 59 489 0.510380 2 16384 10885 2 16384 10885 1 8192 5630 0 0 0
1709839178440657 2 0 0 2 2 2 0 0 0 0 0 0 0 2 2 1 96 96 94 0 0 0 9844136 97424797 0 97313106 11270455 2403593 42260221831 2275071 70995166559 70418539990 0 12812808 328783716 3.036963 826 826 6766592 4561880 124 358 0.512821 2 16384 10885 2 16384 10885 1 8192 5630 0 0 0
1709839184606011 2 0 0 2 2 2 0 0 0 0 0 0 0 2 2 1 97 97 95 0 0 0 9844721 101488969 0 101377169 11277212 2406548 42262312669 2275882 70997226388 70995166559 0 12946275 338590118 3.011229 769 769 6299648 4247078 141 327 0.511162 2 16384 10885 2 16384 10885 1 8192 5630 0 0 0
1709839193263091 2 0 0 2 2 2 0 0 0 0 0 0 0 2 2 0 100 100 98 0 0 0 9846162 101562828 0 101450812 11295482 2406735 42270880730 2276902 71000714522 71000714522 0 13346676 339127059 3.017217 1442 1442 11812864 7963960 28 284 0.509935 2 16384 10885 2 16384 10885 1 8192 5630 0 0 0
1709839942927379 2 0 0 2 2 2 0 0 0 0 0 0 0 2 2 1 100 100 98 0 0 0 9846280 101564419 0 101450812 11298300 2452618 43020447022 2316399 71755377903 71000714522 0 13346676 339127059 3.017171 1442 1442 11812864 7963960 34 167 0.512821 2 16384 10885 2 16384 10885 1 8192 5630 0 0 0
1709840441086784 2 0 1 1 2 3 1 0 1 0 0 0 0 1 1 0 100 100 99 0 0 0 9846403 105548911 0 105434136 11351784 2482580 43514511578 2348771 71755377903 71755377903 0 13346676 349002441 2.994602 1291 1291 10575872 7130009 189 170 0.512821 2 16384 10429 1 8192 5255 1 8192 5255 0 0 0
1709840961754276 2 0 1 1 2 4 2 0 2 0 0 0 0 1 1 0 100 100 99 0 0 0 9846499 105550064 0 105434136 11366639 2515377 44035101246 2376443 71755377903 71755377903 0 13346676 349002441 2.994570 1291 1291 10575872 7130009 189 180 0.512821 2 16384 11283 1 8192 5255 1 8192 6028 0 0 0
1709841297789901 1 0 0 1 1 4 3 0 3 0 0 0 0 1 1 1 100 100 99 0 0 0 9846556 105550699 0 105434136 11368125 2535905 44371087387 2395739 74395173804 71755377903 0 13346676 349002441 2.994552 1291 1291 10575872 7130009 189 187 0.512821 1 8192 5255 1 8192 5255 1 8192 5255 0 0 0
1709841298103443 0 0 0 0 0 4 4 1 3 0 0 0 0 0 0 0 100 100 100 0 0 0 9846556 105860724 0 105744093 11375044 2535932 44371087387 2395739 74395173804 74395173804 0 13346676 358865836 3.067824 1291 1291 10575872 7130009 189 189 0.537179 0 0 0 0 0 0 0 0 0 0 0 0
