# timestamp workers_connected workers_init workers_idle workers_busy workers_able workers_joined workers_removed workers_released workers_idled_out workers_blocked workers_fast_aborted workers_lost tasks_waiting tasks_on_workers tasks_running tasks_with_results tasks_submitted tasks_dispatched tasks_done tasks_failed tasks_cancelled tasks_exhausted_attempts time_send time_receive time_send_good time_receive_good time_status_msgs time_internal time_polling time_application time_execute time_execute_good time_execute_exhaustion bytes_sent bytes_received bandwidth capacity_tasks capacity_cores capacity_memory capacity_disk capacity_instantaneous capacity_weighted manager_load total_cores total_memory total_disk committed_cores committed_memory committed_disk max_cores max_memory max_disk min_cores min_memory min_disk
1709261670644129 0 0 0 0 0 0 0 0 0 0 0 0 100 0 0 0 100 0 0 0 0 0 0 0 0 0 0 0 0 0 0 0 0 0 0 1.000000 10 10 5120 10240 10 10 0.000000 0 0 0 0 0 0 0 0 0 0 0 0
1709261938923106 1 0 0 1 1 1 0 0 0 0 0 0 99 1 0 0 100 0 0 0 0 0 35122 3940 0 0 143622 25749 268044875 36419 0 0 0 133467 0 1.000000 10 10 5120 10240 10 10 0.487179 1 1024 36474 0 0 0 1 1024 36474 0 0 0
1709261945071424 5 0 0 5 5 5 0 0 0 0 0 0 94 5 5 1 100 6 1 0 0 0 206131 29430 0 24863 383149 27841 273687360 37127 8200417 2404883 0 669670 120945 1.000000 10 10 5120 10240 10 10 0.493587 5 7168 131278 5 7168 131278 1 2048 36474 0 0 0
1709261950269841 5 0 0 5 5 5 0 0 0 0 0 0 87 5 5 1 100 13 8 0 0 0 263368 940931 0 935602 627909 28692 277670008 38633 25806454 21083962 0 686013 1110597 1.422720 10 10 14629 279446 6 19 0.504223 5 7168 131278 5 7168 131278 1 2048 36474 0 0 0
1709261956212954 5 0 0 5 5 5 0 0 0 0 0 0 83 5 5 1 100 17 12 0 0 0 306972 1231665 0 1225736 720410 29331 283184069 39765 37106295 31565215 0 695353 1685406 1.475636 12 12 18991 345227 53 28 0.506832 5 7168 131278 5 7168 131278 1 2048 36474 0 0 0
1709261961573451 5 0 0 5 5 5 0 0 0 0 0 0 82 5 5 0 100 18 13 0 0 0 330380 1495692 0 1489592 786405 29650 288256181 39957 37106295 37106295 0 697688 1841799 1.326259 13 13 21078 373298 50 31 0.508965 5 7168 131278 5 7168 131278 1 2048 36474 0 0 0
1709261967992583 5 0 0 5 5 5 0 0 0 0 0 0 81 5 5 0 100 19 14 0 0 0 357560 1760801 0 1754489 852317 29941 294316179 40255 43117069 43117069 0 700021 2032347 1.230097 13 13 20480 381056 14 31 0.509905 5 7168 131278 5 7168 131278 1 2048 36474 0 0 0
1709261973620894 5 0 0 5 5 5 0 0 0 0 0 0 80 5 5 0 100 20 15 0 0 0 382863 2024157 0 2017654 918499 34011 299584706 40791 48280050 48280050 0 702356 2163699 1.135546 13 13 19525 393471 13 31 0.510318 5 7168 131278 5 7168 131278 1 2048 36474 0 0 0
1709261979965655 5 0 0 5 5 5 0 0 0 0 0 0 79 5 5 0 100 21 16 0 0 0 405808 2294864 0 2287991 986394 34276 305566830 41302 54217602 54217602 0 704691 2314492 1.066148 13 13 19525 393471 13 31 0.510500 5 7168 131278 5 7168 131278 1 2048 36474 0 0 0
1709261985051677 5 0 0 5 5 5 0 0 0 0 0 0 78 5 5 0 100 22 17 0 0 0 423682 2559642 0 2552597 1052601 34531 310299976 44763 59901847 59901847 0 707026 2449968 1.009191 13 13 19136 398514 13 31 0.510338 5 7168 131278 5 7168 131278 1 2048 36474 0 0 0
1709262040051149 5 0 0 5 5 5 0 0 0 0 0 0 78 5 5 1 100 22 17 0 0 0 603258 2560345 0 2552597 1053182 45522 365095609 46159 144812925 59901847 0 707026 2449968 0.951682 13 13 18794 402964 15 31 0.512811 5 7168 131278 5 7168 131278 1 2048 36474 0 0 0
1709262046051399 5 0 0 5 5 5 0 0 0 0 0 0 75 5 5 1 100 25 20 0 0 0 634833 2615855 0 2607695 1079522 46203 370977585 49651 150686566 148801686 0 714029 8227998 2.623377 31 31 46781 951537 71 99 0.509031 5 7168 131278 5 7168 131278 1 2048 36474 0 0 0
1709262054896014 5 0 0 5 5 5 0 0 0 0 0 0 72 5 5 0 100 28 23 0 0 0 675688 2642808 0 2634290 1106668 46642 379734474 50164 154425494 154425494 0 721034 8671477 2.699234 32 32 50642 971014 62 94 0.509522 5 7168 131278 5 7168 131278 1 2048 36474 0 0 0
1709262141298589 6 0 0 6 6 6 0 0 0 0 0 0 71 6 5 0 100 28 23 0 0 0 1010905 2643981 0 2634290 1120941 53806 465766921 53234 154425494 154425494 0 854501 8671477 2.485626 32 32 51290 967925 62 92 0.487179 6 9216 158670 5 7168 131278 1 2048 36474 0 0 0
1709262147059902 7 0 0 7 7 7 0 0 0 0 0 0 69 7 7 1 100 31 24 0 0 0 1104366 2669593 0 2659628 1264879 54373 471263603 53901 160110562 157972387 0 990303 8856392 2.488246 32 32 51290 967925 62 90 0.498900 7 10240 160076 7 10240 160076 1 2048 36474 0 0 0
1709262154419208 7 0 0 7 7 7 0 0 0 0 0 0 65 7 7 1 100 35 28 0 0 0 1159502 2964522 0 2954025 1353545 60519 478176830 54630 172278429 169687190 0 999643 9418892 2.409270 30 30 48925 865865 111 88 0.506592 7 10240 160076 7 10240 160076 1 2048 36474 0 0 0
1709262161406424 7 0 0 7 7 7 0 0 0 0 0 0 63 7 7 1 100 37 30 0 0 0 1199655 2978420 0 2967676 1367188 60900 485095401 54954 179214742 175067932 0 1004313 9766159 2.458434 31 31 51448 891584 98 91 0.508842 7 10240 160076 7 10240 160076 1 2048 36474 0 0 0
1709262167760122 7 0 0 7 7 7 0 0 0 0 0 0 61 7 7 1 100 39 32 0 0 0 1237757 2992484 0 2981481 1380537 61332 491382406 55332 185517964 181841949 0 1008983 10205893 2.528305 32 32 53909 917519 154 98 0.509140 7 10240 160076 7 10240 160076 1 2048 36474 0 0 0
1709262176462909 7 0 0 7 7 7 0 0 0 0 0 0 58 7 7 1 100 42 35 0 0 0 1291230 3013379 0 3001995 1401124 61913 499987068 57610 194138077 190194042 0 1015988 10776736 2.612646 33 33 56652 942463 85 102 0.509178 7 10240 160076 7 10240 160076 1 2048 36474 0 0 0
1709262182345354 7 0 0 7 7 7 0 0 0 0 0 0 56 7 7 1 100 44 37 0 0 0 1342520 3027631 0 3015961 1414843 62304 505789161 58034 199968511 197439493 0 1020656 11297819 2.688194 33 33 57259 940323 164 106 0.510093 7 10240 160076 7 10240 160076 1 2048 36474 0 0 0
1709262189821801 7 0 0 7 7 7 0 0 0 0 0 0 53 7 7 1 100 47 40 0 0 0 1417711 3048203 0 3036124 1435330 63623 513147014 58605 207362442 204463272 0 1027661 11744745 2.727485 34 34 59813 965934 92 109 0.509531 7 10240 160076 7 10240 160076 1 2048 36474 0 0 0
1709262194869143 7 0 0 7 7 7 0 0 0 0 0 0 52 7 7 0 100 48 41 0 0 0 1447304 3055045 0 3042814 1442033 63869 518157127 58773 207362442 207362442 0 1029996 11922590 2.743579 35 35 61824 993453 75 107 0.510154 7 10240 160076 7 10240 160076 1 2048 36474 0 0 0
1709262240159034 8 0 0 8 8 8 0 0 0 0 0 0 51 8 7 0 100 48 41 0 0 0 1682970 3055618 0 3042814 1471678 68009 563172116 61303 207362442 207362442 0 1163463 11922590 2.633661 35 35 62065 992606 108 108 0.487172 8 11264 161609 7 10240 160076 1 2048 36474 0 0 0
1709262246742050 10 0 0 10 10 10 0 0 0 0 0 0 48 10 10 1 100 52 42 0 0 0 1914171 3112192 0 3099027 1561152 69216 569361426 62100 213124491 209922307 0 1432732 12051418 2.558408 35 35 62065 992606 108 108 0.492971 10 13312 166843 10 13312 166843 1 2048 36474 0 0 0
1709262251895586 10 0 0 10 10 10 0 0 0 0 0 0 45 10 10 1 100 55 45 0 0 0 1977492 3339732 0 3326118 1619066 69767 574157202 62725 220153992 218387930 0 1439737 12526182 2.504867 34 34 58555 905338 18 94 0.503159 10 13312 166843 10 13312 166843 1 2048 36474 0 0 0
1709262258458297 10 0 0 10 10 10 0 0 0 0 0 0 42 10 10 1 100 58 48 0 0 0 2047621 3595666 0 3581496 1684925 70420 580326343 63582 226317242 224371913 0 1446742 13013192 2.443623 33 33 55362 826037 14 81 0.506606 10 13312 166843 10 13312 166843 1 2048 36474 0 0 0
1709262267320109 10 0 0 10 10 10 0 0 0 0 0 0 39 10 10 0 100 61 51 0 0 0 2148266 3851812 0 3837172 1750541 71028 588785209 64425 229708433 229708433 0 1453747 13451298 2.369062 32 32 52162 753120 13 70 0.510136 10 13312 166843 10 13312 166843 1 2048 36474 0 0 0
1709262594621148 11 0 0 11 11 11 0 0 0 0 0 0 38 11 10 0 100 61 51 0 0 0 4595006 3856677 0 3837172 1775184 102890 913537389 83001 229708433 229708433 0 1587214 13451298 1.696922 34 34 55422 776007 13 56 0.487179 11 15360 178194 10 13312 166843 1 2048 36474 0 0 0
1709262600797935 13 0 0 13 13 13 0 0 0 0 0 0 34 13 13 1 100 66 53 0 0 0 4896072 3899099 0 3879087 2067646 103790 919077013 83787 235755519 233849423 0 1858818 13806242 1.698587 33 33 53792 741887 26 51 0.494535 13 17408 181218 13 17408 181218 1 2048 36474 0 0 0
1709262606408516 13 0 0 13 13 13 0 0 0 0 0 0 32 13 13 1 100 68 55 0 0 0 4990955 4182474 0 4162138 2145331 104211 924170671 84135 248023686 239883352 0 1863488 14112714 1.660894 37 37 61858 820025 59 54 0.506462 13 17408 181218 13 17408 181218 1 2048 36474 0 0 0
1709262611807924 13 0 0 13 13 13 0 0 0 0 0 0 31 13 13 1 100 69 56 0 0 0 5047766 4533181 0 4512647 2214121 104460 929092177 84446 252931350 248023686 0 1865823 14340798 1.613185 34 34 56132 735055 7 50 0.508369 13 17408 181218 13 17408 181218 1 2048 36474 0 0 0
1709262617207076 13 0 0 13 13 13 0 0 0 0 0 0 30 13 13 0 100 70 57 0 0 0 5103340 4807126 0 4786454 2283675 104842 934157757 87660 252931350 252931350 0 1868156 14452145 1.570486 34 34 56132 710826 12 48 0.509642 13 17408 181218 13 17408 181218 1 2048 36474 0 0 0
1709262623407680 13 0 0 13 13 13 0 0 0 0 0 0 29 13 13 1 100 71 58 0 0 0 5148643 5118917 0 5098057 2353921 105021 939861894 87938 263580906 258640610 0 1870491 14621519 1.531815 33 33 53792 672013 12 46 0.509920 13 17408 181218 13 17408 181218 1 2048 36474 0 0 0
1709262628868778 13 0 0 13 13 13 0 0 0 0 0 0 28 13 13 0 100 72 59 0 0 0 5229522 5392504 0 5371489 2422679 105309 944967327 88182 263580906 263580906 0 1872826 14744294 1.491930 33 33 53792 648483 13 44 0.511165 13 17408 181218 13 17408 181218 1 2048 36474 0 0 0
1709262648503380 13 0 0 13 13 13 0 0 0 0 0 0 28 13 13 0 100 72 59 0 0 0 5370353 5392729 0 5371489 2423006 109753 964455067 88515 263580906 263580906 0 1872826 14744294 1.472378 31 31 49884 592361 11 42 0.512628 13 17408 181218 13 17408 181218 1 2048 36474 0 0 0
1709262656304105 14 0 0 14 14 14 0 0 0 0 0 0 27 14 13 0 100 72 59 0 0 0 5515074 5392870 0 5371489 2556212 110329 971975768 88698 263580906 263580906 0 2006291 14744294 1.464493 31 31 49884 592361 11 41 0.487156 14 18432 217763 13 17408 181218 1 2048 36545 0 0 0
1709262698694406 15 0 0 15 15 15 0 0 0 0 0 0 26 15 14 0 100 73 59 0 0 0 6115619 5393450 0 5371489 2694140 117249 1013615524 91295 263580906 263580906 0 2139758 14744294 1.399061 31 31 49884 592361 11 39 0.487149 15 19456 219235 14 18432 217763 1 2048 36545 0 0 0
1709262790803544 15 0 0 15 15 15 0 0 0 0 0 0 26 15 15 1 100 74 59 0 0 0 7330799 5394673 0 5371489 2696198 127090 1104468189 95091 792134559 263580906 0 2139758 14744294 1.265327 31 31 49884 592361 11 37 0.512820 15 19456 219235 15 19456 219235 1 2048 36545 0 0 0
1709262798007581 16 0 0 16 16 16 0 0 0 0 0 0 23 16 16 0 101 78 62 0 0 0 7587580 5717669 0 5694004 2924824 127738 1110882405 96801 797125071 797125071 0 2280230 18134720 1.463273 96 96 150466 1730980 18 144 0.504389 16 20480 221072 16 20480 221072 1 2048 36545 0 0 0
1709262803329666 18 0 1 17 18 18 0 0 0 0 0 0 21 17 17 0 101 80 63 0 0 0 7923394 5717870 0 6120038 3146223 128334 1115219183 96942 801548290 801548290 0 2547164 18370526 1.462376 99 99 155168 1714656 20 138 0.494021 18 22528 224136 18 22528 224136 1 2048 36545 0 0 0
1709262810274175 18 0 0 18 18 18 0 0 0 0 0 0 19 18 18 0 101 82 64 0 0 0 8094848 6427799 0 6403165 3217664 129079 1121632792 99828 807271959 807271959 0 2551834 18559834 1.386363 94 94 147331 1561007 6 122 0.505303 18 22528 224136 18 22528 224136 1 2048 36545 0 0 0
1709262886626379 18 0 0 18 18 18 0 0 0 0 0 0 19 18 18 1 101 82 64 0 0 0 9151154 6428764 0 6403165 3219089 137624 1196821333 103307 1744948516 807271959 0 2551834 18559834 1.292283 92 92 144196 1462207 10 107 0.512820 18 22528 224136 18 22528 224136 1 2048 36545 0 0 0
1709262894708672 18 0 0 18 18 18 0 0 0 0 0 0 18 18 18 0 101 83 65 0 0 0 9233948 9352812 0 9326966 3309731 137903 1201895237 104099 1744948516 1744948516 0 2554167 28424194 1.589479 92 92 144196 1462207 10 99 0.511601 18 22528 224136 18 22528 224136 1 2048 36545 0 0 0
1709262924798294 19 0 0 19 19 19 0 0 0 0 0 0 17 19 18 0 101 83 65 0 0 0 9927867 9353354 0 9326966 3448062 139141 1231147483 104711 1744948516 1744948516 0 2687632 28424194 1.538831 155 155 242939 2463438 304 110 0.487176 19 23552 225659 18 22528 224136 1 2048 36545 0 0 0
1709262933942385 19 0 0 19 19 19 0 0 0 0 0 0 16 19 19 0 101 85 66 0 0 0 10122662 9632721 0 9605797 3518278 144569 1239734206 112447 1748204729 1748204729 0 2689967 28585734 1.509808 152 152 238237 2307339 6 124 0.504844 19 23552 225659 19 23552 225659 1 2048 36545 0 0 0
1709263035908559 20 0 0 20 20 20 0 0 0 0 0 0 15 20 19 0 101 85 66 0 0 0 11892102 9634403 0 9605797 3540717 156495 1339875102 116900 1748204729 1748204729 0 2823434 28585734 1.391499 152 152 238237 2307339 6 114 0.487179 20 25600 338404 19 23552 225659 1 2048 112745 0 0 0
1709263042851460 21 0 0 21 21 21 0 0 0 0 0 0 12 21 21 1 101 89 68 0 0 0 12299570 9694611 0 9665565 3568810 157144 1346324150 117703 1754457976 1752088611 0 2961571 28889391 1.381067 144 144 225698 2434582 20 100 0.502821 21 27648 365647 21 27648 365647 1 2048 112745 0 0 0
1709263078680506 22 0 0 22 22 22 0 0 0 0 0 0 10 22 21 0 101 90 69 0 0 0 12945165 9707894 0 9678293 3713357 160987 1381347389 120356 1754457976 1754457976 0 3097373 29101041 1.355526 144 144 225698 2429404 83 95 0.487141 22 28672 367198 21 27648 365647 1 2048 112745 0 0 0
1709263085062348 22 0 0 22 22 22 0 0 0 0 0 0 9 22 22 1 101 92 70 0 0 0 13160489 9982677 0 9952851 3782501 161432 1387101209 120700 1760082392 1758263375 0 3099708 29262138 1.333554 144 144 225698 2429404 83 95 0.506834 22 28672 367198 22 28672 367198 1 2048 112745 0 0 0
1709263090539930 22 0 0 22 22 22 0 0 0 0 0 0 8 22 22 0 101 93 71 0 0 0 13283148 10256951 0 10226918 3851216 161800 1392180706 120886 1760082392 1760082392 0 3102043 29397217 1.316635 137 137 211864 2237012 7 87 0.509681 22 28672 367198 22 28672 367198 1 2048 112745 0 0 0
1709263096252915 22 0 0 22 22 22 0 0 0 0 0 0 7 22 22 0 101 94 72 0 0 0 13379317 10599183 0 10568963 3919823 162111 1397385774 121155 1765360677 1765360677 0 3104378 29629741 1.301903 133 133 202899 2099571 5 80 0.510220 22 28672 367198 22 28672 367198 1 2048 112745 0 0 0
1709263217925005 22 0 0 22 22 22 0 0 0 0 0 0 7 22 22 1 101 94 72 0 0 0 15752254 10600812 0 10568963 3923476 171370 1516637485 127769 2189423555 1765360677 0 3104378 29629741 1.184594 128 128 192596 1951225 11 71 0.512821 22 28672 367198 22 28672 367198 1 2048 112745 0 0 0
1709263223818909 25 0 2 23 25 25 0 0 0 0 0 0 4 23 23 1 101 97 74 0 0 0 16200788 10952454 0 10920037 4379046 173058 1521271260 129778 2194866265 2192996393 0 3242515 39778285 1.510974 159 159 235918 2340162 1463 136 0.507599 25 31744 371659 23 29696 368767 1 2048 112745 0 0 0
1709263228880877 25 0 3 22 25 25 0 0 0 0 0 0 0 22 22 1 101 101 79 0 0 0 16276378 11827721 0 11794538 4581548 173721 1525130973 130567 2213640287 2209010912 0 3514117 40702788 1.500440 153 153 214225 1930124 12 107 0.558563 25 31744 371659 22 28672 367017 1 2048 112745 0 0 0
1709263234034238 26 0 5 21 26 26 0 0 0 0 0 0 0 21 21 0 101 101 80 0 0 0 16276430 12102275 0 12068845 4788034 178719 1529865983 130892 2213640287 2213640287 0 3514117 40851743 1.490927 140 140 190172 1618198 8 95 0.523520 26 32768 373152 21 27648 365577 1 2048 112745 0 0 0
1709263254357148 27 0 6 21 27 27 0 0 0 0 0 0 0 21 21 0 101 101 80 0 0 0 16276557 12102525 0 12068845 4844083 179838 1550126851 134165 2213640287 2213640287 0 3514117 40851743 1.490907 140 140 190172 1618198 8 91 0.513116 27 33792 374362 21 27648 365577 1 2048 112745 0 0 0
1709263338608385 27 0 6 21 27 27 0 0 0 0 0 0 0 21 21 1 101 101 80 0 0 0 16277307 12104231 0 12068845 4849239 213287 1634258669 139122 3404341312 2213640287 0 3514117 40851743 1.490778 140 140 190172 1618198 8 84 0.512821 27 33792 374362 21 27648 365577 1 2048 112745 0 0 0
1709263477965889 27 0 7 20 27 27 0 0 0 0 0 0 0 20 20 1 101 101 81 0 0 0 16278305 12843505 0 12805869 4924429 230194 1772826404 148509 4832424155 3404341312 0 3514117 50695269 1.775236 210 210 280869 2315928 1360 262 0.512821 27 33792 374362 20 26624 364171 1 2048 112745 0 0 0
1709263559803920 21 0 2 19 21 27 6 0 6 0 0 0 0 19 19 1 101 101 82 0 0 0 16278737 12867619 0 12828955 4937429 239080 1854545492 157967 5463328198 4832424155 0 3514117 60586123 2.097372 302 302 403916 3335036 31982 1951 0.512821 21 27648 365577 19 24576 336047 1 2048 112745 0 0 0
1709263601758993 20 0 2 18 20 27 7 0 6 0 0 1 0 18 18 0 101 101 83 0 0 0 16278989 14394277 0 14354791 5008572 244407 1894962675 159723 5463328198 5463328198 0 3514117 70347080 2.296447 308 308 405504 3238690 364 4655 0.512898 20 26624 364171 18 23552 334524 1 2048 112745 0 0 0
1709263899315439 18 0 0 18 18 27 9 0 8 0 0 1 0 18 18 1 101 101 83 0 0 0 16280800 14398433 0 14354791 5020325 276078 2192414699 184394 7416889282 5463328198 0 3514117 70347080 2.296000 308 308 405504 3238690 364 3521 0.512821 18 23552 334524 18 23552 334524 1 2048 112745 0 0 0
1709263925604476 18 0 1 17 18 27 9 0 8 0 0 1 0 17 17 1 101 101 84 0 0 0 16280940 14621747 0 14577648 5040097 276984 2218461840 185569 8548765596 7416889282 0 3514117 80248801 2.584971 308 308 405504 3238690 364 3214 0.513314 18 23552 334524 17 22528 332666 1 2048 112745 0 0 0
1709264221941528 17 0 1 16 17 27 10 0 9 0 0 1 0 16 16 1 101 101 85 0 0 0 16282614 14819216 0 14771461 5063241 307816 2514458572 207935 9965457966 8548765596 0 3514117 90091423 2.870223 476 476 606794 4508954 4991 3913 0.512821 17 22528 332666 16 21504 330829 1 2048 112745 0 0 0
1709264239143180 16 0 1 15 16 27 11 0 10 0 0 1 0 15 15 1 101 101 86 0 0 0 16282712 15723837 0 15675464 5132774 308345 2530683533 209177 11113364581 9965457966 0 3514117 99913885 3.081764 476 476 606794 4508954 4991 4019 0.514695 16 21504 330829 15 20480 329287 1 2048 112745 0 0 0
1709264613787777 14 0 0 14 14 27 13 0 12 0 0 1 0 14 14 1 101 101 87 0 0 0 16284516 17779327 0 17727192 5212116 339085 2903129194 231683 13746051772 11113364581 0 3514117 109793763 3.172244 526 526 648548 4427697 524 2787 0.512821 14 19456 327736 14 19456 327736 1 2048 112745 0 0 0
1709264799475881 14 0 1 13 14 27 13 0 12 0 0 1 0 13 13 0 101 101 88 0 0 0 16285169 18462529 0 18408837 5760034 351310 3087625905 240752 13746051772 13746051772 0 3514117 119621105 3.379530 628 628 761188 5402697 3196 2658 0.512821 14 19456 327736 13 18432 291262 1 2048 112745 0 0 0
1709265020494669 13 0 1 12 13 27 14 0 13 0 0 1 0 12 12 1 101 101 89 0 0 0 16286085 18499894 0 18444401 5771599 368320 3308550042 256032 18582780605 15502886588 0 3514117 129572198 3.648625 709 709 859366 6097386 31020 6750 0.512821 13 18432 291262 12 16384 264019 1 2048 112745 0 0 0
1709265242978371 12 0 1 11 12 27 15 0 14 0 0 1 0 11 11 1 101 101 90 0 0 0 16286828 18560409 0 18503080 5782885 389841 3530812159 270720 21022108576 18582780605 0 3514117 139639456 3.917725 849 849 1029058 7318294 31925 13350 0.512821 12 16384 264019 11 14336 235651 1 2048 112745 0 0 0
1709265280363455 12 0 2 10 12 27 15 0 14 0 0 1 0 10 10 1 101 101 91 0 0 0 16286987 23143752 0 23086030 5897953 393848 3563597920 272290 23701638193 21022108576 0 3514117 149678324 3.705122 788 788 955121 6758853 498 14429 0.513061 12 16384 264019 10 13312 234129 1 2048 112745 0 0 0
1709265418206854 11 0 2 9 11 27 16 0 15 0 0 1 0 9 9 1 101 101 92 0 0 0 16287550 23194523 0 23135655 5909189 402417 3701299514 278629 26495953318 23701638193 0 3514117 159703289 3.942454 890 890 1097352 7774278 35161 15227 0.512821 11 14336 235651 9 11264 222778 1 2048 112745 0 0 0
1709265458776957 11 0 3 8 11 27 16 0 15 0 0 1 0 8 8 0 101 101 93 0 0 0 16287550 23194523 0 63705536 5977858 402417 3701299514 278629 26495953318 26495953318 0 3514117 169586159 4.181171 890 890 1097352 7774278 35161 16224 0.512821 11 14336 235651 9 11264 222778 1 2048 112745 0 0 0
1709265670327620 9 0 1 8 9 27 18 0 17 0 0 1 0 8 8 1 101 101 93 0 0 0 16288313 63766287 0 63705536 5982809 423045 3912793817 293378 29926094760 26495953318 0 3514117 169586159 2.062109 393 393 484561 3432230 69 14733 0.512821 9 11264 222778 8 10240 221242 1 2048 112745 0 0 0
1709265965895028 9 0 2 7 9 28 19 0 18 0 0 1 0 7 7 0 101 101 94 0 0 0 16289332 63801297 0 63738468 6133723 446874 4208132230 312922 29926094760 29926094760 0 3514117 179619593 2.180654 445 445 548676 3885568 55569 22868 0.512821 9 11264 222784 7 9216 219709 1 2048 112745 0 0 0
1709265988933897 8 0 1 7 8 28 20 0 19 0 0 1 0 7 7 1 101 101 94 0 0 0 16289395 63801453 0 63738468 6134257 447247 4231102978 313399 33258388667 29926094760 0 3514117 179619593 2.180648 445 445 548676 3885568 55569 24504 0.512821 8 10240 221251 7 9216 219709 1 2048 112745 0 0 0
1709266079910917 8 0 2 6 8 28 20 0 19 0 0 1 0 6 6 1 101 101 95 0 0 0 16289681 64485175 0 64421524 6201532 455212 4321368934 320825 36300534801 33258388667 0 3514117 189613904 2.280180 488 488 601695 4608842 3268 25169 0.512821 8 10240 221251 6 8192 183164 1 2048 112745 0 0 0
1709266115973927 8 0 3 5 8 28 20 0 19 0 0 1 0 5 5 1 101 101 96 0 0 0 16289878 64623614 0 64559629 6210628 455892 4357223830 322070 39526807652 36300534801 0 3514117 199682282 2.394943 488 488 601695 4608842 3268 23034 0.513148 8 10240 221251 5 6144 70419 1 2048 112745 0 0 0
1709266142674898 9 0 5 4 9 29 20 0 19 0 0 1 0 4 4 0 101 101 97 0 0 0 16289982 65942020 0 65877750 6321789 458634 4382556861 322704 39526807652 39526807652 0 3514117 209726422 2.473028 569 569 713457 7068722 2199 21663 0.513152 9 11264 222855 4 5120 33965 1 2048 112745 0 0 0
1709266182740878 10 0 6 4 10 30 20 0 19 0 0 1 0 4 4 0 101 101 97 0 0 0 16290167 65942317 0 65877750 6459911 462032 4422477308 324981 39526807652 39526807652 0 3514117 209726422 2.473013 569 569 713457 7068722 2199 19766 0.512821 10 12288 224348 4 5120 33965 1 2048 112745 0 0 0
1709266326646838 8 0 4 4 8 30 22 0 21 0 0 1 0 4 4 1 101 101 97 0 0 0 16290658 65943686 0 65877750 6464815 470248 4566280593 331032 43154385023 39526807652 0 3514117 209726422 2.472957 569 569 713457 7068722 2199 17262 0.512821 8 10240 186261 4 5120 33965 1 2048 112745 0 0 0
1709266472565974 6 0 3 3 6 31 25 0 24 0 0 1 0 3 3 0 101 101 98 0 0 0 16291508 67017397 0 66950207 6551962 481365 4711077276 345955 43154385023 43154385023 0 3514117 219786193 2.556219 610 610 764866 7576213 2505 14499 0.512821 6 8192 62701 3 4096 32493 1 2048 27392 0 0 0
1709266527960870 6 0 3 3 6 32 26 0 25 0 0 1 0 3 3 0 101 101 98 0 0 0 16291881 67017695 0 66950207 6690060 484822 4766325957 348421 43154385023 43154385023 0 3514117 219786193 2.556198 610 610 764866 7576213 2505 13331 0.512821 6 8192 62744 3 4096 32493 1 2048 27392 0 0 0
1709266567005922 7 0 4 3 6 33 26 0 25 0 0 1 0 3 3 0 101 101 98 0 0 0 16292084 67018012 0 66950207 6921624 492620 4805127862 350074 43154385023 43154385023 0 3514117 219786193 2.556182 610 610 764866 7576213 2505 12276 0.512821 6 8192 62744 3 4096 32493 1 2048 27392 0 0 0
1709266599688482 8 0 6 2 8 34 26 0 25 0 0 1 0 2 2 0 101 101 99 0 0 0 16292454 67052864 0 66984634 7071521 500292 4837611714 353470 47533737258 47533737258 0 3514117 229881220 2.670614 673 673 857924 8712631 85533 15035 0.512951 8 10240 100767 2 2048 5101 1 2048 36454 0 0 0
1709266634202891 8 0 6 2 8 35 27 0 26 0 0 1 0 2 2 0 101 101 99 0 0 0 16292976 67053281 0 66984634 7091740 503219 4872099176 354557 47533737258 47533737258 0 3514117 229881220 2.670583 673 673 857924 8712631 85533 18560 0.512821 8 11264 128304 2 2048 5101 1 2048 36454 0 0 0
1709266669975104 9 0 7 2 9 36 27 0 26 0 0 1 0 2 2 0 101 101 99 0 0 0 16293177 67053511 0 66984634 7110623 510784 4907840279 357142 47533737258 47533737258 0 3514117 229881220 2.670570 673 673 857924 8712631 85533 25091 0.512821 9 13312 139655 2 2048 5101 1 2048 36454 0 0 0
1709266859159501 8 0 6 2 8 37 29 0 28 0 0 1 0 2 2 0 101 101 99 0 0 0 16294552 67054923 0 66984634 7146290 537019 5096933600 374988 47533737258 47533737258 0 3514117 229881220 2.670480 673 673 857924 8712631 85533 36304 0.512821 8 11264 112713 2 2048 5101 1 2048 36454 0 0 0
1709267024522901 4 0 2 2 4 38 34 0 33 0 0 1 0 2 2 0 101 101 99 0 0 0 16295388 67055993 0 66984634 7283365 558938 5262118462 385897 47533737258 47533737258 0 3514117 229881220 2.670419 673 673 857924 8712631 85533 45438 0.512821 4 4096 43392 2 2048 5101 1 1024 36454 0 0 0
1709267034350294 5 0 3 2 5 39 34 0 33 0 0 1 0 2 2 0 101 101 99 0 0 0 16295505 67056093 0 66984634 7292678 561373 5271932814 386164 47533737258 47533737258 0 3514117 229881220 2.670412 673 673 857924 8712631 85533 47443 0.512821 5 5120 44925 2 2048 5101 1 1024 36454 0 0 0
1709267059436064 6 0 4 2 6 40 34 0 33 0 0 1 0 2 2 0 101 101 99 0 0 0 16295637 67056260 0 66984634 7430257 562019 5296878560 386624 47533737258 47533737258 0 3514117 229881220 2.670403 673 673 857924 8712631 85533 49348 0.512821 6 6144 46494 2 2048 5101 1 1024 36454 0 0 0
1709267064570439 7 0 5 2 7 41 34 0 33 0 0 1 0 2 2 0 101 101 99 0 0 0 16295692 67056324 0 66984634 7563540 562372 5301878499 386712 47533737258 47533737258 0 3514117 229881220 2.670399 673 673 857924 8712631 85533 51158 0.512821 7 7168 83039 2 2048 5101 1 1024 36545 0 0 0
1709267099332923 7 0 5 2 7 41 34 0 33 0 0 1 0 2 2 0 101 101 99 0 0 0 16295839 67056495 0 66984634 7603580 565794 5336593925 388964 47533737258 47533737258 0 3514117 229881220 2.670389 673 673 857924 8712631 85533 54510 0.512821 7 7168 83039 2 2048 5101 1 1024 36545 0 0 0
1709267234360118 8 0 6 2 8 43 35 0 34 0 0 1 0 2 2 0 101 101 99 0 0 0 16296542 67057316 0 66984634 7628335 593153 5471556245 395158 47533737258 47533737258 0 3514117 229881220 2.670340 673 673 857924 8712631 85533 58936 0.512821 8 9216 182163 2 2048 5101 1 2048 99707 0 0 0
1709267264695238 9 0 7 2 9 44 35 0 34 0 0 1 0 2 2 0 101 101 99 0 0 0 16296914 67057608 0 66984634 7766792 599465 5501742412 396029 47533737258 47533737258 0 3514117 229881220 2.670319 673 673 857924 8712631 85533 61530 0.512821 9 10240 183685 2 2048 5101 1 2048 99707 0 0 0
1709267271735603 9 0 7 2 9 44 35 0 34 0 0 1 0 2 2 1 101 101 99 0 0 0 16296971 67057656 0 66984634 7766870 599597 5508767633 396244 52558641469 47533737258 0 3514117 229881220 2.670315 673 673 857924 8712631 85533 62731 0.512821 9 10240 183685 2 2048 5101 1 2048 99707 0 0 0
1709267276914996 9 0 7 2 9 44 35 0 34 0 0 1 0 2 2 0 102 102 100 0 0 0 16297679 67203080 0 67129862 7781746 599862 5513795548 400338 52558641469 52558641469 0 3514117 238202001 2.760675 673 673 857924 8712631 85533 64956 0.511827 9 10240 183685 2 2048 5101 1 2048 99707 0 0 0
1709267346248087 8 0 6 2 8 45 37 0 36 0 0 1 0 2 2 0 102 102 100 0 0 0 16298206 67203718 0 67129862 7926692 610009 5582952314 416712 52558641469 52558641469 0 3514117 238202001 2.760636 744 744 948433 9662040 28162 61370 0.512820 8 9216 147240 2 2048 5101 1 2048 99707 0 0 0
1709267521169957 6 0 4 2 6 46 40 0 39 0 0 1 0 2 2 0 102 102 100 0 0 0 16299382 67205276 0 67129862 8064661 633030 5757694443 424865 52558641469 52558641469 0 3514117 238202001 2.760546 744 744 948433 9662040 28162 55212 0.512821 6 7168 144417 2 2048 5101 1 2048 99707 0 0 0
1709267551067161 7 0 5 2 7 48 41 0 40 0 0 1 0 2 2 0 102 102 100 0 0 0 16299657 67205635 0 67129862 8149425 634258 5787497665 430035 52558641469 52558641469 0 3514117 238202001 2.760525 744 744 948433 9662040 28162 53860 0.512821 7 7168 47614 2 2048 5101 1 1024 36545 0 0 0
1709267556083980 8 0 6 2 8 49 41 0 40 0 0 1 0 2 2 0 102 102 100 0 0 0 16299776 67205700 0 67129862 8163081 634588 5792499437 430128 52558641469 52558641469 0 3514117 238202001 2.760519 744 744 948433 9662040 28162 52576 0.512821 8 9216 75990 2 2048 5101 1 2048 36545 0 0 0
1709267636270092 7 0 5 2 7 49 42 0 41 0 0 1 0 2 2 0 102 102 100 0 0 0 16301247 67206234 0 67129862 8301946 648033 5872520890 436965 52558641469 52558641469 0 3514117 238202001 2.760453 744 744 948433 9662040 28162 49096 0.512821 7 8192 74468 2 2048 5101 1 2048 36545 0 0 0
1709267692947951 7 0 5 2 7 50 43 0 42 0 0 1 0 2 2 1 102 102 100 0 0 0 16301578 67206581 0 67129862 8303763 662330 5929105921 441887 57647554072 52558641469 0 3514117 238202001 2.760430 744 744 948433 9662040 28162 47056 0.512821 7 8192 74449 2 2048 5101 1 2048 36545 0 0 0
1709267735923890 8 0 7 1 8 51 43 0 42 0 0 1 0 1 1 0 102 102 101 0 0 0 16301936 69907030 0 69829851 8392855 664074 5969352059 445270 57647554072 57647554072 0 3514117 248299682 2.785654 744 744 948433 9662040 28162 45215 0.512907 8 10240 85800 1 1024 3613 1 2048 36545 0 0 0
1709267780280969 9 0 8 1 9 52 43 0 42 0 0 1 0 1 1 0 102 102 101 0 0 0 16302167 69907356 0 69829851 8527177 668167 6013567016 446437 57647554072 57647554072 0 3514117 248299682 2.785636 785 785 984294 10036482 1779 40981 0.512821 9 11264 122254 1 1024 3613 1 2048 36545 0 0 0
1709267910371901 5 0 4 1 5 52 47 0 46 0 0 1 0 1 1 0 102 102 101 0 0 0 16303137 69908301 0 69829851 8560588 678737 6143597508 455167 57647554072 57647554072 0 3514117 248299682 2.785574 785 785 984294 10036482 1779 35390 0.512821 5 6144 54429 1 1024 3613 1 2048 36454 0 0 0
1709268010444873 5 0 4 1 5 54 49 0 48 0 0 1 0 1 1 0 102 102 101 0 0 0 16303678 69908890 0 69829851 8581058 690300 6243627387 461356 57647554072 57647554072 0 3514117 248299682 2.785538 785 785 984294 10036482 1779 30598 0.512821 5 7168 82264 1 1024 3613 1 2048 36454 0 0 0
1709268065874629 5 0 4 1 5 55 50 0 49 0 0 1 0 1 1 0 102 102 101 0 0 0 16304429 69909224 0 69829851 8628262 698655 6298994609 464014 57647554072 57647554072 0 3514117 248299682 2.785503 785 785 984294 10036482 1779 27790 0.512821 5 6144 72514 1 1024 3613 1 2048 36454 0 0 0
1709268085803970 6 0 5 1 6 57 51 0 50 0 0 1 0 1 1 0 102 102 101 0 0 0 16304598 69909429 0 69829851 8787568 699830 6318760916 464423 57647554072 57647554072 0 3514117 248299682 2.785490 785 785 984294 10036482 1779 26490 0.512821 6 8192 150328 1 1024 3613 1 2048 112745 0 0 0
1709268145822365 6 0 5 1 6 57 51 0 50 0 0 1 0 1 1 0 102 102 101 0 0 0 16304816 69909706 0 69829851 8801151 704039 6378756586 467279 57647554072 57647554072 0 3514117 248299682 2.785475 785 785 984294 10036482 1779 24082 0.512821 6 8192 150328 1 1024 3613 1 2048 112745 0 0 0
1709268250403045 7 0 6 1 7 59 52 0 51 0 0 1 0 1 1 0 102 102 101 0 0 0 16305660 69910501 0 69829851 8818102 714782 6483294105 475981 57647554072 57647554072 0 3514117 248299682 2.785422 785 785 984294 10036482 1779 20902 0.512821 7 11264 203126 1 1024 3613 1 2048 112745 0 0 0
1709268270448891 8 0 7 1 8 60 52 0 51 0 0 1 0 1 1 0 102 102 101 0 0 0 16305862 69910841 0 69829851 8849884 716500 6503303184 476435 57647554072 57647554072 0 3514117 248299682 2.785404 785 785 984294 10036482 1779 19946 0.512821 8 12288 205759 1 1024 3613 1 2048 112745 0 0 0
1709268300524080 9 0 8 1 9 61 52 0 51 0 0 1 0 1 1 0 102 102 101 0 0 0 16306055 69911213 0 69829851 8988350 722701 6533228253 479252 57647554072 57647554072 0 3514117 248299682 2.785386 785 785 984294 10036482 1779 18176 0.512821 9 13312 207328 1 1024 3613 1 2048 112745 0 0 0
1709268445815250 6 0 5 1 6 62 56 0 55 0 0 1 0 1 1 0 102 102 101 0 0 0 16307088 69912557 0 69829851 9131627 740209 6678342400 486556 57647554072 57647554072 0 3514117 248299682 2.785309 785 785 984294 10036482 1779 15839 0.512821 6 8192 63996 1 1024 3613 1 2048 27392 0 0 0
1709268510350229 6 0 5 1 6 63 57 0 56 0 0 1 0 1 1 0 102 102 101 0 0 0 16307430 69912968 0 69829851 9176722 745976 6742818824 490550 57647554072 57647554072 0 3514117 248299682 2.785285 785 785 984294 10036482 1779 14469 0.512821 6 7168 38354 1 1024 3613 1 2048 27392 0 0 0
1709268550512928 6 0 5 1 6 64 58 0 57 0 0 1 0 1 1 0 102 102 101 0 0 0 16307688 69913738 0 69829851 9310864 751915 6782834362 493743 57647554072 57647554072 0 3514117 248299682 2.785251 785 785 984294 10036482 1779 13233 0.512821 6 6144 47416 1 1024 3613 1 1024 36454 0 0 0
1709268585129110 7 0 6 1 7 66 59 0 58 0 0 1 0 1 1 0 102 102 101 0 0 0 16307900 69914002 0 69829851 9489342 755489 6817265503 494601 57647554072 57647554072 0 3514117 248299682 2.785236 785 785 984294 10036482 1779 12117 0.512821 7 7168 82929 1 1024 3613 1 1024 36545 0 0 0
1709268650808931 7 0 6 1 7 67 60 0 59 0 0 1 0 1 1 0 102 102 101 0 0 0 16308355 69914485 0 69829851 9504016 761399 6882915727 499458 57647554072 57647554072 0 3514117 248299682 2.785206 785 785 984294 10036482 1779 11110 0.512821 7 8192 109736 1 1024 3613 1 2048 36545 0 0 0
1709268760425013 8 0 7 1 8 69 61 0 60 0 0 1 0 1 1 0 102 102 101 0 0 0 16309278 69915335 0 69829851 9715497 776025 6992289434 507511 57647554072 57647554072 0 3514117 248299682 2.785149 785 785 984294 10036482 1779 9780 0.512821 8 10240 138741 1 1024 3613 1 2048 36545 0 0 0
1709268795799941 9 0 8 1 9 70 61 0 60 0 0 1 0 1 1 0 102 102 101 0 0 0 16309532 69915556 0 69829851 9734414 777124 7027636076 512942 57647554072 57647554072 0 3514117 248299682 2.785133 785 785 984294 10036482 1779 9380 0.512821 9 12288 150092 1 1024 3613 1 2048 36545 0 0 0
1709268945599912 6 0 5 1 6 71 65 0 64 0 0 1 0 1 1 0 102 102 101 0 0 0 16311068 69917305 0 69829851 9876932 794509 7177257220 521990 57647554072 57647554072 0 3514117 248299682 2.785027 785 785 984294 10036482 1779 7971 0.512821 6 9216 75460 1 1024 3613 1 2048 29009 0 0 0
1709269005987094 6 0 5 1 6 72 66 0 65 0 0 1 0 1 1 0 102 102 101 0 0 0 16311583 69917784 0 69829851 10012134 799679 7237496875 525272 57647554072 57647554072 0 3514117 248299682 2.784995 785 785 984294 10036482 1779 7368 0.512821 6 8192 83538 1 1024 3613 1 2048 36454 0 0 0
1709269045886213 7 0 6 1 7 73 66 0 65 0 0 1 0 1 1 0 102 102 101 0 0 0 16311839 69918086 0 69829851 10145879 805432 7277251573 527749 57647554072 57647554072 0 3514117 248299682 2.784977 785 785 984294 10036482 1779 7089 0.512821 7 9216 120083 1 1024 3613 1 2048 36545 0 0 0
1709269090168888 6 0 5 1 6 74 68 0 67 0 0 1 0 1 1 0 102 102 101 0 0 0 16312166 69918427 0 69829851 10284826 811006 7321385017 529276 57647554072 57647554072 0 3514117 248299682 2.784955 785 785 984294 10036482 1779 6572 0.512821 6 7168 91020 1 1024 3613 1 2048 36545 0 0 0
1709269165784890 7 0 6 1 7 76 69 0 68 0 0 1 0 1 1 0 102 102 101 0 0 0 16312620 69918934 0 69829851 10437688 820325 7396827823 535823 57647554072 57647554072 0 3514117 248299682 2.784924 785 785 984294 10036482 1779 6106 0.512821 7 8192 109581 1 1024 3613 1 2048 36545 0 0 0
1709269250492436 7 0 6 1 7 77 70 0 69 0 0 1 0 1 1 0 102 102 101 0 0 0 16313388 69919742 0 69829851 10498477 836155 7481446625 541391 57647554072 57647554072 0 3514117 248299682 2.784873 785 785 984294 10036482 1779 5490 0.512821 7 8192 109266 1 1024 3613 1 2048 36545 0 0 0
1709269300048169 9 0 8 1 9 79 70 0 69 0 0 1 0 1 1 0 102 102 101 0 0 0 16313719 69920232 0 69829851 10544710 847447 7530936397 545504 57647554072 57647554072 0 3514117 248299682 2.784847 785 785 984294 10036482 1779 5129 0.512821 9 11264 122213 1 1024 3613 1 2048 36545 0 0 0
1709269450381999 5 0 4 1 5 79 74 0 73 0 0 1 0 1 1 0 102 102 101 0 0 0 16314432 69921061 0 69829851 10680699 857923 7681109888 553190 57647554072 57647554072 0 3514117 248299682 2.784797 785 785 984294 10036482 1779 4652 0.512821 5 6144 19350 1 1024 3613 1 2048 11351 0 0 0
1709269510597075 6 0 5 1 6 81 75 0 74 0 0 1 0 1 1 0 102 102 101 0 0 0 16314790 69921544 0 69829851 10700532 865216 7741291614 556068 57647554072 57647554072 0 3514117 248299682 2.784770 785 785 984294 10036482 1779 4373 0.512821 6 8192 83277 1 1024 3613 1 2048 36454 0 0 0
1709269530272382 6 0 5 1 6 81 75 0 74 0 0 1 0 1 1 0 102 102 101 0 0 0 16314900 69921644 0 69829851 10713864 865774 7760951190 556557 57647554072 57647554072 0 3514117 248299682 2.784763 785 785 984294 10036482 1779 4244 0.512821 6 8192 83277 1 1024 3613 1 2048 36454 0 0 0
1709269590730888 6 0 5 1 6 83 77 0 76 0 0 1 0 1 1 0 102 102 101 0 0 0 16315334 69922313 0 69829851 10779111 871093 7821329708 561998 57647554072 57647554072 0 3514117 248299682 2.784728 785 785 984294 10036482 1779 4004 0.512821 6 8192 99516 1 1024 3613 1 2048 36454 0 0 0
1709269605950652 6 0 5 1 6 84 78 0 77 0 0 1 0 1 1 0 102 102 101 0 0 0 16315425 69922436 0 69829851 10843300 874322 7836478802 564148 57647554072 57647554072 0 3514117 248299682 2.784721 785 785 984294 10036482 1779 3788 0.512821 6 8192 99541 1 1024 3613 1 2048 36454 0 0 0
1709269671480960 7 0 6 1 7 85 78 0 77 0 0 1 0 1 1 0 102 102 101 0 0 0 16315723 69922787 0 69829851 10907331 881845 7901931111 567378 57647554072 57647554072 0 3514117 248299682 2.784700 785 785 984294 10036482 1779 3593 0.512821 7 9216 101179 1 1024 3613 1 2048 36454 0 0 0
1709269751647942 7 0 6 1 7 86 79 0 78 0 0 1 0 1 1 0 102 102 101 0 0 0 16316180 69923319 0 69829851 10930290 889368 7982059183 571122 57647554072 57647554072 0 3514117 248299682 2.784668 785 785 984294 10036482 1779 3417 0.512821 7 10240 177470 1 1024 3613 1 2048 112745 0 0 0
1709269796602375 8 0 7 1 8 87 79 0 78 0 0 1 0 1 1 0 102 102 101 0 0 0 16316403 69923596 0 69829851 11064267 911919 8026851434 574333 57647554072 57647554072 0 3514117 248299682 2.784652 785 785 984294 10036482 1779 3259 0.512821 8 11264 214015 1 1024 3613 1 2048 112745 0 0 0
1709269826098589 7 0 6 1 7 87 80 0 79 0 0 1 0 1 1 0 102 102 101 0 0 0 16316521 69923735 0 69829851 11127932 912970 8056281250 574921 57647554072 57647554072 0 3514117 248299682 2.784643 785 785 984294 10036482 1779 3185 0.512821 7 9216 185006 1 1024 3613 1 2048 112745 0 0 0
1709269966964900 6 0 5 1 6 89 83 0 82 0 0 1 0 1 1 0 102 102 101 0 0 0 16317387 69924798 0 69829851 11166514 932276 8197070755 585758 57647554072 57647554072 0 3514117 248299682 2.784581 785 785 984294 10036482 1779 2926 0.512821 6 7168 157869 1 1024 3613 1 2048 112745 0 0 0
1709269991206135 6 0 5 1 6 90 84 0 83 0 0 1 0 1 1 0 102 102 101 0 0 0 16318100 69925125 0 69829851 11182407 934516 8221287107 588251 57647554072 57647554072 0 3514117 248299682 2.784547 785 785 984294 10036482 1779 2869 0.512821 6 8192 183623 1 1024 3613 1 2048 112745 0 0 0
1709270026633032 7 0 6 1 7 91 84 0 83 0 0 1 0 1 1 0 102 102 101 0 0 0 16318306 69925394 0 69829851 11213746 940214 8256673821 589070 57647554072 57647554072 0 3514117 248299682 2.784532 785 785 984294 10036482 1779 2764 0.512821 7 9216 186256 1 1024 3613 1 2048 112745 0 0 0
1709270061586183 6 0 5 1 6 91 85 0 84 0 0 1 0 1 1 0 102 102 101 0 0 0 16318600 69925719 0 69829851 11215744 941374 8291618135 592002 57647554072 57647554072 0 3514117 248299682 2.784512 785 785 984294 10036482 1779 2715 0.512821 6 7168 73511 1 1024 3613 1 2048 36545 0 0 0
1709270071458393 6 0 5 1 6 91 85 0 84 0 0 1 0 1 1 0 102 102 101 0 0 0 16318663 69925839 0 69829851 11224694 941769 8301480185 592189 57647554072 57647554072 0 3514117 248299682 2.784506 785 785 984294 10036482 1779 2669 0.512821 6 7168 73511 1 1024 3613 1 2048 36545 0 0 0
1709270101252829 1 0 0 1 1 91 90 0 85 0 0 5 0 1 1 0 102 102 101 0 0 0 16318820 69926031 0 69829851 11226070 944765 8331265639 594811 57647554072 57647554072 0 3514117 248299682 2.784495 785 785 984294 10036482 1779 2583 0.512821 1 1024 3613 1 1024 3613 1 1024 3613 0 0 0
1709270101257225 0 0 0 0 0 91 91 1 85 0 0 5 1 0 0 0 102 102 101 0 0 0 16318820 69926031 0 69829851 11226070 944765 8331265639 594811 57647554072 57647554072 0 3514117 248299682 2.784495 785 785 984294 10036482 1779 2543 0.512821 0 0 0 0 0 0 0 0 0 0 0 0
