# timestamp workers_connected workers_init workers_idle workers_busy workers_able workers_joined workers_removed workers_released workers_idled_out workers_blocked workers_fast_aborted workers_lost tasks_waiting tasks_on_workers tasks_running tasks_with_results tasks_submitted tasks_dispatched tasks_done tasks_failed tasks_cancelled tasks_exhausted_attempts time_send time_receive time_send_good time_receive_good time_status_msgs time_internal time_polling time_application time_execute time_execute_good time_execute_exhaustion bytes_sent bytes_received bandwidth capacity_tasks capacity_cores capacity_memory capacity_disk capacity_instantaneous capacity_weighted manager_load total_cores total_memory total_disk committed_cores committed_memory committed_disk max_cores max_memory max_disk min_cores min_memory min_disk
1709833044860195 0 0 0 0 0 0 0 0 0 0 0 0 16 0 0 0 16 0 0 0 0 0 0 0 0 0 0 0 0 0 0 0 0 0 0 1.000000 10 10 5120 10240 10 10 0.000000 0 0 0 0 0 0 0 0 0 0 0 0
1709833187240625 1 0 0 1 1 1 0 0 0 0 0 0 15 1 0 0 16 0 0 0 0 0 19710 657 0 0 28976 8825 142300284 14581 0 0 0 133467 0 1.000000 10 10 5120 10240 10 10 0.487179 1 8192 4322 0 0 0 1 8192 4322 0 0 0
1709833192692634 11 0 1 10 10 11 0 0 0 0 0 0 6 10 10 1 21 15 5 0 0 0 462987 181487 0 180437 504093 9426 146658908 16506 14335848 13083297 0 2002001 702937 1.000000 37 37 303104 159914 50 18 0.493995 10 81920 43151 10 81920 43151 1 8192 4364 0 0 0
1709833198683715 15 0 0 15 15 15 0 0 0 0 0 0 1 15 15 1 29 28 13 0 0 0 1239525 512170 0 510513 798961 10139 151178946 18932 33389295 27208970 0 3737070 2117790 3.187558 24 24 196608 103728 12 23 0.491298 15 122880 73890 15 122880 73890 1 8192 8652 0 0 0
1709833204049334 16 0 0 16 16 16 0 0 0 0 0 0 0 16 16 1 38 38 22 0 0 0 1511549 2322373 0 2320028 1299073 10665 154008704 21547 57181233 56212511 0 5071738 3562207 2.147663 12 12 98304 57482 5 22 0.499087 16 131072 79157 16 131072 79157 1 8192 8652 0 0 0
1709833211650081 16 0 0 16 16 16 0 0 0 0 0 0 0 16 16 1 46 46 30 0 0 0 1515152 3625179 0 3622157 1630737 11076 159918825 23933 75377931 72679553 0 6139472 4937172 2.055025 10 10 81920 47757 3 22 0.502416 16 131072 79157 16 131072 79157 1 8192 8652 0 0 0
1709833217436217 16 0 0 16 16 16 0 0 0 0 0 0 0 16 16 0 48 48 32 0 0 0 1516129 4090274 0 4087076 1729904 11206 165210654 24518 78568379 78568379 0 6406406 5334383 1.997161 10 10 81920 47652 4 22 0.505952 16 131072 79157 16 131072 79157 1 8192 8652 0 0 0
1709833227239683 16 0 0 16 16 16 0 0 0 0 0 0 0 16 15 0 49 49 33 0 0 0 1516627 4225431 0 4222110 1759422 13684 174845793 25038 88353817 88353817 0 6539873 5701122 2.033055 10 10 81920 47803 33 23 0.509247 16 131072 79157 16 131072 79157 1 8192 8652 0 0 0
1709833440519325 16 0 0 16 16 16 0 0 0 0 0 0 0 16 16 1 49 49 33 0 0 0 1516658 4226585 0 4222110 1762357 25020 388090164 38416 335060000 88353817 0 6539873 5701122 2.032636 10 10 81920 47803 33 27 0.512821 16 131072 79157 16 131072 79157 1 8192 8652 0 0 0
1709833447266098 16 0 0 16 16 16 0 0 0 0 0 0 0 16 16 0 51 51 35 0 0 0 1517720 4297045 0 4292339 1774339 25208 394757904 39531 336653779 336653779 0 6806807 15666452 3.685819 32 32 262144 152536 2822 169 0.511169 16 131072 79157 16 131072 79157 1 8192 8652 0 0 0
1709833721259028 16 0 0 16 16 16 0 0 0 0 0 0 0 16 16 1 51 51 35 0 0 0 1517763 4298436 0 4292339 1777621 39536 668700746 55352 865039511 336653779 0 6806807 15666452 3.684910 32 32 262144 152129 39 137 0.512821 16 131072 79157 16 131072 79157 1 8192 8652 0 0 0
1709833726467030 16 0 0 16 16 16 0 0 0 0 0 0 0 16 16 0 52 52 36 0 0 0 1518238 4442141 0 4435942 1792325 39636 673763385 56146 865039511 865039511 0 6940274 25472854 5.186175 32 32 262144 152129 39 129 0.511601 16 131072 79157 16 131072 79157 1 8192 8652 0 0 0
1709833882385890 16 0 0 16 16 16 0 0 0 0 0 0 0 16 16 1 52 52 36 0 0 0 1518258 4442803 0 4435942 1793867 45967 829643347 63992 1539996097 865039511 0 6940274 25472854 5.185582 81 81 663552 384105 2453 462 0.512821 16 131072 79157 16 131072 79157 1 8192 8652 0 0 0
1709833887435829 16 0 0 16 16 16 0 0 0 0 0 0 0 16 16 1 56 56 40 0 0 0 1520624 4822504 0 4815068 1882340 48729 834218380 65595 1544220366 1542607871 0 7474142 35780308 6.503204 136 136 1114112 650408 6 624 0.508209 16 131072 79157 16 131072 79157 1 8192 8652 0 0 0
1709833892641035 16 0 0 16 16 16 0 0 0 0 0 0 0 16 16 0 57 57 41 0 0 0 1521150 4933131 0 4925596 1904702 48849 839311598 65952 1544220366 1544220366 0 7607609 36226425 6.476847 134 134 1097728 642467 6 565 0.509571 16 131072 79157 16 131072 79157 1 8192 8652 0 0 0
1709833955949900 16 0 0 16 16 16 0 0 0 0 0 0 0 16 16 1 57 57 41 0 0 0 1521157 4933462 0 4925596 1905819 52932 902606082 68719 2311332718 1544220366 0 7607609 36226425 6.476508 131 131 1073152 629593 8 512 0.512820 16 131072 79157 16 131072 79157 1 8192 8652 0 0 0
1709833961041749 16 0 0 16 16 16 0 0 0 0 0 0 0 16 16 0 58 58 42 0 0 0 1521536 4995296 0 4987326 1911905 53010 907634885 69209 2311332718 2311332718 0 7741076 46101807 7.879377 131 131 1073152 629593 8 464 0.511601 16 131072 79157 16 131072 79157 1 8192 8652 0 0 0
1709834010912302 16 0 0 16 16 16 0 0 0 0 0 0 0 16 16 1 58 58 42 0 0 0 1521543 4995549 0 4987326 1912214 56182 957491205 73620 3131026943 2311332718 0 7741076 46101807 7.879062 195 195 1597440 934933 8410 1240 0.512813 16 131072 79157 16 131072 79157 1 8192 8652 0 0 0
1709834017196918 16 0 0 16 16 16 0 0 0 0 0 0 0 16 16 1 60 60 44 0 0 0 1522670 8487700 0 8479275 1924071 56338 960269734 74434 3133702478 3132292207 0 8008010 56116798 6.109083 167 167 1368064 799014 119 1849 0.509760 16 131072 79157 16 131072 79157 1 8192 8652 0 0 0
1709834022272581 16 0 0 16 16 16 0 0 0 0 0 0 0 16 16 0 61 61 45 0 0 0 1523244 8510756 0 8502209 1930105 56449 965320643 75200 3133702478 3133702478 0 8141477 56250356 6.120075 166 166 1359872 792643 16 1671 0.510254 16 131072 79157 16 131072 79157 1 8192 8652 0 0 0
1709834122208506 16 0 0 16 16 16 0 0 0 0 0 0 0 16 16 1 61 61 45 0 0 0 1523253 8511278 0 8502209 1931505 59764 1065230827 80991 4066108742 3133702478 0 8141477 56250356 6.119752 166 166 1359872 791127 19 1511 0.512821 16 131072 79157 16 131072 79157 1 8192 8652 0 0 0
1709834128980018 16 0 0 16 16 16 0 0 0 0 0 0 0 16 16 0 63 63 47 0 0 0 1524135 8682575 0 8673333 1960640 62285 1071811976 81828 4067567977 4067567977 0 8408409 66247189 6.975522 211 211 1728512 1001604 15 1441 0.510792 16 131072 79157 16 131072 79157 1 8192 8652 0 0 0
1709834185055531 16 0 0 16 16 16 0 0 0 0 0 0 0 16 16 1 63 63 47 0 0 0 1524148 8682832 0 8673333 1961641 62864 1127868409 84458 5055538135 4067567977 0 8408409 66247189 6.975337 211 211 1728512 1001604 15 1370 0.512820 16 131072 79157 16 131072 79157 1 8192 8652 0 0 0
1709834190269716 16 0 0 16 16 16 0 0 0 0 0 0 0 16 16 0 64 64 48 0 0 0 1524694 8827662 0 8818039 1976205 65363 1132933771 85135 5055538135 5055538135 0 8541876 76125845 7.799715 260 260 2129920 1231902 4551 1405 0.511601 16 131072 79157 16 131072 79157 1 8192 8652 0 0 0
1709834329868814 16 0 0 16 16 16 0 0 0 0 0 0 0 16 16 1 64 64 48 0 0 0 1524711 8828209 0 8818039 1977688 71767 1272492901 92607 6189125576 5055538135 0 8541876 76125845 7.799291 260 260 2129920 1231902 4551 1855 0.512821 16 131072 79157 16 131072 79157 1 8192 8652 0 0 0
1709834335071576 16 0 0 16 16 16 0 0 0 0 0 0 0 16 16 1 66 66 50 0 0 0 1525692 9786214 0 9775821 2024485 71943 1276682886 93946 6193112890 6191204139 0 8808810 86065716 7.998599 303 303 2482176 1459842 1150 2071 0.509882 16 131072 79157 16 131072 79157 1 8192 8652 0 0 0
1709834340462054 16 0 0 16 16 16 0 0 0 0 0 0 0 16 16 1 69 69 53 0 0 0 1527197 10032638 0 10021948 2082769 72155 1281770704 94885 7342929886 7340044224 0 9209211 96226077 8.698301 296 296 2424832 1504587 11 1690 0.508259 16 131072 79157 16 131072 79157 1 8192 8652 0 0 0
1709834345477836 16 0 0 16 16 16 0 0 0 0 0 0 0 16 16 0 70 70 54 0 0 0 1527601 10123674 0 10112893 2107311 72241 1286694465 95159 7342929886 7342929886 0 9342678 96411624 8.656148 351 351 2875392 1784155 12390 2734 0.509245 16 131072 79157 16 131072 79157 1 8192 8652 0 0 0
1709834353158038 16 0 0 16 16 16 0 0 0 0 0 0 0 16 16 0 71 71 55 0 0 0 1528039 10214950 0 10204035 2130261 72368 1294257761 97109 7345386594 7345386594 0 9476145 96595090 8.614281 349 349 2859008 1804829 14 2469 0.510320 16 131072 79157 16 131072 79157 1 8192 8652 0 0 0
1709834411788829 16 0 0 16 16 16 0 0 0 0 0 0 0 16 16 1 71 71 55 0 0 0 1528045 10215158 0 10204035 2131204 76319 1352865669 99766 8035698846 7345386594 0 9476145 96595090 8.614124 283 283 2318336 1488523 1 2229 0.512820 16 131072 79157 16 131072 79157 1 8192 8652 0 0 0
1709834420510278 16 0 0 16 16 16 0 0 0 0 0 0 0 16 16 0 74 74 58 0 0 0 1529414 10458967 0 10447582 2175812 76538 1361310694 100980 8038960741 8038960741 0 9876546 106723206 9.275497 308 308 2523136 1620018 16 1970 0.510256 16 131072 79157 16 131072 79157 1 8192 8652 0 0 0
1709834624918308 16 0 0 16 16 16 0 0 0 0 0 0 0 16 16 1 74 74 58 0 0 0 1529447 10460032 0 10447582 2177736 89204 1565684834 112817 8646606236 8038960741 0 9876546 106723206 9.274647 308 308 2523136 1620018 12 1529 0.512821 16 131072 79157 16 131072 79157 1 8192 8652 0 0 0
1709834629978104 16 0 0 16 16 16 0 0 0 0 0 0 0 16 16 1 77 77 61 0 0 0 1530900 11259225 0 11246479 2195539 89411 1569924380 114401 8650712795 8649373563 0 10276947 116820745 9.476827 322 322 2637824 1694207 19 1285 0.508955 16 131072 79157 16 131072 79157 1 8192 8652 0 0 0
1709834638327088 16 0 0 16 16 16 0 0 0 0 0 0 0 16 16 0 80 80 64 0 0 0 1532582 11328330 0 11315184 2213811 89778 1578188652 115444 8653820916 8653820916 0 10677348 117280454 9.488446 330 330 2703360 1737895 18 1051 0.511853 16 131072 79157 16 131072 79157 1 8192 8652 0 0 0
1709834749436880 16 0 0 16 16 16 0 0 0 0 0 0 0 16 16 1 80 80 64 0 0 0 1532598 11328983 0 11315184 2214888 97339 1689267447 122080 9279269554 8653820916 0 10677348 117280454 9.487952 337 337 2760704 1775887 28 906 0.512821 16 131072 79157 16 131072 79157 1 8192 8652 0 0 0
1709834756130424 16 0 0 16 16 16 0 0 0 0 0 0 0 16 16 0 82 82 66 0 0 0 1533943 11507695 0 11493345 2244697 97541 1695763816 123801 9280623957 9280623957 0 10944282 127265923 10.106669 361 361 2957312 1870459 2779 920 0.511475 16 131072 79157 16 131072 79157 1 8192 8652 0 0 0
1709834866700681 16 0 0 16 16 16 0 0 0 0 0 0 0 16 16 1 82 82 66 0 0 0 1533956 11508326 0 11493345 2245965 104051 1806314080 129209 9808102031 9280623957 0 10944282 127265923 10.106170 363 363 2973696 1875696 14 792 0.512821 16 131072 79157 16 131072 79157 1 8192 8652 0 0 0
1709834871792340 16 0 0 16 16 16 0 0 0 0 0 0 0 16 16 0 83 83 67 0 0 0 1534513 11566512 0 11551416 2252081 104170 1811345631 130100 9808102031 9808102031 0 11077749 137132130 10.788771 363 363 2973696 1875696 14 717 0.511601 16 131072 79157 16 131072 79157 1 8192 8652 0 0 0
1709834989990861 16 0 1 15 16 16 1 0 0 0 0 1 1 15 15 0 83 83 67 0 0 0 1534533 11567159 0 11551416 2253576 112363 1929527301 135954 9808102031 9808102031 0 11077749 137132130 10.788221 392 392 3211264 2026432 5941 1464 0.512821 16 131072 79157 16 131072 79157 1 8192 8652 0 0 0
1709834996246433 13 0 0 13 13 16 3 0 0 0 0 3 3 13 13 0 83 83 67 0 0 0 1632213 11567194 0 11551416 2254589 112464 1935684170 136063 9808102031 9808102031 0 11077749 137132130 10.708356 392 392 3211264 2026432 5941 1688 0.512821 13 106496 66302 13 106496 66302 1 8192 8652 0 0 0
1709835011117100 13 0 0 13 13 16 3 0 0 0 0 3 3 13 13 1 83 83 67 0 0 0 1903124 11567280 0 11551416 2255085 112706 1950276808 136395 10863177271 9808102031 0 11077749 137132130 10.492926 392 392 3211264 2026432 5941 1901 0.512821 13 106496 66302 13 106496 66302 1 8192 8652 0 0 0
1709835016250055 13 0 0 13 13 16 3 0 0 0 0 3 3 13 13 0 84 84 68 0 0 0 1957712 11624790 0 11608807 2261056 112796 1955296669 137112 10863177271 10863177271 0 11211216 147024227 11.110256 392 392 3211264 2026432 5941 2295 0.511601 13 106496 66302 13 106496 66302 1 8192 8652 0 0 0
1709835099076061 13 0 0 13 13 16 3 0 0 0 0 3 3 13 13 1 84 84 68 0 0 0 2727080 11625196 0 11608807 2261233 120372 2037316924 142384 11614076018 10863177271 0 11211216 147024227 10.514366 444 444 3637248 2296350 12139 3701 0.512820 13 106496 66302 13 106496 66302 1 8192 8652 0 0 0
1709835108132432 13 0 0 13 13 16 3 0 0 0 0 3 3 13 13 0 87 87 71 0 0 0 2849568 12261461 0 12244702 2330684 120613 2045565958 143902 11618096805 11618096805 0 11611611 157107885 10.648080 471 471 3858432 2468531 10 4146 0.510124 13 106496 66302 13 106496 66302 1 8192 8652 0 0 0
1709835225215851 13 0 0 13 13 16 3 0 0 0 0 3 3 13 13 1 87 87 71 0 0 0 4084497 12262086 0 12244702 2331579 127884 2161383203 151402 12658034150 11618096805 0 11611611 157107885 9.843247 479 479 3923968 2553872 10 3558 0.512821 13 106496 66302 13 106496 66302 1 8192 8652 0 0 0
1709835234449482 13 0 0 13 13 16 3 0 0 0 0 3 3 13 13 0 89 89 73 0 0 0 4192856 12477459 0 12459859 2361188 128069 2170276717 152365 12661849158 12661849158 0 11878541 167218296 10.245760 521 521 4268032 2767755 4744 3290 0.510943 13 106496 66302 13 106496 66302 1 8192 8652 0 0 0
1709835317537228 13 0 0 13 13 16 3 0 0 0 0 3 3 13 13 1 89 89 73 0 0 0 5106488 12477888 0 12459859 2361916 131759 2252420209 155719 14091728267 12661849158 0 11878541 167218296 9.713171 522 522 4276224 2763000 26 2972 0.512820 13 106496 66302 13 106496 66302 1 8192 8652 0 0 0
1709835327007759 13 0 0 13 13 16 3 0 0 0 0 3 3 13 13 0 94 94 78 0 0 0 5222063 12925312 0 12906811 2472735 134145 2261234709 157350 14095161541 14095161541 0 12545876 177839987 10.005089 623 623 5103616 3338022 5 2255 0.509206 13 106496 66302 13 106496 66302 1 8192 8652 0 0 0
1709835589832743 13 0 1 12 13 16 4 0 0 0 0 4 4 12 12 0 94 94 78 0 0 0 7988903 12926891 0 12906811 2474512 148309 2521258030 173630 14095161541 14095161541 0 12545876 177839987 8.680814 623 623 5103616 3338022 5 1749 0.512821 13 106496 66302 13 106496 66302 1 8192 8652 0 0 0
1709835596707724 11 0 1 10 11 16 6 0 0 0 0 6 6 10 10 0 94 94 78 0 0 0 8063092 12926932 0 12906811 2475135 148418 2528057977 173750 14095161541 14095161541 0 12545876 177839987 8.650114 623 623 5103616 3338022 5 1662 0.512821 11 90112 57780 11 90112 57780 1 8192 8652 0 0 0
1709835849677636 10 0 0 10 10 16 6 0 0 0 0 6 6 10 10 1 94 94 78 0 0 0 10298975 12928252 0 12906811 2477372 161563 2778717532 190080 16747812147 14095161541 0 12545876 177839987 7.816952 623 623 5103616 3338022 5 1290 0.512821 10 81920 49128 10 81920 49128 1 8192 8652 0 0 0
1709835988693704 10 0 0 10 10 16 6 0 0 0 0 6 6 10 10 1 95 95 79 0 0 0 11428974 13227723 0 13205691 2519437 170762 2916263144 197969 17632400701 16747812147 0 12679341 187734676 7.751634 744 744 6094848 3974297 5688 1812 0.512821 10 81920 49128 10 81920 49128 1 8192 8652 0 0 0
1709835994248508 10 0 0 10 10 16 6 0 0 0 0 6 6 10 10 0 96 96 80 0 0 0 11476982 13624554 0 13602412 2542196 170855 2921372101 198671 17632400701 17632400701 0 12812808 197541308 7.991914 744 744 6094848 3974297 5688 2191 0.511601 10 81920 49128 10 81920 49128 1 8192 8652 0 0 0
1709836107917649 10 0 0 10 10 16 6 0 0 0 0 6 6 10 10 1 96 96 80 0 0 0 12422255 13625108 0 13602412 2543064 177030 3034055241 204468 20496140871 17632400701 0 12812808 197541308 7.701713 790 790 6471680 4291619 1698 2122 0.512821 10 81920 49128 10 81920 49128 1 8192 8652 0 0 0
1709836113510014 10 0 0 10 10 16 6 0 0 0 0 6 6 10 10 0 97 97 81 0 0 0 12471490 14029147 0 14006342 2570262 177157 3039192879 205545 20496140871 20496140871 0 12946275 207423865 7.930426 790 790 6471680 4291619 1698 2081 0.511601 10 81920 49128 10 81920 49128 1 8192 8652 0 0 0
1709836789776761 10 0 1 9 10 16 7 0 0 0 0 7 7 9 9 0 97 97 81 0 0 0 17615255 14032808 0 14006342 2574435 219366 3710225182 244254 20496140871 20496140871 0 12946275 207423865 6.640575 462 462 3784704 2509782 129 1190 0.512821 10 81920 49128 10 81920 49128 1 8192 8652 0 0 0
1709837015715555 9 0 0 9 9 16 7 0 0 0 0 7 7 9 9 1 97 97 81 0 0 0 19306100 14034102 0 14006342 2576467 234446 3934428623 255913 22760737884 20496140871 0 12946275 207423865 6.303541 462 462 3784704 2509782 129 952 0.512821 9 73728 44806 9 73728 44806 1 8192 8652 0 0 0
1709837020961339 9 0 0 9 9 16 7 0 0 0 0 7 7 9 9 0 98 98 82 0 0 0 19349318 14177741 0 14149884 2590926 234570 3939486540 256575 22760737884 22760737884 0 13079742 217425308 6.556696 462 462 3784704 2509782 129 872 0.511601 9 73728 44806 9 73728 44806 1 8192 8652 0 0 0
1709837026095097 9 0 0 9 9 16 7 0 0 0 0 7 7 9 9 1 99 99 83 0 0 0 19380158 14402385 0 14374415 2613024 234684 3944319784 257178 24464520115 24463711986 0 13213209 227498364 6.795239 514 514 4210688 2785010 10456 1808 0.510125 9 73728 44806 9 73728 44806 1 8192 8652 0 0 0
1709837031247150 9 0 0 9 9 16 7 0 0 0 0 7 7 9 9 0 100 100 84 0 0 0 19424417 14424942 0 14396821 2635282 234812 3949404228 257626 24464520115 24464520115 0 13346676 227650026 6.789859 544 544 4456448 2958050 5079 2128 0.510415 9 73728 44806 9 73728 44806 1 8192 8652 0 0 0
1709837093422837 9 0 1 8 9 16 8 0 0 0 0 8 8 8 8 0 100 100 84 0 0 0 19896772 14425311 0 14396821 2635865 237686 4011100741 260253 24464520115 24464520115 0 13346676 227650026 6.696341 543 543 4448256 2963085 7 1922 0.512820 9 73728 44806 9 73728 44806 1 8192 8652 0 0 0
1709837396875774 8 0 1 7 8 16 9 0 0 0 0 9 9 7 7 0 100 100 84 0 0 0 21791422 14427033 0 14396821 2637906 254985 4312619562 277863 24464520115 24464520115 0 13346676 227650026 6.345725 543 543 4448256 2963085 7 1416 0.512821 8 65536 40484 8 65536 40484 1 8192 8652 0 0 0
1709837401911319 7 0 0 7 7 16 9 0 0 0 0 9 9 7 7 0 100 100 84 0 0 0 21822330 14427059 0 14396821 2638417 255047 4317623872 277863 24464520115 24464520115 0 13346676 227650026 6.340310 543 543 4448256 2963085 7 1346 0.512821 7 57344 36162 7 57344 36162 1 8192 8652 0 0 0
1709837461179791 7 0 0 7 7 16 9 0 0 0 0 9 9 7 7 1 100 100 84 0 0 0 22181506 14427340 0 14396821 2638885 257975 4376518023 283057 27292407411 24464520115 0 13346676 227650026 6.278055 543 543 4448256 2963085 7 1217 0.512821 7 57344 36162 7 57344 36162 1 8192 8652 0 0 0
1709837468202590 7 0 0 7 7 16 9 0 0 0 0 9 7 7 7 0 100 102 86 0 0 0 22226065 15631094 0 15600400 2651042 258118 4382282346 286934 27293870667 27293870667 0 13613610 237898022 6.335927 581 581 4759552 3170944 2314 1161 0.510573 7 57344 36162 7 57344 36162 1 8192 8652 0 0 0
1709838305565854 7 0 1 6 7 16 10 0 0 0 0 10 8 6 6 0 100 102 86 0 0 0 26948366 15635121 0 15600400 2655828 314245 5214807243 335873 27293870667 27293870667 0 13613610 237898022 5.632704 570 570 4669440 3100405 18 550 0.512821 7 57344 36162 7 57344 36162 1 8192 8652 0 0 0
1709838897845277 6 0 1 5 6 16 11 0 0 0 0 11 9 5 5 0 100 102 86 0 0 0 29818016 15637607 0 15600400 2659778 352898 5804133999 372552 27293870667 27293870667 0 13613610 237898022 5.276799 570 570 4669440 3100405 18 325 0.512821 6 49152 27510 6 49152 27510 1 8192 5267 0 0 0
1709839201167123 5 0 1 4 5 16 12 0 0 0 0 12 10 4 4 0 100 102 86 0 0 0 30991933 15638977 0 15600400 2661486 371682 6106242096 389930 27293870667 27293870667 0 13613610 237898022 5.143802 570 570 4669440 3100405 18 246 0.512821 5 40960 23188 5 40960 23188 1 8192 5267 0 0 0
1709839744818539 4 0 0 4 4 16 12 0 0 0 0 12 10 4 4 1 100 102 86 0 0 0 32716427 15641363 0 15600400 2664521 408397 6648071108 422177 30012460431 27293870667 0 13613610 237898022 4.960115 570 570 4669440 3100405 18 159 0.512821 4 32768 18866 4 32768 18866 1 8192 5267 0 0 0
1709839750157442 4 0 0 4 4 16 12 0 0 0 0 12 9 4 4 0 100 103 87 0 0 0 32737519 15868131 0 15827080 2687254 408485 6653161297 422679 30012460431 30012460431 0 13747077 248015155 5.135944 570 570 4669440 3100405 18 146 0.511601 4 32768 18866 4 32768 18866 1 8192 5267 0 0 0
1709839805821013 4 0 1 3 4 16 13 0 0 0 0 13 10 3 3 0 100 103 87 0 0 0 32900927 15868340 0 15827080 2687334 412758 6708652750 426401 30012460431 30012460431 0 13747077 248015155 5.118714 627 627 5136384 3410445 8060 918 0.512816 4 32768 18866 4 32768 18866 1 8192 5267 0 0 0
1709839810837939 3 0 0 3 3 16 13 0 0 0 0 13 10 3 3 0 100 103 87 0 0 0 32912489 15868358 0 15827080 2687716 412807 6713657840 426401 30012460431 30012460431 0 13747077 248015155 5.117499 627 627 5136384 3410445 8060 1276 0.512818 3 24576 14645 3 24576 14645 1 8192 5267 0 0 0
1709841006128975 3 0 1 2 3 16 14 0 0 0 0 14 11 2 2 0 100 103 87 0 0 0 35731699 15874143 0 15827080 2692419 491734 7905961208 502297 30012460431 30012460431 0 13747077 248015155 4.837358 627 627 5136384 3410445 8060 5756 0.512821 3 24576 14645 3 24576 14645 1 8192 5267 0 0 0
1709841177986168 2 0 0 2 2 16 14 0 0 0 0 14 11 2 2 1 100 103 87 0 0 0 36009175 15875009 0 15827080 2693458 504240 8077508176 514581 33726267621 30012460431 0 13747077 248015155 4.811407 627 627 5136384 3410445 8060 6185 0.512821 2 16384 9631 2 16384 9631 1 8192 5267 0 0 0
1709841185463721 2 0 0 2 2 16 14 0 0 0 0 14 9 2 2 0 100 105 89 0 0 0 36024871 16895760 0 16847612 2705447 504411 8083941863 515733 33727606710 33727606710 0 14014011 258266826 4.906730 692 692 5668864 3751248 2925 6197 0.510792 2 16384 9631 2 16384 9631 1 8192 5267 0 0 0
1709841533597542 2 0 0 2 2 16 14 0 0 0 0 14 9 2 2 1 100 105 89 0 0 0 36580766 16896913 0 16847612 2706541 530195 8431447443 537117 35516046917 33727606710 0 14014011 258266826 4.855619 694 694 5685248 3749300 19 4337 0.512821 2 16384 9631 2 16384 9631 1 8192 5267 0 0 0
1709841539263818 2 0 0 2 2 16 14 0 0 0 0 14 8 2 2 0 100 106 90 0 0 0 36592392 17457709 0 17408315 2728846 530307 8436540229 537849 35516046917 35516046917 0 14147478 268352966 4.984513 694 694 5685248 3749300 19 3917 0.511601 2 16384 9631 2 16384 9631 1 8192 5267 0 0 0
1709843359319466 2 0 0 2 2 16 14 0 0 0 0 14 8 2 2 1 100 106 90 0 0 0 39494157 17464306 0 17408315 2733955 650187 10253436308 654440 37694910911 35516046917 0 14147478 268352966 4.729998 725 725 5939200 3916776 2661 2926 0.512821 2 16384 9631 2 16384 9631 1 8192 5267 0 0 0
1709843365345613 2 0 0 2 2 16 14 0 0 0 0 14 7 2 2 0 100 107 91 0 0 0 39505370 18427099 0 18370993 2740050 650290 10258487333 655142 37694910911 37694910911 0 14280943 278409680 4.818223 725 725 5939200 3916776 2661 2901 0.511601 2 16384 9631 2 16384 9631 1 8192 5267 0 0 0
1709843476227896 2 0 0 2 2 16 14 0 0 0 0 14 7 2 2 1 100 107 91 0 0 0 39674492 18427493 0 18370993 2740360 657496 10369164158 660982 39636866651 37694910911 0 14280943 278409680 4.804165 741 741 6070272 4003850 2148 2795 0.512821 2 16384 9631 2 16384 9631 1 8192 5267 0 0 0
1709843481782917 2 0 0 2 2 16 14 0 0 0 0 14 6 2 2 0 100 108 92 0 0 0 39686090 18877935 0 18821348 2762846 657591 10374256298 661441 39636866651 39636866651 0 14414410 288481660 4.932451 741 741 6070272 4003850 2148 2733 0.511601 2 16384 9631 2 16384 9631 1 8192 5267 0 0 0
1709845140443486 2 0 0 2 2 16 14 0 0 0 0 14 6 2 2 1 100 108 92 0 0 0 42301095 18883735 0 18821348 2767702 774170 12030038732 771873 41300520483 39636866651 0 14414410 288481660 4.721174 881 881 7217152 4776549 3447 3294 0.512821 2 16384 9631 2 16384 9631 1 8192 5267 0 0 0
1709845145795253 2 0 0 2 2 16 14 0 0 0 0 14 5 2 2 0 100 109 93 0 0 0 42311428 19129812 0 19067342 2789971 774253 12035133197 772434 41300520483 41300520483 0 14547875 298497845 4.859011 881 881 7217152 4776549 3447 3310 0.511601 2 16384 9631 2 16384 9631 1 8192 5267 0 0 0
1709845335936663 2 0 0 2 2 16 14 0 0 0 0 14 5 2 2 1 100 109 93 0 0 0 42595612 19130348 0 19067342 2790411 785869 12224961296 782495 43276119250 41300520483 0 14547875 298497845 4.836598 915 915 7495680 4977750 4663 3562 0.512821 2 16384 9631 2 16384 9631 1 8192 5267 0 0 0
1709845341190917 2 0 0 2 2 16 14 0 0 0 0 14 4 2 2 0 100 110 94 0 0 0 42603421 20114462 0 20051308 2796803 785962 12229222136 783557 43276119250 43276119250 0 14681342 308528270 4.914654 915 915 7495680 4977750 4663 3671 0.511470 2 16384 9631 2 16384 9631 1 8192 5267 0 0 0
1709846936199797 2 0 0 2 2 16 14 0 0 0 0 14 4 2 2 1 100 110 94 0 0 0 45091587 20119787 0 20051308 2801443 896959 13821496534 883593 45071515006 43276119250 0 14681342 308528270 4.726732 941 941 7708672 5119194 1902 2330 0.512821 2 16384 9631 2 16384 9631 1 8192 5267 0 0 0
1709846942504226 2 0 0 2 2 16 14 0 0 0 0 14 2 2 2 0 100 112 96 0 0 0 45105601 20366225 0 20297600 2845806 897097 13827517259 884318 45072358137 45072358137 0 14948276 318696881 4.859935 958 958 7847936 5230153 5316 2441 0.510705 2 16384 9631 2 16384 9631 1 8192 5267 0 0 0
1709847301697077 2 0 0 2 2 16 14 0 0 0 0 14 2 2 2 1 100 112 96 0 0 0 45677148 20367110 0 20297600 2846880 925804 14186072672 906886 47036862635 45072358137 0 14948276 318696881 4.817812 958 958 7847936 5248628 7 1710 0.512821 2 16384 9631 2 16384 9631 1 8192 5267 0 0 0
1709847316091715 2 0 1 1 2 16 14 0 0 0 0 14 2 1 1 0 100 112 97 0 0 0 45677148 20367110 0 34682235 2868653 925804 14186072672 906886 47036862635 47036862635 0 14948276 328734071 4.962748 958 958 7847936 5248628 7 1625 0.512821 2 16384 9631 2 16384 9631 1 8192 5267 0 0 0
1709847321162944 2 0 0 2 2 16 14 0 0 0 0 14 1 2 2 0 100 113 97 0 0 0 45688675 34751913 0 34682235 2868690 925899 14191131465 907485 47036862635 47036862635 0 15081743 328734071 4.076155 958 958 7847936 5248628 7 1469 0.511601 2 16384 9631 2 16384 9631 1 8192 5267 0 0 0
1709847550875017 2 0 1 1 2 16 15 0 0 0 0 14 2 1 1 0 100 113 97 0 0 0 46079478 34752506 0 34682235 2869336 942703 14420418062 923403 47036862635 47036862635 0 15081743 328734071 4.056418 733 733 6004736 4016541 134 1169 0.512821 2 16384 9631 2 16384 9631 1 8192 5267 0 0 0
1709847728585103 2 0 0 2 2 17 15 0 0 0 0 14 1 2 1 0 100 113 97 0 0 0 46246120 34752991 0 34682235 2893470 956271 14597903665 936960 47036862635 47036862635 0 15215210 328734071 4.049620 733 733 6004736 4016541 134 979 0.487179 2 16384 9631 1 8192 5267 1 8192 5267 0 0 0
1709849043675401 2 0 0 2 2 17 15 0 0 0 0 14 1 2 2 1 100 114 97 0 0 0 48230354 34756483 0 34682235 2897292 1047811 15910807335 1021356 49143025639 47036862635 0 15215210 328734071 3.952622 733 733 6004736 4016541 134 400 0.512821 2 16384 9631 2 16384 9631 1 8192 5267 0 0 0
1709849048997153 2 0 0 2 2 17 15 0 0 0 0 14 0 2 2 0 100 115 98 0 0 0 48230949 34982159 0 34907829 2920159 1047892 15915902031 1021780 49143025639 49143025639 0 15348677 338816902 4.058959 733 733 6004736 4016541 134 375 0.511601 2 16384 9631 2 16384 9631 1 8192 5267 0 0 0
1709850606280386 2 0 0 2 2 17 15 0 0 0 0 14 0 2 2 1 100 115 98 0 0 0 48231188 34986987 0 34907829 2927084 1167849 17472937858 1126742 52020690630 49143025639 0 15348677 338816902 4.058712 759 759 6217728 4106578 6257 4793 0.512821 2 16384 9631 2 16384 9631 1 8192 5267 0 0 0
1709850611346720 2 0 1 1 2 17 15 0 0 0 0 14 0 1 1 0 100 115 99 0 0 0 48231188 34986987 0 39973870 2933835 1167849 17472937858 1126742 52020690630 52020690630 0 15348677 348909023 4.174367 759 759 6217728 4106578 6257 4867 0.512821 2 16384 9631 2 16384 9631 1 8192 5267 0 0 0
1709850656950772 2 0 1 1 2 17 15 0 0 0 0 14 0 1 1 1 100 115 99 0 0 0 48231197 40053280 0 39973870 2934047 1170678 17518512974 1130186 53633627833 52020690630 0 15348677 348909023 3.934816 745 745 6103040 3965635 564 4782 0.512998 2 16384 9631 1 8192 5267 1 8192 5267 0 0 0
1709850657178476 0 0 0 0 0 17 17 2 0 0 0 14 0 0 0 0 100 115 100 0 0 0 48231197 40278262 0 40198778 2956381 1170699 17518512974 1130186 53633627833 53633627833 0 15348677 358865836 4.032098 745 745 6103040 3965635 564 4372 0.537348 0 0 0 0 0 0 0 0 0 0 0 0
