2024/03/10 16:09:50.78 work_queue_worker[17] debug: ./work_queue_worker version 8.0.0 DEVELOPMENT (released 2024-03-05 22:47:58 -0600)
2024/03/10 16:09:50.78 work_queue_worker[17] debug: Built by chodges@ap21.uc.osg-htc.org on 2024-03-05 22:47:58 -0600
2024/03/10 16:09:50.78 work_queue_worker[17] debug: System: Linux ap21.uc.osg-htc.org 5.4.240-1.el8.elrepo.x86_64 #1 SMP Tue Apr 4 13:26:38 EDT 2023 x86_64 x86_64 x86_64 GNU/Linux
2024/03/10 16:09:50.78 work_queue_worker[17] debug: Configuration: --prefix /home/chodges/cctools --strict --without-system-parrot --tcp-low-port 9000 --tcp-high-port 9500
2024/03/10 16:09:50.80 work_queue_worker[17] wq: WORK_QUEUE_SANDBOX set to /srv/worker-21039-17.
2024/03/10 16:09:50.80 work_queue_worker[17] debug: error reading disk usage on directory: ./cache.
2024/03/10 16:09:50.80 work_queue_worker[17] wq: querying catalog for managers with project=nessie_c100_2
2024/03/10 16:09:50.80 work_queue_worker[17] debug: trying catalog query: http://catalog.cse.nd.edu:9097/query/dHJ1ZQ==
2024/03/10 16:09:50.80 work_queue_worker[17] http: connect catalog.cse.nd.edu port 9097
2024/03/10 16:09:50.80 work_queue_worker[17] dns: looking up name catalog.cse.nd.edu
2024/03/10 16:09:50.80 work_queue_worker[17] dns: catalog.cse.nd.edu is 129.74.152.177
2024/03/10 16:09:50.80 work_queue_worker[17] tcp: connecting to 129.74.152.177 port 9097
2024/03/10 16:09:50.81 work_queue_worker[17] tcp: made connection to 129.74.152.177 port 9097
2024/03/10 16:09:50.81 work_queue_worker[17] http: GET /query/dHJ1ZQ== HTTP/1.1
Connection: close
Host: catalog.cse.nd.edu
User-Agent: Mozilla/5.0 (compatible; CCTools 8.0.0 DEVELOPMENT Parrot; http://ccl.cse.nd.edu/)
2024/03/10 16:09:50.83 work_queue_worker[17] http: HTTP/1.1 200 OK
2024/03/10 16:09:50.83 work_queue_worker[17] http: Date: Sun Mar 10 17:09:50 2024
2024/03/10 16:09:50.83 work_queue_worker[17] http: Server: catalog_server
2024/03/10 16:09:50.83 work_queue_worker[17] http: Connection: close
2024/03/10 16:09:50.83 work_queue_worker[17] http: Access-Control-Allow-Origin: *
2024/03/10 16:09:50.83 work_queue_worker[17] http: Content-type: text/plain; charset=utf-8
2024/03/10 16:09:50.83 work_queue_worker[17] http:
2024/03/10 16:09:50.91 work_queue_worker[17] tcp: disconnected from 129.74.152.177 port 9097
2024/03/10 16:09:50.92 work_queue_worker[17] wq: project name nessie_c100_2 matches 0 managers
2024/03/10 16:09:52.92 work_queue_worker[17] wq: project name nessie_c100_2 matches 0 managers
2024/03/10 16:09:56.93 work_queue_worker[17] debug: error reading disk usage on directory: ./cache.
2024/03/10 16:09:56.93 work_queue_worker[17] wq: project name nessie_c100_2 matches 0 managers
2024/03/10 16:10:04.93 work_queue_worker[17] debug: error reading disk usage on directory: ./cache.
2024/03/10 16:10:04.93 work_queue_worker[17] wq: project name nessie_c100_2 matches 0 managers
2024/03/10 16:10:20.94 work_queue_worker[17] debug: error reading disk usage on directory: ./cache.
2024/03/10 16:10:20.94 work_queue_worker[17] wq: project name nessie_c100_2 matches 0 managers
2024/03/10 16:10:52.94 work_queue_worker[17] debug: error reading disk usage on directory: ./cache.
2024/03/10 16:10:52.96 work_queue_worker[17] wq: querying catalog for managers with project=nessie_c100_2
2024/03/10 16:10:52.96 work_queue_worker[17] debug: trying catalog query: http://catalog.cse.nd.edu:9097/query/dHJ1ZQ==
2024/03/10 16:10:52.96 work_queue_worker[17] http: connect catalog.cse.nd.edu port 9097
2024/03/10 16:10:52.96 work_queue_worker[17] tcp: connecting to 129.74.152.177 port 9097
2024/03/10 16:10:52.97 work_queue_worker[17] tcp: made connection to 129.74.152.177 port 9097
2024/03/10 16:10:52.97 work_queue_worker[17] http: GET /query/dHJ1ZQ== HTTP/1.1
Connection: close
Host: catalog.cse.nd.edu
User-Agent: Mozilla/5.0 (compatible; CCTools 8.0.0 DEVELOPMENT Parrot; http://ccl.cse.nd.edu/)
2024/03/10 16:10:52.99 work_queue_worker[17] http: HTTP/1.1 200 OK
2024/03/10 16:10:52.99 work_queue_worker[17] http: Date: Sun Mar 10 17:10:52 2024
2024/03/10 16:10:52.99 work_queue_worker[17] http: Server: catalog_server
2024/03/10 16:10:53.00 work_queue_worker[17] http: Connection: close
2024/03/10 16:10:53.00 work_queue_worker[17] http: Access-Control-Allow-Origin: *
2024/03/10 16:10:53.01 work_queue_worker[17] http: Content-type: text/plain; charset=utf-8
2024/03/10 16:10:53.01 work_queue_worker[17] http:
2024/03/10 16:10:53.07 work_queue_worker[17] tcp: disconnected from 129.74.152.177 port 9097
2024/03/10 16:10:53.08 work_queue_worker[17] wq: project name nessie_c100_2 matches 0 managers
2024/03/10 16:11:53.08 work_queue_worker[17] debug: error reading disk usage on directory: ./cache.
2024/03/10 16:11:53.09 work_queue_worker[17] wq: querying catalog for managers with project=nessie_c100_2
2024/03/10 16:11:53.09 work_queue_worker[17] debug: trying catalog query: http://catalog.cse.nd.edu:9097/query/dHJ1ZQ==
2024/03/10 16:11:53.09 work_queue_worker[17] http: connect catalog.cse.nd.edu port 9097
2024/03/10 16:11:53.09 work_queue_worker[17] tcp: connecting to 129.74.152.177 port 9097
2024/03/10 16:11:53.10 work_queue_worker[17] tcp: made connection to 129.74.152.177 port 9097
2024/03/10 16:11:53.10 work_queue_worker[17] http: GET /query/dHJ1ZQ== HTTP/1.1
Connection: close
Host: catalog.cse.nd.edu
User-Agent: Mozilla/5.0 (compatible; CCTools 8.0.0 DEVELOPMENT Parrot; http://ccl.cse.nd.edu/)
2024/03/10 16:11:53.11 work_queue_worker[17] http: HTTP/1.1 200 OK
2024/03/10 16:11:53.11 work_queue_worker[17] http: Date: Sun Mar 10 17:11:53 2024
2024/03/10 16:11:53.11 work_queue_worker[17] http: Server: catalog_server
2024/03/10 16:11:53.11 work_queue_worker[17] http: Connection: close
2024/03/10 16:11:53.11 work_queue_worker[17] http: Access-Control-Allow-Origin: *
2024/03/10 16:11:53.12 work_queue_worker[17] http: Content-type: text/plain; charset=utf-8
2024/03/10 16:11:53.12 work_queue_worker[17] http:
2024/03/10 16:11:53.20 work_queue_worker[17] tcp: disconnected from 129.74.152.177 port 9097
2024/03/10 16:11:53.21 work_queue_worker[17] wq: project name nessie_c100_2 matches 0 managers
2024/03/10 16:12:53.21 work_queue_worker[17] debug: error reading disk usage on directory: ./cache.
2024/03/10 16:12:53.21 work_queue_worker[17] wq: querying catalog for managers with project=nessie_c100_2
2024/03/10 16:12:53.21 work_queue_worker[17] debug: trying catalog query: http://catalog.cse.nd.edu:9097/query/dHJ1ZQ==
2024/03/10 16:12:53.21 work_queue_worker[17] http: connect catalog.cse.nd.edu port 9097
2024/03/10 16:12:53.21 work_queue_worker[17] tcp: connecting to 129.74.152.177 port 9097
2024/03/10 16:12:53.22 work_queue_worker[17] tcp: made connection to 129.74.152.177 port 9097
2024/03/10 16:12:53.22 work_queue_worker[17] http: GET /query/dHJ1ZQ== HTTP/1.1
Connection: close
Host: catalog.cse.nd.edu
User-Agent: Mozilla/5.0 (compatible; CCTools 8.0.0 DEVELOPMENT Parrot; http://ccl.cse.nd.edu/)
2024/03/10 16:12:53.24 work_queue_worker[17] http: HTTP/1.1 200 OK
2024/03/10 16:12:53.24 work_queue_worker[17] http: Date: Sun Mar 10 17:12:53 2024
2024/03/10 16:12:53.24 work_queue_worker[17] http: Server: catalog_server
2024/03/10 16:12:53.24 work_queue_worker[17] http: Connection: close
2024/03/10 16:12:53.24 work_queue_worker[17] http: Access-Control-Allow-Origin: *
2024/03/10 16:12:53.24 work_queue_worker[17] http: Content-type: text/plain; charset=utf-8
2024/03/10 16:12:53.24 work_queue_worker[17] http:
2024/03/10 16:12:53.31 work_queue_worker[17] tcp: disconnected from 129.74.152.177 port 9097
2024/03/10 16:12:53.32 work_queue_worker[17] wq: project name nessie_c100_2 matches 0 managers
2024/03/10 16:13:53.33 work_queue_worker[17] debug: error reading disk usage on directory: ./cache.
2024/03/10 16:13:53.33 work_queue_worker[17] wq: querying catalog for managers with project=nessie_c100_2
2024/03/10 16:13:53.33 work_queue_worker[17] debug: trying catalog query: http://catalog.cse.nd.edu:9097/query/dHJ1ZQ==
2024/03/10 16:13:53.33 work_queue_worker[17] http: connect catalog.cse.nd.edu port 9097
2024/03/10 16:13:53.33 work_queue_worker[17] tcp: connecting to 129.74.152.177 port 9097
2024/03/10 16:13:53.34 work_queue_worker[17] tcp: made connection to 129.74.152.177 port 9097
2024/03/10 16:13:53.34 work_queue_worker[17] http: GET /query/dHJ1ZQ== HTTP/1.1
Connection: close
Host: catalog.cse.nd.edu
User-Agent: Mozilla/5.0 (compatible; CCTools 8.0.0 DEVELOPMENT Parrot; http://ccl.cse.nd.edu/)
2024/03/10 16:13:53.35 work_queue_worker[17] http: HTTP/1.1 200 OK
2024/03/10 16:13:53.35 work_queue_worker[17] http: Date: Sun Mar 10 17:13:53 2024
2024/03/10 16:13:53.35 work_queue_worker[17] http: Server: catalog_server
2024/03/10 16:13:53.35 work_queue_worker[17] http: Connection: close
2024/03/10 16:13:53.35 work_queue_worker[17] http: Access-Control-Allow-Origin: *
2024/03/10 16:13:53.35 work_queue_worker[17] http: Content-type: text/plain; charset=utf-8
2024/03/10 16:13:53.35 work_queue_worker[17] http:
2024/03/10 16:13:53.43 work_queue_worker[17] tcp: disconnected from 129.74.152.177 port 9097
2024/03/10 16:13:53.44 work_queue_worker[17] wq: project name nessie_c100_2 matches 0 managers
2024/03/10 16:14:53.44 work_queue_worker[17] debug: error reading disk usage on directory: ./cache.
2024/03/10 16:14:53.44 work_queue_worker[17] wq: querying catalog for managers with project=nessie_c100_2
2024/03/10 16:14:53.44 work_queue_worker[17] debug: trying catalog query: http://catalog.cse.nd.edu:9097/query/dHJ1ZQ==
2024/03/10 16:14:53.44 work_queue_worker[17] http: connect catalog.cse.nd.edu port 9097
2024/03/10 16:14:53.44 work_queue_worker[17] dns: looking up name catalog.cse.nd.edu
2024/03/10 16:14:53.52 work_queue_worker[17] dns: catalog.cse.nd.edu is 129.74.152.177
2024/03/10 16:14:53.52 work_queue_worker[17] tcp: connecting to 129.74.152.177 port 9097
2024/03/10 16:14:53.53 work_queue_worker[17] tcp: made connection to 129.74.152.177 port 9097
2024/03/10 16:14:53.53 work_queue_worker[17] http: GET /query/dHJ1ZQ== HTTP/1.1
Connection: close
Host: catalog.cse.nd.edu
User-Agent: Mozilla/5.0 (compatible; CCTools 8.0.0 DEVELOPMENT Parrot; http://ccl.cse.nd.edu/)
2024/03/10 16:14:53.55 work_queue_worker[17] http: HTTP/1.1 200 OK
2024/03/10 16:14:53.55 work_queue_worker[17] http: Date: Sun Mar 10 17:14:53 2024
2024/03/10 16:14:53.55 work_queue_worker[17] http: Server: catalog_server
2024/03/10 16:14:53.55 work_queue_worker[17] http: Connection: close
2024/03/10 16:14:53.55 work_queue_worker[17] http: Access-Control-Allow-Origin: *
2024/03/10 16:14:53.55 work_queue_worker[17] http: Content-type: text/plain; charset=utf-8
2024/03/10 16:14:53.55 work_queue_worker[17] http:
2024/03/10 16:14:53.63 work_queue_worker[17] tcp: disconnected from 129.74.152.177 port 9097
2024/03/10 16:14:53.64 work_queue_worker[17] wq: project name nessie_c100_2 matches 0 managers
2024/03/10 16:14:53.64 work_queue_worker[17] notice: stopping: could not connect after 300 seconds.
