# timestamp workers_connected workers_init workers_idle workers_busy workers_able workers_joined workers_removed workers_released workers_idled_out workers_blocked workers_fast_aborted workers_lost tasks_waiting tasks_on_workers tasks_running tasks_with_results tasks_submitted tasks_dispatched tasks_done tasks_failed tasks_cancelled tasks_exhausted_attempts time_send time_receive time_send_good time_receive_good time_status_msgs time_internal time_polling time_application time_execute time_execute_good time_execute_exhaustion bytes_sent bytes_received bandwidth capacity_tasks capacity_cores capacity_memory capacity_disk capacity_instantaneous capacity_weighted manager_load total_cores total_memory total_disk committed_cores committed_memory committed_disk max_cores max_memory max_disk min_cores min_memory min_disk
1709846929752481 0 0 0 0 0 0 0 0 0 0 0 0 8 0 0 0 8 0 0 0 0 0 0 0 0 0 0 0 0 0 0 0 0 0 0 1.000000 10 10 5120 10240 10 10 0.000000 0 0 0 0 0 0 0 0 0 0 0 0
1709847062807781 1 0 0 1 1 1 0 0 0 0 0 0 7 1 0 0 8 0 0 0 0 0 25746 382 0 0 16375 10481 132987208 15862 0 0 0 133467 0 1.000000 10 10 5120 10240 10 10 0.487179 1 8192 4846 0 0 0 1 8192 4846 0 0 0
1709847072708789 1 0 0 1 1 1 0 0 0 0 0 0 7 1 1 0 11 4 3 0 0 0 48669 102452 0 101829 34352 10743 142749161 17721 4652875 4652875 0 533868 488094 1.000000 24 24 196608 116304 27 12 0.506605 1 8192 4846 1 8192 4846 1 8192 4846 0 0 0
1709847115055684 2 0 0 2 2 2 0 0 0 0 0 0 6 2 1 0 11 4 3 0 0 0 105691 102569 0 101829 63142 14513 184998274 18867 4652875 4652875 0 667335 488094 1.000000 23 23 188416 111458 20 14 0.487162 2 16384 10732 1 8192 4846 1 8192 5886 0 0 0
1709847121313023 6 0 0 6 6 6 0 0 0 0 0 0 2 6 6 1 15 13 7 0 0 0 373276 251619 0 250530 232714 15066 190650370 21781 13453025 11524325 0 1735071 1097928 1.000000 19 19 155648 100339 10 18 0.494304 6 49152 31803 6 49152 31803 1 8192 6012 0 0 0
1709847127022531 7 0 0 7 7 7 0 0 0 0 0 0 1 7 7 1 20 19 12 0 0 0 523632 634809 0 633397 362483 15399 195694094 23856 23333953 21572508 0 2535871 2087332 3.806003 17 17 139264 91663 9 21 0.495794 7 57344 36811 7 57344 36811 1 8192 6012 0 0 0
1709847134650281 7 0 0 7 7 7 0 0 0 0 0 0 1 7 7 0 22 21 14 0 0 0 584864 833730 0 832137 407174 15564 203038191 24596 25521212 25521212 0 2802801 2462163 3.539463 15 15 122880 80842 9 21 0.506384 7 57344 36811 7 57344 36811 1 8192 6012 0 0 0
1709847147409758 8 0 0 8 8 8 0 0 0 0 0 0 0 8 7 0 22 21 14 0 0 0 723005 833805 0 832137 559597 15749 215429982 24981 25521212 25521212 0 2936268 2462163 3.306984 14 14 114688 75439 10 21 0.486709 8 65536 44099 7 57344 36811 1 8192 7288 0 0 0
1709847154683631 8 0 0 8 8 8 0 0 0 0 0 0 0 8 8 1 22 22 14 0 0 0 799379 833827 0 832137 559639 15821 222624574 25105 32236046 25521212 0 2936268 2462163 3.152294 14 14 114688 75439 10 21 0.501328 8 65536 44099 8 65536 44099 1 8192 7288 0 0 0
1709847163031059 8 0 0 8 8 8 0 0 0 0 0 0 0 8 8 0 24 24 16 0 0 0 800555 1435276 0 1433427 731359 16005 230275296 26170 34682900 34682900 0 3203202 2710093 2.522265 12 12 98304 66182 8 21 0.507305 8 65536 44099 8 65536 44099 1 8192 7288 0 0 0
1709847723959214 8 0 0 8 8 8 0 0 0 0 0 0 0 8 8 1 24 24 16 0 0 0 800666 1436933 0 1433427 736223 54409 791116566 58959 643327004 34682900 0 3203202 2710093 2.520272 10 10 81920 56260 3 21 0.512821 8 65536 44099 8 65536 44099 1 8192 7288 0 0 0
1709847729105901 8 0 0 8 8 8 0 0 0 0 0 0 0 8 8 0 25 25 17 0 0 0 801059 1509641 0 1506062 744346 54483 796188071 60691 643327004 643327004 0 3336669 12516495 6.542933 10 10 81920 56260 3 21 0.511827 8 65536 44099 8 65536 44099 1 8192 7288 0 0 0
1709847950830810 8 0 0 8 8 8 0 0 0 0 0 0 0 8 8 1 25 25 17 0 0 0 801104 1510427 0 1506062 745948 66565 1017866210 72808 1474786918 643327004 0 3336669 12516495 6.540581 169 169 1384448 954622 5352 1229 0.512821 8 65536 44099 8 65536 44099 1 8192 7288 0 0 0
1709847956130203 8 0 0 8 8 8 0 0 0 0 0 0 0 8 8 0 26 26 18 0 0 0 801507 1726154 0 1721716 765794 66663 1022948467 73403 1474786918 1474786918 0 3470136 22391877 9.757613 169 169 1384448 954622 5352 1632 0.511601 8 65536 44099 8 65536 44099 1 8192 7288 0 0 0
1709847963278626 8 0 0 8 8 8 0 0 0 0 0 0 0 8 8 1 26 26 18 0 0 0 801512 1726190 0 1721716 766131 66775 1030090299 73595 2370362452 1474786918 0 3470136 22391877 9.757455 357 357 2924544 1995412 2644 1683 0.512607 8 65536 44099 8 65536 44099 1 8192 7288 0 0 0
1709847970620983 8 0 0 8 8 8 0 0 0 0 0 0 0 8 8 0 28 28 20 0 0 0 802874 2090128 0 2085498 778068 66917 1037058195 76364 2372234727 2372234727 0 3737070 32461634 11.932855 525 525 4300800 2913889 2382 1809 0.511118 8 65536 44099 8 65536 44099 1 8192 7288 0 0 0
1709848182069275 8 0 0 8 8 8 0 0 0 0 0 0 0 8 8 1 28 28 20 0 0 0 802918 2090695 0 2085498 779589 77909 1248473442 89289 3432582738 2372234727 0 3737070 32461634 11.930336 517 517 4235264 2851281 26 1480 0.512821 8 65536 44099 8 65536 44099 1 8192 7288 0 0 0
1709848187138233 8 0 0 8 8 8 0 0 0 0 0 0 0 8 8 0 29 29 21 0 0 0 803436 2126353 0 2121070 786381 78020 1253505117 89981 3432582738 3432582738 0 3870537 42356323 15.047285 517 517 4235264 2851281 26 1339 0.511601 8 65536 44099 8 65536 44099 1 8192 7288 0 0 0
1709848225684727 8 0 0 8 8 8 0 0 0 0 0 0 0 8 8 1 29 29 21 0 0 0 803442 2126465 0 2121070 786814 81709 1292025189 92580 3707123063 3432582738 0 3870537 42356323 15.046679 737 737 6037504 4077611 15250 2696 0.512813 8 65536 44099 8 65536 44099 1 8192 7288 0 0 0
1709848232176816 8 0 0 8 8 8 0 0 0 0 0 0 0 8 8 1 32 32 24 0 0 0 805139 2497592 0 2491934 845684 81905 1298084112 93649 3712948613 3711468183 0 4270938 52560970 16.410398 721 721 5906432 3929482 14 3585 0.509735 8 65536 44099 8 65536 44099 1 8192 7288 0 0 0
1709848238381009 8 0 0 8 8 8 0 0 0 0 0 0 0 8 8 1 35 35 27 0 0 0 806775 2730277 0 2724366 904573 82101 1303993848 94654 3718619041 3716875611 0 4671339 53070469 15.568581 655 655 5365760 3504175 12 2924 0.508220 8 65536 44099 8 65536 44099 1 8192 7288 0 0 0
1709848245286006 8 0 0 8 8 8 0 0 0 0 0 0 0 8 8 0 37 37 29 0 0 0 808118 2885878 0 2879651 944138 82266 1310720929 95441 3720182628 3720182628 0 4938271 53357423 15.050126 617 617 5054464 3267038 10 2510 0.509449 8 65536 44099 8 65536 44099 1 8192 7288 0 0 0
1709848626049954 8 0 0 8 8 8 0 0 0 0 0 0 0 8 8 1 37 37 29 0 0 0 808199 2887030 0 2879651 947386 106001 1691425407 117784 4622157683 3720182628 0 4938271 53357423 15.045104 600 600 4915200 3162269 9 1672 0.512821 8 65536 44099 8 65536 44099 1 8192 7288 0 0 0
1709848634613063 8 0 0 8 8 8 0 0 0 0 0 0 0 8 8 0 40 40 32 0 0 0 809984 2924848 0 2917174 972017 106233 1699930581 119265 4625560088 4625560088 0 5338672 63493054 17.575904 732 732 5996544 3892989 33 2060 0.510355 8 65536 44099 8 65536 44099 1 8192 7288 0 0 0
1709849051438072 8 0 0 8 8 8 0 0 0 0 0 0 0 8 8 1 40 40 32 0 0 0 810069 2926208 0 2917174 975597 131676 2116693059 144443 5711397475 4625560088 0 5338672 63493054 17.569107 727 727 5955584 3882158 37 1382 0.512821 8 65536 44099 8 65536 44099 1 8192 7288 0 0 0
1709849058122796 8 0 0 8 8 8 0 0 0 0 0 0 0 8 8 1 44 44 36 0 0 0 812372 3126946 0 3117493 1016918 131988 2123131237 146442 5717695827 5715734748 0 5872540 73742315 19.274058 853 853 6987776 4518878 15 1384 0.508418 8 65536 44099 8 65536 44099 1 8192 7288 0 0 0
1709849063176184 8 0 0 8 8 8 0 0 0 0 0 0 0 8 8 0 45 45 37 0 0 0 812945 3149954 0 3140407 1022972 132081 2128160306 146790 5717695827 5717695827 0 6006007 73891957 19.227499 847 847 6938624 4476466 27 1253 0.509664 8 65536 44099 8 65536 44099 1 8192 7288 0 0 0
1709849356588159 8 0 0 8 8 8 0 0 0 0 0 0 0 8 8 1 45 45 37 0 0 0 812987 3151039 0 3140407 1025424 151696 2421523342 165360 6892143847 5717695827 0 6006007 73891957 19.222032 840 840 6881280 4429502 37 934 0.512821 8 65536 44099 8 65536 44099 1 8192 7288 0 0 0
1709849363393074 8 0 0 8 8 8 0 0 0 0 0 0 0 8 8 0 47 47 39 0 0 0 814010 3175790 0 3164992 1038744 151838 2428294578 166250 6893854741 6893854741 0 6272941 83964732 21.569340 1005 1005 8232960 5315789 22578 1935 0.510792 8 65536 44099 8 65536 44099 1 8192 7288 0 0 0
1709849750655446 8 0 0 8 8 8 0 0 0 0 0 0 0 8 8 1 47 47 39 0 0 0 814088 3176981 0 3164992 1041761 180609 2815473689 193332 9514876288 6893854741 0 6272941 83964732 21.562481 999 999 8183808 5299337 41 1300 0.512821 8 65536 44099 8 65536 44099 1 8192 7288 0 0 0
1709849756584195 8 0 0 8 8 8 0 0 0 0 0 0 0 8 8 0 48 48 40 0 0 0 814735 4008140 0 3996044 1064346 180697 2820569493 194010 9514876288 9514876288 0 6406408 93983505 19.851081 999 999 8183808 5299337 41 1179 0.511601 8 65536 44099 8 65536 44099 1 8192 7288 0 0 0
1709850260366769 8 0 0 8 8 8 0 0 0 0 0 0 0 8 8 1 48 48 40 0 0 0 814847 4010033 0 3996044 1068856 224277 3324181000 220766 12616208139 9514876288 0 6406408 93983505 19.842832 1213 1213 9936896 6436694 2778 1773 0.512821 8 65536 44099 8 65536 44099 1 8192 7288 0 0 0
1709850265408775 8 0 1 7 8 8 0 0 0 0 0 0 0 7 7 0 49 49 42 0 0 0 815572 4821879 0 5179848 1268751 224362 3327930135 221928 12619331972 12619331972 0 6539875 104338918 18.757104 1213 1213 9936896 6436694 2778 1872 0.511324 8 65536 44099 8 65536 44099 1 8192 7288 0 0 0
1709850270415270 8 0 0 8 8 8 0 0 0 0 0 0 0 8 7 0 50 50 42 0 0 0 816184 5194158 0 5179848 1268780 224465 3332935301 222337 12619331972 12619331972 0 6673342 104338918 17.614562 1347 1347 11034624 7212857 2033 1889 0.510740 8 65536 44099 8 65536 44099 1 8192 7288 0 0 0
1709850279589750 8 0 0 8 8 8 0 0 0 0 0 0 0 8 8 1 50 50 42 0 0 0 816186 5194190 0 5179848 1268925 224543 3342030046 222586 12632884869 12619331972 0 6673342 104338918 17.614462 1208 1208 9895936 6524150 3 1795 0.512147 8 65536 44099 8 65536 44099 1 8192 7288 0 0 0
1709850329655034 8 0 0 8 8 8 0 0 0 0 0 0 0 8 8 1 51 51 43 0 0 0 816604 5573304 0 5558733 1356225 228048 3391691667 227545 13604144317 12632884869 0 6806809 104705657 16.642896 1102 1102 9027584 6000032 14 1541 0.512807 8 65536 44099 8 65536 44099 1 8192 7288 0 0 0
1709850335940288 8 0 0 8 8 8 0 0 0 0 0 0 0 8 8 1 55 55 47 0 0 0 818881 5611610 0 5596618 1383639 228385 3397907723 229317 13610248955 13608795589 0 7340677 115032273 18.148527 1173 1173 9609216 6420365 45 2028 0.508416 8 65536 44099 8 65536 44099 1 8192 7288 0 0 0
1709850340980586 8 0 0 8 8 8 0 0 0 0 0 0 0 8 8 0 56 56 48 0 0 0 819275 5618310 0 5603247 1390174 228462 3402940383 229596 13610248955 13610248955 0 7474144 115165831 18.168085 1169 1169 9576448 6408732 32 1835 0.509663 8 65536 44099 8 65536 44099 1 8192 7288 0 0 0
1709850612764077 8 0 0 8 8 8 0 0 0 0 0 0 0 8 8 1 56 56 48 0 0 0 819341 5619343 0 5603247 1392650 247769 3674663842 246599 15982713010 13610248955 0 7474144 115165831 18.164984 1165 1165 9543680 6396603 35 1360 0.512821 8 65536 44099 8 65536 44099 1 8192 7288 0 0 0
1709850619600373 8 0 0 8 8 8 0 0 0 0 0 0 0 8 8 0 58 58 50 0 0 0 820445 5835860 0 5819577 1431775 247945 3681261399 247747 15984128606 15984128606 0 7741078 125241594 19.052937 1334 1334 10928128 7299785 8018 1572 0.511169 8 65536 44099 8 65536 44099 1 8192 7288 0 0 0
1709850945793694 8 0 0 8 8 8 0 0 0 0 0 0 0 8 8 1 58 58 50 0 0 0 820513 5837096 0 5819577 1434371 267944 4007404648 266628 16593940589 15984128606 0 7741078 125241594 19.049205 1329 1329 10887168 7265264 12 1161 0.512821 8 65536 44099 8 65536 44099 1 8192 7288 0 0 0
1709850950845031 8 0 0 8 8 8 0 0 0 0 0 0 0 8 8 0 59 59 51 0 0 0 820939 5851610 0 5833999 1440967 270871 4012437467 267044 16593940589 16593940589 0 7874545 135075347 20.431119 1382 1382 11321344 7584332 12478 1622 0.511601 8 65536 44099 8 65536 44099 1 8192 7288 0 0 0
1709851070680942 8 0 0 8 8 8 0 0 0 0 0 0 0 8 8 1 59 59 51 0 0 0 820971 5852096 0 5833999 1442052 277916 4132179474 272983 17384015468 16593940589 0 7874545 135075347 20.429533 1382 1382 11321344 7584332 12478 3171 0.512821 8 65536 44099 8 65536 44099 1 8192 7288 0 0 0
1709851076047180 8 0 0 8 8 8 0 0 0 0 0 0 0 8 8 0 60 60 52 0 0 0 821400 6618489 0 6600275 1526966 278001 4136772198 273538 17384015468 17384015468 0 8008012 144955696 19.607491 1382 1382 11321344 7584332 12478 4080 0.511470 8 65536 44099 8 65536 44099 1 8192 7288 0 0 0
1709851081179159 8 0 0 8 8 8 0 0 0 0 0 0 0 8 8 0 61 61 53 0 0 0 821937 7031079 0 7012763 1612036 278115 4141405273 273992 17388113434 17388113434 0 8141477 145401813 18.646376 1303 1303 10674176 7215722 564 3738 0.510811 8 65536 44099 8 65536 44099 1 8192 7288 0 0 0
1709851138794955 8 0 0 8 8 8 0 0 0 0 0 0 0 8 8 1 61 61 53 0 0 0 821954 7031308 0 7012763 1612683 283526 4199003015 277468 19897292536 17388113434 0 8141477 145401813 18.645792 1209 1209 9904128 6729763 4 3375 0.512819 8 65536 44099 8 65536 44099 1 8192 7288 0 0 0
1709851145442030 8 0 0 8 8 8 0 0 0 0 0 0 0 8 8 0 63 63 55 0 0 0 822844 7058226 0 7039491 1628907 283679 4205613067 278300 19898829903 19898829903 0 8408411 155611187 19.847721 1382 1382 11321344 7696302 41840 4987 0.510792 8 65536 44099 8 65536 44099 1 8192 7288 0 0 0
1709851318829707 8 0 0 8 8 8 0 0 0 0 0 0 0 8 8 1 63 63 55 0 0 0 822893 7058858 0 7039491 1630153 294126 4378972268 288142 22159483712 19898829903 0 8408411 155611187 19.846006 1399 1399 11460608 7809133 30 4070 0.512821 8 65536 44099 8 65536 44099 1 8192 7288 0 0 0
1709851323961164 8 0 0 8 8 8 0 0 0 0 0 0 0 8 8 0 64 64 56 0 0 0 823322 7156482 0 7137015 1636147 294256 4384004695 288721 22159483712 22159483712 0 8541878 165627372 20.815140 1399 1399 11460608 7809133 30 3677 0.511601 8 65536 44099 8 65536 44099 1 8192 7288 0 0 0
1709851712965013 8 0 0 8 8 8 0 0 0 0 0 0 0 8 8 1 64 64 56 0 0 0 823419 7157814 0 7137015 1639881 317634 4772947530 312070 22732003760 22159483712 0 8541878 165627372 20.811414 1549 1549 12689408 8613547 17776 7934 0.512821 8 65536 44099 8 65536 44099 1 8192 7288 0 0 0
1709851718132536 8 0 0 8 8 8 0 0 0 0 0 0 0 8 8 1 67 67 59 0 0 0 824999 7194958 0 7173884 1664210 317847 4778050476 313440 22737005230 22735244503 0 8942277 175797209 21.967861 1624 1624 13303808 9081872 37 8472 0.508955 8 65536 44099 8 65536 44099 1 8192 7288 0 0 0
1709851725024713 8 0 0 8 8 8 0 0 0 0 0 0 0 8 8 0 70 70 62 0 0 0 826881 7220958 0 7199562 1688612 318129 4784896829 314591 22739665026 22739665026 0 9342678 176249190 21.992761 1658 1658 13582336 9319314 27 6907 0.509830 8 65536 44099 8 65536 44099 1 8192 7288 0 0 0
1709852016062588 8 0 0 8 8 8 0 0 0 0 0 0 0 8 8 1 70 70 62 0 0 0 826955 7222026 0 7199562 1691003 337212 5075888846 330470 23809883864 22739665026 0 9342678 176249190 21.989640 1677 1677 13737984 9447876 26 5086 0.512821 8 65536 44099 8 65536 44099 1 8192 7288 0 0 0
1709852022496598 8 0 0 8 8 8 0 0 0 0 0 0 0 8 8 0 72 72 64 0 0 0 828015 7246479 0 7223811 1704330 337379 5082289382 331442 23811222390 23811222390 0 9609612 186264223 23.134557 1778 1778 14565376 10035395 20333 5380 0.510792 8 65536 44099 8 65536 44099 1 8192 7288 0 0 0
1709852178705620 8 0 0 8 8 8 0 0 0 0 0 0 0 8 8 1 72 72 64 0 0 0 828057 7247023 0 7223811 1705846 348297 5238396998 340308 24912673336 23811222390 0 9609612 186264223 23.132879 1905 1905 15605760 10697703 31 4389 0.512821 8 65536 44099 8 65536 44099 1 8192 7288 0 0 0
1709852188573130 8 0 0 8 8 8 0 0 0 0 0 0 0 8 8 0 74 74 66 0 0 0 828902 8315386 0 8292000 1875993 348488 5247103086 341214 24915499297 24915499297 0 9876546 196311084 21.503680 1919 1919 15720448 10776321 794 3807 0.511007 8 65536 44099 8 65536 44099 1 8192 7288 0 0 0
1709852193835761 8 0 1 7 8 8 0 0 0 0 0 0 0 7 7 0 74 74 67 0 0 0 828902 8315410 0 8592186 1963050 348529 5251976671 342809 24925158243 24925158243 0 9876546 196442514 21.517331 1762 1762 14434304 9940557 4 3617 0.511617 8 65536 44099 8 65536 44099 1 8192 7288 0 0 0
1709852199023521 8 0 0 8 8 8 0 0 0 0 0 0 0 8 8 1 75 75 67 0 0 0 829306 8615780 0 8592186 1963092 348624 5257084266 343331 24929719214 24925158243 0 10010013 196442514 20.845599 1762 1762 14434304 9940557 4 3266 0.510883 8 65536 44099 8 65536 44099 1 8192 7288 0 0 0
1709852268632113 8 0 0 8 8 8 0 0 0 0 0 0 0 8 8 1 76 76 68 0 0 0 829965 8915007 0 8891048 2047463 351360 5326375884 346381 25879389086 24929719214 0 10143480 196566269 20.229281 1508 1508 12353536 8666015 5 2803 0.512818 8 65536 44099 8 65536 44099 1 8192 7288 0 0 0
1709852274108701 8 0 0 8 8 8 0 0 0 0 0 0 0 8 8 1 80 80 72 0 0 0 831573 9073813 0 9049429 2071220 353710 5331664560 347665 25884584724 25883284494 0 10677348 206836195 20.941847 1503 1503 12312576 8613479 25 2735 0.508418 8 65536 44099 8 65536 44099 1 8192 7288 0 0 0
1709852282422170 8 0 0 8 8 8 0 0 0 0 0 0 0 8 8 0 83 83 75 0 0 0 832674 9141843 0 9117227 2089063 353914 5339895893 348377 25887740243 25887740243 0 11077749 207300506 20.879380 1543 1543 12640256 8867653 26 2234 0.509403 8 65536 44099 8 65536 44099 1 8192 7288 0 0 0
1709852326998836 8 0 0 8 8 8 0 0 0 0 0 0 0 8 8 1 83 83 75 0 0 0 832680 9142041 0 9117227 2089768 354381 5384459687 351541 26493792961 25887740243 0 11077749 207300506 20.878953 1557 1557 12754944 8956500 35 2125 0.512812 8 65536 44099 8 65536 44099 1 8192 7288 0 0 0
1709852332058166 8 0 0 8 8 8 0 0 0 0 0 0 0 8 8 0 84 84 76 0 0 0 833096 9160054 0 9135146 2097962 356505 5389497880 351889 26493792961 26493792961 0 11211216 217142652 21.792450 1613 1613 13213696 9325708 10096 2331 0.511597 8 65536 44099 8 65536 44099 1 8192 7288 0 0 0
1709852382894305 8 0 0 8 8 8 0 0 0 0 0 0 0 8 8 1 84 84 76 0 0 0 833111 9160266 0 9135146 2098280 356994 5440307873 354187 29125085779 26493792961 0 11211216 217142652 21.791955 1613 1613 13213696 9325708 10096 2720 0.512815 8 65536 44099 8 65536 44099 1 8192 7288 0 0 0
1709852388218012 8 0 0 8 8 8 0 0 0 0 0 0 0 8 8 0 85 85 77 0 0 0 833519 9387331 0 9362110 2121090 357083 5445403186 354764 29125085779 29125085779 0 11344683 227228792 22.260516 1613 1613 13213696 9325708 10096 3440 0.511599 8 65536 44099 8 65536 44099 1 8192 7288 0 0 0
1709852562996337 8 0 0 8 8 8 0 0 0 0 0 0 0 8 8 1 85 85 77 0 0 0 833556 9387998 0 9362110 2122699 367643 5620146639 369770 29670584594 29125085779 0 11344683 227228792 22.258983 1778 1778 14565376 10308482 7717 4235 0.512821 8 65536 44099 8 65536 44099 1 8192 7288 0 0 0
1709852569164250 8 0 0 8 8 8 0 0 0 0 0 0 0 8 8 1 89 89 81 0 0 0 835519 9424367 0 9398148 2149168 367889 5626247978 371401 29676571739 29675168272 0 11878549 237550043 23.184823 1772 1772 14516224 10311739 43 4421 0.508668 8 65536 44099 8 65536 44099 1 8192 7288 0 0 0
1709852574205989 8 0 0 8 8 8 0 0 0 0 0 0 0 8 8 0 90 90 82 0 0 0 836012 9431094 0 9404797 2155670 370543 5631279374 371706 29676571739 29676571739 0 12012016 237682372 23.193208 1711 1711 14016512 9988679 34 3796 0.509774 8 65536 44099 8 65536 44099 1 8192 7288 0 0 0
1709852587125508 8 0 0 8 8 8 0 0 0 0 0 0 0 8 8 1 90 90 82 0 0 0 836017 9431125 0 9404797 2155705 370625 5644178861 372031 31649101234 29676571739 0 12012016 237682372 23.193127 1711 1711 14016512 9988679 34 3608 0.511931 8 65536 44099 8 65536 44099 1 8192 7288 0 0 0
1709852595026024 8 0 0 8 8 8 0 0 0 0 0 0 0 8 8 0 93 93 85 0 0 0 837590 9746274 0 9719667 2214397 370911 5651721996 373115 31652398857 31652398857 0 12412409 247983536 23.463352 1817 1817 14884864 10587919 13 3261 0.509788 8 65536 44099 8 65536 44099 1 8192 7288 0 0 0
1709853347950528 8 0 0 8 8 8 0 0 0 0 0 0 0 8 8 1 93 93 85 0 0 0 837761 9748943 0 9719667 2220718 411174 6404536169 412706 32409308060 31652398857 0 12412409 247983536 23.457058 1801 1801 14753792 10484981 9 1684 0.512821 8 65536 44099 8 65536 44099 1 8192 7288 0 0 0
1709853353241026 8 0 0 8 8 8 0 0 0 0 0 0 0 8 8 0 94 94 86 0 0 0 838501 9947151 0 9917769 2240580 414634 6409619285 417311 32409308060 32409308060 0 12545874 257790168 23.903287 1823 1823 14934016 10603238 2531 1573 0.511601 8 65536 44099 8 65536 44099 1 8192 7288 0 0 0
1709854254247075 8 0 0 8 8 8 0 0 0 0 0 0 0 8 8 1 94 94 86 0 0 0 838659 9949763 0 9917769 2247638 464654 7310497600 463995 33315302652 32409308060 0 12545874 257790168 23.897150 1823 1823 14934016 10603238 2531 2115 0.512821 8 65536 44099 8 65536 44099 1 8192 7288 0 0 0
1709854261305294 8 0 0 8 8 8 0 0 0 0 0 0 0 8 8 0 96 96 88 0 0 0 839747 10190622 0 10158427 2287057 464820 7317292711 465019 33316934057 33316934057 0 12812808 267812599 24.262583 1774 1774 14532608 10271026 3017 2200 0.510792 8 65536 44099 8 65536 44099 1 8192 7288 0 0 0
1709854358725903 8 0 0 8 8 8 0 0 0 0 0 0 0 8 8 1 96 96 88 0 0 0 839761 10190925 0 10158427 2287811 469548 7414621407 471763 35475725996 33316934057 0 12812808 267812599 24.261886 1763 1763 14442496 10160421 12 1988 0.512820 8 65536 44099 8 65536 44099 1 8192 7288 0 0 0
1709854363849614 8 0 1 7 8 8 0 0 0 0 0 0 0 7 7 0 97 97 90 0 0 0 840332 10958304 0 11226388 2458838 469614 7418583532 472633 35479164980 35479164980 0 12946275 278001451 23.517072 1763 1763 14442496 10160421 12 1797 0.511324 8 65536 44099 8 65536 44099 1 8192 7288 0 0 0
1709854368856082 8 0 0 8 8 8 0 0 0 0 0 0 0 8 7 0 98 98 90 0 0 0 840962 11259223 0 11226388 2458857 469699 7423588602 473071 35479164980 35479164980 0 13079742 278001451 22.941522 1683 1683 13787136 9765041 1566 1775 0.510740 8 65536 44099 8 65536 44099 1 8192 7288 0 0 0
1709854378116020 8 0 0 8 8 8 0 0 0 0 0 0 0 8 8 0 99 99 91 0 0 0 841459 11557446 0 11524480 2541974 473284 7432462441 473609 35487962921 35487962921 0 13213209 278130070 22.408963 1544 1544 12648448 8958541 4 1524 0.510921 8 65536 44099 8 65536 44099 1 8192 7288 0 0 0
1709854475806379 8 0 0 8 8 8 0 0 0 0 0 0 0 8 8 1 99 99 91 0 0 0 841474 11557720 0 11524480 2542847 476661 7530120898 478387 37580534409 35487962921 0 13213209 278130070 22.408441 1560 1560 12779520 9051375 10 1378 0.512820 8 65536 44099 8 65536 44099 1 8192 7288 0 0 0
1709854891160772 7 0 0 7 7 8 1 0 1 0 0 0 0 7 7 1 100 100 93 0 0 0 842358 13699679 0 13665051 2591261 501291 7943247997 505022 39904101150 37582147876 0 13346676 288281351 19.780922 1503 1503 12312576 8646361 10 865 0.512821 7 57344 38723 7 57344 38723 1 8192 7288 0 0 0
1709854971168860 8 0 2 6 8 9 1 0 1 0 0 0 0 6 6 0 100 100 94 0 0 0 842376 13749042 0 13714083 2611292 509669 8023180481 509003 39904101150 39904101150 0 13346676 298354407 20.372339 1644 1644 13467648 9457496 28081 3445 0.512821 8 65536 44751 6 49152 32837 1 8192 7288 0 0 0
1709855056092179 8 0 2 6 8 9 1 0 1 0 0 0 0 6 6 0 100 100 94 0 0 0 842395 13749311 0 13714083 2791731 513949 8107915369 512139 39904101150 39904101150 0 13346676 298354407 20.371937 1644 1644 13467648 9457496 28081 5848 0.512821 8 65536 44751 6 49152 32837 1 8192 7288 0 0 0
1709855178327378 8 0 2 6 8 9 1 0 1 0 0 0 0 6 6 1 100 100 94 0 0 0 842422 13749729 0 13714083 2792682 520261 8230116497 517567 47957916491 39904101150 0 13346676 298354407 20.371316 1644 1644 13467648 9457496 28081 9021 0.512821 8 65536 44751 6 49152 32837 1 8192 7288 0 0 0
1709855196463555 7 0 2 5 7 9 2 0 2 0 0 0 0 5 5 1 100 100 95 0 0 0 842427 14677562 0 14641759 2814078 520507 8247313136 521601 50876956426 47957916491 0 13346676 308384832 19.769800 1644 1644 13467648 9457496 28081 10880 0.514198 7 57344 38865 5 40960 27829 1 8192 7288 0 0 0
1709855301584112 6 0 2 4 6 9 3 0 3 0 0 0 0 4 4 0 100 100 96 0 0 0 842452 14763622 0 14727392 2821814 526290 8352336836 525156 50876956426 50876956426 0 13346676 318476816 20.277460 2180 2180 17858560 12455631 24895 11960 0.512821 6 49152 32837 4 32768 22983 1 8192 7288 0 0 0
1709855426151837 7 0 3 4 7 10 3 0 3 0 0 0 0 4 4 0 100 100 96 0 0 0 842478 14764019 0 14727392 2868678 533434 8476844102 530811 50876956426 50876956426 0 13346676 318476816 20.276910 2180 2180 17858560 12455631 24895 13806 0.512821 7 57344 38099 4 32768 22983 1 8192 7288 0 0 0
1709855471153286 8 0 4 4 8 11 3 0 3 0 0 0 0 4 4 0 100 100 96 0 0 0 842491 14764171 0 14727392 2902369 536226 8521806244 533211 50876956426 50876956426 0 13346676 318476816 20.276696 2180 2180 17858560 12455631 24895 14888 0.512821 8 65536 43296 4 32768 22983 1 8192 7288 0 0 0
1709855721738448 7 0 3 4 7 12 5 0 5 0 0 0 0 4 4 0 100 100 96 0 0 0 842547 14764914 0 14727392 2917608 551553 8772345434 547104 50876956426 50876956426 0 13346676 318476816 20.275658 2180 2180 17858560 12455631 24895 17154 0.512821 7 57344 39470 4 32768 22983 1 8192 7288 0 0 0
1709855736376025 7 0 3 4 7 13 6 0 6 0 0 0 0 4 4 0 100 100 96 0 0 0 842550 14764981 0 14727392 2972372 551774 8786927409 547443 50876956426 50876956426 0 13346676 318476816 20.275567 2180 2180 17858560 12455631 24895 17542 0.512821 7 57344 39534 4 32768 22983 1 8192 7288 0 0 0
1709855931913630 7 0 3 4 7 14 7 0 7 0 0 0 0 4 4 0 100 100 96 0 0 0 842592 14765556 0 14727392 3007750 568108 8982398003 561558 50876956426 50876956426 0 13346676 318476816 20.274766 2180 2180 17858560 12455631 24895 19208 0.512821 7 57344 39534 4 32768 22983 1 8192 7288 0 0 0
1709855946049946 7 0 3 4 7 14 7 0 7 0 0 0 0 4 4 1 100 100 96 0 0 0 842596 14765598 0 14727392 3007919 568231 8996525388 562016 54495947913 50876956426 0 13346676 318476816 20.274706 2180 2180 17858560 12455631 24895 19493 0.512821 7 57344 39534 4 32768 22983 1 8192 7288 0 0 0
1709855971588278 8 0 5 3 8 15 7 0 7 0 0 0 0 3 3 0 100 100 97 0 0 0 842605 14784721 0 14746387 3049858 568526 9022009369 562915 54495947913 54495947913 0 13346676 328593949 20.867293 2180 2180 17858560 12455631 24895 20021 0.513148 8 65536 44542 3 24576 16971 1 8192 7288 0 0 0
1709856206475521 7 0 4 3 7 16 9 0 9 0 0 0 0 3 3 0 100 100 97 0 0 0 842660 14785433 0 14746387 3096705 585373 9256817643 576771 54495947913 54495947913 0 13346676 328593949 20.866269 2389 2389 19570688 13655915 60102 29091 0.512821 7 57344 38450 3 24576 16971 1 8192 7288 0 0 0
1709856291896995 5 0 2 3 5 17 12 0 12 0 0 0 0 3 3 0 100 100 97 0 0 0 842683 14785722 0 14746387 3142049 593200 9342181724 580339 54495947913 54495947913 0 13346676 328593949 20.865852 2389 2389 19570688 13655915 60102 33515 0.512821 5 40960 27644 3 24576 16971 1 8192 7288 0 0 0
1709856421177660 6 0 3 3 6 18 12 0 12 0 0 0 0 3 3 0 100 100 97 0 0 0 842713 14786049 0 14746387 3176475 601959 9471412015 586802 54495947913 54495947913 0 13346676 328593949 20.865376 2389 2389 19570688 13655915 60102 37308 0.512821 6 49152 32652 3 24576 16971 1 8192 7288 0 0 0
1709856451826941 7 0 4 3 7 19 12 0 12 0 0 0 0 3 3 0 100 100 97 0 0 0 842721 14786148 0 14746387 3189805 602317 9502042183 591814 54495947913 54495947913 0 13346676 328593949 20.865233 2389 2389 19570688 13655915 60102 38448 0.512821 7 57344 38678 3 24576 16971 1 8192 7288 0 0 0
1709856706144013 7 0 4 3 7 21 14 0 14 0 0 0 0 3 3 0 100 100 97 0 0 0 842784 14786991 0 14746387 3262436 617204 9756257089 604839 54495947913 54495947913 0 13346676 328593949 20.864023 2389 2389 19570688 13655915 60102 43349 0.512821 7 57344 38210 3 24576 16971 1 8192 7288 0 0 0
1709856781906050 5 0 2 3 5 22 17 0 17 0 0 0 0 3 3 0 100 100 97 0 0 0 842800 14787258 0 14746387 3401557 624348 9831866653 610407 54495947913 54495947913 0 13346676 328593949 20.863646 2389 2389 19570688 13655915 60102 45739 0.512821 5 40960 26952 3 24576 16971 1 8192 7288 0 0 0
1709856789681219 5 0 2 3 5 22 17 0 17 0 0 0 0 3 3 1 100 100 97 0 0 0 842804 14787278 0 14746387 3401584 624408 9839564301 610619 56911455840 54495947913 0 13346676 328593949 20.863614 2389 2389 19570688 13655915 60102 46458 0.512821 5 40960 26952 3 24576 16971 1 8192 7288 0 0 0
1709856905536023 6 0 4 2 6 23 17 0 17 0 0 0 0 2 2 0 100 100 98 0 0 0 842826 15609794 0 15568536 3505877 631620 9954555787 616696 56911455840 56911455840 0 13346676 338650663 20.403487 2245 2245 18391040 12956766 1705 43297 0.512821 6 49152 32370 2 16384 9683 1 8192 7288 0 0 0
1709856990813051 7 0 5 2 7 24 17 0 17 0 0 0 0 2 2 0 100 100 98 0 0 0 842844 15609961 0 15568536 3550765 635860 10039777985 621964 56911455840 56911455840 0 13346676 338650663 20.403258 2245 2245 18391040 12956766 1705 39243 0.512821 7 57344 37632 2 16384 9683 1 8192 7288 0 0 0
1709857230463517 5 0 3 2 5 26 21 0 21 0 0 0 0 2 2 0 100 100 98 0 0 0 842911 15610608 0 15568536 3702279 651783 10279245892 635618 56911455840 56911455840 0 13346676 338650663 20.402372 2245 2245 18391040 12956766 1705 30754 0.512821 5 40960 24575 2 16384 9683 1 8192 5262 0 0 0
1709857330646233 4 0 2 2 4 27 23 0 23 0 0 0 0 2 2 0 100 100 98 0 0 0 842935 15610894 0 15568536 3719150 659363 10379399180 639930 56911455840 56911455840 0 13346676 338650663 20.401988 2245 2245 18391040 12956766 1705 26613 0.512821 4 32768 20479 2 16384 9683 1 8192 6012 0 0 0
1709857420850612 5 0 3 2 5 28 23 0 23 0 0 0 0 2 2 0 100 100 98 0 0 0 842959 15611154 0 15568536 3752816 663737 10469557981 646831 56911455840 56911455840 0 13346676 338650663 20.401636 2245 2245 18391040 12956766 1705 24185 0.512821 5 40960 25676 2 16384 9683 1 8192 6012 0 0 0
1709857485384015 6 0 4 2 6 29 23 0 23 0 0 0 0 2 2 0 100 100 98 0 0 0 842980 15611350 0 15568536 3786742 667765 10534049335 650370 56911455840 56911455840 0 13346676 338650663 20.401367 2245 2245 18391040 12956766 1705 21994 0.512821 6 49152 30873 2 16384 9683 1 8192 6012 0 0 0
1709857490702222 8 0 6 2 8 31 23 0 23 0 0 0 0 2 2 0 100 100 98 0 0 0 842984 15611387 0 15568536 4075537 671893 10539074339 650454 56911455840 56911455840 0 13346676 338650663 20.401316 2245 2245 18391040 12956766 1705 20017 0.512821 8 65536 43103 2 16384 9683 1 8192 7288 0 0 0
1709857720106716 5 0 3 2 5 31 26 0 26 0 0 0 0 2 2 0 100 100 98 0 0 0 843045 15611958 0 15568536 4122045 684005 10768404543 664838 56911455840 56911455840 0 13346676 338650663 20.400532 2245 2245 18391040 12956766 1705 16622 0.512821 5 40960 27110 2 16384 9683 1 8192 7288 0 0 0
1709857835189729 3 0 1 2 3 32 29 0 29 0 0 0 0 2 2 0 100 100 98 0 0 0 843072 15612242 0 15568536 4167571 693634 10883426914 669589 56911455840 56911455840 0 13346676 338650663 20.400147 2245 2245 18391040 12956766 1705 14496 0.512821 3 24576 14942 2 16384 9683 1 8192 5259 0 0 0
1709857915224317 5 0 3 2 5 34 29 0 29 0 0 0 0 2 2 0 100 100 98 0 0 0 843095 15612496 0 15568536 4316180 701640 10963298328 675489 56911455840 56911455840 0 13346676 338650663 20.399803 2245 2245 18391040 12956766 1705 12673 0.512821 5 40960 27672 2 16384 9683 1 8192 7403 0 0 0
1709857975530004 6 0 4 2 6 35 29 0 29 0 0 0 0 2 2 0 100 100 98 0 0 0 843119 15612694 0 15568536 4350024 704874 11023562399 679479 56911455840 56911455840 0 13346676 338650663 20.399528 2245 2245 18391040 12956766 1705 11604 0.512821 6 49152 32680 2 16384 9683 1 8192 7403 0 0 0
1709858015973224 8 0 6 2 8 37 29 0 29 0 0 0 0 2 2 0 100 100 98 0 0 0 843130 15612829 0 15568536 4638555 705382 11063715310 680369 56911455840 56911455840 0 13346676 338650663 20.399347 2245 2245 18391040 12956766 1705 11110 0.512821 8 65536 44084 2 16384 9683 1 8192 7403 0 0 0
1709858051058418 7 0 5 2 7 37 30 0 30 0 0 0 0 2 2 1 100 100 98 0 0 0 843138 15612909 0 15568536 4639024 709218 11098773665 683059 60706193877 56911455840 0 13346676 338650663 20.399238 2245 2245 18391040 12956766 1705 10194 0.512821 7 57344 38825 2 16384 9683 1 8192 7403 0 0 0
1709858216025668 6 0 5 1 6 38 32 0 32 0 0 0 0 1 1 0 100 100 99 0 0 0 843185 15810256 0 15765429 4705104 722189 11263473639 692999 60706193877 60706193877 0 13346676 348773715 20.737151 2429 2429 19898368 14018701 12786 9856 0.512821 6 49152 31387 1 8192 5101 1 8192 6620 0 0 0
1709858376670654 3 0 2 1 3 39 36 0 36 0 0 0 0 1 1 0 100 100 99 0 0 0 843219 15810572 0 15765429 4751004 731300 11424053298 702493 60706193877 60706193877 0 13346676 348773715 20.736715 2429 2429 19898368 14018701 12786 10276 0.512821 3 24576 15804 1 8192 5101 1 8192 5411 0 0 0
1709858421946981 4 0 3 1 4 40 36 0 36 0 0 0 0 1 1 0 100 100 99 0 0 0 843222 15810650 0 15765429 4767166 736080 11469305370 705472 60706193877 60706193877 0 13346676 348773715 20.736614 2429 2429 19898368 14018701 12786 10522 0.512821 4 32768 21494 1 8192 5101 1 8192 5690 0 0 0
1709858486969189 5 0 4 1 5 41 36 0 36 0 0 0 0 1 1 0 100 100 99 0 0 0 843239 15810770 0 15765429 4811915 740357 11534274542 709103 60706193877 60706193877 0 13346676 348773715 20.736443 2429 2429 19898368 14018701 12786 10744 0.512821 5 40960 26753 1 8192 5101 1 8192 5690 0 0 0
1709858542882000 5 0 4 1 5 42 37 0 37 0 0 0 0 1 1 0 100 100 99 0 0 0 843249 15810873 0 15765429 4846230 744591 11590145027 712511 60706193877 60706193877 0 13346676 348773715 20.736303 2429 2429 19898368 14018701 12786 10944 0.512821 5 40960 26469 1 8192 5101 1 8192 5690 0 0 0
1709858552107882 6 0 5 1 6 43 37 0 37 0 0 0 0 1 1 0 100 100 99 0 0 0 843253 15810901 0 15765429 4863345 744730 11599353165 712753 60706193877 60706193877 0 13346676 348773715 20.736263 2429 2429 19898368 14018701 12786 11037 0.512821 6 49152 32483 1 8192 5101 1 8192 6014 0 0 0
1709858562382001 7 0 6 1 7 44 37 0 37 0 0 0 0 1 1 0 100 100 99 0 0 0 843261 15810932 0 15765429 4880476 744884 11609609564 712972 60706193877 60706193877 0 13346676 348773715 20.736214 2429 2429 19898368 14018701 12786 11125 0.512821 7 57344 36748 1 8192 5101 1 8192 6014 0 0 0
1709858712820688 7 0 6 1 7 45 38 0 38 0 0 0 0 1 1 0 100 100 99 0 0 0 843294 15811253 0 15765429 4898993 756559 11760006826 723381 60706193877 60706193877 0 13346676 348773715 20.735774 2429 2429 19898368 14018701 12786 11435 0.512821 7 57344 36183 1 8192 5101 1 8192 6014 0 0 0
1709858882706127 3 0 2 1 3 46 43 0 43 0 0 0 0 1 1 0 100 100 99 0 0 0 843323 15811641 0 15765429 4917180 771089 11929848335 733701 60706193877 60706193877 0 13346676 348773715 20.735254 2429 2429 19898368 14018701 12786 11687 0.512821 3 24576 15637 1 8192 5101 1 8192 5690 0 0 0
1709858932435939 4 0 3 1 4 47 43 0 43 0 0 0 0 1 1 0 100 100 99 0 0 0 843333 15811740 0 15765429 4961811 775070 11979527951 734883 60706193877 60706193877 0 13346676 348773715 20.735119 2429 2429 19898368 14018701 12786 11795 0.512821 4 32768 20896 1 8192 5101 1 8192 5690 0 0 0
1709859007838275 5 0 4 1 5 48 43 0 43 0 0 0 0 1 1 0 100 100 99 0 0 0 843348 15811889 0 15765429 4973963 779762 12054906740 741106 60706193877 60706193877 0 13346676 348773715 20.734915 2429 2429 19898368 14018701 12786 11893 0.512821 5 40960 25161 1 8192 5101 1 8192 5690 0 0 0
1709859047682218 5 0 4 1 5 49 44 0 44 0 0 0 0 1 1 0 100 100 99 0 0 0 843353 15811976 0 15765429 5007664 780167 12094715390 741983 60706193877 60706193877 0 13346676 348773715 20.734800 2429 2429 19898368 14018701 12786 11938 0.512821 5 40960 25323 1 8192 5101 1 8192 5690 0 0 0
1709859097145193 6 0 5 1 6 50 44 0 44 0 0 0 0 1 1 0 100 100 99 0 0 0 843370 15812098 0 15765429 5145975 784364 12144032098 745284 60706193877 60706193877 0 13346676 348773715 20.734627 2429 2429 19898368 14018701 12786 12022 0.512821 6 49152 30107 1 8192 5101 1 8192 5690 0 0 0
1709859107544258 7 0 6 1 7 51 44 0 44 0 0 0 0 1 1 0 100 100 99 0 0 0 843373 15812137 0 15765429 5294040 784556 12154282516 745486 60706193877 60706193877 0 13346676 348773715 20.734575 2429 2429 19898368 14018701 12786 12061 0.512821 7 57344 36727 1 8192 5101 1 8192 6620 0 0 0
1709859212765256 7 0 6 1 7 52 45 0 45 0 0 0 0 1 1 0 100 100 99 0 0 0 843391 15812413 0 15765429 5311206 791591 12259471091 752906 60706193877 60706193877 0 13346676 348773715 20.734209 2429 2429 19898368 14018701 12786 12166 0.512821 7 57344 37007 1 8192 5101 1 8192 6620 0 0 0
1709859432711286 3 0 2 1 3 53 50 0 50 0 0 0 0 1 1 0 100 100 99 0 0 0 843446 15812939 0 15765429 5349272 806978 12479351777 763589 60706193877 60706193877 0 13346676 348773715 20.733485 2429 2429 19898368 14018701 12786 12308 0.512821 3 24576 16079 1 8192 5101 1 8192 5970 0 0 0
1709859447209131 3 0 2 1 3 53 50 0 50 0 0 0 0 1 1 0 100 100 99 0 0 0 843450 15812979 0 15765429 5370286 807114 12493827875 763948 60706193877 60706193877 0 13346676 348773715 20.733431 2429 2429 19898368 14018701 12786 12332 0.512821 3 24576 16079 1 8192 5101 1 8192 5970 0 0 0
1709859502727534 5 0 4 1 5 55 50 0 50 0 0 0 0 1 1 0 100 100 99 0 0 0 843462 15813135 0 15765429 5508235 811359 12549198511 769041 60706193877 60706193877 0 13346676 348773715 20.733222 2429 2429 19898368 14018701 12786 12377 0.512821 5 40960 24864 1 8192 5101 1 8192 5970 0 0 0
1709859552007406 5 0 4 1 5 56 51 0 51 0 0 0 0 1 1 0 100 100 99 0 0 0 843483 15813264 0 15765429 5657031 814265 12598322918 772413 60706193877 60706193877 0 13346676 348773715 20.733035 2429 2429 19898368 14018701 12786 12418 0.512821 5 40960 25514 1 8192 5101 1 8192 6620 0 0 0
1709859587103833 6 0 5 1 6 57 51 0 51 0 0 0 0 1 1 0 100 100 99 0 0 0 843492 15813337 0 15765429 5702030 814611 12633372893 773271 60706193877 60706193877 0 13346676 348773715 20.732933 2429 2429 19898368 14018701 12786 12437 0.512821 6 49152 30925 1 8192 5101 1 8192 6620 0 0 0
1709859602738753 7 0 6 1 7 58 51 0 51 0 0 0 0 1 1 0 100 100 99 0 0 0 843497 15813376 0 15765429 5736947 818498 12648968271 773724 60706193877 60706193877 0 13346676 348773715 20.732878 2429 2429 19898368 14018701 12786 12472 0.512821 7 57344 35933 1 8192 5101 1 8192 6620 0 0 0
1709859722819040 8 0 7 1 8 59 51 0 51 0 0 0 0 1 1 0 100 100 99 0 0 0 843515 15813590 0 15765429 5770918 826965 12768999123 780149 60706193877 60706193877 0 13346676 348773715 20.732589 2429 2429 19898368 14018701 12786 12518 0.512821 8 65536 41130 1 8192 5101 1 8192 6620 0 0 0
1709859957294639 3 0 2 1 3 60 57 0 57 0 0 0 0 1 1 0 100 100 99 0 0 0 843556 15814015 0 15765429 5789647 842803 13003426271 792978 60706193877 60706193877 0 13346676 348773715 20.732009 2429 2429 19898368 14018701 12786 12581 0.512821 3 24576 16268 1 8192 5101 1 8192 5970 0 0 0
1709859982888429 4 0 3 1 4 61 57 0 57 0 0 0 0 1 1 0 100 100 99 0 0 0 843562 15814098 0 15765429 5834131 843070 13028972691 795285 60706193877 60706193877 0 13346676 348773715 20.731898 2429 2429 19898368 14018701 12786 12592 0.512821 4 32768 21622 1 8192 5101 1 8192 5970 0 0 0
1709860012815076 5 0 4 1 5 62 57 0 57 0 0 0 0 1 1 0 100 100 99 0 0 0 843564 15814153 0 15765429 6009063 846857 13058719674 795960 60706193877 60706193877 0 13346676 348773715 20.731828 2429 2429 19898368 14018701 12786 12612 0.512821 5 40960 28242 1 8192 5101 1 8192 6620 0 0 0
1709860067407300 4 0 3 1 4 62 58 0 58 0 0 0 0 1 1 0 100 100 99 0 0 0 843569 15814231 0 15765429 6053672 847186 13113262981 799583 60706193877 60706193877 0 13346676 348773715 20.731724 2429 2429 19898368 14018701 12786 12621 0.512821 4 32768 23045 1 8192 5101 1 8192 6620 0 0 0
1709860122937589 6 0 5 1 6 64 58 0 58 0 0 0 0 1 1 0 100 100 99 0 0 0 843582 15814344 0 15765429 6088122 851381 13168749867 803965 60706193877 60706193877 0 13346676 348773715 20.731567 2429 2429 19898368 14018701 12786 12638 0.512821 6 49152 33464 1 8192 5101 1 8192 6620 0 0 0
1709860222293985 7 0 6 1 7 65 58 0 58 0 0 0 0 1 1 0 100 100 99 0 0 0 843602 15814503 0 15765429 6100483 859055 13268081403 808268 60706193877 60706193877 0 13346676 348773715 20.731345 2429 2429 19898368 14018701 12786 12660 0.512821 7 57344 37729 1 8192 5101 1 8192 6620 0 0 0
1709860352718843 5 0 4 1 5 66 61 0 61 0 0 0 0 1 1 0 100 100 99 0 0 0 843620 15814730 0 15765429 6254383 867276 13398334718 817104 60706193877 60706193877 0 13346676 348773715 20.731040 2429 2429 19898368 14018701 12786 12679 0.512821 5 40960 27073 1 8192 5101 1 8192 7288 0 0 0
1709860452926426 4 0 3 1 4 67 63 0 63 0 0 0 0 1 1 0 100 100 99 0 0 0 843639 15814921 0 15765429 6299936 875822 13498480654 824042 60706193877 60706193877 0 13346676 348773715 20.730778 2429 2429 19898368 14018701 12786 12696 0.512821 4 32768 22008 1 8192 5101 1 8192 7288 0 0 0
1709860467791667 5 0 4 1 5 68 63 0 63 0 0 0 0 1 1 0 100 100 99 0 0 0 843645 15814963 0 15765429 6438434 876009 13513206561 824416 60706193877 60706193877 0 13346676 348773715 20.730719 2429 2429 19898368 14018701 12786 12701 0.512821 5 40960 26440 1 8192 5101 1 8192 7288 0 0 0
1709860502857108 6 0 5 1 6 69 63 0 63 0 0 0 0 1 1 0 100 100 99 0 0 0 843653 15815043 0 15765429 6473273 879623 13548230295 827321 60706193877 60706193877 0 13346676 348773715 20.730609 2429 2429 19898368 14018701 12786 12710 0.512821 6 49152 31448 1 8192 5101 1 8192 7288 0 0 0
1709860577585696 6 0 5 1 6 70 64 0 64 0 0 0 0 1 1 0 100 100 99 0 0 0 843670 15815210 0 15765429 6507433 884007 13622915942 831186 60706193877 60706193877 0 13346676 348773715 20.730380 2429 2429 19898368 14018701 12786 12718 0.512821 6 49152 32191 1 8192 5101 1 8192 7288 0 0 0
1709860617982686 7 0 6 1 7 71 64 0 64 0 0 0 0 1 1 0 100 100 99 0 0 0 843680 15815304 0 15765429 6552458 888194 13663260100 834418 60706193877 60706193877 0 13346676 348773715 20.730251 2429 2429 19898368 14018701 12786 12726 0.512821 7 57344 37450 1 8192 5101 1 8192 7288 0 0 0
1709860762907826 6 0 5 1 6 72 66 0 66 0 0 0 0 1 1 0 100 100 99 0 0 0 843713 15815604 0 15765429 6587496 895159 13808133392 843448 60706193877 60706193877 0 13346676 348773715 20.729836 2429 2429 19898368 14018701 12786 12735 0.512821 6 49152 29816 1 8192 5101 1 8192 5259 0 0 0
1709860857165097 5 0 4 1 5 73 68 0 68 0 0 0 0 1 1 0 100 100 99 0 0 0 843729 15815760 0 15765429 6632822 903211 13902330364 849807 60706193877 60706193877 0 13346676 348773715 20.729622 2429 2429 19898368 14018701 12786 12744 0.512821 5 40960 25565 1 8192 5101 1 8192 5259 0 0 0
1709860957242117 4 0 3 1 4 74 70 0 70 0 0 0 0 1 1 0 100 100 99 0 0 0 843750 15815923 0 15765429 6678380 907812 14002352812 853697 60706193877 60706193877 0 13346676 348773715 20.729393 2429 2429 19898368 14018701 12786 12749 0.512821 4 32768 20709 1 8192 5101 1 8192 5411 0 0 0
1709860992474040 6 0 5 1 6 76 70 0 70 0 0 0 0 1 1 0 100 100 99 0 0 0 843759 15816003 0 15765429 6733405 912134 14037522153 856638 60706193877 60706193877 0 13346676 348773715 20.729283 2429 2429 19898368 14018701 12786 12753 0.512821 6 49152 30449 1 8192 5101 1 8192 5475 0 0 0
1709861062441723 5 0 4 1 5 76 71 0 71 0 0 0 0 1 1 0 100 100 99 0 0 0 843775 15816142 0 15765429 6778024 916545 14107435823 861158 60706193877 60706193877 0 13346676 348773715 20.729090 2429 2429 19898368 14018701 12786 12757 0.512821 5 40960 25441 1 8192 5101 1 8192 5475 0 0 0
1709861102174993 7 0 6 1 7 78 71 0 71 0 0 0 0 1 1 0 100 100 99 0 0 0 843785 15816262 0 15765429 6915715 919413 14147025090 864220 60706193877 60706193877 0 13346676 348773715 20.728928 2429 2429 19898368 14018701 12786 12761 0.512821 7 57344 35220 1 8192 5101 1 8192 5475 0 0 0
1709861247032799 7 0 6 1 7 79 72 0 72 0 0 0 0 1 1 0 100 100 99 0 0 0 843820 15816628 0 15765429 7055975 927721 14291726073 871595 60706193877 60706193877 0 13346676 348773715 20.728429 2429 2429 19898368 14018701 12786 12767 0.512821 7 57344 34463 1 8192 5101 1 8192 5475 0 0 0
1709861348632858 5 0 4 1 5 80 75 0 75 0 0 0 0 1 1 0 100 100 99 0 0 0 843849 15816879 0 15765429 7090766 937207 14393274727 877996 60706193877 60706193877 0 13346676 348773715 20.728081 2429 2429 19898368 14018701 12786 12770 0.512821 5 40960 24320 1 8192 5101 1 8192 5259 0 0 0
1709861448076012 4 0 3 1 4 81 77 0 77 0 0 0 0 1 1 0 100 100 99 0 0 0 843873 15817115 0 15765429 7103282 940347 14492697954 881587 60706193877 60706193877 0 13346676 348773715 20.727757 2429 2429 19898368 14018701 12786 12772 0.512821 4 32768 18806 1 8192 5101 1 8192 5101 0 0 0
1709861453858669 5 0 4 1 5 82 77 0 77 0 0 0 0 1 1 0 100 100 99 0 0 0 843875 15817137 0 15765429 7147730 942528 14498433713 881685 60706193877 60706193877 0 13346676 348773715 20.727727 2429 2429 19898368 14018701 12786 12774 0.512821 5 40960 24217 1 8192 5101 1 8192 5411 0 0 0
1709861509908605 6 0 5 1 6 83 77 0 77 0 0 0 0 1 1 0 100 100 99 0 0 0 843890 15817290 0 15765429 7192389 943052 14554434707 884778 60706193877 60706193877 0 13346676 348773715 20.727518 2429 2429 19898368 14018701 12786 12775 0.512821 6 49152 29476 1 8192 5101 1 8192 5411 0 0 0
1709861569559994 6 0 5 1 6 84 78 0 78 0 0 0 0 1 1 0 100 100 99 0 0 0 843913 15817465 0 15765429 7330247 947434 14613940320 887842 60706193877 60706193877 0 13346676 348773715 20.727272 2429 2429 19898368 14018701 12786 12777 0.512821 6 49152 30184 1 8192 5101 1 8192 5411 0 0 0
1709861614875124 7 0 6 1 7 85 78 0 78 0 0 0 0 1 1 0 100 100 99 0 0 0 843927 15817600 0 15765429 7365945 950441 14659213169 890913 60706193877 60706193877 0 13346676 348773715 20.727087 2429 2429 19898368 14018701 12786 12779 0.512821 7 57344 35192 1 8192 5101 1 8192 5411 0 0 0
1709861734406057 7 0 6 1 7 86 79 0 79 0 0 0 0 1 1 0 100 100 99 0 0 0 843964 15817909 0 15765429 7411588 959156 14778679846 899962 60706193877 60706193877 0 13346676 348773715 20.726656 2429 2429 19898368 14018701 12786 12782 0.512821 7 57344 35595 1 8192 5101 1 8192 5411 0 0 0
1709861835372802 5 0 4 1 5 87 82 0 82 0 0 0 0 1 1 0 100 100 99 0 0 0 843989 15818175 0 15765429 7457624 968056 14879584158 906732 60706193877 60706193877 0 13346676 348773715 20.726294 2429 2429 19898368 14018701 12786 12785 0.512821 5 40960 26014 1 8192 5101 1 8192 5411 0 0 0
1709861980948900 4 0 3 1 4 88 84 0 84 0 0 0 0 1 1 0 100 100 99 0 0 0 844023 15818529 0 15765429 7503638 976449 15025096589 915081 60706193877 60706193877 0 13346676 348773715 20.725812 2429 2429 19898368 14018701 12786 12786 0.512821 4 32768 21125 1 8192 5101 1 8192 5411 0 0 0
1709861995745047 5 0 4 1 5 89 84 0 84 0 0 0 0 1 1 0 100 100 99 0 0 0 844026 15818573 0 15765429 7548270 978718 15039845309 915377 60706193877 60706193877 0 13346676 348773715 20.725753 2429 2429 19898368 14018701 12786 12786 0.512821 5 40960 26372 1 8192 5101 1 8192 5411 0 0 0
1709862060337626 5 0 4 1 5 90 85 0 85 0 0 0 0 1 1 0 100 100 99 0 0 0 844043 15818734 0 15765429 7583296 982720 15104395777 917966 60706193877 60706193877 0 13346676 348773715 20.725532 2429 2429 19898368 14018701 12786 12786 0.512821 5 40960 25969 1 8192 5101 1 8192 5354 0 0 0
1709862110130722 6 0 5 1 6 91 85 0 85 0 0 0 0 1 1 0 100 100 99 0 0 0 844056 15818868 0 15765429 7628222 983221 15154140473 920545 60706193877 60706193877 0 13346676 348773715 20.725349 2429 2429 19898368 14018701 12786 12786 0.512821 6 49152 31227 1 8192 5101 1 8192 5354 0 0 0
1709862155855560 6 0 5 1 6 92 86 0 86 0 0 0 0 1 1 0 100 100 99 0 0 0 844061 15818969 0 15765429 7765974 987049 15199720947 922928 60706193877 60706193877 0 13346676 348773715 20.725217 2429 2429 19898368 14018701 12786 12786 0.512821 6 49152 30657 1 8192 5101 1 8192 5259 0 0 0
1709862235394078 7 0 6 1 7 93 86 0 86 0 0 0 0 1 1 0 100 100 99 0 0 0 844088 15819137 0 15765429 7800057 993264 15279215183 926388 60706193877 60706193877 0 13346676 348773715 20.724975 2429 2429 19898368 14018701 12786 12786 0.512821 7 57344 35665 1 8192 5101 1 8192 5259 0 0 0
1709862330408654 5 0 4 1 5 93 88 0 88 0 0 0 0 1 1 0 100 100 99 0 0 0 844116 15819344 0 15765429 7938182 997609 15374079585 933492 60706193877 60706193877 0 13346676 348773715 20.724682 2429 2429 19898368 14018701 12786 12786 0.512821 5 40960 25159 1 8192 5101 1 8192 5258 0 0 0
1709862475765244 4 0 3 1 4 95 91 0 91 0 0 0 0 1 1 0 100 100 99 0 0 0 844154 15819753 0 15765429 7984975 1009245 15519369727 940362 60706193877 60706193877 0 13346676 348773715 20.724126 2429 2429 19898368 14018701 12786 12786 0.512821 4 32768 20611 1 8192 5101 1 8192 5362 0 0 0
1709862485049601 5 0 4 1 5 96 91 0 91 0 0 0 0 1 1 0 100 100 99 0 0 0 844159 15819786 0 15765429 8029405 1009388 15528608992 940607 60706193877 60706193877 0 13346676 348773715 20.724079 2429 2429 19898368 14018701 12786 12786 0.512821 5 40960 26022 1 8192 5101 1 8192 5411 0 0 0
1709862550497618 5 0 4 1 5 97 92 0 92 0 0 0 0 1 1 0 100 100 99 0 0 0 844178 15819945 0 15765429 8074462 1013443 15594004641 943352 60706193877 60706193877 0 13346676 348773715 20.723858 2429 2429 19898368 14018701 12786 12786 0.512821 5 40960 26272 1 8192 5101 1 8192 5411 0 0 0
1709862610517488 6 0 5 1 6 98 92 0 92 0 0 0 0 1 1 0 100 100 99 0 0 0 844195 15820085 0 15765429 8119473 1017932 15653970545 947382 60706193877 60706193877 0 13346676 348773715 20.723663 2429 2429 19898368 14018701 12786 12786 0.512821 6 49152 31626 1 8192 5101 1 8192 5411 0 0 0
1709862690856497 5 0 4 1 5 98 93 0 93 0 0 0 0 1 1 0 100 100 99 0 0 0 844217 15820274 0 15765429 8257307 1022545 15734162614 951377 60706193877 60706193877 0 13346676 348773715 20.723400 2429 2429 19898368 14018701 12786 12786 0.512821 5 40960 26486 1 8192 5101 1 8192 5411 0 0 0
1709862735422526 7 0 6 1 7 100 93 0 93 0 0 0 0 1 1 0 100 100 99 0 0 0 844227 15820410 0 15765429 8396661 1025870 15778583328 953638 60706193877 60706193877 0 13346676 348773715 20.723219 2429 2429 19898368 14018701 12786 12786 0.512821 7 57344 35485 1 8192 5101 1 8192 5411 0 0 0
1709862875382256 5 0 4 1 5 101 96 0 96 0 0 0 0 1 1 0 100 100 99 0 0 0 844259 15820737 0 15765429 8442579 1032744 15918482217 960868 60706193877 60706193877 0 13346676 348773715 20.722772 2429 2429 19898368 14018701 12786 12786 0.512821 5 40960 24701 1 8192 5101 1 8192 5354 0 0 0
1709862995248548 4 0 3 1 4 102 98 0 98 0 0 0 0 1 1 0 100 100 99 0 0 0 844290 15820946 0 15765429 8476887 1040281 16038297865 969097 60706193877 60706193877 0 13346676 348773715 20.722474 2429 2429 19898368 14018701 12786 12786 0.512821 4 32768 19842 1 8192 5101 1 8192 5247 0 0 0
1709863025001422 5 0 4 1 4 103 98 0 98 0 0 0 0 1 1 0 100 100 99 0 0 0 844296 15821007 0 15765429 8520381 1043494 16068001717 971107 60706193877 60706193877 0 13346676 348773715 20.722390 2429 2429 19898368 14018701 12786 12786 0.512821 4 32768 19842 1 8192 5101 1 8192 5247 0 0 0
1709863055888341 5 0 4 1 5 104 99 0 99 0 0 0 0 1 1 0 100 100 99 0 0 0 844302 15821085 0 15765429 8565005 1043850 16098842695 971765 60706193877 60706193877 0 13346676 348773715 20.722286 2429 2429 19898368 14018701 12786 12786 0.512821 5 40960 25718 1 8192 5101 1 8192 5354 0 0 0
1709863135270371 6 0 5 1 6 105 99 0 99 0 0 0 0 1 1 0 100 100 99 0 0 0 844319 15821253 0 15765429 8703068 1051137 16178073662 976922 60706193877 60706193877 0 13346676 348773715 20.722056 2429 2429 19898368 14018701 12786 12786 0.512821 6 49152 30151 1 8192 5101 1 8192 5354 0 0 0
1709863180856001 6 0 5 1 6 106 100 0 100 0 0 0 0 1 1 0 100 100 99 0 0 0 844323 15821341 0 15765429 8840820 1051523 16223519764 977942 60706193877 60706193877 0 13346676 348773715 20.721942 2429 2429 19898368 14018701 12786 12786 0.512821 6 49152 29390 1 8192 5101 1 8192 5354 0 0 0
1709863210361356 7 0 6 1 7 107 100 0 100 0 0 0 0 1 1 0 100 100 99 0 0 0 844324 15821395 0 15765429 8885129 1054813 16252973255 981891 60706193877 60706193877 0 13346676 348773715 20.721873 2429 2429 19898368 14018701 12786 12786 0.512821 7 57344 34579 1 8192 5101 1 8192 5354 0 0 0
1709863380667669 5 0 4 1 5 108 103 0 103 0 0 0 0 1 1 0 100 100 99 0 0 0 844364 15821775 0 15765429 8949351 1066884 16423193184 991057 60706193877 60706193877 0 13346676 348773715 20.721351 2429 2429 19898368 14018701 12786 12786 0.512821 5 40960 572653 1 8192 5101 1 8192 553444 0 0 0
1709863495669154 4 0 3 1 4 109 105 0 105 0 0 0 0 1 1 0 100 100 99 0 0 0 844395 15822036 0 15765429 8994712 1074987 16538135702 995885 60706193877 60706193877 0 13346676 348773715 20.720988 2429 2429 19898368 14018701 12786 12786 0.512821 4 32768 569145 1 8192 5101 1 8192 553444 0 0 0
1709863546914842 5 0 4 1 5 111 106 0 106 0 0 0 0 1 1 0 100 100 99 0 0 0 844404 15822174 0 15765429 9177046 1075569 16589193135 1000743 60706193877 60706193877 0 13346676 348773715 20.720805 2429 2429 19898368 14018701 12786 12786 0.512821 5 40960 574102 1 8192 5101 1 8192 553444 0 0 0
1709863646867447 6 0 5 1 6 112 106 0 106 0 0 0 0 1 1 0 100 100 99 0 0 0 844429 15822418 0 15765429 9221926 1083293 16689085665 1007550 60706193877 60706193877 0 13346676 348773715 20.720471 2429 2429 19898368 14018701 12786 12786 0.512821 6 49152 579467 1 8192 5101 1 8192 553444 0 0 0
1709863671507114 7 0 6 1 7 113 106 0 106 0 0 0 0 1 1 0 100 100 99 0 0 0 844436 15822478 0 15765429 9266416 1087310 16713675989 1008104 60706193877 60706193877 0 13346676 348773715 20.720387 2429 2429 19898368 14018701 12786 12786 0.512821 7 57344 584726 1 8192 5101 1 8192 553444 0 0 0
1709863756041107 7 0 6 1 7 114 107 0 107 0 0 0 0 1 1 0 100 100 99 0 0 0 844456 15822688 0 15765429 9311577 1091022 16798154333 1014265 60706193877 60706193877 0 13346676 348773715 20.720102 2429 2429 19898368 14018701 12786 12786 0.512821 7 57344 36529 1 8192 5101 1 8192 5411 0 0 0
1709863901199056 5 0 4 1 5 115 110 0 110 0 0 0 0 1 1 0 100 100 99 0 0 0 844497 15823046 0 15765429 9450657 1098736 16943155606 1023220 60706193877 60706193877 0 13346676 348773715 20.719606 2429 2429 19898368 14018701 12786 12786 0.512821 5 40960 25405 1 8192 5101 1 8192 5365 0 0 0
1709863991864095 4 0 3 1 4 116 112 0 112 0 0 0 0 1 1 0 100 100 99 0 0 0 844520 15823252 0 15765429 9588519 1104600 17033673294 1026290 60706193877 60706193877 0 13346676 348773715 20.719321 2429 2429 19898368 14018701 12786 12786 0.512821 4 32768 19565 1 8192 5101 1 8192 5247 0 0 0
1709864041237224 5 0 4 1 5 117 112 0 112 0 0 0 0 1 1 0 100 100 99 0 0 0 844533 15823368 0 15765429 9633127 1107551 17082995986 1028789 60706193877 60706193877 0 13346676 348773715 20.719161 2429 2429 19898368 14018701 12786 12786 0.512821 5 40960 24826 1 8192 5101 1 8192 5261 0 0 0
1709864051168378 6 0 5 1 6 118 112 0 112 0 0 0 0 1 1 0 100 100 99 0 0 0 844533 15823397 0 15765429 9649006 1107675 17092910754 1028984 60706193877 60706193877 0 13346676 348773715 20.719124 2429 2429 19898368 14018701 12786 12786 0.512821 6 49152 30796 1 8192 5101 1 8192 5970 0 0 0
1709864132654148 6 0 5 1 6 119 113 0 113 0 0 0 0 1 1 0 100 100 99 0 0 0 844551 15823585 0 15765429 9787448 1110285 17174248456 1035459 60706193877 60706193877 0 13346676 348773715 20.718868 2429 2429 19898368 14018701 12786 12786 0.512821 6 49152 30062 1 8192 5101 1 8192 5970 0 0 0
1709864192990047 7 0 6 1 7 120 113 0 113 0 0 0 0 1 1 0 100 100 99 0 0 0 844572 15823743 0 15765429 9832296 1113716 17234532777 1038284 60706193877 60706193877 0 13346676 348773715 20.718646 2429 2429 19898368 14018701 12786 12786 0.512821 7 57344 35473 1 8192 5101 1 8192 5970 0 0 0
1709864267390631 7 0 6 1 7 121 114 0 114 0 0 0 0 1 1 0 100 100 99 0 0 0 844585 15823927 0 15765429 9970998 1117033 17308788042 1041064 60706193877 60706193877 0 13346676 348773715 20.718401 2429 2429 19898368 14018701 12786 12786 0.512821 7 57344 35526 1 8192 5101 1 8192 5970 0 0 0
1709864282324024 8 0 7 1 8 122 114 0 114 0 0 0 0 1 1 0 100 100 99 0 0 0 844590 15823972 0 15765429 10124563 1120120 17323564020 1041389 60706193877 60706193877 0 13346676 348773715 20.718339 2429 2429 19898368 14018701 12786 12786 0.512821 8 65536 39739 1 8192 5101 1 8192 5970 0 0 0
1709864482602174 4 0 3 1 4 122 118 0 118 0 0 0 0 1 1 0 100 100 99 0 0 0 844628 15824407 0 15765429 10171073 1130271 17523774055 1051861 60706193877 60706193877 0 13346676 348773715 20.717751 2429 2429 19898368 14018701 12786 12786 0.512821 4 32768 19211 1 8192 5101 1 8192 5411 0 0 0
1709864572005275 4 0 3 1 4 124 120 0 120 0 0 0 0 1 1 0 100 100 99 0 0 0 844648 15824616 0 15765429 10216284 1136326 17613120277 1056874 60706193877 60706193877 0 13346676 348773715 20.717466 2429 2429 19898368 14018701 12786 12786 0.512821 4 32768 19986 1 8192 5101 1 8192 5411 0 0 0
1709864577087064 5 0 4 1 5 125 120 0 120 0 0 0 0 1 1 0 100 100 99 0 0 0 844651 15824632 0 15765429 10353426 1136413 17618064641 1056963 60706193877 60706193877 0 13346676 348773715 20.717443 2429 2429 19898368 14018701 12786 12786 0.512821 5 40960 24499 1 8192 5101 1 8192 5411 0 0 0
1709864622069108 5 0 4 1 5 126 121 0 121 0 0 0 0 1 1 0 100 100 99 0 0 0 844662 15824750 0 15765429 10398226 1136872 17662998591 1059439 60706193877 60706193877 0 13346676 348773715 20.717282 2429 2429 19898368 14018701 12786 12786 0.512821 5 40960 25648 1 8192 5101 1 8192 5411 0 0 0
1709864712829297 6 0 5 1 6 127 121 0 121 0 0 0 0 1 1 0 100 100 99 0 0 0 844681 15824964 0 15765429 10442945 1143015 17753703002 1063738 60706193877 60706193877 0 13346676 348773715 20.716993 2429 2429 19898368 14018701 12786 12786 0.512821 6 49152 31013 1 8192 5101 1 8192 5411 0 0 0
1709864772096759 7 0 6 1 7 128 121 0 121 0 0 0 0 1 1 0 100 100 99 0 0 0 844695 15825108 0 15765429 10459346 1145940 17812945692 1068673 60706193877 60706193877 0 13346676 348773715 20.716796 2429 2429 19898368 14018701 12786 12786 0.512821 7 57344 36983 1 8192 5101 1 8192 5970 0 0 0
1709864807692577 7 0 6 1 7 129 122 0 122 0 0 0 0 1 1 0 100 100 99 0 0 0 844703 15825197 0 15765429 10503863 1146285 17848493898 1071068 60706193877 60706193877 0 13346676 348773715 20.716676 2429 2429 19898368 14018701 12786 12786 0.512821 7 57344 36969 1 8192 5101 1 8192 5970 0 0 0
1709864992987985 5 0 4 1 5 130 125 0 125 0 0 0 0 1 1 0 100 100 99 0 0 0 844736 15825616 0 15765429 10527492 1158895 18033742847 1080314 60706193877 60706193877 0 13346676 348773715 20.716114 2429 2429 19898368 14018701 12786 12786 0.512821 5 40960 27096 1 8192 5101 1 8192 5970 0 0 0
1709865077240114 4 0 3 1 4 131 127 0 127 0 0 0 0 1 1 0 100 100 99 0 0 0 844752 15825817 0 15765429 10572874 1162416 18117940288 1085557 60706193877 60706193877 0 13346676 348773715 20.715845 2429 2429 19898368 14018701 12786 12786 0.512821 4 32768 21123 1 8192 5101 1 8192 5413 0 0 0
1709865102040995 5 0 4 1 5 132 127 0 127 0 0 0 0 1 1 0 100 100 99 0 0 0 844759 15825886 0 15765429 10633235 1162701 18142679770 1086052 60706193877 60706193877 0 13346676 348773715 20.715750 2429 2429 19898368 14018701 12786 12786 0.512821 5 40960 574567 1 8192 5101 1 8192 553444 0 0 0
1709865127484354 5 0 4 1 5 133 128 0 128 0 0 0 0 1 1 0 100 100 99 0 0 0 844763 15825956 0 15765429 10649477 1165668 18168100818 1088849 60706193877 60706193877 0 13346676 348773715 20.715658 2429 2429 19898368 14018701 12786 12786 0.512821 5 40960 575290 1 8192 5101 1 8192 553444 0 0 0
1709865227595637 6 0 5 1 6 134 128 0 128 0 0 0 0 1 1 0 100 100 99 0 0 0 844784 15826177 0 15765429 10694184 1169462 18268159503 1092370 60706193877 60706193877 0 13346676 348773715 20.715357 2429 2429 19898368 14018701 12786 12786 0.512821 6 49152 580479 1 8192 5101 1 8192 553444 0 0 0
1709865257869884 7 0 6 1 7 135 128 0 128 0 0 0 0 1 1 0 100 100 99 0 0 0 844790 15826261 0 15765429 10705906 1172175 18298416270 1094965 60706193877 60706193877 0 13346676 348773715 20.715246 2429 2429 19898368 14018701 12786 12786 0.512821 7 57344 585676 1 8192 5101 1 8192 553444 0 0 0
1709865307177186 7 0 6 1 7 136 129 0 129 0 0 0 0 1 1 0 100 100 99 0 0 0 844799 15826386 0 15765429 10843801 1176267 18347578390 1097745 60706193877 60706193877 0 13346676 348773715 20.715079 2429 2429 19898368 14018701 12786 12786 0.512821 7 57344 585403 1 8192 5101 1 8192 553444 0 0 0
1709865507109261 5 0 4 1 5 137 132 0 132 0 0 0 0 1 1 0 100 100 99 0 0 0 844841 15826854 0 15765429 10993352 1189129 18547337887 1106797 60706193877 60706193877 0 13346676 348773715 20.714445 2429 2429 19898368 14018701 12786 12786 0.512821 5 40960 28485 1 8192 5101 1 8192 7858 0 0 0
1709865582626959 4 0 3 1 4 138 134 0 134 0 0 0 0 1 1 0 100 100 99 0 0 0 844855 15827033 0 15765429 11038349 1193417 18622802709 1109891 60706193877 60706193877 0 13346676 348773715 20.714206 2429 2429 19898368 14018701 12786 12786 0.512821 4 32768 23510 1 8192 5101 1 8192 7858 0 0 0
1709865643001031 4 0 3 1 4 139 135 0 135 0 0 0 0 1 1 0 100 100 99 0 0 0 844869 15827186 0 15765429 11177325 1196842 18683030889 1112940 60706193877 60706193877 0 13346676 348773715 20.713998 2429 2429 19898368 14018701 12786 12786 0.512821 4 32768 22803 1 8192 5101 1 8192 7858 0 0 0
1709865653335459 5 0 4 1 5 140 135 0 135 0 0 0 0 1 1 0 100 100 99 0 0 0 844871 15827213 0 15765429 11314546 1199823 18693224665 1113150 60706193877 60706193877 0 13346676 348773715 20.713962 2429 2429 19898368 14018701 12786 12786 0.512821 5 40960 27316 1 8192 5101 1 8192 7858 0 0 0
1709865738030132 6 0 5 1 6 141 135 0 135 0 0 0 0 1 1 0 100 100 99 0 0 0 844887 15827399 0 15765429 11336532 1203280 18777885289 1121272 60706193877 60706193877 0 13346676 348773715 20.713711 2429 2429 19898368 14018701 12786 12786 0.512821 6 49152 32729 1 8192 5101 1 8192 7858 0 0 0
1709865758750784 7 0 6 1 7 142 135 0 135 0 0 0 0 1 1 0 100 100 99 0 0 0 844889 15827443 0 15765429 11475099 1203466 18798466685 1121566 60706193877 60706193877 0 13346676 348773715 20.713654 2429 2429 19898368 14018701 12786 12786 0.512821 7 57344 37869 1 8192 5101 1 8192 7858 0 0 0
1709865838430059 7 0 6 1 7 143 136 0 136 0 0 0 0 1 1 0 100 100 99 0 0 0 844894 15827578 0 15765429 11510605 1208690 18878102161 1124242 60706193877 60706193877 0 13346676 348773715 20.713480 2429 2429 19898368 14018701 12786 12786 0.512821 7 57344 35335 1 8192 5101 1 8192 5413 0 0 0
1709865868763305 8 0 7 1 8 144 136 0 136 0 0 0 0 1 1 0 100 100 99 0 0 0 844898 15827631 0 15765429 11669134 1208914 18908274520 1126143 60706193877 60706193877 0 13346676 348773715 20.713409 2429 2429 19898368 14018701 12786 12786 0.512821 8 65536 39548 1 8192 5101 1 8192 5413 0 0 0
1709866073145434 4 0 3 1 4 145 141 0 141 0 0 0 0 1 1 0 100 100 99 0 0 0 844926 15827969 0 15765429 11715122 1219508 19112590485 1134923 60706193877 60706193877 0 13346676 348773715 20.712955 2429 2429 19898368 14018701 12786 12786 0.512821 4 32768 20000 1 8192 5101 1 8192 5362 0 0 0
1709866133001405 5 0 4 1 4 146 141 0 141 0 0 0 0 1 1 0 100 100 99 0 0 0 844935 15828070 0 15765429 11731175 1222198 19172425006 1137346 60706193877 60706193877 0 13346676 348773715 20.712818 2429 2429 19898368 14018701 12786 12786 0.512821 4 32768 20000 1 8192 5101 1 8192 5362 0 0 0
1709866138237791 5 0 4 1 5 147 142 0 142 0 0 0 0 1 1 0 100 100 99 0 0 0 844937 15828089 0 15765429 11775748 1222286 19177616494 1137419 60706193877 60706193877 0 13346676 348773715 20.712792 2429 2429 19898368 14018701 12786 12786 0.512821 5 40960 26008 1 8192 5101 1 8192 5970 0 0 0
1709866238440786 6 0 5 1 6 149 143 0 143 0 0 0 0 1 1 0 100 100 99 0 0 0 844949 15828266 0 15765429 12031632 1225243 19277555709 1141952 60706193877 60706193877 0 13346676 348773715 20.712557 2429 2429 19898368 14018701 12786 12786 0.512821 6 49152 32436 1 8192 5101 1 8192 5970 0 0 0
1709866288901005 7 0 6 1 7 150 143 0 143 0 0 0 0 1 1 0 100 100 99 0 0 0 844957 15828355 0 15765429 12067158 1229411 19327972136 1145726 60706193877 60706193877 0 13346676 348773715 20.712437 2429 2429 19898368 14018701 12786 12786 0.512821 7 57344 37760 1 8192 5101 1 8192 5970 0 0 0
1709866378101066 7 0 6 1 7 151 144 0 144 0 0 0 0 1 1 0 100 100 99 0 0 0 844976 15828558 0 15765429 12079608 1235697 19417149383 1149275 60706193877 60706193877 0 13346676 348773715 20.712161 2429 2429 19898368 14018701 12786 12786 0.512821 7 57344 37595 1 8192 5101 1 8192 5970 0 0 0
1709866553386446 3 0 2 1 3 151 148 0 148 0 0 0 0 1 1 0 100 100 99 0 0 0 845008 15828937 0 15765429 12219341 1245482 19592274901 1158731 60706193877 60706193877 0 13346676 348773715 20.711650 2429 2429 19898368 14018701 12786 12786 0.512821 3 24576 15622 1 8192 5101 1 8192 5324 0 0 0
1709866658689744 5 0 4 1 5 154 149 0 149 0 0 0 0 1 1 0 100 100 99 0 0 0 845029 15829199 0 15765429 12442986 1249598 19697342307 1166194 60706193877 60706193877 0 13346676 348773715 20.711299 2429 2429 19898368 14018701 12786 12786 0.512821 5 40960 25691 1 8192 5101 1 8192 5375 0 0 0
1709866738456015 6 0 5 1 6 156 150 0 150 0 0 0 0 1 1 0 100 100 99 0 0 0 845049 15829389 0 15765429 12522210 1256170 19777018970 1169433 60706193877 60706193877 0 13346676 348773715 20.711038 2429 2429 19898368 14018701 12786 12786 0.512821 6 49152 31217 1 8192 5101 1 8192 5399 0 0 0
1709866948868635 6 0 5 1 6 158 152 0 152 0 0 0 0 1 1 0 100 100 99 0 0 0 845111 15829908 0 15765429 12602423 1266266 19987327576 1181948 60706193877 60706193877 0 13346676 348773715 20.710316 2429 2429 19898368 14018701 12786 12786 0.512821 6 49152 31075 1 8192 5101 1 8192 5399 0 0 0
1709866973065011 4 0 3 1 4 158 154 0 154 0 0 0 0 1 1 0 100 100 99 0 0 0 845113 15829960 0 15765429 12614976 1269346 20011507555 1182508 60706193877 60706193877 0 13346676 348773715 20.710249 2429 2429 19898368 14018701 12786 12786 0.512821 4 32768 20798 1 8192 5101 1 8192 5365 0 0 0
1709867053074088 4 0 3 1 4 160 156 0 156 0 0 0 0 1 1 0 100 100 99 0 0 0 845128 15830153 0 15765429 12753092 1272607 20091371291 1185947 60706193877 60706193877 0 13346676 348773715 20.709991 2429 2429 19898368 14018701 12786 12786 0.512821 4 32768 19500 1 8192 5101 1 8192 5101 0 0 0
1709867113824634 5 0 4 1 5 161 156 0 156 0 0 0 0 1 1 0 100 100 99 0 0 0 845136 15830256 0 15765429 13015312 1275408 20151854129 1188292 60706193877 60706193877 0 13346676 348773715 20.709853 2429 2429 19898368 14018701 12786 12786 0.512821 5 40960 23713 1 8192 5101 1 8192 5101 0 0 0
1709867138482985 6 0 5 1 6 162 156 0 156 0 0 0 0 1 1 0 100 100 99 0 0 0 845139 15830302 0 15765429 13216508 1275590 20176308873 1190300 60706193877 60706193877 0 13346676 348773715 20.709792 2429 2429 19898368 14018701 12786 12786 0.512821 6 49152 28239 1 8192 5101 1 8192 5101 0 0 0
1709867158586577 7 0 6 1 7 163 156 0 156 0 0 0 0 1 1 0 100 100 99 0 0 0 845145 15830336 0 15765429 13260797 1278061 20196365193 1190612 60706193877 60706193877 0 13346676 348773715 20.709742 2429 2429 19898368 14018701 12786 12786 0.512821 7 57344 33601 1 8192 5101 1 8192 5362 0 0 0
1709867183917138 8 0 7 1 8 164 156 0 156 0 0 0 0 1 1 0 100 100 99 0 0 0 845150 15830390 0 15765429 13294047 1278284 20221661651 1191009 60706193877 60706193877 0 13346676 348773715 20.709669 2429 2429 19898368 14018701 12786 12786 0.512821 8 65536 38925 1 8192 5101 1 8192 5362 0 0 0
1709867443529819 4 0 3 1 4 165 161 0 161 0 0 0 0 1 1 0 100 100 99 0 0 0 845208 15831012 0 15765429 13341316 1291569 20481197430 1205997 60706193877 60706193877 0 13346676 348773715 20.708825 2429 2429 19898368 14018701 12786 12786 0.512821 4 32768 21186 1 8192 5101 1 8192 5399 0 0 0
1709867498564208 3 0 2 1 3 166 163 0 163 0 0 0 0 1 1 0 100 100 99 0 0 0 845220 15831140 0 15765429 13490606 1294899 20536074408 1210345 60706193877 60706193877 0 13346676 348773715 20.708651 2429 2429 19898368 14018701 12786 12786 0.512821 3 24576 15013 1 8192 5101 1 8192 5399 0 0 0
1709867583166092 4 0 3 1 4 167 163 0 163 0 0 0 0 1 1 0 100 100 99 0 0 0 845239 15831350 0 15765429 13638716 1300488 20620518754 1213609 60706193877 60706193877 0 13346676 348773715 20.708366 2429 2429 19898368 14018701 12786 12786 0.512821 4 32768 21633 1 8192 5101 1 8192 6620 0 0 0
1709867628380657 5 0 4 1 5 168 163 0 163 0 0 0 0 1 1 0 100 100 99 0 0 0 845248 15831467 0 15765429 13673671 1300921 20665695055 1216116 60706193877 60706193877 0 13346676 348773715 20.708210 2429 2429 19898368 14018701 12786 12786 0.512821 5 40960 26957 1 8192 5101 1 8192 6620 0 0 0
1709867643064963 6 0 5 1 6 169 163 0 163 0 0 0 0 1 1 0 100 100 99 0 0 0 845255 15831513 0 15765429 13727938 1303771 20680321653 1216443 60706193877 60706193877 0 13346676 348773715 20.708144 2429 2429 19898368 14018701 12786 12786 0.512821 6 49152 32223 1 8192 5101 1 8192 6620 0 0 0
1709867653118253 6 0 5 1 6 169 163 0 163 0 0 0 0 1 1 0 100 100 99 0 0 0 845255 15831535 0 15765429 13772593 1303860 20690329790 1216647 60706193877 60706193877 0 13346676 348773715 20.708117 2429 2429 19898368 14018701 12786 12786 0.512821 6 49152 32223 1 8192 5101 1 8192 6620 0 0 0
1709867713275973 8 0 7 1 8 171 163 0 163 0 0 0 0 1 1 0 100 100 99 0 0 0 845275 15831685 0 15765429 13817906 1306812 20750435938 1219388 60706193877 60706193877 0 13346676 348773715 20.707906 2429 2429 19898368 14018701 12786 12786 0.512821 8 65536 42751 1 8192 5101 1 8192 6620 0 0 0
1709867903488653 6 0 5 1 6 172 166 0 166 0 0 0 0 1 1 0 100 100 99 0 0 0 845321 15832134 0 15765429 13840523 1316350 20940605645 1229223 60706193877 60706193877 0 13346676 348773715 20.707291 2429 2429 19898368 14018701 12786 12786 0.512821 6 49152 31097 1 8192 5101 1 8192 5324 0 0 0
1709867943999105 6 0 5 1 6 173 167 0 167 0 0 0 0 1 1 0 100 100 99 0 0 0 845329 15832240 0 15765429 13978228 1319044 20980973131 1231436 60706193877 60706193877 0 13346676 348773715 20.707150 2429 2429 19898368 14018701 12786 12786 0.512821 6 49152 30286 1 8192 5101 1 8192 5267 0 0 0
1709868079459694 4 0 3 1 4 174 170 0 170 0 0 0 0 1 1 0 100 100 99 0 0 0 845359 15832552 0 15765429 14132848 1325804 21116265830 1237212 60706193877 60706193877 0 13346676 348773715 20.706725 2429 2429 19898368 14018701 12786 12786 0.512821 4 32768 18705 1 8192 5101 1 8192 5101 0 0 0
1709868089132933 5 0 4 1 5 175 170 0 170 0 0 0 0 1 1 0 100 100 99 0 0 0 845363 15832583 0 15765429 14166181 1325970 21125905111 1237435 60706193877 60706193877 0 13346676 348773715 20.706682 2429 2429 19898368 14018701 12786 12786 0.512821 5 40960 24029 1 8192 5101 1 8192 5324 0 0 0
1709868104680456 6 0 5 1 6 176 170 0 170 0 0 0 0 1 1 0 100 100 99 0 0 0 845369 15832636 0 15765429 14210428 1326168 21141407646 1237754 60706193877 60706193877 0 13346676 348773715 20.706608 2429 2429 19898368 14018701 12786 12786 0.512821 6 49152 29296 1 8192 5101 1 8192 5324 0 0 0
1709868144247649 7 0 6 1 7 177 170 0 170 0 0 0 0 1 1 0 100 100 99 0 0 0 845377 15832738 0 15765429 14225516 1331310 21180951539 1240448 60706193877 60706193877 0 13346676 348773715 20.706472 2429 2429 19898368 14018701 12786 12786 0.512821 7 57344 33630 1 8192 5101 1 8192 5324 0 0 0
1709868339691451 5 0 4 1 5 177 172 0 172 0 0 0 0 1 1 0 100 100 99 0 0 0 845417 15833187 0 15765429 14271252 1341864 21376330043 1248409 60706193877 60706193877 0 13346676 348773715 20.705865 2429 2429 19898368 14018701 12786 12786 0.512821 5 40960 24239 1 8192 5101 1 8192 5324 0 0 0
1709868389142122 6 0 5 1 6 179 173 0 173 0 0 0 0 1 1 0 100 100 99 0 0 0 845428 15833314 0 15765429 14305019 1345139 21425740449 1251249 60706193877 60706193877 0 13346676 348773715 20.705693 2429 2429 19898368 14018701 12786 12786 0.512821 6 49152 30451 1 8192 5101 1 8192 5324 0 0 0
1709868434781722 5 0 4 1 5 180 175 0 175 0 0 0 0 1 1 0 100 100 99 0 0 0 845436 15833431 0 15765429 14360648 1348284 21471316962 1255150 60706193877 60706193877 0 13346676 348773715 20.705538 2429 2429 19898368 14018701 12786 12786 0.512821 5 40960 25183 1 8192 5101 1 8192 5324 0 0 0
1709868589073102 5 0 4 1 5 181 176 0 176 0 0 0 0 1 1 0 100 100 99 0 0 0 845473 15833790 0 15765429 14499348 1354939 21625455963 1261341 60706193877 60706193877 0 13346676 348773715 20.705047 2429 2429 19898368 14018701 12786 12786 0.512821 5 40960 25989 1 8192 5101 1 8192 5324 0 0 0
1709868619436110 6 0 5 1 6 182 176 0 176 0 0 0 0 1 1 0 100 100 99 0 0 0 845478 15833870 0 15765429 14515808 1358059 21655796838 1263548 60706193877 60706193877 0 13346676 348773715 20.704941 2429 2429 19898368 14018701 12786 12786 0.512821 6 49152 31497 1 8192 5101 1 8192 5508 0 0 0
1709868659418129 7 0 6 1 7 184 177 0 177 0 0 0 0 1 1 0 100 100 99 0 0 0 845496 15833994 0 15765429 14812130 1361120 21695478047 1264493 60706193877 60706193877 0 13346676 348773715 20.704765 2429 2429 19898368 14018701 12786 12786 0.512821 7 57344 40832 1 8192 5101 1 8192 7816 0 0 0
1709868714091096 7 0 6 1 7 185 178 0 178 0 0 0 0 1 1 0 100 100 99 0 0 0 845510 15834130 0 15765429 14966610 1364386 21749989265 1268049 60706193877 60706193877 0 13346676 348773715 20.704579 2429 2429 19898368 14018701 12786 12786 0.512821 7 57344 39721 1 8192 5101 1 8192 7816 0 0 0
1709868859348833 7 0 6 1 7 186 179 0 179 0 0 0 0 1 1 0 100 100 99 0 0 0 845548 15834477 0 15765429 15001032 1371089 21895194649 1278406 60706193877 60706193877 0 13346676 348773715 20.704101 2429 2429 19898368 14018701 12786 12786 0.512821 7 57344 39276 1 8192 5101 1 8192 7816 0 0 0
1709868874727418 8 0 7 1 8 187 179 0 179 0 0 0 0 1 1 0 100 100 99 0 0 0 845551 15834524 0 15765429 15045174 1371291 21910528351 1278717 60706193877 60706193877 0 13346676 348773715 20.704039 2429 2429 19898368 14018701 12786 12786 0.512821 8 65536 44543 1 8192 5101 1 8192 7816 0 0 0
1709869039493766 4 0 3 1 4 188 184 0 184 0 0 0 0 1 1 0 100 100 99 0 0 0 845598 15834925 0 15765429 15200605 1381124 22075121385 1285843 60706193877 60706193877 0 13346676 348773715 20.703483 2429 2429 19898368 14018701 12786 12786 0.512821 4 32768 19459 1 8192 5101 1 8192 5267 0 0 0
1709869084627797 5 0 4 1 5 189 184 0 184 0 0 0 0 1 1 0 100 100 99 0 0 0 845609 15835020 0 15765429 15213772 1383828 22120234610 1290454 60706193877 60706193877 0 13346676 348773715 20.703351 2429 2429 19898368 14018701 12786 12786 0.512821 5 40960 25592 1 8192 5101 1 8192 6133 0 0 0
1709869124042100 5 0 4 1 5 189 184 0 184 0 0 0 0 1 1 0 100 100 99 0 0 0 845613 15835097 0 15765429 15361792 1384114 22159498276 1292506 60706193877 60706193877 0 13346676 348773715 20.703250 2429 2429 19898368 14018701 12786 12786 0.512821 5 40960 25592 1 8192 5101 1 8192 6133 0 0 0
1709869179916902 5 0 4 1 5 191 186 0 186 0 0 0 0 1 1 0 100 100 99 0 0 0 845625 15835211 0 15765429 15406861 1386860 22215322718 1294704 60706193877 60706193877 0 13346676 348773715 20.703094 2429 2429 19898368 14018701 12786 12786 0.512821 5 40960 28625 1 8192 5101 1 8192 7816 0 0 0
1709869204323352 5 0 4 1 5 191 186 0 186 0 0 0 0 1 1 0 100 100 99 0 0 0 845629 15835260 0 15765429 15413906 1389374 22239719028 1295072 60706193877 60706193877 0 13346676 348773715 20.703028 2429 2429 19898368 14018701 12786 12786 0.512821 5 40960 28625 1 8192 5101 1 8192 7816 0 0 0
1709869374515357 6 0 5 1 6 193 187 0 187 0 0 0 0 1 1 0 100 100 99 0 0 0 845659 15835582 0 15765429 15557429 1398110 22409748898 1304085 60706193877 60706193877 0 13346676 348773715 20.702591 2429 2429 19898368 14018701 12786 12786 0.512821 6 49152 33886 1 8192 5101 1 8192 7816 0 0 0
1709869424364779 6 0 5 1 6 194 188 0 188 0 0 0 0 1 1 0 100 100 99 0 0 0 845664 15835686 0 15765429 15705397 1398540 22459447556 1306103 60706193877 60706193877 0 13346676 348773715 20.702456 2429 2429 19898368 14018701 12786 12786 0.512821 6 49152 34373 1 8192 5101 1 8192 7816 0 0 0
1709869484946012 5 0 4 1 5 195 190 0 190 0 0 0 0 1 1 0 100 100 99 0 0 0 845674 15835812 0 15765429 15706744 1402436 22520020901 1308384 60706193877 60706193877 0 13346676 348773715 20.702287 2429 2429 19898368 14018701 12786 12786 0.512821 5 40960 26073 1 8192 5101 1 8192 6620 0 0 0
1709869544453111 5 0 4 1 5 196 191 0 191 0 0 0 0 1 1 0 100 100 99 0 0 0 845689 15835933 0 15765429 15720224 1404976 22579509464 1310557 60706193877 60706193877 0 13346676 348773715 20.702119 2429 2429 19898368 14018701 12786 12786 0.512821 5 40960 27872 1 8192 5101 1 8192 6620 0 0 0
1709869634325018 6 0 5 1 6 197 191 0 191 0 0 0 0 1 1 0 100 100 99 0 0 0 845711 15836132 0 15765429 15753970 1411339 22669338158 1313102 60706193877 60706193877 0 13346676 348773715 20.701844 2429 2429 19898368 14018701 12786 12786 0.512821 6 49152 33196 1 8192 5101 1 8192 6620 0 0 0
1709869729578896 5 0 4 1 5 198 193 0 193 0 0 0 0 1 1 0 100 100 99 0 0 0 845733 15836349 0 15765429 15815423 1416207 22764518721 1319550 60706193877 60706193877 0 13346676 348773715 20.701548 2429 2429 19898368 14018701 12786 12786 0.512821 5 40960 26944 1 8192 5101 1 8192 6133 0 0 0
1709869879793171 5 0 4 1 5 200 195 0 195 0 0 0 0 1 1 0 100 100 99 0 0 0 845768 15836672 0 15765429 15832592 1424133 22914701815 1324854 60706193877 60706193877 0 13346676 348773715 20.701103 2429 2429 19898368 14018701 12786 12786 0.512821 5 40960 27164 1 8192 5101 1 8192 5970 0 0 0
1709869974388007 5 0 4 1 5 201 196 0 196 0 0 0 0 1 1 0 100 100 99 0 0 0 845788 15836878 0 15765429 15854895 1429535 23009262269 1331012 60706193877 60706193877 0 13346676 348773715 20.700823 2429 2429 19898368 14018701 12786 12786 0.512821 5 40960 27282 1 8192 5101 1 8192 5970 0 0 0
1709870085988290 5 0 4 1 5 203 198 0 198 0 0 0 0 1 1 0 100 100 99 0 0 0 845806 15837148 0 15765429 16135017 1433304 23120574053 1334915 60706193877 60706193877 0 13346676 348773715 20.700466 2429 2429 19898368 14018701 12786 12786 0.512821 5 40960 27011 1 8192 5101 1 8192 5970 0 0 0
1709870150469392 7 0 6 1 7 205 198 0 198 0 0 0 0 1 1 0 100 100 99 0 0 0 845831 15837315 0 15765429 16148506 1436797 23185034858 1337735 60706193877 60706193877 0 13346676 348773715 20.700227 2429 2429 19898368 14018701 12786 12786 0.512821 7 57344 37694 1 8192 5101 1 8192 5970 0 0 0
1709870220604121 7 0 6 1 7 206 199 0 199 0 0 0 0 1 1 0 100 100 99 0 0 0 845849 15837510 0 15765429 16296821 1447090 23255006021 1341828 60706193877 60706193877 0 13346676 348773715 20.699963 2429 2429 19898368 14018701 12786 12786 0.512821 7 57344 39540 1 8192 5101 1 8192 7816 0 0 0
1709870365987013 6 0 5 1 6 207 201 0 201 0 0 0 0 1 1 0 100 100 99 0 0 0 845889 15837862 0 15765429 16315998 1455760 23400351965 1349993 60706193877 60706193877 0 13346676 348773715 20.699477 2429 2429 19898368 14018701 12786 12786 0.512821 6 49152 34938 1 8192 5101 1 8192 7816 0 0 0
1709870480149359 4 0 3 1 4 208 204 0 204 0 0 0 0 1 1 0 100 100 99 0 0 0 845919 15838157 0 15765429 16361343 1463485 23514454781 1355730 60706193877 60706193877 0 13346676 348773715 20.699074 2429 2429 19898368 14018701 12786 12786 0.512821 4 32768 24192 1 8192 5101 1 8192 7816 0 0 0
1709870530353014 4 0 3 1 4 209 205 0 205 0 0 0 0 1 1 0 100 100 99 0 0 0 845925 15838271 0 15765429 16399266 1467683 23564614880 1356776 60706193877 60706193877 0 13346676 348773715 20.698925 2429 2429 19898368 14018701 12786 12786 0.512821 4 32768 21700 1 8192 5101 1 8192 6014 0 0 0
1709870565474176 5 0 4 1 5 210 205 0 205 0 0 0 0 1 1 0 100 100 99 0 0 0 845932 15838364 0 15765429 16420596 1468048 23599711654 1359184 60706193877 60706193877 0 13346676 348773715 20.698801 2429 2429 19898368 14018701 12786 12786 0.512821 5 40960 27142 1 8192 5101 1 8192 6014 0 0 0
1709870585802105 6 0 5 1 6 211 205 0 205 0 0 0 0 1 1 0 100 100 99 0 0 0 845942 15838424 0 15765429 16435335 1471344 23620020841 1359617 60706193877 60706193877 0 13346676 348773715 20.698714 2429 2429 19898368 14018701 12786 12786 0.512821 6 49152 31476 1 8192 5101 1 8192 6014 0 0 0
1709870645752111 7 0 6 1 7 212 205 0 205 0 0 0 0 1 1 0 100 100 99 0 0 0 845959 15838580 0 15765429 16479955 1474774 23679917670 1364287 60706193877 60706193877 0 13346676 348773715 20.698499 2429 2429 19898368 14018701 12786 12786 0.512821 7 57344 36802 1 8192 5101 1 8192 6014 0 0 0
1709870735977364 7 0 6 1 7 213 206 0 206 0 0 0 0 1 1 0 100 100 99 0 0 0 845987 15838788 0 15765429 16481803 1480350 23770129677 1369512 60706193877 60706193877 0 13346676 348773715 20.698206 2429 2429 19898368 14018701 12786 12786 0.512821 7 57344 35666 1 8192 5101 1 8192 5442 0 0 0
1709870775172031 8 0 7 1 8 214 206 0 206 0 0 0 0 1 1 0 100 100 99 0 0 0 846005 15838889 0 15765429 16526240 1483403 23809275659 1370355 60706193877 60706193877 0 13346676 348773715 20.698059 2429 2429 19898368 14018701 12786 12786 0.512821 8 65536 40999 1 8192 5101 1 8192 5442 0 0 0
1709870991000354 4 0 3 1 4 215 211 0 211 0 0 0 0 1 1 0 100 100 99 0 0 0 846063 15839414 0 15765429 16591403 1493259 24025015410 1382686 60706193877 60706193877 0 13346676 348773715 20.697336 2429 2429 19898368 14018701 12786 12786 0.512821 4 32768 568756 1 8192 5101 1 8192 553444 0 0 0
1709871020338988 5 0 4 1 5 216 211 0 211 0 0 0 0 1 1 0 100 100 99 0 0 0 846071 15839499 0 15765429 16635871 1496944 24054304887 1383372 60706193877 60706193877 0 13346676 348773715 20.697220 2429 2429 19898368 14018701 12786 12786 0.512821 5 40960 574155 1 8192 5101 1 8192 553444 0 0 0
1709871090417828 5 0 4 1 5 218 213 0 213 0 0 0 0 1 1 0 100 100 99 0 0 0 846096 15839696 0 15765429 16696928 1500424 24124316017 1386019 60706193877 60706193877 0 13346676 348773715 20.696945 2429 2429 19898368 14018701 12786 12786 0.512821 5 40960 574778 1 8192 5101 1 8192 553444 0 0 0
1709871130889001 6 0 5 1 6 219 213 0 213 0 0 0 0 1 1 0 100 100 99 0 0 0 846110 15839813 0 15765429 16710396 1503388 24164767866 1388489 60706193877 60706193877 0 13346676 348773715 20.696782 2429 2429 19898368 14018701 12786 12786 0.512821 6 49152 580804 1 8192 5101 1 8192 553444 0 0 0
1709871235835838 7 0 6 1 7 220 213 0 213 0 0 0 0 1 1 0 100 100 99 0 0 0 846131 15840069 0 15765429 16755984 1510237 24269654830 1395273 60706193877 60706193877 0 13346676 348773715 20.696439 2429 2429 19898368 14018701 12786 12786 0.512821 7 57344 586065 1 8192 5101 1 8192 553444 0 0 0
1709871310073901 7 0 6 1 7 221 214 0 214 0 0 0 0 1 1 0 100 100 99 0 0 0 846154 15840244 0 15765429 16778213 1514650 24343862465 1398535 60706193877 60706193877 0 13346676 348773715 20.696193 2429 2429 19898368 14018701 12786 12786 0.512821 7 57344 38063 1 8192 5101 1 8192 6026 0 0 0
1709871465827852 4 0 3 1 4 222 218 0 218 0 0 0 0 1 1 0 100 100 99 0 0 0 846193 15840619 0 15765429 16819534 1522058 24499558341 1406987 60706193877 60706193877 0 13346676 348773715 20.695680 2429 2429 19898368 14018701 12786 12786 0.512821 4 32768 20017 1 8192 5101 1 8192 5442 0 0 0
1709871480169995 5 0 4 1 5 223 218 0 218 0 0 0 0 1 1 0 100 100 99 0 0 0 846194 15840665 0 15765429 16967852 1524712 24513748933 1407291 60706193877 60706193877 0 13346676 348773715 20.695621 2429 2429 19898368 14018701 12786 12786 0.512821 5 40960 27833 1 8192 5101 1 8192 7816 0 0 0
1709871535940000 5 0 4 1 5 224 219 0 219 0 0 0 0 1 1 0 100 100 99 0 0 0 846212 15840812 0 15765429 17012429 1527440 24569467313 1411186 60706193877 60706193877 0 13346676 348773715 20.695417 2429 2429 19898368 14018701 12786 12786 0.512821 5 40960 27905 1 8192 5101 1 8192 7816 0 0 0
1709871595677136 6 0 5 1 6 225 219 0 219 0 0 0 0 1 1 0 100 100 99 0 0 0 846230 15840966 0 15765429 17073872 1530769 24629136449 1413979 60706193877 60706193877 0 13346676 348773715 20.695203 2429 2429 19898368 14018701 12786 12786 0.512821 6 49152 581344 1 8192 5101 1 8192 553439 0 0 0
1709871645461060 6 0 5 1 6 226 220 0 220 0 0 0 0 1 1 0 100 100 99 0 0 0 846247 15841090 0 15765429 17107413 1532566 24678883514 1415139 60706193877 60706193877 0 13346676 348773715 20.695029 2429 2429 19898368 14018701 12786 12786 0.512821 6 49152 581226 1 8192 5101 1 8192 553439 0 0 0
1709871750482009 6 0 5 1 6 226 220 0 220 0 0 0 0 1 1 0 100 100 99 0 0 0 846268 15841340 0 15765429 17125533 1538911 24783874302 1420168 60706193877 60706193877 0 13346676 348773715 20.694693 2429 2429 19898368 14018701 12786 12786 0.512821 6 49152 581226 1 8192 5101 1 8192 553439 0 0 0
1709871835857324 6 0 5 1 6 228 222 0 222 0 0 0 0 1 1 0 100 100 99 0 0 0 846291 15841571 0 15765429 17275470 1548423 24869085644 1424095 60706193877 60706193877 0 13346676 348773715 20.694378 2429 2429 19898368 14018701 12786 12786 0.512821 6 49152 581831 1 8192 5101 1 8192 553439 0 0 0
1709871870575944 6 0 5 1 6 229 223 0 223 0 0 0 0 1 1 0 100 100 99 0 0 0 846300 15841672 0 15765429 17429070 1548830 24903647758 1426273 60706193877 60706193877 0 13346676 348773715 20.694241 2429 2429 19898368 14018701 12786 12786 0.512821 6 49152 580711 1 8192 5101 1 8192 553439 0 0 0
1709871990760887 5 0 4 1 5 230 225 0 225 0 0 0 0 1 1 0 100 100 99 0 0 0 846338 15841952 0 15765429 17474965 1554884 25023774706 1431606 60706193877 60706193877 0 13346676 348773715 20.693847 2429 2429 19898368 14018701 12786 12786 0.512821 5 40960 27281 1 8192 5101 1 8192 6620 0 0 0
1709872055847809 5 0 4 1 5 231 226 0 226 0 0 0 0 1 1 0 100 100 99 0 0 0 846350 15842118 0 15765429 17536959 1558087 25088792867 1434702 60706193877 60706193877 0 13346676 348773715 20.693626 2429 2429 19898368 14018701 12786 12786 0.512821 5 40960 574711 1 8192 5101 1 8192 553444 0 0 0
1709872095021148 6 0 5 1 6 232 226 0 226 0 0 0 0 1 1 0 100 100 99 0 0 0 846363 15842224 0 15765429 17570702 1561355 25127926684 1436893 60706193877 60706193877 0 13346676 348773715 20.693479 2429 2429 19898368 14018701 12786 12786 0.512821 6 49152 580035 1 8192 5101 1 8192 553444 0 0 0
1709872165368046 6 0 5 1 6 233 227 0 227 0 0 0 0 1 1 0 100 100 99 0 0 0 846376 15842418 0 15765429 17615869 1565591 25198219236 1441319 60706193877 60706193877 0 13346676 348773715 20.693222 2429 2429 19898368 14018701 12786 12786 0.512821 6 49152 578741 1 8192 5101 1 8192 553444 0 0 0
1709872255319021 6 0 5 1 6 234 228 0 228 0 0 0 0 1 1 0 100 100 99 0 0 0 846394 15842634 0 15765429 17765080 1571307 25288011636 1444402 60706193877 60706193877 0 13346676 348773715 20.692932 2429 2429 19898368 14018701 12786 12786 0.512821 6 49152 582344 1 8192 5101 1 8192 553444 0 0 0
1709872258307361 0 0 0 0 0 234 234 6 228 0 0 0 0 0 0 0 100 100 100 0 0 0 846394 16199238 0 16121956 17793250 1571350 25290612557 1444505 85842238989 85842238989 0 13346676 358865836 20.824661 2429 2429 19898368 14018701 12786 12786 0.537179 0 0 0 0 0 0 0 0 0 0 0 0
