2024/03/06 16:03:25.88 work_queue_worker[17] debug: ./work_queue_worker version 8.0.0 DEVELOPMENT (released 2024-01-31 18:33:01 -0600)
2024/03/06 16:03:25.88 work_queue_worker[17] debug: Built by sunrise1001@ap21.uc.osg-htc.org on 2024-01-31 18:33:01 -0600
2024/03/06 16:03:25.88 work_queue_worker[17] debug: System: Linux ap21.uc.osg-htc.org 5.4.240-1.el8.elrepo.x86_64 #1 SMP Tue Apr 4 13:26:38 EDT 2023 x86_64 x86_64 x86_64 GNU/Linux
2024/03/06 16:03:25.88 work_queue_worker[17] debug: Configuration: --prefix /home/sunrise1001/cctools
2024/03/06 16:03:25.89 work_queue_worker[17] wq: WORK_QUEUE_SANDBOX set to /srv/worker-700-17.
2024/03/06 16:03:25.89 work_queue_worker[17] debug: error reading disk usage on directory: ./cache.
2024/03/06 16:03:25.89 work_queue_worker[17] wq: querying catalog for managers with project=nessie
2024/03/06 16:03:25.89 work_queue_worker[17] debug: trying catalog query: http://catalog.cse.nd.edu:9097/query/dHJ1ZQ==
2024/03/06 16:03:25.89 work_queue_worker[17] http: connect catalog.cse.nd.edu port 9097
2024/03/06 16:03:25.89 work_queue_worker[17] dns: looking up name catalog.cse.nd.edu
2024/03/06 16:03:25.89 work_queue_worker[17] dns: catalog.cse.nd.edu is 129.74.152.177
2024/03/06 16:03:25.89 work_queue_worker[17] tcp: connecting to 129.74.152.177 port 9097
2024/03/06 16:03:25.92 work_queue_worker[17] tcp: made connection to 129.74.152.177 port 9097
2024/03/06 16:03:25.92 work_queue_worker[17] http: GET /query/dHJ1ZQ== HTTP/1.1
Connection: close
Host: catalog.cse.nd.edu
User-Agent: Mozilla/5.0 (compatible; CCTools 8.0.0 DEVELOPMENT Parrot; http://ccl.cse.nd.edu/)
2024/03/06 16:03:25.94 work_queue_worker[17] http: HTTP/1.1 200 OK
2024/03/06 16:03:25.94 work_queue_worker[17] http: Date: Wed Mar  6 17:03:25 2024
2024/03/06 16:03:25.94 work_queue_worker[17] http: Server: catalog_server
2024/03/06 16:03:25.94 work_queue_worker[17] http: Connection: close
2024/03/06 16:03:25.94 work_queue_worker[17] http: Access-Control-Allow-Origin: *
2024/03/06 16:03:25.94 work_queue_worker[17] http: Content-type: text/plain; charset=utf-8
2024/03/06 16:03:25.94 work_queue_worker[17] http:
2024/03/06 16:03:26.38 work_queue_worker[17] tcp: disconnected from 129.74.152.177 port 9097
2024/03/06 16:03:26.39 work_queue_worker[17] wq: project name nessie matches 0 managers
2024/03/06 16:03:28.39 work_queue_worker[17] wq: project name nessie matches 0 managers
2024/03/06 16:03:32.39 work_queue_worker[17] debug: error reading disk usage on directory: ./cache.
2024/03/06 16:03:32.39 work_queue_worker[17] wq: project name nessie matches 0 managers
2024/03/06 16:03:40.39 work_queue_worker[17] debug: error reading disk usage on directory: ./cache.
2024/03/06 16:03:40.39 work_queue_worker[17] wq: project name nessie matches 0 managers
2024/03/06 16:03:56.39 work_queue_worker[17] debug: error reading disk usage on directory: ./cache.
2024/03/06 16:03:56.39 work_queue_worker[17] wq: project name nessie matches 0 managers
2024/03/06 16:04:28.39 work_queue_worker[17] debug: error reading disk usage on directory: ./cache.
2024/03/06 16:04:28.39 work_queue_worker[17] wq: querying catalog for managers with project=nessie
2024/03/06 16:04:28.39 work_queue_worker[17] debug: trying catalog query: http://catalog.cse.nd.edu:9097/query/dHJ1ZQ==
2024/03/06 16:04:28.39 work_queue_worker[17] http: connect catalog.cse.nd.edu port 9097
2024/03/06 16:04:28.39 work_queue_worker[17] tcp: connecting to 129.74.152.177 port 9097
2024/03/06 16:04:28.42 work_queue_worker[17] tcp: made connection to 129.74.152.177 port 9097
2024/03/06 16:04:28.42 work_queue_worker[17] http: GET /query/dHJ1ZQ== HTTP/1.1
Connection: close
Host: catalog.cse.nd.edu
User-Agent: Mozilla/5.0 (compatible; CCTools 8.0.0 DEVELOPMENT Parrot; http://ccl.cse.nd.edu/)
2024/03/06 16:04:28.45 work_queue_worker[17] http: HTTP/1.1 200 OK
2024/03/06 16:04:28.45 work_queue_worker[17] http: Date: Wed Mar  6 17:04:28 2024
2024/03/06 16:04:28.45 work_queue_worker[17] http: Server: catalog_server
2024/03/06 16:04:28.45 work_queue_worker[17] http: Connection: close
2024/03/06 16:04:28.45 work_queue_worker[17] http: Access-Control-Allow-Origin: *
2024/03/06 16:04:28.45 work_queue_worker[17] http: Content-type: text/plain; charset=utf-8
2024/03/06 16:04:28.45 work_queue_worker[17] http:
2024/03/06 16:04:28.88 work_queue_worker[17] tcp: disconnected from 129.74.152.177 port 9097
2024/03/06 16:04:28.89 work_queue_worker[17] wq: project name nessie matches 0 managers
2024/03/06 16:05:28.89 work_queue_worker[17] debug: error reading disk usage on directory: ./cache.
2024/03/06 16:05:28.89 work_queue_worker[17] wq: querying catalog for managers with project=nessie
2024/03/06 16:05:28.89 work_queue_worker[17] debug: trying catalog query: http://catalog.cse.nd.edu:9097/query/dHJ1ZQ==
2024/03/06 16:05:28.89 work_queue_worker[17] http: connect catalog.cse.nd.edu port 9097
2024/03/06 16:05:28.89 work_queue_worker[17] tcp: connecting to 129.74.152.177 port 9097
2024/03/06 16:05:28.91 work_queue_worker[17] tcp: made connection to 129.74.152.177 port 9097
2024/03/06 16:05:28.91 work_queue_worker[17] http: GET /query/dHJ1ZQ== HTTP/1.1
Connection: close
Host: catalog.cse.nd.edu
User-Agent: Mozilla/5.0 (compatible; CCTools 8.0.0 DEVELOPMENT Parrot; http://ccl.cse.nd.edu/)
2024/03/06 16:05:28.94 work_queue_worker[17] http: HTTP/1.1 200 OK
2024/03/06 16:05:28.94 work_queue_worker[17] http: Date: Wed Mar  6 17:05:28 2024
2024/03/06 16:05:28.94 work_queue_worker[17] http: Server: catalog_server
2024/03/06 16:05:28.94 work_queue_worker[17] http: Connection: close
2024/03/06 16:05:28.94 work_queue_worker[17] http: Access-Control-Allow-Origin: *
2024/03/06 16:05:28.94 work_queue_worker[17] http: Content-type: text/plain; charset=utf-8
2024/03/06 16:05:28.94 work_queue_worker[17] http:
2024/03/06 16:05:29.37 work_queue_worker[17] tcp: disconnected from 129.74.152.177 port 9097
2024/03/06 16:05:29.38 work_queue_worker[17] wq: project name nessie matches 0 managers
2024/03/06 16:06:29.38 work_queue_worker[17] debug: error reading disk usage on directory: ./cache.
2024/03/06 16:06:29.38 work_queue_worker[17] wq: querying catalog for managers with project=nessie
2024/03/06 16:06:29.38 work_queue_worker[17] debug: trying catalog query: http://catalog.cse.nd.edu:9097/query/dHJ1ZQ==
2024/03/06 16:06:29.38 work_queue_worker[17] http: connect catalog.cse.nd.edu port 9097
2024/03/06 16:06:29.38 work_queue_worker[17] tcp: connecting to 129.74.152.177 port 9097
2024/03/06 16:06:29.41 work_queue_worker[17] tcp: made connection to 129.74.152.177 port 9097
2024/03/06 16:06:29.41 work_queue_worker[17] http: GET /query/dHJ1ZQ== HTTP/1.1
Connection: close
Host: catalog.cse.nd.edu
User-Agent: Mozilla/5.0 (compatible; CCTools 8.0.0 DEVELOPMENT Parrot; http://ccl.cse.nd.edu/)
2024/03/06 16:06:29.43 work_queue_worker[17] http: HTTP/1.1 200 OK
2024/03/06 16:06:29.43 work_queue_worker[17] http: Date: Wed Mar  6 17:06:29 2024
2024/03/06 16:06:29.43 work_queue_worker[17] http: Server: catalog_server
2024/03/06 16:06:29.43 work_queue_worker[17] http: Connection: close
2024/03/06 16:06:29.43 work_queue_worker[17] http: Access-Control-Allow-Origin: *
2024/03/06 16:06:29.43 work_queue_worker[17] http: Content-type: text/plain; charset=utf-8
2024/03/06 16:06:29.43 work_queue_worker[17] http:
2024/03/06 16:06:29.85 work_queue_worker[17] tcp: disconnected from 129.74.152.177 port 9097
2024/03/06 16:06:29.85 work_queue_worker[17] wq: project name nessie matches 0 managers
2024/03/06 16:07:29.85 work_queue_worker[17] debug: error reading disk usage on directory: ./cache.
2024/03/06 16:07:29.85 work_queue_worker[17] wq: querying catalog for managers with project=nessie
2024/03/06 16:07:29.85 work_queue_worker[17] debug: trying catalog query: http://catalog.cse.nd.edu:9097/query/dHJ1ZQ==
2024/03/06 16:07:29.85 work_queue_worker[17] http: connect catalog.cse.nd.edu port 9097
2024/03/06 16:07:29.85 work_queue_worker[17] tcp: connecting to 129.74.152.177 port 9097
2024/03/06 16:07:29.88 work_queue_worker[17] tcp: made connection to 129.74.152.177 port 9097
2024/03/06 16:07:29.88 work_queue_worker[17] http: GET /query/dHJ1ZQ== HTTP/1.1
Connection: close
Host: catalog.cse.nd.edu
User-Agent: Mozilla/5.0 (compatible; CCTools 8.0.0 DEVELOPMENT Parrot; http://ccl.cse.nd.edu/)
2024/03/06 16:07:29.91 work_queue_worker[17] http: HTTP/1.1 200 OK
2024/03/06 16:07:29.91 work_queue_worker[17] http: Date: Wed Mar  6 17:07:29 2024
2024/03/06 16:07:29.91 work_queue_worker[17] http: Server: catalog_server
2024/03/06 16:07:29.91 work_queue_worker[17] http: Connection: close
2024/03/06 16:07:29.91 work_queue_worker[17] http: Access-Control-Allow-Origin: *
2024/03/06 16:07:29.91 work_queue_worker[17] http: Content-type: text/plain; charset=utf-8
2024/03/06 16:07:29.91 work_queue_worker[17] http:
2024/03/06 16:07:30.32 work_queue_worker[17] tcp: disconnected from 129.74.152.177 port 9097
2024/03/06 16:07:30.32 work_queue_worker[17] wq: project name nessie matches 0 managers
2024/03/06 16:08:30.33 work_queue_worker[17] debug: error reading disk usage on directory: ./cache.
2024/03/06 16:08:30.33 work_queue_worker[17] wq: querying catalog for managers with project=nessie
2024/03/06 16:08:30.33 work_queue_worker[17] debug: trying catalog query: http://catalog.cse.nd.edu:9097/query/dHJ1ZQ==
2024/03/06 16:08:30.33 work_queue_worker[17] http: connect catalog.cse.nd.edu port 9097
2024/03/06 16:08:30.33 work_queue_worker[17] dns: looking up name catalog.cse.nd.edu
2024/03/06 16:08:30.33 work_queue_worker[17] dns: catalog.cse.nd.edu is 129.74.152.177
2024/03/06 16:08:30.33 work_queue_worker[17] tcp: connecting to 129.74.152.177 port 9097
2024/03/06 16:08:30.35 work_queue_worker[17] tcp: made connection to 129.74.152.177 port 9097
2024/03/06 16:08:30.35 work_queue_worker[17] http: GET /query/dHJ1ZQ== HTTP/1.1
Connection: close
Host: catalog.cse.nd.edu
User-Agent: Mozilla/5.0 (compatible; CCTools 8.0.0 DEVELOPMENT Parrot; http://ccl.cse.nd.edu/)
2024/03/06 16:08:30.38 work_queue_worker[17] http: HTTP/1.1 200 OK
2024/03/06 16:08:30.38 work_queue_worker[17] http: Date: Wed Mar  6 17:08:30 2024
2024/03/06 16:08:30.38 work_queue_worker[17] http: Server: catalog_server
2024/03/06 16:08:30.38 work_queue_worker[17] http: Connection: close
2024/03/06 16:08:30.38 work_queue_worker[17] http: Access-Control-Allow-Origin: *
2024/03/06 16:08:30.38 work_queue_worker[17] http: Content-type: text/plain; charset=utf-8
2024/03/06 16:08:30.38 work_queue_worker[17] http:
2024/03/06 16:08:30.82 work_queue_worker[17] tcp: disconnected from 129.74.152.177 port 9097
2024/03/06 16:08:30.82 work_queue_worker[17] wq: project name nessie matches 0 managers
2024/03/06 16:08:30.82 work_queue_worker[17] notice: stopping: could not connect after 300 seconds.
