2024/03/09 18:23:36.32 work_queue_worker[15] debug: ./work_queue_worker version 8.0.0 DEVELOPMENT (released 2024-03-05 22:47:58 -0600)
2024/03/09 18:23:36.32 work_queue_worker[15] debug: Built by chodges@ap21.uc.osg-htc.org on 2024-03-05 22:47:58 -0600
2024/03/09 18:23:36.32 work_queue_worker[15] debug: System: Linux ap21.uc.osg-htc.org 5.4.240-1.el8.elrepo.x86_64 #1 SMP Tue Apr 4 13:26:38 EDT 2023 x86_64 x86_64 x86_64 GNU/Linux
2024/03/09 18:23:36.32 work_queue_worker[15] debug: Configuration: --prefix /home/chodges/cctools --strict --without-system-parrot --tcp-low-port 9000 --tcp-high-port 9500
2024/03/09 18:23:36.33 work_queue_worker[15] wq: WORK_QUEUE_SANDBOX set to /srv/worker-50149-15.
2024/03/09 18:23:36.33 work_queue_worker[15] debug: error reading disk usage on directory: ./cache.
2024/03/09 18:23:36.33 work_queue_worker[15] wq: querying catalog for managers with project=nessie_c8_2
2024/03/09 18:23:36.33 work_queue_worker[15] debug: trying catalog query: http://catalog.cse.nd.edu:9097/query/dHJ1ZQ==
2024/03/09 18:23:36.33 work_queue_worker[15] http: connect catalog.cse.nd.edu port 9097
2024/03/09 18:23:36.33 work_queue_worker[15] dns: looking up name catalog.cse.nd.edu
2024/03/09 18:23:36.34 work_queue_worker[15] dns: catalog.cse.nd.edu is 129.74.152.177
2024/03/09 18:23:36.35 work_queue_worker[15] tcp: connecting to 129.74.152.177 port 9097
2024/03/09 18:23:36.37 work_queue_worker[15] tcp: made connection to 129.74.152.177 port 9097
2024/03/09 18:23:36.37 work_queue_worker[15] http: GET /query/dHJ1ZQ== HTTP/1.1
Connection: close
Host: catalog.cse.nd.edu
User-Agent: Mozilla/5.0 (compatible; CCTools 8.0.0 DEVELOPMENT Parrot; http://ccl.cse.nd.edu/)
2024/03/09 18:23:36.40 work_queue_worker[15] http: HTTP/1.1 200 OK
2024/03/09 18:23:36.41 work_queue_worker[15] http: Date: Sat Mar  9 19:23:36 2024
2024/03/09 18:23:36.41 work_queue_worker[15] http: Server: catalog_server
2024/03/09 18:23:36.41 work_queue_worker[15] http: Connection: close
2024/03/09 18:23:36.41 work_queue_worker[15] http: Access-Control-Allow-Origin: *
2024/03/09 18:23:36.41 work_queue_worker[15] http: Content-type: text/plain; charset=utf-8
2024/03/09 18:23:36.41 work_queue_worker[15] http:
2024/03/09 18:23:36.51 work_queue_worker[15] tcp: disconnected from 129.74.152.177 port 9097
2024/03/09 18:23:36.52 work_queue_worker[15] wq: project name nessie_c8_2 matches 0 managers
2024/03/09 18:23:38.52 work_queue_worker[15] wq: project name nessie_c8_2 matches 0 managers
2024/03/09 18:23:42.52 work_queue_worker[15] debug: error reading disk usage on directory: ./cache.
2024/03/09 18:23:42.52 work_queue_worker[15] wq: project name nessie_c8_2 matches 0 managers
2024/03/09 18:23:50.52 work_queue_worker[15] debug: error reading disk usage on directory: ./cache.
2024/03/09 18:23:50.52 work_queue_worker[15] wq: project name nessie_c8_2 matches 0 managers
2024/03/09 18:24:06.53 work_queue_worker[15] debug: error reading disk usage on directory: ./cache.
2024/03/09 18:24:06.53 work_queue_worker[15] wq: project name nessie_c8_2 matches 0 managers
2024/03/09 18:24:38.53 work_queue_worker[15] debug: error reading disk usage on directory: ./cache.
2024/03/09 18:24:38.53 work_queue_worker[15] wq: querying catalog for managers with project=nessie_c8_2
2024/03/09 18:24:38.53 work_queue_worker[15] debug: trying catalog query: http://catalog.cse.nd.edu:9097/query/dHJ1ZQ==
2024/03/09 18:24:38.53 work_queue_worker[15] http: connect catalog.cse.nd.edu port 9097
2024/03/09 18:24:38.53 work_queue_worker[15] tcp: connecting to 129.74.152.177 port 9097
2024/03/09 18:24:38.55 work_queue_worker[15] tcp: made connection to 129.74.152.177 port 9097
2024/03/09 18:24:38.55 work_queue_worker[15] http: GET /query/dHJ1ZQ== HTTP/1.1
Connection: close
Host: catalog.cse.nd.edu
User-Agent: Mozilla/5.0 (compatible; CCTools 8.0.0 DEVELOPMENT Parrot; http://ccl.cse.nd.edu/)
2024/03/09 18:24:38.58 work_queue_worker[15] http: HTTP/1.1 200 OK
2024/03/09 18:24:38.58 work_queue_worker[15] http: Date: Sat Mar  9 19:24:38 2024
2024/03/09 18:24:38.58 work_queue_worker[15] http: Server: catalog_server
2024/03/09 18:24:38.58 work_queue_worker[15] http: Connection: close
2024/03/09 18:24:38.58 work_queue_worker[15] http: Access-Control-Allow-Origin: *
2024/03/09 18:24:38.58 work_queue_worker[15] http: Content-type: text/plain; charset=utf-8
2024/03/09 18:24:38.58 work_queue_worker[15] http:
2024/03/09 18:24:38.70 work_queue_worker[15] tcp: disconnected from 129.74.152.177 port 9097
2024/03/09 18:24:38.70 work_queue_worker[15] wq: project name nessie_c8_2 matches 0 managers
2024/03/09 18:25:38.72 work_queue_worker[15] debug: error reading disk usage on directory: ./cache.
2024/03/09 18:25:38.72 work_queue_worker[15] wq: querying catalog for managers with project=nessie_c8_2
2024/03/09 18:25:38.72 work_queue_worker[15] debug: trying catalog query: http://catalog.cse.nd.edu:9097/query/dHJ1ZQ==
2024/03/09 18:25:38.72 work_queue_worker[15] http: connect catalog.cse.nd.edu port 9097
2024/03/09 18:25:38.72 work_queue_worker[15] tcp: connecting to 129.74.152.177 port 9097
2024/03/09 18:25:38.74 work_queue_worker[15] tcp: made connection to 129.74.152.177 port 9097
2024/03/09 18:25:38.74 work_queue_worker[15] http: GET /query/dHJ1ZQ== HTTP/1.1
Connection: close
Host: catalog.cse.nd.edu
User-Agent: Mozilla/5.0 (compatible; CCTools 8.0.0 DEVELOPMENT Parrot; http://ccl.cse.nd.edu/)
2024/03/09 18:25:38.77 work_queue_worker[15] http: HTTP/1.1 200 OK
2024/03/09 18:25:38.77 work_queue_worker[15] http: Date: Sat Mar  9 19:25:38 2024
2024/03/09 18:25:38.77 work_queue_worker[15] http: Server: catalog_server
2024/03/09 18:25:38.77 work_queue_worker[15] http: Connection: close
2024/03/09 18:25:38.77 work_queue_worker[15] http: Access-Control-Allow-Origin: *
2024/03/09 18:25:38.77 work_queue_worker[15] http: Content-type: text/plain; charset=utf-8
2024/03/09 18:25:38.77 work_queue_worker[15] http:
2024/03/09 18:25:38.97 work_queue_worker[15] tcp: disconnected from 129.74.152.177 port 9097
2024/03/09 18:25:38.98 work_queue_worker[15] wq: project name nessie_c8_2 matches 0 managers
2024/03/09 18:26:38.98 work_queue_worker[15] debug: error reading disk usage on directory: ./cache.
2024/03/09 18:26:38.98 work_queue_worker[15] wq: querying catalog for managers with project=nessie_c8_2
2024/03/09 18:26:38.98 work_queue_worker[15] debug: trying catalog query: http://catalog.cse.nd.edu:9097/query/dHJ1ZQ==
2024/03/09 18:26:38.98 work_queue_worker[15] http: connect catalog.cse.nd.edu port 9097
2024/03/09 18:26:38.98 work_queue_worker[15] tcp: connecting to 129.74.152.177 port 9097
2024/03/09 18:26:39.01 work_queue_worker[15] tcp: made connection to 129.74.152.177 port 9097
2024/03/09 18:26:39.01 work_queue_worker[15] http: GET /query/dHJ1ZQ== HTTP/1.1
Connection: close
Host: catalog.cse.nd.edu
User-Agent: Mozilla/5.0 (compatible; CCTools 8.0.0 DEVELOPMENT Parrot; http://ccl.cse.nd.edu/)
2024/03/09 18:26:39.03 work_queue_worker[15] http: HTTP/1.1 200 OK
2024/03/09 18:26:39.03 work_queue_worker[15] http: Date: Sat Mar  9 19:26:39 2024
2024/03/09 18:26:39.03 work_queue_worker[15] http: Server: catalog_server
2024/03/09 18:26:39.03 work_queue_worker[15] http: Connection: close
2024/03/09 18:26:39.03 work_queue_worker[15] http: Access-Control-Allow-Origin: *
2024/03/09 18:26:39.03 work_queue_worker[15] http: Content-type: text/plain; charset=utf-8
2024/03/09 18:26:39.03 work_queue_worker[15] http:
2024/03/09 18:26:39.21 work_queue_worker[15] tcp: disconnected from 129.74.152.177 port 9097
2024/03/09 18:26:39.22 work_queue_worker[15] wq: project name nessie_c8_2 matches 0 managers
2024/03/09 18:27:39.22 work_queue_worker[15] debug: error reading disk usage on directory: ./cache.
2024/03/09 18:27:39.22 work_queue_worker[15] wq: querying catalog for managers with project=nessie_c8_2
2024/03/09 18:27:39.22 work_queue_worker[15] debug: trying catalog query: http://catalog.cse.nd.edu:9097/query/dHJ1ZQ==
2024/03/09 18:27:39.22 work_queue_worker[15] http: connect catalog.cse.nd.edu port 9097
2024/03/09 18:27:39.22 work_queue_worker[15] tcp: connecting to 129.74.152.177 port 9097
2024/03/09 18:27:39.25 work_queue_worker[15] tcp: made connection to 129.74.152.177 port 9097
2024/03/09 18:27:39.25 work_queue_worker[15] http: GET /query/dHJ1ZQ== HTTP/1.1
Connection: close
Host: catalog.cse.nd.edu
User-Agent: Mozilla/5.0 (compatible; CCTools 8.0.0 DEVELOPMENT Parrot; http://ccl.cse.nd.edu/)
2024/03/09 18:27:39.28 work_queue_worker[15] http: HTTP/1.1 200 OK
2024/03/09 18:27:39.28 work_queue_worker[15] http: Date: Sat Mar  9 19:27:39 2024
2024/03/09 18:27:39.28 work_queue_worker[15] http: Server: catalog_server
2024/03/09 18:27:39.28 work_queue_worker[15] http: Connection: close
2024/03/09 18:27:39.28 work_queue_worker[15] http: Access-Control-Allow-Origin: *
2024/03/09 18:27:39.28 work_queue_worker[15] http: Content-type: text/plain; charset=utf-8
2024/03/09 18:27:39.28 work_queue_worker[15] http:
2024/03/09 18:27:39.46 work_queue_worker[15] tcp: disconnected from 129.74.152.177 port 9097
2024/03/09 18:27:39.46 work_queue_worker[15] wq: project name nessie_c8_2 matches 0 managers
2024/03/09 18:28:39.46 work_queue_worker[15] debug: error reading disk usage on directory: ./cache.
2024/03/09 18:28:39.46 work_queue_worker[15] wq: querying catalog for managers with project=nessie_c8_2
2024/03/09 18:28:39.46 work_queue_worker[15] debug: trying catalog query: http://catalog.cse.nd.edu:9097/query/dHJ1ZQ==
2024/03/09 18:28:39.46 work_queue_worker[15] http: connect catalog.cse.nd.edu port 9097
2024/03/09 18:28:39.46 work_queue_worker[15] dns: looking up name catalog.cse.nd.edu
2024/03/09 18:28:39.47 work_queue_worker[15] dns: catalog.cse.nd.edu is 129.74.152.177
2024/03/09 18:28:39.47 work_queue_worker[15] tcp: connecting to 129.74.152.177 port 9097
2024/03/09 18:28:39.49 work_queue_worker[15] tcp: made connection to 129.74.152.177 port 9097
2024/03/09 18:28:39.49 work_queue_worker[15] http: GET /query/dHJ1ZQ== HTTP/1.1
Connection: close
Host: catalog.cse.nd.edu
User-Agent: Mozilla/5.0 (compatible; CCTools 8.0.0 DEVELOPMENT Parrot; http://ccl.cse.nd.edu/)
2024/03/09 18:28:39.52 work_queue_worker[15] http: HTTP/1.1 200 OK
2024/03/09 18:28:39.52 work_queue_worker[15] http: Date: Sat Mar  9 19:28:39 2024
2024/03/09 18:28:39.52 work_queue_worker[15] http: Server: catalog_server
2024/03/09 18:28:39.52 work_queue_worker[15] http: Connection: close
2024/03/09 18:28:39.52 work_queue_worker[15] http: Access-Control-Allow-Origin: *
2024/03/09 18:28:39.52 work_queue_worker[15] http: Content-type: text/plain; charset=utf-8
2024/03/09 18:28:39.52 work_queue_worker[15] http:
2024/03/09 18:28:39.70 work_queue_worker[15] tcp: disconnected from 129.74.152.177 port 9097
2024/03/09 18:28:39.71 work_queue_worker[15] wq: project name nessie_c8_2 matches 0 managers
2024/03/09 18:28:39.71 work_queue_worker[15] notice: stopping: could not connect after 300 seconds.
