2024/03/08 10:29:50.64 work_queue_worker[15] debug: ./work_queue_worker version 8.0.0 DEVELOPMENT (released 2024-03-05 22:47:58 -0600)
2024/03/08 10:29:50.64 work_queue_worker[15] debug: Built by chodges@ap21.uc.osg-htc.org on 2024-03-05 22:47:58 -0600
2024/03/08 10:29:50.64 work_queue_worker[15] debug: System: Linux ap21.uc.osg-htc.org 5.4.240-1.el8.elrepo.x86_64 #1 SMP Tue Apr 4 13:26:38 EDT 2023 x86_64 x86_64 x86_64 GNU/Linux
2024/03/08 10:29:50.64 work_queue_worker[15] debug: Configuration: --prefix /home/chodges/cctools --strict --without-system-parrot --tcp-low-port 9000 --tcp-high-port 9500
2024/03/08 10:29:50.64 work_queue_worker[15] wq: WORK_QUEUE_SANDBOX set to /srv/worker-200494-15.
2024/03/08 10:29:50.64 work_queue_worker[15] debug: error reading disk usage on directory: ./cache.
2024/03/08 10:29:50.64 work_queue_worker[15] wq: querying catalog for managers with project=nessie_c1
2024/03/08 10:29:50.64 work_queue_worker[15] debug: trying catalog query: http://catalog.cse.nd.edu:9097/query/dHJ1ZQ==
2024/03/08 10:29:50.64 work_queue_worker[15] http: connect catalog.cse.nd.edu port 9097
2024/03/08 10:29:50.64 work_queue_worker[15] dns: looking up name catalog.cse.nd.edu
2024/03/08 10:29:50.65 work_queue_worker[15] dns: catalog.cse.nd.edu is 129.74.152.177
2024/03/08 10:29:50.65 work_queue_worker[15] tcp: connecting to 129.74.152.177 port 9097
2024/03/08 10:29:50.68 work_queue_worker[15] tcp: made connection to 129.74.152.177 port 9097
2024/03/08 10:29:50.68 work_queue_worker[15] http: GET /query/dHJ1ZQ== HTTP/1.1
Connection: close
Host: catalog.cse.nd.edu
User-Agent: Mozilla/5.0 (compatible; CCTools 8.0.0 DEVELOPMENT Parrot; http://ccl.cse.nd.edu/)
2024/03/08 10:29:50.73 work_queue_worker[15] http: HTTP/1.1 200 OK
2024/03/08 10:29:50.73 work_queue_worker[15] http: Date: Fri Mar  8 12:29:50 2024
2024/03/08 10:29:50.73 work_queue_worker[15] http: Server: catalog_server
2024/03/08 10:29:50.73 work_queue_worker[15] http: Connection: close
2024/03/08 10:29:50.73 work_queue_worker[15] http: Access-Control-Allow-Origin: *
2024/03/08 10:29:50.73 work_queue_worker[15] http: Content-type: text/plain; charset=utf-8
2024/03/08 10:29:50.73 work_queue_worker[15] http:
2024/03/08 10:29:51.31 work_queue_worker[15] tcp: disconnected from 129.74.152.177 port 9097
2024/03/08 10:29:51.31 work_queue_worker[15] wq: project name nessie_c1 matches 0 managers
2024/03/08 10:29:53.31 work_queue_worker[15] wq: project name nessie_c1 matches 0 managers
2024/03/08 10:29:57.32 work_queue_worker[15] debug: error reading disk usage on directory: ./cache.
2024/03/08 10:29:57.32 work_queue_worker[15] wq: project name nessie_c1 matches 0 managers
2024/03/08 10:30:05.32 work_queue_worker[15] debug: error reading disk usage on directory: ./cache.
2024/03/08 10:30:05.32 work_queue_worker[15] wq: project name nessie_c1 matches 0 managers
2024/03/08 10:30:21.32 work_queue_worker[15] debug: error reading disk usage on directory: ./cache.
2024/03/08 10:30:21.32 work_queue_worker[15] wq: project name nessie_c1 matches 0 managers
2024/03/08 10:30:53.32 work_queue_worker[15] debug: error reading disk usage on directory: ./cache.
2024/03/08 10:30:53.32 work_queue_worker[15] wq: querying catalog for managers with project=nessie_c1
2024/03/08 10:30:53.32 work_queue_worker[15] debug: trying catalog query: http://catalog.cse.nd.edu:9097/query/dHJ1ZQ==
2024/03/08 10:30:53.32 work_queue_worker[15] http: connect catalog.cse.nd.edu port 9097
2024/03/08 10:30:53.32 work_queue_worker[15] tcp: connecting to 129.74.152.177 port 9097
2024/03/08 10:30:53.35 work_queue_worker[15] tcp: made connection to 129.74.152.177 port 9097
2024/03/08 10:30:53.35 work_queue_worker[15] http: GET /query/dHJ1ZQ== HTTP/1.1
Connection: close
Host: catalog.cse.nd.edu
User-Agent: Mozilla/5.0 (compatible; CCTools 8.0.0 DEVELOPMENT Parrot; http://ccl.cse.nd.edu/)
2024/03/08 10:30:53.39 work_queue_worker[15] http: HTTP/1.1 200 OK
2024/03/08 10:30:53.39 work_queue_worker[15] http: Date: Fri Mar  8 12:30:53 2024
2024/03/08 10:30:53.39 work_queue_worker[15] http: Server: catalog_server
2024/03/08 10:30:53.39 work_queue_worker[15] http: Connection: close
2024/03/08 10:30:53.39 work_queue_worker[15] http: Access-Control-Allow-Origin: *
2024/03/08 10:30:53.39 work_queue_worker[15] http: Content-type: text/plain; charset=utf-8
2024/03/08 10:30:53.39 work_queue_worker[15] http:
2024/03/08 10:30:54.03 work_queue_worker[15] tcp: disconnected from 129.74.152.177 port 9097
2024/03/08 10:30:54.04 work_queue_worker[15] wq: project name nessie_c1 matches 0 managers
2024/03/08 10:31:54.04 work_queue_worker[15] debug: error reading disk usage on directory: ./cache.
2024/03/08 10:31:54.04 work_queue_worker[15] wq: querying catalog for managers with project=nessie_c1
2024/03/08 10:31:54.04 work_queue_worker[15] debug: trying catalog query: http://catalog.cse.nd.edu:9097/query/dHJ1ZQ==
2024/03/08 10:31:54.04 work_queue_worker[15] http: connect catalog.cse.nd.edu port 9097
2024/03/08 10:31:54.04 work_queue_worker[15] tcp: connecting to 129.74.152.177 port 9097
2024/03/08 10:31:54.08 work_queue_worker[15] tcp: made connection to 129.74.152.177 port 9097
2024/03/08 10:31:54.08 work_queue_worker[15] http: GET /query/dHJ1ZQ== HTTP/1.1
Connection: close
Host: catalog.cse.nd.edu
User-Agent: Mozilla/5.0 (compatible; CCTools 8.0.0 DEVELOPMENT Parrot; http://ccl.cse.nd.edu/)
2024/03/08 10:31:54.12 work_queue_worker[15] http: HTTP/1.1 200 OK
2024/03/08 10:31:54.12 work_queue_worker[15] http: Date: Fri Mar  8 12:31:54 2024
2024/03/08 10:31:54.12 work_queue_worker[15] http: Server: catalog_server
2024/03/08 10:31:54.12 work_queue_worker[15] http: Connection: close
2024/03/08 10:31:54.12 work_queue_worker[15] http: Access-Control-Allow-Origin: *
2024/03/08 10:31:54.12 work_queue_worker[15] http: Content-type: text/plain; charset=utf-8
2024/03/08 10:31:54.12 work_queue_worker[15] http:
2024/03/08 10:31:54.74 work_queue_worker[15] tcp: disconnected from 129.74.152.177 port 9097
2024/03/08 10:31:54.75 work_queue_worker[15] wq: project name nessie_c1 matches 0 managers
2024/03/08 10:32:54.75 work_queue_worker[15] debug: error reading disk usage on directory: ./cache.
2024/03/08 10:32:54.75 work_queue_worker[15] wq: querying catalog for managers with project=nessie_c1
2024/03/08 10:32:54.75 work_queue_worker[15] debug: trying catalog query: http://catalog.cse.nd.edu:9097/query/dHJ1ZQ==
2024/03/08 10:32:54.75 work_queue_worker[15] http: connect catalog.cse.nd.edu port 9097
2024/03/08 10:32:54.75 work_queue_worker[15] tcp: connecting to 129.74.152.177 port 9097
2024/03/08 10:32:54.79 work_queue_worker[15] tcp: made connection to 129.74.152.177 port 9097
2024/03/08 10:32:54.79 work_queue_worker[15] http: GET /query/dHJ1ZQ== HTTP/1.1
Connection: close
Host: catalog.cse.nd.edu
User-Agent: Mozilla/5.0 (compatible; CCTools 8.0.0 DEVELOPMENT Parrot; http://ccl.cse.nd.edu/)
2024/03/08 10:32:54.83 work_queue_worker[15] http: HTTP/1.1 200 OK
2024/03/08 10:32:54.83 work_queue_worker[15] http: Date: Fri Mar  8 12:32:54 2024
2024/03/08 10:32:54.83 work_queue_worker[15] http: Server: catalog_server
2024/03/08 10:32:54.83 work_queue_worker[15] http: Connection: close
2024/03/08 10:32:54.83 work_queue_worker[15] http: Access-Control-Allow-Origin: *
2024/03/08 10:32:54.83 work_queue_worker[15] http: Content-type: text/plain; charset=utf-8
2024/03/08 10:32:54.83 work_queue_worker[15] http:
2024/03/08 10:32:55.73 work_queue_worker[15] tcp: disconnected from 129.74.152.177 port 9097
2024/03/08 10:32:55.74 work_queue_worker[15] wq: project name nessie_c1 matches 0 managers
2024/03/08 10:33:55.74 work_queue_worker[15] debug: error reading disk usage on directory: ./cache.
2024/03/08 10:33:55.74 work_queue_worker[15] wq: querying catalog for managers with project=nessie_c1
2024/03/08 10:33:55.74 work_queue_worker[15] debug: trying catalog query: http://catalog.cse.nd.edu:9097/query/dHJ1ZQ==
2024/03/08 10:33:55.74 work_queue_worker[15] http: connect catalog.cse.nd.edu port 9097
2024/03/08 10:33:55.74 work_queue_worker[15] tcp: connecting to 129.74.152.177 port 9097
2024/03/08 10:33:55.78 work_queue_worker[15] tcp: made connection to 129.74.152.177 port 9097
2024/03/08 10:33:55.78 work_queue_worker[15] http: GET /query/dHJ1ZQ== HTTP/1.1
Connection: close
Host: catalog.cse.nd.edu
User-Agent: Mozilla/5.0 (compatible; CCTools 8.0.0 DEVELOPMENT Parrot; http://ccl.cse.nd.edu/)
2024/03/08 10:33:55.82 work_queue_worker[15] http: HTTP/1.1 200 OK
2024/03/08 10:33:55.82 work_queue_worker[15] http: Date: Fri Mar  8 12:33:55 2024
2024/03/08 10:33:55.82 work_queue_worker[15] http: Server: catalog_server
2024/03/08 10:33:55.82 work_queue_worker[15] http: Connection: close
2024/03/08 10:33:55.82 work_queue_worker[15] http: Access-Control-Allow-Origin: *
2024/03/08 10:33:55.82 work_queue_worker[15] http: Content-type: text/plain; charset=utf-8
2024/03/08 10:33:55.82 work_queue_worker[15] http:
2024/03/08 10:33:56.44 work_queue_worker[15] tcp: disconnected from 129.74.152.177 port 9097
2024/03/08 10:33:56.45 work_queue_worker[15] wq: project name nessie_c1 matches 0 managers
2024/03/08 10:34:56.45 work_queue_worker[15] debug: error reading disk usage on directory: ./cache.
2024/03/08 10:34:56.45 work_queue_worker[15] wq: querying catalog for managers with project=nessie_c1
2024/03/08 10:34:56.45 work_queue_worker[15] debug: trying catalog query: http://catalog.cse.nd.edu:9097/query/dHJ1ZQ==
2024/03/08 10:34:56.45 work_queue_worker[15] http: connect catalog.cse.nd.edu port 9097
2024/03/08 10:34:56.45 work_queue_worker[15] dns: looking up name catalog.cse.nd.edu
2024/03/08 10:34:56.45 work_queue_worker[15] dns: catalog.cse.nd.edu is 129.74.152.177
2024/03/08 10:34:56.45 work_queue_worker[15] tcp: connecting to 129.74.152.177 port 9097
2024/03/08 10:34:56.49 work_queue_worker[15] tcp: made connection to 129.74.152.177 port 9097
2024/03/08 10:34:56.49 work_queue_worker[15] http: GET /query/dHJ1ZQ== HTTP/1.1
Connection: close
Host: catalog.cse.nd.edu
User-Agent: Mozilla/5.0 (compatible; CCTools 8.0.0 DEVELOPMENT Parrot; http://ccl.cse.nd.edu/)
2024/03/08 10:34:56.53 work_queue_worker[15] http: HTTP/1.1 200 OK
2024/03/08 10:34:56.53 work_queue_worker[15] http: Date: Fri Mar  8 12:34:56 2024
2024/03/08 10:34:56.53 work_queue_worker[15] http: Server: catalog_server
2024/03/08 10:34:56.53 work_queue_worker[15] http: Connection: close
2024/03/08 10:34:56.53 work_queue_worker[15] http: Access-Control-Allow-Origin: *
2024/03/08 10:34:56.53 work_queue_worker[15] http: Content-type: text/plain; charset=utf-8
2024/03/08 10:34:56.53 work_queue_worker[15] http:
2024/03/08 10:34:57.12 work_queue_worker[15] tcp: disconnected from 129.74.152.177 port 9097
2024/03/08 10:34:57.12 work_queue_worker[15] wq: project name nessie_c1 matches 0 managers
2024/03/08 10:34:57.12 work_queue_worker[15] notice: stopping: could not connect after 300 seconds.
