# timestamp workers_connected workers_init workers_idle workers_busy workers_able workers_joined workers_removed workers_released workers_idled_out workers_blocked workers_fast_aborted workers_lost tasks_waiting tasks_on_workers tasks_running tasks_with_results tasks_submitted tasks_dispatched tasks_done tasks_failed tasks_cancelled tasks_exhausted_attempts time_send time_receive time_send_good time_receive_good time_status_msgs time_internal time_polling time_application time_execute time_execute_good time_execute_exhaustion bytes_sent bytes_received bandwidth capacity_tasks capacity_cores capacity_memory capacity_disk capacity_instantaneous capacity_weighted manager_load total_cores total_memory total_disk committed_cores committed_memory committed_disk max_cores max_memory max_disk min_cores min_memory min_disk
1709831483559189 0 0 0 0 0 0 0 0 0 0 0 0 4 0 0 0 4 0 0 0 0 0 0 0 0 0 0 0 0 0 0 0 0 0 0 1.000000 10 10 5120 10240 10 10 0.000000 0 0 0 0 0 0 0 0 0 0 0 0
1709831657997395 1 0 0 1 1 1 0 0 0 0 0 0 3 1 0 0 4 0 0 0 0 0 19427 466 0 0 14859 7731 174388436 13341 0 0 0 133467 0 1.000000 10 10 5120 10240 10 10 0.487179 1 8192 5331 0 0 0 1 8192 5331 0 0 0
1709831663515685 2 0 0 2 2 2 0 0 0 0 0 0 2 2 2 0 4 2 0 0 0 0 41276 491 0 0 152418 7851 179747494 13434 0 0 0 266934 0 1.000000 10 10 5120 10240 10 10 0.491147 2 16384 10007 2 16384 10007 1 8192 5331 0 0 0
1709831669065697 2 0 0 2 2 2 0 0 0 0 0 0 2 2 2 1 5 3 1 0 0 0 50819 342164 0 341596 221838 10956 184804364 14128 5795111 3425200 0 400401 198043 1.000000 10 10 5120 10240 10 10 0.500592 2 16384 10007 2 16384 10007 1 8192 5331 0 0 0
1709831674401438 3 0 0 3 3 3 0 0 0 0 0 0 1 3 3 1 7 6 3 0 0 0 105416 637835 0 637111 337418 11197 189733347 16000 22122121 20667576 0 800802 471494 1.000000 10 10 81920 46760 4 10 0.492501 3 24576 14590 3 24576 14590 1 8192 5331 0 0 0
1709831679532324 3 0 0 3 3 3 0 0 0 0 0 0 1 3 3 1 11 10 7 0 0 0 126615 804180 0 803178 391719 11410 194620969 17248 31015039 28862250 0 1334670 1079048 1.000000 15 15 122880 72950 5 37 0.502066 3 24576 14590 3 24576 14590 1 8192 5331 0 0 0
1709831685702087 3 0 0 3 3 3 0 0 0 0 0 0 1 3 3 1 13 12 9 0 0 0 144596 833731 0 832578 406818 11526 200727379 17835 37103151 33090320 0 1601604 1393875 1.000000 17 17 139264 84665 54 38 0.507521 3 24576 14590 3 24576 14590 1 8192 5331 0 0 0
1709831692250443 3 0 0 3 3 3 0 0 0 0 0 0 1 3 3 1 16 15 12 0 0 0 166536 884388 0 883069 428842 11683 207180113 18662 43525784 41507033 0 2002003 2067079 3.692540 20 20 163840 101519 55 44 0.508437 3 24576 14590 3 24576 14590 1 8192 5331 0 0 0
1709831697729999 4 0 0 4 4 4 0 0 0 0 0 0 0 4 4 0 17 17 13 0 0 0 205341 898866 0 897480 441207 11822 212600864 18916 43525784 43525784 0 2268937 2197493 3.857537 21 21 172032 107041 57 46 0.495168 4 32768 18871 4 32768 18871 1 8192 5331 0 0 0
1709831762052833 5 0 1 4 5 5 0 0 0 0 0 0 0 4 4 0 17 17 13 0 0 0 205351 899002 0 897480 617729 15092 276740836 21639 43525784 43525784 0 2268937 2197493 3.857027 21 21 172032 107419 54 48 0.512815 5 40960 23951 4 32768 18871 1 8192 5331 0 0 0
1709831782011761 7 0 3 4 7 7 0 0 0 0 0 0 0 4 4 0 17 17 13 0 0 0 205354 899076 0 897480 657342 15357 296659164 22087 43525784 43525784 0 2268937 2197493 3.856758 21 21 172032 107419 54 49 0.512820 7 57344 32631 4 32768 18871 1 8192 5331 0 0 0
1709831817820982 8 0 4 4 8 8 0 0 0 0 0 0 0 4 4 0 17 17 13 0 0 0 205363 899158 0 897480 862371 18222 332256562 25717 43525784 43525784 0 2268937 2197493 3.856441 21 21 172032 107419 54 51 0.512821 8 65536 37541 4 32768 18871 1 8192 5331 0 0 0
1709832298079425 4 0 0 4 4 8 4 0 4 0 0 0 0 4 4 1 17 17 13 0 0 0 205436 900226 0 897480 866129 42971 812439938 50586 664152203 43525784 0 2268937 2197493 3.852461 21 21 172032 107419 54 54 0.512821 4 32768 18871 4 32768 18871 1 8192 5331 0 0 0
1709832303362452 4 0 0 4 4 8 4 0 4 0 0 0 0 4 4 0 18 18 14 0 0 0 205948 1098066 0 1095242 885923 43071 817523450 51443 664152203 664152203 0 2402404 12093534 10.601423 21 21 172032 107419 54 54 0.511601 4 32768 18871 4 32768 18871 1 8192 5331 0 0 0
1709832572520826 4 0 0 4 4 8 4 0 4 0 0 0 0 4 4 1 18 18 14 0 0 0 205988 1098784 0 1095242 887326 57117 1086582764 64914 1566988474 664152203 0 2402404 12093534 10.595264 280 280 2293760 1421600 2088 595 0.512821 4 32768 18871 4 32768 18871 1 8192 5331 0 0 0
1709832579027274 4 0 0 4 4 8 4 0 4 0 0 0 0 4 4 1 20 20 16 0 0 0 207295 2148451 0 2144714 1024688 57278 1091899050 66573 1571754007 1569509449 0 2669338 22035439 10.001210 449 449 3678208 2267630 808 745 0.510169 4 32768 18871 4 32768 18871 1 8192 5331 0 0 0
1709832587539984 4 0 0 4 4 8 4 0 4 0 0 0 0 4 4 0 22 22 18 0 0 0 208211 2698727 0 2694839 1162367 57462 1099790539 67206 1574087568 1574087568 0 2936272 22322734 8.286680 333 333 2727936 1667116 4 640 0.510173 4 32768 18871 4 32768 18871 1 8192 5331 0 0 0
1709833042689005 4 0 0 4 4 8 4 0 4 0 0 0 0 4 4 1 22 22 18 0 0 0 208283 2699828 0 2694839 1164791 80082 1554866099 93855 2318399654 1574087568 0 2936272 22322734 8.283338 295 295 2416640 1471460 4 429 0.512821 4 32768 18871 4 32768 18871 1 8192 5331 0 0 0
1709833047976045 4 0 0 4 4 8 4 0 4 0 0 0 0 4 4 0 23 23 19 0 0 0 208807 2897931 0 2892838 1184703 82979 1559950583 94596 2318399654 2318399654 0 3069739 32217423 10.832088 411 411 3366912 2041308 2508 494 0.511601 4 32768 18871 4 32768 18871 1 8192 5331 0 0 0
1709833395116539 4 0 0 4 4 8 4 0 4 0 0 0 0 4 4 1 23 23 19 0 0 0 208862 2898815 0 2892838 1186502 98537 1907051002 112942 4017784963 2318399654 0 3069739 32217423 10.828815 411 411 3366912 2041308 2508 1029 0.512821 4 32768 18871 4 32768 18871 1 8192 5331 0 0 0
1709833400380006 4 0 0 4 4 8 4 0 4 0 0 0 0 4 4 0 24 24 20 0 0 0 209324 3125015 0 3118962 1189060 98638 1912086729 113718 4017784963 4017784963 0 3203206 42092805 12.955384 411 411 3366912 2041308 2508 1174 0.511601 4 32768 18871 4 32768 18871 1 8192 5331 0 0 0
1709833636798608 4 0 0 4 4 8 4 0 4 0 0 0 0 4 4 1 24 24 20 0 0 0 209381 3125548 0 3118962 1190183 110090 2148459279 126375 4611596336 4017784963 0 3203206 42092805 12.953092 683 683 5595136 3368830 6992 2492 0.512821 4 32768 18871 4 32768 18871 1 8192 5331 0 0 0
1709833944480218 4 0 0 4 4 8 4 0 4 0 0 0 0 4 4 1 25 25 21 0 0 0 209977 3324290 0 3316772 1211414 127829 2455901777 143602 5160698647 4611596336 0 3336673 51895282 14.903599 746 746 6111232 3667159 1999 2685 0.512821 4 32768 18871 4 32768 18871 1 8192 5331 0 0 0
1709833952909156 4 0 0 4 4 8 4 0 4 0 0 0 0 4 4 0 27 27 23 0 0 0 210839 3431169 0 3423500 1216851 128012 2464218731 144692 5163911092 5163911092 0 3603607 61863127 17.142725 817 817 6692864 3992605 4191 2698 0.511390 4 32768 18871 4 32768 18871 1 8192 5331 0 0 0
1709834376049089 4 0 0 4 4 8 4 0 4 0 0 0 0 4 4 1 27 27 23 0 0 0 210933 3432358 0 3423500 1219053 150997 2887288306 168121 5902861841 5163911092 0 3603607 61863127 17.136688 814 814 6668288 3956501 108 1829 0.512821 4 32768 18871 4 32768 18871 1 8192 5331 0 0 0
1709834382723002 4 0 0 4 4 8 4 0 4 0 0 0 0 4 4 0 29 29 25 0 0 0 211868 3669904 0 3660849 1258397 151154 2893702773 169040 5904112493 5904112493 0 3870535 72018002 18.644307 888 888 7274496 4305912 2467 1703 0.510792 4 32768 18871 4 32768 18871 1 8192 5331 0 0 0
1709834903891675 4 0 0 4 4 8 4 0 4 0 0 0 0 4 4 1 29 29 25 0 0 0 211971 3671336 0 3660849 1260991 183449 3414789452 193768 6430266337 5904112493 0 3870535 72018002 18.636937 870 870 7127040 4209374 9 1080 0.512821 4 32768 18871 4 32768 18871 1 8192 5331 0 0 0
1709834909221206 4 0 0 4 4 8 4 0 4 0 0 0 0 4 4 1 34 34 30 0 0 0 215001 4050327 0 4039368 1359787 186872 3419632469 195975 6434712679 6433824984 0 4537870 82468432 19.453528 858 858 7028736 4121093 6 907 0.508102 4 32768 18871 4 32768 18871 1 8192 5331 0 0 0
1709834915499625 4 0 0 4 4 8 4 0 4 0 0 0 0 4 4 0 36 36 32 0 0 0 216152 4168394 0 4157262 1399545 187051 3425770621 196701 6435617130 6435617130 0 4804804 82771763 19.048614 823 823 6742016 3941294 6 780 0.509854 4 32768 18871 4 32768 18871 1 8192 5331 0 0 0
1709836303854132 4 0 0 4 4 8 4 0 4 0 0 0 0 4 4 1 36 36 32 0 0 0 216406 4172115 0 4157262 1406671 265411 4813950851 271226 11047181901 6435617130 0 4804804 82771763 19.031360 807 807 6610944 3859478 6 237 0.512821 4 32768 18871 4 32768 18871 1 8192 5331 0 0 0
1709836308944855 4 0 0 4 4 8 4 0 4 0 0 0 0 4 4 0 37 37 33 0 0 0 216935 4237840 0 4222902 1414259 265515 4818974377 271784 11047181901 11047181901 0 4938269 92863884 20.937399 807 807 6610944 3859478 6 215 0.511601 4 32768 18871 4 32768 18871 1 8192 5331 0 0 0
1709836336563324 4 0 0 4 4 8 4 0 4 0 0 0 0 4 4 1 37 37 33 0 0 0 216937 4237914 0 4222902 1414343 265715 4846589356 272415 13435907933 11047181901 0 4938269 92863884 20.937042 1369 1369 11214848 6569997 51290 2769 0.512744 4 32768 18871 4 32768 18871 1 8192 5331 0 0 0
1709836345047381 4 0 0 4 4 8 4 0 4 0 0 0 0 4 4 0 39 39 35 0 0 0 217834 4345495 0 4330311 1419384 268018 4854959262 273027 13439244390 13439244390 0 5205203 102951821 22.603362 1636 1636 13402112 7802926 109 7789 0.510924 4 32768 18871 4 32768 18871 1 8192 5331 0 0 0
1709836783644335 4 0 0 4 4 8 4 0 4 0 0 0 0 4 4 1 39 39 35 0 0 0 217892 4346524 0 4330311 1422159 292700 5293482448 297690 15312443516 13439244390 0 5205203 102951821 22.597979 1636 1636 13402112 7802926 109 5207 0.512821 4 32768 18871 4 32768 18871 1 8192 5331 0 0 0
1709836792806095 4 0 0 4 4 8 4 0 4 0 0 0 0 4 4 0 44 44 40 0 0 0 220947 4741658 0 4724954 1520738 293034 5302162645 301761 15315711820 15315711820 0 5872538 113428881 22.926406 1713 1713 14032896 8137409 5 4109 0.509206 4 32768 18871 4 32768 18871 1 8192 5331 0 0 0
1709837157652450 4 0 0 4 4 8 4 0 4 0 0 0 0 4 4 1 44 44 40 0 0 0 221006 4742647 0 4724954 1522719 310916 5666899395 321131 19890764467 15315711820 0 5872538 113428881 22.921566 1680 1680 13762560 7973616 5 2874 0.512821 4 32768 18871 4 32768 18871 1 8192 5331 0 0 0
1709837167780747 4 0 0 4 4 8 4 0 4 0 0 0 0 4 4 0 46 46 42 0 0 0 222040 5769890 0 5752016 1660079 311098 5675927250 324195 19894234172 19894234172 0 6139472 123682913 20.662503 1948 1948 15958016 9242263 4178 2675 0.510943 4 32768 18871 4 32768 18871 1 8192 5331 0 0 0
1709838530113015 4 0 0 4 4 8 4 0 4 0 0 0 0 4 4 1 46 46 42 0 0 0 222240 5773221 0 5752016 1667259 406871 7038057037 397848 21636526021 19894234172 0 6139472 123682913 20.650334 1837 1837 15048704 8712629 6 791 0.512821 4 32768 18871 4 32768 18871 1 8192 5331 0 0 0
1709838536616788 4 0 0 4 4 8 4 0 4 0 0 0 0 4 4 0 48 48 44 0 0 0 223615 5992164 0 5970777 1707117 407037 7044318582 399390 21637624294 21637624294 0 6406404 133919314 21.529889 1944 1944 15925248 9212888 5843 972 0.510943 4 32768 18871 4 32768 18871 1 8192 5331 0 0 0
1709838981431402 4 0 0 4 4 8 4 0 4 0 0 0 0 4 4 1 48 48 44 0 0 0 223677 5993449 0 5970777 1709685 430640 7489007448 427982 23456207520 21637624294 0 6406404 133919314 21.525225 1923 1923 15753216 9106542 10 651 0.512821 4 32768 18871 4 32768 18871 1 8192 5331 0 0 0
1709838992787679 4 0 1 3 4 8 4 0 4 0 0 0 0 3 3 0 48 48 45 0 0 0 223677 5993449 0 17326796 1778481 430640 7489007448 427982 23456207520 23456207520 0 6406404 143801871 23.041157 1923 1923 15753216 9106542 10 619 0.512821 4 32768 18871 4 32768 18871 1 8192 5331 0 0 0
1709839406971785 4 0 0 4 4 8 4 0 4 0 0 0 0 4 4 1 49 49 45 0 0 0 224542 17350712 0 17326796 1780888 454743 7903129945 452863 26559232938 23456207520 0 6539869 143801871 8.157894 1022 1022 8372224 4838421 156 441 0.512821 4 32768 18871 4 32768 18871 1 8192 5331 0 0 0
1709839415021281 4 0 0 4 4 8 4 0 4 0 0 0 0 4 4 0 51 51 47 0 0 0 225899 17463525 0 17439407 1811591 457991 7911037405 453999 26563075941 26563075941 0 6806803 154104878 8.675090 1147 1147 9396224 5459330 40 1734 0.510740 4 32768 18871 4 32768 18871 1 8192 5331 0 0 0
1709839423284801 4 0 0 4 4 8 4 0 4 0 0 0 0 4 4 0 53 53 49 0 0 0 226888 17499831 0 17475519 1826398 458181 7919247647 454816 26570256302 26570256302 0 7073735 154612679 8.698518 1145 1145 9379840 5463440 112 1498 0.510376 4 32768 18871 4 32768 18871 1 8192 5331 0 0 0
1709840353952145 4 0 0 4 4 8 4 0 4 0 0 0 0 4 4 1 53 53 49 0 0 0 227032 17502014 0 17475519 1831395 514702 8849776199 508184 28392577907 26570256302 0 7073735 154612679 8.697376 1143 1143 9363456 5466946 55 695 0.512821 4 32768 18871 4 32768 18871 1 8192 5331 0 0 0
1709840363284511 4 0 0 4 4 8 4 0 4 0 0 0 0 4 4 0 58 58 54 0 0 0 229864 17897853 0 17870882 1930310 515065 8858626702 511748 28396029332 28396029332 0 7741070 165276436 9.102214 1258 1258 10305536 5973806 5 782 0.509905 4 32768 18871 4 32768 18871 1 8192 5331 0 0 0
1709840760951368 4 0 0 4 4 8 4 0 4 0 0 0 0 4 4 1 58 58 54 0 0 0 229934 17898968 0 17870882 1932359 541196 9256232069 535603 29738694165 28396029332 0 7741070 165276436 9.101619 1258 1258 10305536 5973806 5 524 0.512821 4 32768 18871 4 32768 18871 1 8192 5331 0 0 0
1709840769436091 4 0 0 4 4 8 4 0 4 0 0 0 0 4 4 0 60 60 56 0 0 0 230996 17967366 0 17939040 1951438 541348 9264634394 536574 29742021994 29742021994 0 8008004 175275735 9.604875 1322 1322 10829824 6297901 17226 1313 0.510943 4 32768 18871 4 32768 18871 1 8192 5331 0 0 0
1709840775917124 4 0 0 4 4 8 4 0 4 0 0 0 0 4 4 1 60 60 56 0 0 0 230998 17967388 0 17939040 1951459 541406 9271095173 536819 30159640317 29742021994 0 8008004 175275735 9.604862 1323 1323 10838016 6302664 43 1250 0.511806 4 32768 18871 4 32768 18871 1 8192 5331 0 0 0
1709840781202091 4 0 0 4 4 8 4 0 4 0 0 0 0 4 4 0 61 61 57 0 0 0 231510 18165893 0 18137451 1971465 541517 9276180355 537200 30159640317 30159640317 0 8141471 185109488 10.017635 1323 1323 10838016 6302664 43 1133 0.511155 4 32768 18871 4 32768 18871 1 8192 5331 0 0 0
1709842350873971 4 0 0 4 4 8 4 0 4 0 0 0 0 4 4 1 61 61 57 0 0 0 231803 18169969 0 18137451 1980157 642944 10845642533 626802 36170471750 30159640317 0 8141471 185109488 10.015257 1326 1326 10862592 6296714 1399 1339 0.512821 4 32768 18871 4 32768 18871 1 8192 5331 0 0 0
1709842356053744 4 0 0 4 4 8 4 0 4 0 0 0 0 4 4 0 62 62 58 0 0 0 232355 18324916 0 18292280 1982801 646502 10850661911 627882 36170471750 36170471750 0 8274938 195181468 10.455802 1582 1582 12959744 7478470 35261 3041 0.511601 4 32768 18871 4 32768 18871 1 8192 5331 0 0 0
1709842364898482 4 0 0 4 4 8 4 0 4 0 0 0 0 4 4 0 64 64 60 0 0 0 233248 18349301 0 18316504 1988033 646677 10859474952 628632 36179263514 36179263514 0 8541872 195764979 10.485224 1583 1583 12967936 7449275 192 5884 0.510581 4 32768 18871 4 32768 18871 1 8192 5331 0 0 0
1709842371080984 4 0 0 4 4 8 4 0 4 0 0 0 0 4 4 1 64 64 60 0 0 0 233248 18349318 0 18316504 1988202 646737 10865563689 628873 37774054625 36179263514 0 8541872 195764979 10.485215 1584 1584 12976128 7420038 105 5596 0.511931 4 32768 18871 4 32768 18871 1 8192 5331 0 0 0
1709842377323160 4 0 0 4 4 8 4 0 4 0 0 0 0 4 4 0 65 65 61 0 0 0 233997 20196162 0 20163180 2081512 646842 10869955260 631530 37774054625 37774054625 0 8675339 205780913 10.010760 1584 1584 12976128 7420038 105 5062 0.511036 4 32768 18871 4 32768 18871 1 8192 5331 0 0 0
1709842663505654 4 0 0 4 4 8 4 0 4 0 0 0 0 4 4 1 65 65 61 0 0 0 234040 20196900 0 20163180 2083059 663330 11156033404 647975 41444425790 37774054625 0 8675339 205780913 10.010377 1522 1522 12468224 7106374 790 3933 0.512821 4 32768 18871 4 32768 18871 1 8192 5331 0 0 0
1709842668744919 4 0 1 3 4 8 4 0 4 0 0 0 0 3 3 0 66 66 63 0 0 0 234685 21357307 0 21596836 2220058 663467 11159768442 648990 41447882392 41447882392 0 8808806 215985233 9.928695 1522 1522 12468224 7106374 790 3627 0.511324 4 32768 18871 4 32768 18871 1 8192 5331 0 0 0
1709842674832434 4 0 0 4 4 8 4 0 4 0 0 0 0 4 4 1 68 68 64 0 0 0 236002 21904172 0 21870026 2288721 663618 11165443016 649914 41453006120 41450325295 0 9075740 216118274 9.700093 1534 1534 12566528 7144809 6 3337 0.509632 4 32768 18871 4 32768 18871 1 8192 5331 0 0 0
1709842680386092 4 0 0 4 4 8 4 0 4 0 0 0 0 4 4 0 69 69 65 0 0 0 236668 22177334 0 22143108 2357369 663723 11170722011 650363 41453006120 41453006120 0 9209205 216244020 9.592618 1529 1529 12525568 7121521 4 3013 0.510198 4 32768 18871 4 32768 18871 1 8192 5331 0 0 0
1709842961925162 4 0 0 4 4 8 4 0 4 0 0 0 0 4 4 1 69 69 65 0 0 0 236706 22178004 0 22143108 2358823 683248 11452207065 668851 43650485303 41453006120 0 9209205 216244020 9.592315 1529 1529 12525568 7121521 5 2219 0.512821 4 32768 18871 4 32768 18871 1 8192 5331 0 0 0
1709842970164495 4 0 0 4 4 8 4 0 4 0 0 0 0 4 4 0 71 71 67 0 0 0 237854 22255567 0 22220469 2385637 683487 11460352727 669785 43653565093 43653565093 0 9476139 226260948 9.994763 1646 1646 13484032 7688466 22766 3043 0.511291 4 32768 18871 4 32768 18871 1 8192 5331 0 0 0
1709843053654384 4 0 0 4 4 8 4 0 4 0 0 0 0 4 4 1 71 71 67 0 0 0 237871 22255776 0 22220469 2386125 687905 11543809605 677785 44333881826 43653565093 0 9476139 226260948 9.994662 1683 1683 13787136 7883791 53 2752 0.512820 4 32768 18871 4 32768 18871 1 8192 5331 0 0 0
1709843059009746 4 0 0 4 4 8 4 0 4 0 0 0 0 4 4 0 73 73 69 0 0 0 239211 22609750 0 22574141 2425495 688028 11548788241 679222 44334696343 44334696343 0 9743073 236274079 10.268311 1651 1651 13524992 7733891 919 2412 0.510477 4 32768 18871 4 32768 18871 1 8192 5331 0 0 0
1709843445809912 4 0 0 4 4 8 4 0 4 0 0 0 0 4 4 1 73 73 69 0 0 0 239269 22610631 0 22574141 2427576 715232 11935514569 702324 44725481627 44334696343 0 9743073 236274079 10.267889 1592 1592 13041664 7467325 7 1604 0.512821 4 32768 18871 4 32768 18871 1 8192 5331 0 0 0
1709843455203410 4 0 0 4 4 8 4 0 4 0 0 0 0 4 4 0 78 78 74 0 0 0 242102 23178057 0 23141175 2526615 715580 11944255921 704445 44728748245 44728748245 0 10410406 246704721 10.469788 1525 1525 12492800 7171858 5 1224 0.510423 4 32768 18871 4 32768 18871 1 8192 5331 0 0 0
1709843721113812 4 0 0 4 4 8 4 0 4 0 0 0 0 4 4 1 78 78 74 0 0 0 242133 23178637 0 23141175 2528014 731747 12210128152 721328 46089966191 44728748245 0 10410406 246704721 10.469515 1523 1523 12476416 7162452 5 951 0.512821 4 32768 18871 4 32768 18871 1 8192 5331 0 0 0
1709843726405608 4 0 0 4 4 8 4 0 4 0 0 0 0 4 4 1 80 80 76 0 0 0 243083 23283657 0 23246016 2533222 731885 12215307598 722380 46095118866 46092592288 0 10677340 256696059 10.838184 1567 1567 12836864 7359720 12311 1433 0.510169 4 32768 18871 4 32768 18871 1 8192 5331 0 0 0
1709843733803123 4 0 0 4 4 8 4 0 4 0 0 0 0 4 4 1 83 83 79 0 0 0 244968 23313636 0 23275631 2541091 735545 12222660356 723551 46102437998 46099994065 0 11077741 257061268 10.854518 1598 1598 13090816 7465922 97 1133 0.509221 4 32768 18871 4 32768 18871 1 8192 5331 0 0 0
1709843738830218 4 0 0 4 4 8 4 0 4 0 0 0 0 4 4 0 84 84 80 0 0 0 245412 23323421 0 23285308 2543842 735628 12227676624 723885 46102437998 46102437998 0 11211208 257195488 10.860638 1598 1598 13090816 7465922 97 1033 0.510017 4 32768 18871 4 32768 18871 1 8192 5331 0 0 0
1709844105182815 4 0 0 4 4 8 4 0 4 0 0 0 0 4 4 1 84 84 80 0 0 0 245463 23324221 0 23285308 2545969 757662 12593973821 746147 47242463835 46102437998 0 11211208 257195488 10.860246 1606 1606 13156352 7493400 95 753 0.512821 4 32768 18871 4 32768 18871 1 8192 5331 0 0 0
1709844113117044 4 0 0 4 4 8 4 0 4 0 0 0 0 4 4 0 86 86 82 0 0 0 246475 23393196 0 23354114 2560945 757822 12601829085 747274 47245235764 47245235764 0 11478142 267242158 11.244166 1658 1658 13582336 7761335 13769 1344 0.510871 4 32768 18871 4 32768 18871 1 8192 5331 0 0 0
1709844195222231 4 0 0 4 4 8 4 0 4 0 0 0 0 4 4 1 86 86 82 0 0 0 246486 23393370 0 23354114 2561418 761264 12683855917 751577 48765008027 47245235764 0 11478142 267242158 11.244078 1471 1471 12050432 6885962 33 1217 0.512820 4 32768 18871 4 32768 18871 1 8192 5331 0 0 0
1709844201609731 4 0 0 4 4 8 4 0 4 0 0 0 0 4 4 0 87 87 83 0 0 0 247000 24487613 0 24448242 2631339 761353 12689147649 752257 48765008027 48765008027 0 11611609 277108577 11.131972 1471 1471 12050432 6885962 33 1102 0.511601 4 32768 18871 4 32768 18871 1 8192 5331 0 0 0
1709845026320097 4 0 0 4 4 8 4 0 4 0 0 0 0 4 4 1 87 87 83 0 0 0 247115 24489343 0 24448242 2635450 812447 13513730662 801315 50341180253 48765008027 0 11611609 277108577 11.131142 1362 1362 11157504 6386696 1057 1084 0.512821 4 32768 18871 4 32768 18871 1 8192 5331 0 0 0
1709845033771997 4 0 0 4 4 8 4 0 4 0 0 0 0 4 4 0 90 90 86 0 0 0 248527 24880081 0 24838739 2694834 812608 13520749092 802722 50342953714 50342953714 0 12012008 287459749 11.365473 1340 1340 10977280 6291793 7 1168 0.510335 4 32768 18871 4 32768 18871 1 8192 5331 0 0 0
1709845740695520 4 0 0 4 4 8 4 0 4 0 0 0 0 4 4 1 90 90 86 0 0 0 248612 24881623 0 24838739 2698591 853600 14227566076 841897 51054864038 50342953714 0 12012008 287459749 11.364737 1338 1338 10960896 6282402 6 607 0.512821 4 32768 18871 4 32768 18871 1 8192 5331 0 0 0
1709845746961079 4 0 0 4 4 8 4 0 4 0 0 0 0 4 4 0 92 92 88 0 0 0 250215 25176250 0 25133094 2738203 853818 14233513826 843048 51055646617 51055646617 0 12278942 297455473 11.617256 1353 1353 11083776 6352833 1914 618 0.510705 4 32768 18871 4 32768 18871 1 8192 5331 0 0 0
1709847634482996 4 0 0 4 4 8 4 0 4 0 0 0 0 4 4 1 92 92 88 0 0 0 250492 25180384 0 25133094 2748156 977979 16120765079 951248 52948153646 51055646617 0 12278942 297455473 11.615241 1356 1356 11108352 6366919 7 128 0.512821 4 32768 18871 4 32768 18871 1 8192 5331 0 0 0
1709847640887089 4 0 0 4 4 8 4 0 4 0 0 0 0 4 4 0 94 94 90 0 0 0 251751 25494378 0 25446926 2788047 978162 16126832059 952743 52949055614 52949055614 0 12545876 307687975 11.861931 1417 1417 11608064 6653336 5047 364 0.510705 4 32768 18871 4 32768 18871 1 8192 5331 0 0 0
1709847801391724 4 0 0 4 4 8 4 0 4 0 0 0 0 4 4 1 94 94 90 0 0 0 251797 25494812 0 25446926 2789146 985511 16287246985 964558 56553773054 52949055614 0 12545876 307687975 11.861710 1291 1291 10575872 6059269 7 314 0.512821 4 32768 18871 4 32768 18871 1 8192 5331 0 0 0
1709847809670879 4 0 0 4 4 8 4 0 4 0 0 0 0 4 4 1 96 96 92 0 0 0 252770 26862357 0 26814279 2926282 985661 16294019434 965505 56559994135 56556669169 0 12812808 317845430 11.629681 1387 1387 11362304 6509843 2485 395 0.510427 4 32768 18871 4 32768 18871 1 8192 5331 0 0 0
1709847816443844 4 0 0 4 4 8 4 0 4 0 0 0 0 4 4 1 98 98 94 0 0 0 253874 27409141 0 27360871 3063455 989680 16300102619 966222 56565525063 56562888354 0 13079742 318198496 11.420720 1281 1281 10493952 6017197 6 325 0.509311 4 32768 18871 4 32768 18871 1 8192 5331 0 0 0
1709847821996544 4 0 0 4 4 8 4 0 4 0 0 0 0 4 4 0 99 99 95 0 0 0 254540 27682417 0 27634048 3132082 989777 16305380627 966607 56565525063 56565525063 0 13213209 318327115 11.317678 2046 2046 16760832 9610605 5 294 0.510569 4 32768 18871 4 32768 18871 1 8192 5331 0 0 0
1709849332993097 4 0 0 4 4 8 4 0 4 0 0 0 0 4 4 1 99 99 95 0 0 0 254818 27686629 0 27634048 3140191 1082603 17816174346 1058458 62164683483 56565525063 0 13213209 318327115 11.315860 1798 1798 14729216 8421649 5 88 0.512821 4 32768 18871 4 32768 18871 1 8192 5331 0 0 0
1709849886979544 4 0 1 3 4 9 5 0 5 0 0 0 0 3 3 0 100 100 97 0 0 0 255490 27916164 0 27862152 3160866 1117436 18369841098 1094159 62167991435 62167991435 0 13346676 328568937 11.574618 2117 2117 17342464 9825084 121 833 0.512821 4 32768 20191 3 24576 14590 1 8192 5601 0 0 0
1709849911331479 6 0 3 3 6 11 5 0 5 0 0 0 0 3 3 0 100 100 97 0 0 0 255501 27916251 0 27862152 3238375 1117746 18394114272 1094722 62167991435 62167991435 0 13346676 328568937 11.574578 2117 2117 17342464 9825084 121 798 0.512821 6 49152 31228 3 24576 14590 1 8192 5675 0 0 0
1709849976639538 7 0 4 3 7 12 5 0 5 0 0 0 0 3 3 0 100 100 97 0 0 0 255517 27916474 0 27862152 3253216 1124098 18459393010 1102233 62167991435 62167991435 0 13346676 328568937 11.574480 2117 2117 17342464 9825084 121 703 0.512821 7 57344 36565 3 24576 14590 1 8192 5675 0 0 0
1709850516049266 3 0 0 3 3 12 9 0 9 0 0 0 0 3 3 0 100 100 97 0 0 0 255727 27918967 0 27862152 3395731 1187234 18998513698 1181033 62167991435 62167991435 0 13346676 328568937 11.573369 2117 2117 17342464 9825084 121 473 0.512821 3 24576 14590 3 24576 14590 1 8192 5331 0 0 0
1709850571453289 5 0 2 3 5 14 9 0 9 0 0 0 0 3 3 0 100 100 97 0 0 0 255769 27919311 0 27862152 3407071 1188101 19053900321 1185376 62167991435 62167991435 0 13346676 328568937 11.573211 2117 2117 17342464 9825084 121 456 0.512821 5 40960 24711 3 24576 14590 1 8192 5337 0 0 0
1709850646944086 6 0 3 3 6 15 9 0 9 0 0 0 0 3 3 0 100 100 97 0 0 0 255803 27919698 0 27862152 3440896 1197071 19129338693 1194106 62167991435 62167991435 0 13346676 328568937 11.573038 2117 2117 17342464 9825084 121 410 0.512821 6 49152 30386 3 24576 14590 1 8192 5675 0 0 0
1709850676977344 7 0 4 3 7 16 9 0 9 0 0 0 0 3 3 0 100 100 97 0 0 0 255819 27919809 0 27862152 3593063 1197471 19159217919 1195166 62167991435 62167991435 0 13346676 328568937 11.572986 2117 2117 17342464 9825084 121 396 0.512821 7 57344 37778 3 24576 14590 1 8192 7392 0 0 0
1709850702134547 7 0 4 3 7 16 9 0 9 0 0 0 0 3 3 1 100 100 97 0 0 0 255832 27919925 0 27862152 3593380 1201804 19184349355 1196198 65234225757 62167991435 0 13346676 328568937 11.572933 2117 2117 17342464 9825084 121 370 0.512821 7 57344 37778 3 24576 14590 1 8192 7392 0 0 0
1709851127392422 3 0 1 2 3 17 14 0 14 0 0 0 0 2 2 0 100 100 98 0 0 0 255973 28194971 0 28135596 3625733 1224543 19609271797 1219922 65234225757 65234225757 0 13346676 338691989 11.800320 2255 2255 18472960 10431124 8253 2734 0.512821 3 24576 14651 2 16384 10007 1 8192 5331 0 0 0
1709851167492997 4 0 2 2 4 18 14 0 14 0 0 0 0 2 2 0 100 100 98 0 0 0 255982 28195081 0 28135596 3785783 1224893 19649209077 1222404 65234225757 65234225757 0 13346676 338691989 11.800270 2255 2255 18472960 10431124 8253 3010 0.512821 4 32768 22043 2 16384 10007 1 8192 7392 0 0 0
1709851242051631 4 0 2 2 4 18 14 0 14 0 0 0 0 2 2 0 100 100 98 0 0 0 256006 28195346 0 28135596 3825675 1230238 19723715832 1228375 65234225757 65234225757 0 13346676 338691989 11.800150 2255 2255 18472960 10431124 8253 3759 0.512821 4 32768 22043 2 16384 10007 1 8192 7392 0 0 0
1709851247905030 6 0 4 2 6 20 14 0 14 0 0 0 0 2 2 0 100 100 98 0 0 0 256010 28195386 0 28135596 3838592 1230420 19729555745 1228492 65234225757 65234225757 0 13346676 338691989 11.800132 2255 2255 18472960 10431124 8253 3984 0.512821 6 49152 32326 2 16384 10007 1 8192 7392 0 0 0
1709851737482140 3 0 1 2 3 21 18 0 18 0 0 0 0 2 2 0 100 100 98 0 0 0 256196 28197307 0 28135596 3875537 1258078 20219035781 1257141 65234225757 65234225757 0 13346676 338691989 11.799258 2255 2255 18472960 10431124 8253 5565 0.512821 3 24576 15682 2 16384 10007 1 8192 5675 0 0 0
1709851772047033 3 0 1 2 3 21 18 0 18 0 0 0 0 2 2 0 100 100 98 0 0 0 256213 28197486 0 28135596 3891736 1258531 20253580567 1260081 65234225757 65234225757 0 13346676 338691989 11.799177 2255 2255 18472960 10431124 8253 5700 0.512821 3 24576 15682 2 16384 10007 1 8192 5675 0 0 0
1709851852016038 5 0 3 2 5 23 18 0 18 0 0 0 0 2 2 0 100 100 98 0 0 0 256249 28197879 0 28135596 3903948 1264293 20333525771 1265039 65234225757 65234225757 0 13346676 338691989 11.798999 2255 2255 18472960 10431124 8253 6066 0.512821 5 40960 26820 2 16384 10007 1 8192 6019 0 0 0
1709851857849204 6 0 4 2 6 24 18 0 18 0 0 0 0 2 2 0 100 100 98 0 0 0 256254 28197912 0 28135596 3918214 1264420 20339344190 1265143 65234225757 65234225757 0 13346676 338691989 11.798983 2255 2255 18472960 10431124 8253 6176 0.512821 6 49152 31651 2 16384 10007 1 8192 6019 0 0 0
1709851973070419 6 0 4 2 6 24 18 0 18 0 0 0 0 2 2 1 100 100 98 0 0 0 256291 28198342 0 28135596 3919111 1270387 20454483859 1270516 69390235823 65234225757 0 13346676 338691989 11.798790 2255 2255 18472960 10431124 8253 6473 0.512821 6 49152 31651 2 16384 10007 1 8192 6019 0 0 0
1709852415121847 2 0 1 1 2 25 23 0 23 0 0 0 0 1 1 0 100 100 99 0 0 0 256475 30863905 0 30799739 4009923 1294685 20893796218 1295841 69390235823 69390235823 0 13346676 348748703 11.096300 2065 2065 16916480 9556146 1383 5062 0.512821 2 16384 10162 1 8192 5331 1 8192 5331 0 0 0
1709852425769228 4 0 3 1 4 27 23 0 23 0 0 0 0 1 1 0 100 100 99 0 0 0 256484 30863966 0 30799739 4161835 1294933 20904287940 1299067 69390235823 69390235823 0 13346676 348748703 11.096275 2065 2065 16916480 9556146 1383 4879 0.512821 4 32768 20153 1 8192 5331 1 8192 5331 0 0 0
1709852685013066 5 0 4 1 5 28 23 0 23 0 0 0 0 1 1 0 100 100 99 0 0 0 256616 30865024 0 30799739 4315781 1310854 21163346532 1312269 69390235823 69390235823 0 13346676 348748703 11.095850 2065 2065 16916480 9556146 1383 3956 0.512821 5 40960 27545 1 8192 5331 1 8192 7392 0 0 0
1709852900341038 3 0 2 1 3 29 26 0 26 0 0 0 0 1 1 0 100 100 99 0 0 0 256676 30865618 0 30799739 4361940 1322200 21378601070 1326730 69390235823 69390235823 0 13346676 348748703 11.095617 2065 2065 16916480 9556146 1383 3480 0.512821 3 24576 17981 1 8192 5331 1 8192 7392 0 0 0
1709852980670101 4 0 3 1 4 30 26 0 26 0 0 0 0 1 1 0 100 100 99 0 0 0 256690 30865826 0 30799739 4406645 1328435 21458873786 1331581 69390235823 69390235823 0 13346676 348748703 11.095538 2065 2065 16916480 9556146 1383 3183 0.512821 4 32768 23217 1 8192 5331 1 8192 7392 0 0 0
1709853010091025 4 0 3 1 4 31 27 0 27 0 0 0 0 1 1 0 100 100 99 0 0 0 256706 30865908 0 30799739 4418440 1328768 21488281622 1332184 69390235823 69390235823 0 13346676 348748703 11.095503 2065 2065 16916480 9556146 1383 3093 0.512821 4 32768 20944 1 8192 5331 1 8192 5331 0 0 0
1709853385447067 2 0 1 1 2 32 30 0 30 0 0 0 0 1 1 0 100 100 99 0 0 0 256822 30867178 0 30799739 4465589 1355314 21863539098 1354395 69390235823 69390235823 0 13346676 348748703 11.095009 2065 2065 16916480 9556146 1383 2580 0.512821 2 16384 10590 1 8192 5331 1 8192 5331 0 0 0
1709853420194929 3 0 2 1 3 33 30 0 30 0 0 0 0 1 1 0 100 100 99 0 0 0 256832 30867305 0 30799739 4510021 1365361 21898228926 1357437 69390235823 69390235823 0 13346676 348748703 11.094960 2065 2065 16916480 9556146 1383 2465 0.512821 3 24576 15852 1 8192 5331 1 8192 5331 0 0 0
1709853460651784 4 0 3 1 4 34 30 0 30 0 0 0 0 1 1 0 100 100 99 0 0 0 256845 30867422 0 30799739 4521829 1367970 21938670231 1358209 69390235823 69390235823 0 13346676 348748703 11.094914 2065 2065 16916480 9556146 1383 2360 0.512821 4 32768 20971 1 8192 5331 1 8192 5331 0 0 0
1709853575433263 5 0 4 1 5 35 30 0 30 0 0 0 0 1 1 0 100 100 99 0 0 0 256905 30867841 0 30799739 4535394 1375378 22053422769 1365143 69390235823 69390235823 0 13346676 348748703 11.094743 2065 2065 16916480 9556146 1383 2222 0.512821 5 40960 26999 1 8192 5331 1 8192 6028 0 0 0
1709853915394643 1 0 0 1 1 35 34 0 34 0 0 0 0 1 1 0 100 100 99 0 0 0 257033 30868988 0 30799739 4549502 1392166 22393331047 1384868 69390235823 69390235823 0 13346676 348748703 11.094289 2065 2065 16916480 9556146 1383 2003 0.512821 1 8192 5331 1 8192 5331 1 8192 5331 0 0 0
1709853945165278 2 0 1 1 2 36 34 0 34 0 0 0 0 1 1 0 100 100 99 0 0 0 257043 30869091 0 30799739 4571231 1395025 22423076144 1385473 69390235823 69390235823 0 13346676 348748703 11.094248 2065 2065 16916480 9556146 1383 1943 0.512821 2 16384 10450 1 8192 5331 1 8192 5331 0 0 0
1709854025271139 4 0 3 1 4 38 34 0 34 0 0 0 0 1 1 0 100 100 99 0 0 0 257074 30869368 0 30799739 4608257 1398250 22503134800 1391770 69390235823 69390235823 0 13346676 348748703 11.094139 2065 2065 16916480 9556146 1383 1889 0.512821 4 32768 21065 1 8192 5331 1 8192 5418 0 0 0
1709854080511023 5 0 4 1 5 39 34 0 34 0 0 0 0 1 1 0 100 100 99 0 0 0 257095 30869609 0 30799739 4624853 1402688 22558350441 1394301 69390235823 69390235823 0 13346676 348748703 11.094045 2065 2065 16916480 9556146 1383 1840 0.512821 5 40960 27084 1 8192 5331 1 8192 6019 0 0 0
1709854440026374 1 0 0 1 1 39 38 0 38 0 0 0 0 1 1 0 100 100 99 0 0 0 257255 30870756 0 30799739 4773270 1429514 22917668597 1413700 69390235823 69390235823 0 13346676 348748703 11.093579 2065 2065 16916480 9556146 1383 1706 0.512821 1 8192 5331 1 8192 5331 1 8192 5331 0 0 0
1709854480928119 3 0 2 1 3 41 38 0 38 0 0 0 0 1 1 0 100 100 99 0 0 0 257279 30870934 0 30799739 4810430 1432400 22958528968 1414564 69390235823 69390235823 0 13346676 348748703 11.093507 2065 2065 16916480 9556146 1383 1675 0.512821 3 24576 15312 1 8192 5331 1 8192 5331 0 0 0
1709854620341638 4 0 3 1 4 42 38 0 38 0 0 0 0 1 1 0 100 100 99 0 0 0 257329 30871425 0 30799739 5003123 1442019 23097733168 1420406 69390235823 69390235823 0 13346676 348748703 11.093315 2065 2065 16916480 9556146 1383 1635 0.512821 4 32768 20723 1 8192 5331 1 8192 5411 0 0 0
1709855040814744 2 0 1 1 2 44 42 0 42 0 0 0 0 1 1 0 100 100 99 0 0 0 257494 30872778 0 30799739 5027875 1468479 23518129968 1442654 69390235823 69390235823 0 13346676 348748703 11.092774 2065 2065 16916480 9556146 1383 1554 0.512821 2 16384 10749 1 8192 5331 1 8192 5418 0 0 0
1709855070881992 3 0 2 1 3 45 42 0 42 0 0 0 0 1 1 0 100 100 99 0 0 0 257502 30872846 0 30799739 5175407 1468750 23548047178 1444619 69390235823 69390235823 0 13346676 348748703 11.092747 2065 2065 16916480 9556146 1383 1546 0.512821 3 24576 17201 1 8192 5331 1 8192 6452 0 0 0
1709855120300248 5 0 4 1 5 47 42 0 42 0 0 0 0 1 1 0 100 100 99 0 0 0 257520 30873007 0 30799739 5284760 1471261 23597350633 1447121 69390235823 69390235823 0 13346676 348748703 11.092683 2065 2065 16916480 9556146 1383 1531 0.512821 5 40960 31294 1 8192 5331 1 8192 8979 0 0 0
1709855565074002 2 0 1 1 2 48 46 0 46 0 0 0 0 1 1 0 100 100 99 0 0 0 257688 30874255 0 30799739 5342475 1497137 24042014140 1471144 69390235823 69390235823 0 13346676 348748703 11.092178 2065 2065 16916480 9556146 1383 1479 0.512821 2 16384 14310 1 8192 5331 1 8192 8979 0 0 0
1709855570974326 3 0 2 1 3 49 46 0 46 0 0 0 0 1 1 0 100 100 99 0 0 0 257692 30874300 0 30799739 5387004 1497266 24047869514 1471234 69390235823 69390235823 0 13346676 348748703 11.092161 2065 2065 16916480 9556146 1383 1475 0.512821 3 24576 19686 1 8192 5331 1 8192 8979 0 0 0
1709855616242403 4 0 3 1 4 50 46 0 46 0 0 0 0 1 1 0 100 100 99 0 0 0 257708 30874445 0 30799739 5400283 1501419 24093114853 1476014 69390235823 69390235823 0 13346676 348748703 11.092103 2065 2065 16916480 9556146 1383 1467 0.512821 4 32768 25712 1 8192 5331 1 8192 8979 0 0 0
1709855626523028 5 0 4 1 5 51 46 0 46 0 0 0 0 1 1 0 100 100 99 0 0 0 257709 30874475 0 30799739 5434201 1501558 24103360954 1476274 69390235823 69390235823 0 13346676 348748703 11.092092 2065 2065 16916480 9556146 1383 1463 0.512821 5 40960 30720 1 8192 5331 1 8192 8979 0 0 0
1709855903362288 3 0 2 1 3 51 48 0 48 0 0 0 0 1 1 1 100 100 99 0 0 0 257802 30875228 0 30799739 5436433 1517712 24380156886 1492059 81185465813 69390235823 0 13346676 348748703 11.091791 2065 2065 16916480 9556146 1383 1447 0.512821 3 24576 16365 1 8192 5331 1 8192 6026 0 0 0
1709855903430427 0 0 0 0 0 51 51 3 48 0 0 0 0 0 0 0 100 100 100 0 0 0 257802 30939265 0 30863704 5444096 1517737 24380156886 1492059 81185465813 81185465813 0 13346676 358865836 11.378298 2065 2065 16916480 9556146 1383 1441 0.537179 0 0 0 0 0 0 0 0 0 0 0 0
