# timestamp workers_connected workers_init workers_idle workers_busy workers_able workers_joined workers_removed workers_released workers_idled_out workers_blocked workers_fast_aborted workers_lost tasks_waiting tasks_on_workers tasks_running tasks_with_results tasks_submitted tasks_dispatched tasks_done tasks_failed tasks_cancelled tasks_exhausted_attempts time_send time_receive time_send_good time_receive_good time_status_msgs time_internal time_polling time_application time_execute time_execute_good time_execute_exhaustion bytes_sent bytes_received bandwidth capacity_tasks capacity_cores capacity_memory capacity_disk capacity_instantaneous capacity_weighted manager_load total_cores total_memory total_disk committed_cores committed_memory committed_disk max_cores max_memory max_disk min_cores min_memory min_disk
1709861935812870 0 0 0 0 0 0 0 0 0 0 0 0 16 0 0 0 16 0 0 0 0 0 0 0 0 0 0 0 0 0 0 0 0 0 0 1.000000 10 10 5120 10240 10 10 0.000000 0 0 0 0 0 0 0 0 0 0 0 0
1709861975610199 0 0 0 0 0 0 0 0 0 0 0 0 16 0 0 0 16 0 0 0 0 0 4490 182 0 0 201107 3917 39584812 9966 0 0 0 0 0 1.000000 10 10 5120 10240 10 10 0.505177 0 0 0 0 0 0 0 0 0 0 0 0
1709861980705476 1 0 0 1 1 1 0 0 0 0 0 0 15 1 1 1 16 1 0 0 0 0 13381 221 0 0 201417 4052 44569750 10202 4488557 0 0 133467 0 1.000000 10 10 5120 10240 10 10 0.497819 1 8192 4317 1 8192 4317 1 8192 4317 0 0 0
1709861985827686 3 0 0 3 3 3 0 0 0 0 0 0 13 3 3 1 17 4 1 0 0 0 38737 402557 0 402232 381771 4221 49164217 10481 6668391 4488557 0 533868 137394 1.000000 10 10 5120 10240 10 10 0.482627 3 24576 12792 3 24576 12792 1 8192 4317 0 0 0
1709861991002758 3 0 0 3 3 3 0 0 0 0 0 0 13 3 3 0 18 5 2 0 0 0 52415 482556 0 482158 401862 4307 54245007 10740 6668391 6668391 0 667333 319333 1.000000 10 10 81920 43170 5 10 0.498312 3 24576 12792 3 24576 12792 1 8192 4317 0 0 0
1709862095359281 4 0 0 4 4 4 0 0 0 0 0 0 12 4 3 0 18 5 2 0 0 0 303123 483047 0 482158 408667 10035 158331483 16297 6668391 6668391 0 800800 319333 1.000000 10 10 81920 42775 13 13 0.487179 4 32768 17206 3 24576 12792 1 8192 4414 0 0 0
1709862100569408 16 0 0 16 16 16 0 0 0 0 0 0 0 16 15 0 22 21 6 0 0 0 1323737 822830 0 821495 943642 11072 161643347 17907 14201492 14201492 0 2936268 994323 1.746278 10 10 81920 42490 12 13 0.480684 16 131072 70117 15 122880 65878 1 8192 5828 0 0 0
1709862107673827 17 0 1 16 17 17 0 0 0 0 0 0 0 16 16 1 36 36 20 0 0 0 1331242 1962590 0 1960177 1580772 11839 166939421 21818 40956628 38729235 0 4804800 3136344 2.299226 10 10 81920 42793 8 14 0.510863 17 139264 74737 16 131072 70117 1 8192 5828 0 0 0
1709862113129698 17 0 1 16 17 17 0 0 0 0 0 0 0 16 16 1 39 39 23 0 0 0 1332888 2203295 0 2200569 1640598 12024 172092048 22793 45870888 44207177 0 5205199 3605502 2.376161 10 10 81920 42864 9 14 0.508383 17 139264 74737 16 131072 70117 1 8192 5828 0 0 0
1709862122582326 17 0 1 16 17 17 0 0 0 0 0 0 0 16 16 0 42 42 26 0 0 0 1334626 2443962 0 2440834 1700451 15591 181257448 23848 49795404 49795404 0 5605600 4078930 2.444270 10 10 81920 42917 12 14 0.509532 17 139264 74737 16 131072 70117 1 8192 5828 0 0 0
1709862152701172 18 0 2 16 18 18 0 0 0 0 0 0 0 16 16 0 42 42 26 0 0 0 1334632 2444104 0 2440834 1716958 15955 211356753 26133 49795404 49795404 0 5605600 4078930 2.444174 10 10 81920 42932 11 14 0.512784 18 147456 79520 16 131072 70117 1 8192 5828 0 0 0
1709862717717332 16 0 0 16 16 18 2 0 2 0 0 0 0 16 16 1 42 42 26 0 0 0 1334717 2447165 0 2440834 1725591 52269 776273459 56179 666343753 49795404 0 5605600 4078930 2.442141 10 10 81920 42932 11 14 0.512821 16 131072 70117 16 131072 70117 1 8192 5828 0 0 0
1709862723946193 16 0 0 16 16 18 2 0 2 0 0 0 0 16 16 1 46 46 30 0 0 0 1336489 3049749 0 3043063 1805494 52505 781816306 57722 1294657089 1293031418 0 6139468 24084727 6.571472 205 205 1679360 879712 1875 192 0.508273 16 131072 70117 16 131072 70117 1 8192 5828 0 0 0
1709862730805316 16 0 0 16 16 18 2 0 2 0 0 0 0 16 16 0 48 48 32 0 0 0 1337445 3208784 0 3201897 1845476 52654 788494491 58304 1296172549 1296172549 0 6406402 24365008 6.454999 195 195 1597440 837186 10 167 0.509465 16 131072 70117 16 131072 70117 1 8192 5828 0 0 0
1709862791043229 16 0 0 16 16 18 2 0 2 0 0 0 0 16 16 1 48 48 32 0 0 0 1337451 3209125 0 3201897 1845849 55874 848705507 61183 1985912883 1296172549 0 6406402 24365008 6.454506 190 190 1556480 815890 9 153 0.512813 16 131072 70117 16 131072 70117 1 8192 5828 0 0 0
1709862796545988 16 0 0 16 16 18 2 0 2 0 0 0 0 16 16 1 51 51 35 0 0 0 1338941 3578763 0 3571233 1905682 56059 853775852 62426 1990747175 1989119932 0 6806803 34519521 8.014279 272 272 2228224 1166920 9 227 0.508953 16 131072 70117 16 131072 70117 1 8192 5828 0 0 0
1709862802168092 16 0 0 16 16 18 2 0 2 0 0 0 0 16 16 1 53 53 37 0 0 0 1339805 3891385 0 3883623 1945619 56210 859042294 64500 2808940926 2807294347 0 7073737 44580567 9.416860 260 260 2129920 1114512 10 198 0.508603 16 131072 70117 16 131072 70117 1 8192 5828 0 0 0
1709862809481077 16 0 0 16 16 18 2 0 2 0 0 0 0 16 16 0 55 55 39 0 0 0 1340798 4050569 0 4042596 1985579 56385 866174107 65163 2810910931 2810910931 0 7340669 44940172 9.247913 343 343 2809856 1469403 10 402 0.509561 16 131072 70117 16 131072 70117 1 8192 5828 0 0 0
1709862988410644 16 0 0 16 16 18 2 0 2 0 0 0 0 16 16 1 55 55 39 0 0 0 1340826 4051364 0 4042596 1987817 67272 1045071549 79499 3703948369 2810910931 0 7340669 44940172 9.246502 336 336 2752512 1439011 12 332 0.512821 16 131072 70117 16 131072 70117 1 8192 5828 0 0 0
1709862993669445 16 0 0 16 16 18 2 0 2 0 0 0 0 16 16 1 57 57 41 0 0 0 1342124 4090717 0 4081702 1999784 67398 1050275865 81060 3709120535 3707367700 0 7607603 54889175 10.970609 441 441 3612672 1890149 19881 1280 0.509990 16 131072 70117 16 131072 70117 1 8192 5828 0 0 0
1709863002027879 16 0 0 16 16 18 2 0 2 0 0 0 0 16 16 1 59 59 43 0 0 0 1343302 4104807 0 4095523 2007047 67785 1058610678 81847 3717438278 3713743553 0 7874537 55192087 11.039614 438 438 3588096 1879959 51 1114 0.509848 16 131072 70117 16 131072 70117 1 8192 5828 0 0 0
1709863007049788 16 0 0 16 16 18 2 0 2 0 0 0 0 16 16 0 60 60 44 0 0 0 1343957 4111804 0 4102423 2010672 67948 1063624123 82222 3717438278 3717438278 0 8008004 55346553 11.074461 438 438 3588096 1881200 223 1028 0.510293 16 131072 70117 16 131072 70117 1 8192 5828 0 0 0
1709863108138161 16 0 0 16 16 18 2 0 2 0 0 0 0 16 16 1 60 60 44 0 0 0 1343972 4112291 0 4102423 2011788 74397 1164678330 88129 4726897818 3717438278 0 8008004 55346553 11.073442 437 437 3579904 1878087 198 911 0.512821 16 131072 70117 16 131072 70117 1 8192 5828 0 0 0
1709863114113591 16 0 0 16 16 18 2 0 2 0 0 0 0 16 16 1 63 63 47 0 0 0 1345333 4482613 0 4472497 2071549 74641 1170221037 89248 4732203688 4730713039 0 8408405 65699375 12.126860 527 527 4317184 2262434 9 907 0.509152 16 131072 70117 16 131072 70117 1 8192 5828 0 0 0
1709863122670001 16 0 0 16 16 18 2 0 2 0 0 0 0 16 16 0 66 66 50 0 0 0 1346683 4722246 0 4711851 2131344 74846 1178495220 90165 4735235572 4735235572 0 8808806 66196160 11.786315 497 497 4071424 2130538 9 743 0.509545 16 131072 70117 16 131072 70117 1 8192 5828 0 0 0
1709863475396968 16 0 0 16 16 18 2 0 2 0 0 0 0 16 16 1 66 66 50 0 0 0 1346736 4724009 0 4711851 2135449 96916 1531152696 110936 5406134079 4735235572 0 8808806 66196160 11.782789 537 537 4399104 2300629 9 524 0.512821 16 131072 70117 16 131072 70117 1 8192 5828 0 0 0
1709863482569989 16 0 0 16 16 18 2 0 2 0 0 0 0 16 16 0 68 68 52 0 0 0 1347754 5013703 0 5001284 2175506 97074 1538013475 112047 5407830276 5407830276 0 9075740 76138065 12.774781 603 603 4939776 2583376 2029 553 0.510792 16 131072 70117 16 131072 70117 1 8192 5828 0 0 0
1709863511889663 16 0 0 16 16 18 2 0 2 0 0 0 0 16 16 1 68 68 52 0 0 0 1347756 5013866 0 5001284 2175684 101547 1567320807 112788 6820134030 5407830276 0 9075740 76138065 12.774449 604 604 4947968 2588227 11 501 0.512717 16 131072 70117 16 131072 70117 1 8192 5828 0 0 0
1709863516965040 16 0 0 16 16 18 2 0 2 0 0 0 0 16 16 0 69 69 53 0 0 0 1348183 5068364 0 5055684 2182462 101647 1572340637 113059 6820134030 6820134030 0 9209205 85980211 14.147750 604 604 4947968 2588227 11 454 0.511556 16 131072 70117 16 131072 70117 1 8192 5828 0 0 0
1709863567191473 16 0 0 16 16 18 2 0 2 0 0 0 0 16 16 1 69 69 53 0 0 0 1348191 5068651 0 5055684 2183542 106212 1622536096 118126 7590596736 6820134030 0 9209205 85980211 14.147099 771 771 6316032 3328706 18119 2178 0.512820 16 131072 70117 16 131072 70117 1 8192 5828 0 0 0
1709863574160228 16 0 0 16 16 18 2 0 2 0 0 0 0 16 16 0 71 71 55 0 0 0 1349329 5358631 0 5345366 2223501 106386 1629188547 122867 7592087399 7592087399 0 9476139 96010208 14.997051 845 845 6922240 3647762 2327 3664 0.510792 16 131072 70117 16 131072 70117 1 8192 5828 0 0 0
1709864201313291 16 0 0 16 16 18 2 0 2 0 0 0 0 16 16 1 71 71 55 0 0 0 1349415 5362266 0 5345366 2230652 139254 2256241614 157673 9695039128 7592087399 0 9476139 96010208 14.988737 848 848 6946816 3658497 10 2094 0.512821 16 131072 70117 16 131072 70117 1 8192 5828 0 0 0
1709864208408112 16 0 0 16 16 18 2 0 2 0 0 0 0 16 16 0 73 73 57 0 0 0 1350288 5655019 0 5637918 2270483 139450 2263021650 158574 9696654379 9696654379 0 9743073 106173313 15.780391 1064 1064 8716288 4592007 6310 2112 0.510792 16 131072 70117 16 131072 70117 1 8192 5828 0 0 0
1709864264559947 16 0 0 16 16 18 2 0 2 0 0 0 0 16 16 1 73 73 57 0 0 0 1350301 5655333 0 5637918 2271064 142259 2319064983 162350 11979599657 9696654379 0 9743073 106173313 15.779654 1067 1067 8740864 4606523 10 1908 0.512817 16 131072 70117 16 131072 70117 1 8192 5828 0 0 0
1709864270050044 16 0 0 16 16 18 2 0 2 0 0 0 0 16 16 0 74 74 58 0 0 0 1350823 6692686 0 6675011 2372634 142465 2323515369 163131 11979599657 11979599657 0 9876540 116063508 14.932014 1067 1067 8740864 4606523 10 1724 0.512499 16 131072 70117 16 131072 70117 1 8192 5828 0 0 0
1709864435119360 16 0 0 16 16 18 2 0 2 0 0 0 0 16 16 1 74 74 58 0 0 0 1350850 6693668 0 6675011 2374234 151581 2488550821 169805 13412652875 11979599657 0 9876540 116063508 14.930141 1146 1146 9388032 4949715 1479 1680 0.512821 16 131072 70117 16 131072 70117 1 8192 5828 0 0 0
1709864440187083 16 0 0 16 16 18 2 0 2 0 0 0 0 16 16 0 75 75 59 0 0 0 1351314 6729539 0 6710762 2397207 151706 2493573361 170492 13412652875 13412652875 0 10010005 125959549 16.046656 1146 1146 9388032 4949715 1479 1661 0.511601 16 131072 70117 16 131072 70117 1 8192 5828 0 0 0
1709864445332762 16 0 0 16 16 18 2 0 2 0 0 0 0 16 16 1 75 75 59 0 0 0 1351314 6729570 0 6710762 2397239 151765 2498697698 170719 15754799066 13412652875 0 10010005 125959549 16.046595 1296 1296 10616832 5599170 19299 2543 0.512091 16 131072 70117 16 131072 70117 1 8192 5828 0 0 0
1709864450666601 16 0 0 16 16 18 2 0 2 0 0 0 0 16 16 0 76 76 60 0 0 0 1351807 6970944 0 6952007 2418234 151873 2503785819 174221 15754799066 15754799066 0 10143472 135996739 16.745685 1296 1296 10616832 5599170 19299 4177 0.511280 16 131072 70117 16 131072 70117 1 8192 5828 0 0 0
1709864467028220 16 0 0 16 16 18 2 0 2 0 0 0 0 16 16 1 76 76 60 0 0 0 1351811 6971037 0 6952007 2418318 154541 2520123386 174626 18125210478 15754799066 0 10143472 135996739 16.745490 1503 1503 12312576 6490936 6839 4438 0.512522 16 131072 70117 16 131072 70117 1 8192 5828 0 0 0
1709864476541403 16 0 0 16 16 18 2 0 2 0 0 0 0 16 16 0 79 79 63 0 0 0 1353699 7356702 0 7337235 2480965 154863 2529205515 175763 18129038769 18129038769 0 10543871 146312173 17.173673 1708 1708 13991936 7381802 11 4550 0.510335 16 131072 70117 16 131072 70117 1 8192 5828 0 0 0
1709864614033401 16 0 0 16 16 18 2 0 2 0 0 0 0 16 16 1 79 79 63 0 0 0 1353717 7357519 0 7337235 2482556 163212 2666659746 182238 20757065339 18129038769 0 10543871 146312173 17.172027 1707 1707 13983744 7380407 12 3905 0.512821 16 131072 70117 16 131072 70117 1 8192 5828 0 0 0
1709864620619762 16 0 0 16 16 18 2 0 2 0 0 0 0 16 16 1 82 82 66 0 0 0 1355155 7767870 0 7747257 2542629 163444 2672772885 183475 20762941202 20761284818 0 10944272 156722607 17.527037 1924 1924 15761408 8310424 14 3563 0.509034 16 131072 70117 16 131072 70117 1 8192 5828 0 0 0
1709864626802663 16 0 0 16 16 18 2 0 2 0 0 0 0 16 16 1 85 85 69 0 0 0 1356802 8007637 0 7986667 2603096 163782 2678652488 184432 20768584086 20766812220 0 11344673 157250963 17.169777 1924 1924 15761408 8304731 12 2906 0.510955 16 131072 70117 16 131072 70117 1 8192 5828 0 0 0
1709864653134030 16 0 0 16 16 18 2 0 2 0 0 0 0 16 16 1 86 86 70 0 0 0 1357632 8088562 0 8067324 2624084 166890 2704874370 188103 23317691121 20768584086 0 11478140 157397754 17.049470 1924 1924 15761408 8297427 10 2495 0.512751 16 131072 70117 16 131072 70117 1 8192 5828 0 0 0
1709864659498987 16 0 0 16 16 18 2 0 2 0 0 0 0 16 16 1 89 89 73 0 0 0 1359091 8479994 0 8458439 2684105 167119 2710785284 189003 23323364515 23321558944 0 11878539 167696799 17.405723 2130 2130 17448960 9180170 12 2400 0.509015 16 131072 70117 16 131072 70117 1 8192 5828 0 0 0
1709864664664032 16 0 0 16 16 18 2 0 2 0 0 0 0 16 16 0 90 90 74 0 0 0 1359585 8559505 0 8537859 2704148 167204 2715869680 189346 23323364515 23323364515 0 12012006 167832200 17.291183 2131 2131 17457152 9181653 11 2168 0.509927 16 131072 70117 16 131072 70117 1 8192 5828 0 0 0
1709864670565767 16 0 0 16 16 18 2 0 2 0 0 0 0 16 16 1 93 93 77 0 0 0 1361009 8949817 0 8927888 2763900 167406 2721298765 190295 24515654359 24513984854 0 12412407 178037881 17.615228 2183 2183 17883136 9397994 11 1941 0.508110 16 131072 70117 16 131072 70117 1 8192 5828 0 0 0
1709864677373171 16 0 0 16 16 18 2 0 2 0 0 0 0 16 16 0 95 95 79 0 0 0 1362132 9108648 0 9086499 2803949 167631 2727925110 190975 24517118143 24517118143 0 12679341 178298098 17.394146 2152 2152 17629184 9260188 10 1667 0.509417 16 131072 70117 16 131072 70117 1 8192 5828 0 0 0
1709864834274098 16 0 0 16 16 18 2 0 2 0 0 0 0 16 16 1 95 95 79 0 0 0 1362159 9109411 0 9086499 2805330 178420 2884782401 201348 27233794790 24517118143 0 12679341 178298098 17.392834 2152 2152 17629184 9256455 9 1362 0.512821 16 131072 70117 16 131072 70117 1 8192 5828 0 0 0
1709864841839006 16 0 0 16 16 18 2 0 2 0 0 0 0 16 16 0 97 97 81 0 0 0 1363438 9421542 0 9398405 2845279 178568 2892012500 202425 27235861170 27235861170 0 12946275 188542355 17.816865 2369 2369 19406848 10190278 8137 1577 0.510871 16 131072 70117 16 131072 70117 1 8192 5828 0 0 0
1709864896432099 16 0 0 16 16 18 2 0 2 0 0 0 0 16 16 1 97 97 81 0 0 0 1363446 9421924 0 9398405 2846169 185123 2946494093 205184 27866188381 27235861170 0 12946275 188542355 17.816221 2369 2369 19406848 10190713 12 1425 0.512820 16 131072 70117 16 131072 70117 1 8192 5828 0 0 0
1709864902883051 16 0 0 16 16 18 2 0 2 0 0 0 0 16 16 0 98 98 82 0 0 0 1363861 10463223 0 10439591 2947080 185250 2951902370 205749 27866188381 27866188381 0 13079742 198336484 17.047501 2369 2369 19406848 10190713 12 1288 0.511601 16 131072 70117 16 131072 70117 1 8192 5828 0 0 0
1709864909309393 16 0 0 16 16 18 2 0 2 0 0 0 0 16 16 0 99 99 83 0 0 0 1364319 10969161 0 10945394 3047956 185355 2957720798 206145 27872604782 27872604782 0 13213209 198703223 16.386231 2127 2127 17424384 9153654 408 1203 0.510933 16 131072 70117 16 131072 70117 1 8192 5828 0 0 0
1709864916078911 16 0 0 16 16 18 2 0 2 0 0 0 0 16 16 0 100 100 84 0 0 0 1364895 11478956 0 11455015 3148731 185463 2963878417 206591 27878352762 27878352762 0 13346676 198975805 15.765248 1988 1988 16285696 8559152 7 1088 0.510639 16 131072 70117 16 131072 70117 1 8192 5828 0 0 0
1709865108763423 16 0 0 16 16 18 2 0 2 0 0 0 0 16 16 1 100 100 84 0 0 0 1364919 11480199 0 11455015 3150948 198112 3156514986 217130 30261293163 27878352762 0 13346676 198975805 15.763693 1869 1869 15310848 8050279 6 889 0.512821 16 131072 70117 16 131072 70117 1 8192 5828 0 0 0
1709865160332358 16 0 1 15 16 18 2 0 2 0 0 0 0 15 15 1 100 100 85 0 0 0 1364927 11745619 0 11720042 3172301 200951 3207791360 220836 31218196456 30261293163 0 13346676 209032519 16.176087 2013 2013 16490496 8674469 6486 1089 0.512891 16 131072 70117 15 122880 65795 1 8192 5828 0 0 0
1709865318155835 16 0 2 14 16 18 2 0 2 0 0 0 0 14 14 1 100 100 86 0 0 0 1364949 11976733 0 11950234 3193797 210182 3365344683 228930 34431080691 31218196456 0 13346676 218834996 16.596535 2022 2022 16564224 8716801 2857 1794 0.512821 16 131072 70117 14 114688 61472 1 8192 5828 0 0 0
1709865553273859 15 0 2 13 15 19 4 0 4 0 0 0 0 13 13 0 100 100 87 0 0 0 1364979 12212356 0 12184422 3260931 227114 3600149142 241817 34431080691 34431080691 0 13346676 228926980 17.017343 2225 2225 18227200 9597243 9376 3288 0.512821 15 122880 66661 13 106496 57118 1 8192 5828 0 0 0
1709865588148067 16 0 3 13 16 20 4 0 4 0 0 0 0 13 13 0 100 100 87 0 0 0 1364987 12212555 0 12184422 3302853 227575 3634979687 242659 34431080691 34431080691 0 13346676 228926980 17.017083 2225 2225 18227200 9597243 9376 3593 0.512821 16 131072 70899 13 106496 57118 1 8192 5828 0 0 0
1709865608315692 17 0 4 13 17 21 4 0 4 0 0 0 0 13 13 0 100 100 87 0 0 0 1364992 12212705 0 12184422 3345167 230452 3655101325 243081 34431080691 34431080691 0 13346676 228926980 17.016889 2225 2225 18227200 9597243 9376 4158 0.512821 17 139264 75222 13 106496 57118 1 8192 5828 0 0 0
1709865626088788 16 0 3 13 16 21 5 0 5 0 0 0 0 13 13 1 100 100 87 0 0 0 1364994 12212789 0 12184422 3345430 230629 3672868264 244905 35621983747 34431080691 0 13346676 228926980 17.016781 2225 2225 18227200 9597243 9376 4419 0.512821 16 131072 70868 13 106496 57118 1 8192 5828 0 0 0
1709865641491607 17 0 5 12 17 22 5 0 5 0 0 0 0 12 12 0 100 100 88 0 0 0 1364997 12251973 0 12223347 3365812 230948 3688213476 246185 35621983747 35621983747 0 13346676 238793399 17.658812 2225 2225 18227200 9597243 9376 4903 0.513943 17 139264 75651 12 98304 52704 1 8192 5828 0 0 0
1709865722629052 17 0 5 12 17 22 5 0 5 0 0 0 0 12 12 1 100 100 88 0 0 0 1365006 12252470 0 12223347 3367132 240163 3769314342 251368 36898926994 35621983747 0 13346676 238793399 17.658156 2328 2328 19070976 10049929 19489 6985 0.512821 17 139264 75651 12 98304 52704 1 8192 5828 0 0 0
1709865776214125 17 0 6 11 17 22 5 0 5 0 0 0 0 11 11 1 100 100 89 0 0 0 1365015 12483155 0 12453661 3387793 243892 3822641087 254644 38002747790 36898926994 0 13346676 248672055 18.044300 2307 2307 18898944 9951457 3774 7984 0.512884 17 139264 75651 11 90112 48456 1 8192 5828 0 0 0
1709865909631159 14 0 4 10 14 22 8 0 8 0 0 0 0 10 10 1 100 100 90 0 0 0 1365027 12715828 0 12685601 3410153 251056 3955789350 260884 39440818507 38002747790 0 13346676 258554612 18.415450 2333 2333 19111936 10055183 3281 7157 0.512821 14 114688 61901 10 81920 44219 1 8192 5828 0 0 0
1709865917411801 14 0 7 7 14 22 9 0 8 0 0 1 1 7 7 0 100 100 92 0 0 0 1365028 13179238 0 13148823 3450155 251169 3963085617 261525 43247728145 43247728145 0 13346676 278573319 19.141330 2382 2382 19513344 10262386 4251 6654 0.533892 14 114688 61901 8 65536 35648 1 8192 5828 0 0 0
1709865928221299 14 0 6 8 14 23 9 0 8 0 0 1 0 8 8 1 100 101 92 0 0 0 1365464 13179290 0 13148823 3479617 251334 3973843681 263145 46058261364 43247728145 0 13480143 278573319 19.149439 2580 2580 21135360 11106216 11240 6884 0.512388 14 114688 62513 8 65536 35619 1 8192 5828 0 0 0
1709865963127214 13 0 6 7 13 24 11 0 10 0 0 1 0 7 7 0 100 101 93 0 0 0 1365474 13411894 0 13381175 3540055 255679 4008471062 263907 46058261364 46058261364 0 13480143 288665440 19.499310 2708 2708 22183936 11644898 8384 7363 0.512845 13 106496 57555 7 57344 31428 1 8192 5828 0 0 0
1709866002464209 13 0 7 6 13 24 12 0 10 0 0 2 1 6 6 0 100 101 93 0 0 0 1365478 13412067 0 13381175 3540288 256110 4047801767 268993 46058261364 46058261364 0 13480143 288665440 19.499077 2708 2708 22183936 11644898 8384 7415 0.512821 13 106496 57555 7 57344 31428 1 8192 5828 0 0 0
1709866058641187 11 0 4 7 11 24 13 0 11 0 0 2 0 7 7 1 100 102 93 0 0 0 1366046 13412249 0 13381175 3541101 258473 4103965852 271475 48604933682 46058261364 0 13613610 288665440 19.506700 2708 2708 22183936 11644898 8384 7510 0.512766 11 90112 48976 7 57344 31288 1 8192 5828 0 0 0
1709866078851442 12 0 6 6 12 25 13 0 11 0 0 2 0 6 6 0 100 102 94 0 0 0 1366050 13461577 0 13430346 3561494 261680 4124108849 272289 48604933682 48604933682 0 13613610 298528835 20.076188 2853 2853 23371776 12363738 34569 8945 0.512964 12 98304 53901 6 49152 25460 1 8192 5828 0 0 0
1709866083960047 13 0 7 6 13 26 13 0 11 0 0 2 0 6 6 0 100 102 94 0 0 0 1366051 13461616 0 13430346 3617900 261829 4129160561 272398 48604933682 48604933682 0 13613610 298528835 20.076134 2853 2853 23371776 12363738 34569 10227 0.512839 13 106496 58684 6 49152 25460 1 8192 5828 0 0 0
1709866108848029 14 0 8 6 14 27 13 0 11 0 0 2 0 6 6 0 100 102 94 0 0 0 1366059 13461744 0 13430346 3659528 262179 4154004164 274455 48604933682 48604933682 0 13613610 298528835 20.075950 2853 2853 23371776 12363738 34569 11445 0.512821 14 114688 62938 6 49152 25460 1 8192 5828 0 0 0
1709866203073236 14 0 8 6 14 27 13 0 11 0 0 2 0 6 6 0 100 102 94 0 0 0 1366080 13462131 0 13430346 3676732 269554 4248200074 278419 48604933682 48604933682 0 13613610 298528835 20.075398 2853 2853 23371776 12363738 34569 14745 0.512821 14 114688 62938 6 49152 25460 1 8192 5828 0 0 0
1709866208588984 16 0 10 6 16 29 13 0 11 0 0 2 0 6 6 0 100 102 94 0 0 0 1366084 13462175 0 13430346 3694563 269703 4253697559 278503 48604933682 48604933682 0 13613610 298528835 20.075333 2853 2853 23371776 12363738 34569 15737 0.512821 16 131072 74860 6 49152 25460 1 8192 6014 0 0 0
1709866252581006 13 0 7 6 13 29 16 0 14 0 0 2 0 6 6 1 100 102 94 0 0 0 1366087 13462319 0 13430346 3695229 270049 4297664979 281638 51288339811 48604933682 0 13613610 298528835 20.075134 2853 2853 23371776 12363738 34569 16679 0.512821 13 106496 61411 6 49152 25460 1 8192 6014 0 0 0
1709866287708013 13 0 8 5 13 30 17 0 15 0 0 2 0 5 5 0 100 102 95 0 0 0 1366092 13695540 0 13663341 3755508 273145 4332514359 282707 51288339811 51288339811 0 13613610 308611666 20.402701 2990 2990 24494080 12959576 8098 17908 0.512965 13 106496 61411 5 40960 21234 1 8192 6014 0 0 0
1709866354067663 13 0 9 4 13 30 18 0 15 0 0 3 1 4 4 0 100 102 95 0 0 0 1366097 13695740 0 13663341 3756260 276167 4398866074 286355 51288339811 51288339811 0 13613610 308611666 20.402423 2990 2990 24494080 12959576 8098 16952 0.512821 13 106496 61411 5 40960 21234 1 8192 6014 0 0 0
1709866397840497 10 0 5 5 10 31 21 0 18 0 0 3 0 5 5 0 100 103 95 0 0 0 1366485 13695876 0 13663341 3770483 279467 4442618444 288784 51288339811 51288339811 0 13747077 308611666 20.410164 2990 2990 24494080 12959576 8098 16090 0.512771 10 81920 47220 5 40960 21223 1 8192 6014 0 0 0
1709866507322992 8 0 3 5 8 32 24 0 21 0 0 3 0 5 5 0 100 103 95 0 0 0 1366497 13696232 0 13663341 3784678 286473 4552072962 294829 51288339811 51288339811 0 13747077 308611666 20.409665 2990 2990 24494080 12959576 8098 14952 0.512821 8 65536 36872 5 40960 21223 1 8192 5828 0 0 0
1709866567567041 10 0 5 5 10 34 24 0 21 0 0 3 0 5 5 0 100 103 95 0 0 0 1366508 13696458 0 13663341 3950180 289957 4612144524 297807 51288339811 51288339811 0 13747077 308611666 20.409344 2990 2990 24494080 12959576 8098 14285 0.512821 10 81920 46686 5 40960 21223 1 8192 5828 0 0 0
1709866577666187 11 0 6 5 11 35 24 0 21 0 0 3 0 5 5 0 100 103 95 0 0 0 1366510 13696506 0 13663341 4050895 290113 4622142399 297999 51288339811 51288339811 0 13747077 308611666 20.409276 2990 2990 24494080 12959576 8098 13976 0.512821 11 90112 51306 5 40960 21223 1 8192 5828 0 0 0
1709866602153506 10 0 5 5 10 35 25 0 22 0 0 3 0 5 5 0 100 103 95 0 0 0 1366512 13696575 0 13663341 4092695 290309 4646586886 298569 51288339811 51288339811 0 13747077 308611666 20.409180 2990 2990 24494080 12959576 8098 13683 0.512821 10 81920 47067 5 40960 21223 1 8192 5828 0 0 0
1709866617668088 12 0 7 5 12 37 25 0 22 0 0 3 0 5 5 0 100 103 95 0 0 0 1366515 13696644 0 13663341 4126350 293227 4662060964 302237 51288339811 51288339811 0 13747077 308611666 20.409082 2990 2990 24494080 12959576 8098 13139 0.512821 12 98304 56639 5 40960 21223 1 8192 5828 0 0 0
1709866667760004 13 0 8 5 13 38 25 0 22 0 0 3 0 5 5 0 100 103 95 0 0 0 1366522 13696830 0 13663341 4277735 293811 4711999416 303282 51288339811 51288339811 0 13747077 308611666 20.408821 2990 2990 24494080 12959576 8098 12887 0.512821 13 106496 64044 5 40960 21223 1 8192 7405 0 0 0
1709866717286663 13 0 8 5 13 39 26 0 23 0 0 3 0 5 5 0 100 103 95 0 0 0 1366528 13697020 0 13663341 4417305 296817 4761380270 306094 51288339811 51288339811 0 13747077 308611666 20.408555 2990 2990 24494080 12959576 8098 12421 0.512821 13 106496 63051 5 40960 21223 1 8192 7405 0 0 0
1709866797668623 14 0 9 5 14 40 26 0 23 0 0 3 0 5 5 0 100 103 95 0 0 0 1366536 13697300 0 13663341 4457950 303663 4841711000 309268 51288339811 51288339811 0 13747077 308611666 20.408165 2990 2990 24494080 12959576 8098 11805 0.512821 14 114688 67373 5 40960 21223 1 8192 7405 0 0 0
1709866814176797 13 0 8 5 13 40 27 0 24 0 0 3 0 5 5 1 100 103 95 0 0 0 1366540 13697354 0 13663341 4458388 303836 4858195602 311629 55382699727 51288339811 0 13747077 308611666 20.408087 2990 2990 24494080 12959576 8098 11620 0.512821 13 106496 61545 5 40960 21223 1 8192 7405 0 0 0
1709866909453095 9 0 5 4 9 40 31 0 28 0 0 3 0 4 4 0 100 103 96 0 0 0 1366553 13936736 0 13902363 4503773 307412 4953199503 315810 55382699727 55382699727 0 13747077 318734718 20.719686 3224 3224 26411008 13977751 12188 11323 0.512821 9 73728 42863 4 32768 16972 1 8192 7405 0 0 0
1709866994578032 9 0 5 4 9 42 33 0 30 0 0 3 0 4 4 0 100 103 96 0 0 0 1366569 13937021 0 13902363 4544824 315485 5038267816 322662 55382699727 55382699727 0 13747077 318734718 20.719279 3224 3224 26411008 13977751 12188 11448 0.512821 9 73728 39896 4 32768 16972 1 8192 5508 0 0 0
1709867018525701 10 0 6 4 10 43 33 0 30 0 0 3 0 4 4 1 100 103 96 0 0 0 1366572 13937097 0 13902363 4561467 315740 5062177116 323157 57774243166 55382699727 0 13747077 318734718 20.719172 3224 3224 26411008 13977751 12188 11485 0.512821 10 81920 44821 4 32768 16972 1 8192 5508 0 0 0
1709867048614778 10 0 7 3 10 44 34 0 31 0 0 3 0 3 3 0 100 103 97 0 0 0 1366580 14177288 0 14142358 4663663 318697 5091938814 325826 57774243166 57774243166 0 13747077 328691531 21.009887 3343 3343 27385856 14496886 7131 11334 0.512898 10 81920 44471 3 24576 12734 1 8192 5508 0 0 0
1709867133497149 10 0 7 3 10 46 36 0 33 0 0 3 0 3 3 0 100 103 97 0 0 0 1366598 14177540 0 14142358 4801919 322247 5176675212 329397 57774243166 57774243166 0 13747077 328691531 21.009522 3343 3343 27385856 14496886 7131 10925 0.512821 10 81920 45018 3 24576 12734 1 8192 5508 0 0 0
1709867183387595 11 0 8 3 11 47 36 0 33 0 0 3 0 3 3 0 100 103 97 0 0 0 1366611 14177709 0 14142358 4820685 326162 5226539735 332171 57774243166 57774243166 0 13747077 328691531 21.009276 3343 3343 27385856 14496886 7131 10556 0.512821 11 90112 51032 3 24576 12734 1 8192 6014 0 0 0
1709867238032802 11 0 8 3 11 48 37 0 34 0 0 3 0 3 3 0 100 103 97 0 0 0 1366615 14177872 0 14142358 4861110 329541 5281135632 337232 57774243166 57774243166 0 13747077 328691531 21.009050 3343 3343 27385856 14496886 7131 10223 0.512821 11 90112 49846 3 24576 12734 1 8192 6014 0 0 0
1709867298397060 12 0 9 3 12 50 38 0 35 0 0 3 0 3 3 0 100 103 97 0 0 0 1366628 14178082 0 14142358 4885897 335584 5341465440 340355 57774243166 57774243166 0 13747077 328691531 21.008749 3343 3343 27385856 14496886 7131 9923 0.512821 12 98304 55588 3 24576 12734 1 8192 6014 0 0 0
1709867338291906 11 0 8 3 11 51 40 0 37 0 0 3 0 3 3 0 100 103 97 0 0 0 1366638 14178209 0 14142358 4928136 338458 5381313969 341196 57774243166 57774243166 0 13747077 328691531 21.008564 3343 3343 27385856 14496886 7131 9652 0.512821 11 90112 50663 3 24576 12734 1 8192 6014 0 0 0
1709867368180026 10 0 7 3 10 52 42 0 39 0 0 3 0 3 3 0 100 103 97 0 0 0 1366645 14178311 0 14142358 5084593 338853 5411042459 343636 57774243166 57774243166 0 13747077 328691531 21.008416 3343 3343 27385856 14496886 7131 9526 0.512821 10 81920 49581 3 24576 12734 1 8192 7405 0 0 0
1709867418158027 11 0 8 3 11 53 42 0 39 0 0 3 0 3 3 0 100 103 97 0 0 0 1366657 14178478 0 14142358 5101533 342347 5460998562 344670 57774243166 57774243166 0 13747077 328691531 21.008174 3343 3343 27385856 14496886 7131 9294 0.512821 11 90112 54364 3 24576 12734 1 8192 7405 0 0 0
1709867428371842 12 0 9 3 12 54 42 0 39 0 0 3 0 3 3 0 100 103 97 0 0 0 1366662 14178516 0 14142358 5141346 342529 5471170482 346368 57774243166 57774243166 0 13747077 328691531 21.008116 3343 3343 27385856 14496886 7131 9186 0.512821 12 98304 58947 3 24576 12734 1 8192 7405 0 0 0
1709867503245484 11 0 8 3 11 55 44 0 41 0 0 3 0 3 3 0 100 103 97 0 0 0 1366675 14178743 0 14142358 5181871 345881 5545996407 349631 57774243166 57774243166 0 13747077 328691531 21.007792 3343 3343 27385856 14496886 7131 8987 0.512821 11 90112 52300 3 24576 12734 1 8192 7405 0 0 0
1709867508328031 12 0 9 3 12 56 44 0 41 0 0 3 0 3 3 0 100 103 97 0 0 0 1366676 14178764 0 14142358 5318943 345980 5550941542 349726 57774243166 57774243166 0 13747077 328691531 21.007762 3343 3343 27385856 14496886 7131 8895 0.512821 12 98304 56796 3 24576 12734 1 8192 7405 0 0 0
1709867548524080 12 0 9 3 12 57 45 0 42 0 0 3 0 3 3 0 100 103 97 0 0 0 1366683 14178892 0 14142358 5335860 348979 5591113434 353586 57774243166 57774243166 0 13747077 328691531 21.007580 3343 3343 27385856 14496886 7131 8724 0.512821 12 98304 58382 3 24576 12734 1 8192 7405 0 0 0
1709867668703516 9 0 6 3 9 57 48 0 45 0 0 3 0 3 3 0 100 103 97 0 0 0 1366705 14179256 0 14142358 5474444 354666 5711142165 359195 57774243166 57774243166 0 13747077 328691531 21.007058 3343 3343 27385856 14496886 7131 8499 0.512821 9 73728 44148 3 24576 12734 1 8192 7405 0 0 0
1709867693008647 10 0 7 3 10 59 49 0 46 0 0 3 0 3 3 0 100 103 97 0 0 0 1366710 14179340 0 14142358 5514634 354971 5735406020 359704 57774243166 57774243166 0 13747077 328691531 21.006938 3343 3343 27385856 14496886 7131 8431 0.512821 10 81920 45512 3 24576 12734 1 8192 5908 0 0 0
1709867738268687 9 0 6 3 9 60 51 0 48 0 0 3 0 3 3 0 100 103 97 0 0 0 1366717 14179481 0 14142358 5528669 357909 5780646313 362092 57774243166 57774243166 0 13747077 328691531 21.006738 3343 3343 27385856 14496886 7131 8305 0.512821 9 73728 41728 3 24576 12734 1 8192 5908 0 0 0
1709867788467694 10 0 7 3 10 61 51 0 48 0 0 3 0 3 3 0 100 103 97 0 0 0 1366727 14179643 0 14142358 5571377 360719 5830798453 363047 57774243166 57774243166 0 13747077 328691531 21.006505 3343 3343 27385856 14496886 7131 8192 0.512821 10 81920 45966 3 24576 12734 1 8192 5908 0 0 0
1709867793765280 11 0 8 3 11 62 51 0 48 0 0 3 0 3 3 0 100 103 97 0 0 0 1366729 14179674 0 14142358 5616120 360824 5836049580 364458 57774243166 57774243166 0 13747077 328691531 21.006461 3343 3343 27385856 14496886 7131 8139 0.512821 11 90112 51155 3 24576 12734 1 8192 5908 0 0 0
1709867858192406 9 0 6 3 9 63 54 0 51 0 0 3 0 3 3 0 100 103 97 0 0 0 1366737 14179873 0 14142358 5629857 363669 5900455308 368786 57774243166 57774243166 0 13747077 328691531 21.006181 3343 3343 27385856 14496886 7131 8042 0.512821 9 73728 42538 3 24576 12734 1 8192 6026 0 0 0
1709867948600035 10 0 7 3 10 64 54 0 51 0 0 3 0 3 3 0 100 103 97 0 0 0 1366747 14180161 0 14142358 5670250 370611 5990811631 372106 57774243166 57774243166 0 13747077 328691531 21.005778 3343 3343 27385856 14496886 7131 7913 0.512821 10 81920 46777 3 24576 12734 1 8192 6026 0 0 0
1709867953725991 11 0 8 3 11 65 54 0 51 0 0 3 0 3 3 0 100 103 97 0 0 0 1366748 14180186 0 14142358 5807567 370714 5995799900 372203 57774243166 57774243166 0 13747077 328691531 21.005743 3343 3343 27385856 14496886 7131 7874 0.512821 11 90112 51273 3 24576 12734 1 8192 6026 0 0 0
1709867983586171 11 0 8 3 11 66 55 0 52 0 0 3 0 3 3 0 100 103 97 0 0 0 1366754 14180291 0 14142358 5968201 371074 6025496702 374249 57774243166 57774243166 0 13747077 328691531 21.005593 3343 3343 27385856 14496886 7131 7837 0.512821 11 90112 54031 3 24576 12734 1 8192 7276 0 0 0
1709867998641387 11 0 8 3 11 67 56 0 53 0 0 3 0 3 3 0 100 103 97 0 0 0 1366759 14180352 0 14142358 6012937 373742 6040504006 374513 57774243166 57774243166 0 13747077 328691531 21.005504 3343 3343 27385856 14496886 7131 7769 0.512821 11 90112 55073 3 24576 12734 1 8192 7276 0 0 0
1709868023850207 12 0 9 3 12 68 56 0 53 0 0 3 0 3 3 0 100 103 97 0 0 0 1366763 14180439 0 14142358 6034755 374027 6065689867 375038 57774243166 57774243166 0 13747077 328691531 21.005381 3343 3343 27385856 14496886 7131 7738 0.512821 12 98304 60491 3 24576 12734 1 8192 7276 0 0 0
1709868053353181 12 0 9 3 12 69 57 0 54 0 0 3 0 3 3 0 100 103 97 0 0 0 1366768 14180538 0 14142358 6079075 374399 6095145704 377139 57774243166 57774243166 0 13747077 328691531 21.005241 3343 3343 27385856 14496886 7131 7708 0.512821 12 98304 69823 3 24576 12734 1 8192 14914 0 0 0
1709868076404379 12 0 9 3 12 69 57 0 54 0 0 3 0 3 3 1 100 103 97 0 0 0 1366772 14180603 0 14142358 6079320 377368 6118171965 377652 59848085115 57774243166 0 13747077 328691531 21.005148 3343 3343 27385856 14496886 7131 7653 0.512821 12 98304 69823 3 24576 12734 1 8192 14914 0 0 0
1709868181406985 11 0 9 2 11 71 60 0 57 0 0 3 0 2 2 0 100 103 98 0 0 0 1366792 14422511 0 14383889 6125668 384385 6222891216 386397 59848085115 59848085115 0 13747077 338707716 21.288279 3439 3439 28172288 14913189 6105 7458 0.512821 11 90112 63907 2 16384 8543 1 8192 14914 0 0 0
1709868241649021 12 0 10 2 12 72 60 0 57 0 0 3 0 2 2 0 100 103 98 0 0 0 1366802 14422697 0 14383889 6142685 387909 6283108828 389800 59848085115 59848085115 0 13747077 338707716 21.288015 3439 3439 28172288 14913189 6105 7327 0.512821 12 98304 69415 2 16384 8543 1 8192 14914 0 0 0
1709868276139451 10 0 8 2 10 72 62 0 59 0 0 3 0 2 2 0 100 103 98 0 0 0 1366804 14422782 0 14383889 6156017 388199 6317584613 390502 59848085115 59848085115 0 13747077 338707716 21.287897 3439 3439 28172288 14913189 6105 7266 0.512821 10 81920 60680 2 16384 8543 1 8192 14914 0 0 0
1709868281941326 11 0 9 2 11 74 63 0 60 0 0 3 0 2 2 0 100 103 98 0 0 0 1366810 14422821 0 14383889 6170174 388380 6323371798 390616 59848085115 59848085115 0 13747077 338707716 21.287837 3439 3439 28172288 14913189 6105 7208 0.512821 11 90112 64096 2 16384 8543 1 8192 14914 0 0 0
1709868331143936 10 0 8 2 10 75 65 0 62 0 0 3 0 2 2 0 100 103 98 0 0 0 1366823 14422972 0 14383889 6173948 392023 6372563893 393280 59848085115 59848085115 0 13747077 338707716 21.287615 3439 3439 28172288 14913189 6105 7101 0.512821 10 81920 58310 2 16384 8543 1 8192 14914 0 0 0
1709868351034282 10 0 8 2 10 76 66 0 63 0 0 3 0 2 2 0 100 103 98 0 0 0 1366826 14423039 0 14383889 6214236 392288 6392411151 395574 59848085115 59848085115 0 13747077 338707716 21.287521 3439 3439 28172288 14913189 6105 7052 0.512821 10 81920 47650 2 16384 8543 1 8192 5828 0 0 0
1709868456336626 10 0 8 2 10 77 67 0 64 0 0 3 0 2 2 0 100 103 98 0 0 0 1366840 14423327 0 14383889 6275864 399333 6497640127 399624 59848085115 59848085115 0 13747077 338707716 21.287114 3439 3439 28172288 14913189 6105 6918 0.512821 10 81920 49367 2 16384 8543 1 8192 5908 0 0 0
1709868521251267 11 0 9 2 11 80 69 0 66 0 0 3 0 2 2 0 100 103 98 0 0 0 1366848 14423540 0 14383889 6469951 403159 6562350952 404999 59848085115 59848085115 0 13747077 338707716 21.286816 3439 3439 28172288 14913189 6105 6840 0.512821 11 90112 56590 2 16384 8543 1 8192 7276 0 0 0
1709868526500075 12 0 10 2 12 81 69 0 66 0 0 3 0 2 2 0 100 103 98 0 0 0 1366850 14423567 0 14383889 6509668 403268 6567559645 405105 59848085115 59848085115 0 13747077 338707716 21.286777 3439 3439 28172288 14913189 6105 6804 0.512821 12 98304 60817 2 16384 8543 1 8192 7276 0 0 0
1709868531974136 13 0 11 2 13 82 69 0 66 0 0 3 0 2 2 0 100 103 98 0 0 0 1366852 14423592 0 14383889 6530636 403394 6573012330 405189 59848085115 59848085115 0 13747077 338707716 21.286740 3439 3439 28172288 14913189 6105 6770 0.512821 13 106496 66831 2 16384 8543 1 8192 7276 0 0 0
1709868541121338 14 0 12 2 14 83 69 0 66 0 0 3 0 2 2 0 100 103 98 0 0 0 1366855 14423630 0 14383889 6570928 408165 6582111955 407473 59848085115 59848085115 0 13747077 338707716 21.286685 3439 3439 28172288 14913189 6105 6706 0.512821 14 114688 71069 2 16384 8543 1 8192 7276 0 0 0
1709868596588378 12 0 10 2 12 84 72 0 69 0 0 3 0 2 2 0 100 103 98 0 0 0 1366865 14423789 0 14383889 6611749 411441 6637533289 408626 59848085115 59848085115 0 13747077 338707716 21.286457 3439 3439 28172288 14913189 6105 6648 0.512821 12 98304 59108 2 16384 8543 1 8192 7276 0 0 0
1709868701005169 11 0 9 2 11 85 74 0 71 0 0 3 0 2 2 0 100 103 98 0 0 0 1366882 14424058 0 14383889 6657552 415014 6741894055 414620 59848085115 59848085115 0 13747077 338707716 21.286072 3439 3439 28172288 14913189 6105 6596 0.512821 11 90112 55118 2 16384 8543 1 8192 7276 0 0 0
1709868736651121 12 0 10 2 12 86 74 0 71 0 0 3 0 2 2 0 100 103 98 0 0 0 1366885 14424163 0 14383889 6697609 417752 6777494504 416968 59848085115 59848085115 0 13747077 338707716 21.285926 3439 3439 28172288 14913189 6105 6549 0.512821 12 98304 59441 2 16384 8543 1 8192 7276 0 0 0
1709868751319838 12 0 10 2 12 86 74 0 71 0 0 3 0 2 2 0 100 103 98 0 0 0 1366887 14424197 0 14383889 6730793 417893 6792129357 417314 59848085115 59848085115 0 13747077 338707716 21.285878 3439 3439 28172288 14913189 6105 6527 0.512821 12 98304 59441 2 16384 8543 1 8192 7276 0 0 0
1709868791728908 12 0 10 2 12 88 76 0 73 0 0 3 0 2 2 0 100 103 98 0 0 0 1366899 14424327 0 14383889 6771722 423278 6832489338 419675 59848085115 59848085115 0 13747077 338707716 21.285686 3439 3439 28172288 14913189 6105 6486 0.512821 12 98304 56706 2 16384 8543 1 8192 7276 0 0 0
1709868819361766 12 0 10 2 12 88 76 0 73 0 0 3 0 2 2 1 100 103 98 0 0 0 1366900 14424396 0 14383889 6771902 423553 6860101035 420289 62313270785 59848085115 0 13747077 338707716 21.285592 3439 3439 28172288 14913189 6105 6467 0.512821 12 98304 56706 2 16384 8543 1 8192 7276 0 0 0
1709868839665720 9 0 8 1 9 89 80 0 77 0 0 3 0 1 1 0 100 103 99 0 0 0 1366902 14656507 0 14615860 6808900 426629 6880151908 420988 62313270785 62313270785 0 13747077 348779696 21.576711 3557 3557 29138944 15427435 7243 6473 0.513314 9 73728 40506 1 8192 4317 1 8192 5508 0 0 0
1709868844900012 9 0 8 1 9 90 81 0 78 0 0 3 0 1 1 0 100 103 99 0 0 0 1366902 14656533 0 14615860 6966459 426823 6885228186 421075 62313270785 62313270785 0 13747077 348779696 21.576676 3557 3557 29138944 15427435 7243 6512 0.512867 9 73728 41052 1 8192 4317 1 8192 5508 0 0 0
1709868874333360 10 0 9 1 10 91 81 0 78 0 0 3 0 1 1 0 100 103 99 0 0 0 1366909 14656611 0 14615860 7676899 427151 6913948567 422973 62313270785 62313270785 0 13747077 348779696 21.576562 3557 3557 29138944 15427435 7243 6549 0.512821 10 81920 45548 1 8192 4317 1 8192 5508 0 0 0
1709868889726750 13 0 12 1 13 94 81 0 78 0 0 3 0 1 1 0 100 103 99 0 0 0 1366917 14656669 0 14615860 7756588 427463 6929261348 423291 62313270785 62313270785 0 13747077 348779696 21.576473 3557 3557 29138944 15427435 7243 6584 0.512821 13 106496 58666 1 8192 4317 1 8192 5508 0 0 0
1709868929169455 12 0 11 1 12 94 82 0 79 0 0 3 0 1 1 0 100 103 99 0 0 0 1366923 14656768 0 14615860 7796246 430352 6968658935 425539 62313270785 62313270785 0 13747077 348779696 21.576332 3557 3557 29138944 15427435 7243 6649 0.512821 12 98304 54427 1 8192 4317 1 8192 5508 0 0 0
1709868949122081 15 0 14 1 15 97 82 0 79 0 0 3 0 1 1 0 100 103 99 0 0 0 1366929 14656843 0 14615860 7852027 430736 6988554728 425920 62313270785 62313270785 0 13747077 348779696 21.576223 3557 3557 29138944 15427435 7243 6679 0.512821 15 122880 78503 1 8192 4317 1 8192 14914 0 0 0
1709869024463543 15 0 14 1 15 98 83 0 80 0 0 3 0 1 1 0 100 103 99 0 0 0 1366943 14657037 0 14615860 7998248 437477 7063739420 429219 62313270785 62313270785 0 13747077 348779696 21.575943 3557 3557 29138944 15427435 7243 6761 0.512821 15 122880 77832 1 8192 4317 1 8192 14914 0 0 0
1709869089601091 15 0 14 1 15 100 85 0 82 0 0 3 0 1 1 0 100 103 99 0 0 0 1366961 14657227 0 14615860 8102232 441200 7128765666 432258 62313270785 62313270785 0 13747077 348779696 21.575663 3557 3557 29138944 15427435 7243 6809 0.512821 15 122880 77786 1 8192 4317 1 8192 14914 0 0 0
1709869194144027 8 0 7 1 8 101 93 0 90 0 0 3 0 1 1 0 100 103 99 0 0 0 1366982 14657484 0 14615860 8498529 444809 7232878088 462246 62313270785 62313270785 0 13747077 348779696 21.575288 3557 3557 29138944 15427435 7243 6852 0.512821 8 65536 45613 1 8192 4317 1 8192 14914 0 0 0
1709869204950490 9 0 8 1 9 102 93 0 90 0 0 3 0 1 1 0 100 103 99 0 0 0 1366986 14657523 0 14615860 8533382 451073 7243642980 462451 62313270785 62313270785 0 13747077 348779696 21.575230 3557 3557 29138944 15427435 7243 6891 0.512821 9 73728 49825 1 8192 4317 1 8192 14914 0 0 0
1709869214293991 10 0 9 1 10 103 93 0 90 0 0 3 0 1 1 0 100 103 99 0 0 0 1366989 14657552 0 14615860 8676829 452139 7252841587 462658 62313270785 62313270785 0 13747077 348779696 21.575187 3557 3557 29138944 15427435 7243 6909 0.512821 10 81920 54474 1 8192 4317 1 8192 14914 0 0 0
1709869279549049 8 0 7 1 8 104 96 0 93 0 0 3 0 1 1 0 100 103 99 0 0 0 1366995 14657702 0 14615860 8695631 455670 7318070833 465676 62313270785 62313270785 0 13747077 348779696 21.574977 3557 3557 29138944 15427435 7243 6942 0.512821 8 65536 36412 1 8192 4317 1 8192 6014 0 0 0
1709869289108460 8 0 7 1 8 104 96 0 93 0 0 3 0 1 1 0 100 103 99 0 0 0 1366996 14657723 0 14615860 8736143 455759 7327589226 465893 62313270785 62313270785 0 13747077 348779696 21.574948 3557 3557 29138944 15427435 7243 6958 0.512821 8 65536 36412 1 8192 4317 1 8192 6014 0 0 0
1709869294123242 10 0 9 1 10 106 96 0 93 0 0 3 0 1 1 0 100 103 99 0 0 0 1367001 14657753 0 14615860 8878125 455922 7332461551 466002 62313270785 62313270785 0 13747077 348779696 21.574900 3557 3557 29138944 15427435 7243 6973 0.512821 10 81920 45147 1 8192 4317 1 8192 6014 0 0 0
1709869344076078 9 0 8 1 9 107 98 0 95 0 0 3 0 1 1 0 100 103 99 0 0 0 1367008 14657876 0 14615860 8923279 459027 7382362828 468873 62313270785 62313270785 0 13747077 348779696 21.574725 3557 3557 29138944 15427435 7243 7000 0.512821 9 73728 41671 1 8192 4317 1 8192 6014 0 0 0
1709869364954430 10 0 9 1 10 108 98 0 95 0 0 3 0 1 1 0 100 103 99 0 0 0 1367013 14657926 0 14615860 8939717 459255 7403222318 470819 62313270785 62313270785 0 13747077 348779696 21.574651 3557 3557 29138944 15427435 7243 7013 0.512821 10 81920 47179 1 8192 4317 1 8192 6014 0 0 0
1709869374095007 10 0 9 1 10 108 98 0 95 0 0 3 0 1 1 0 100 103 99 0 0 0 1367015 14657944 0 14615860 8978615 459325 7412323582 470992 62313270785 62313270785 0 13747077 348779696 21.574624 3557 3557 29138944 15427435 7243 7025 0.512821 10 81920 47179 1 8192 4317 1 8192 6014 0 0 0
1709869409879009 12 0 11 1 12 111 99 0 96 0 0 3 0 1 1 0 100 103 99 0 0 0 1367022 14658055 0 14615860 9134648 462068 7447947649 471830 62313270785 62313270785 0 13747077 348779696 21.574466 3557 3557 29138944 15427435 7243 7047 0.512821 12 98304 58022 1 8192 4317 1 8192 6014 0 0 0
1709869449571070 13 0 12 1 13 112 99 0 96 0 0 3 0 1 1 0 100 103 99 0 0 0 1367030 14658157 0 14615860 9174855 465504 7487591675 475901 62313270785 62313270785 0 13747077 348779696 21.574318 3557 3557 29138944 15427435 7243 7067 0.512821 13 106496 62260 1 8192 4317 1 8192 6014 0 0 0
1709869459764092 14 0 13 1 14 113 99 0 96 0 0 3 0 1 1 0 100 103 99 0 0 0 1367034 14658184 0 14615860 9219220 465650 7497739813 476085 62313270785 62313270785 0 13747077 348779696 21.574276 3557 3557 29138944 15427435 7243 7076 0.512821 14 114688 67449 1 8192 4317 1 8192 6014 0 0 0
1709869474025155 15 0 14 1 15 114 99 0 96 0 0 3 0 1 1 0 100 103 99 0 0 0 1367042 14658230 0 14615860 9357038 465864 7511862245 476390 62313270785 62313270785 0 13747077 348779696 21.574203 3557 3557 29138944 15427435 7243 7085 0.512821 15 122880 71967 1 8192 4317 1 8192 6014 0 0 0
1709869514749401 13 0 12 1 13 115 102 0 99 0 0 3 0 1 1 0 100 103 99 0 0 0 1367049 14658332 0 14615860 9370997 468868 7552566949 478645 62313270785 62313270785 0 13747077 348779696 21.574056 3557 3557 29138944 15427435 7243 7101 0.512821 13 106496 64475 1 8192 4317 1 8192 6014 0 0 0
1709869529850775 14 0 13 1 14 116 102 0 99 0 0 3 0 1 1 0 100 103 99 0 0 0 1367052 14658375 0 14615860 9411028 469080 7567627445 478980 62313270785 62313270785 0 13747077 348779696 21.573994 3557 3557 29138944 15427435 7243 7109 0.512821 14 114688 68713 1 8192 4317 1 8192 6014 0 0 0
1709869579628078 14 0 13 1 14 117 103 0 100 0 0 3 0 1 1 0 100 103 99 0 0 0 1367058 14658494 0 14615860 9427302 472326 7617382095 481689 62313270785 62313270785 0 13747077 348779696 21.573826 3557 3557 29138944 15427435 7243 7123 0.512821 14 114688 67266 1 8192 4317 1 8192 5970 0 0 0
1709869689523759 10 0 9 1 10 118 108 0 105 0 0 3 0 1 1 0 100 103 99 0 0 0 1367073 14658773 0 14615860 9508659 478729 7727183532 487459 62313270785 62313270785 0 13747077 348779696 21.573430 3557 3557 29138944 15427435 7243 7141 0.512821 10 81920 47745 1 8192 4317 1 8192 5970 0 0 0
1709869724309215 10 0 9 1 10 120 110 0 107 0 0 3 0 1 1 0 100 103 99 0 0 0 1367081 14658874 0 14615860 9525798 479154 7761950352 488183 62313270785 62313270785 0 13747077 348779696 21.573284 3557 3557 29138944 15427435 7243 7147 0.512821 10 81920 46765 1 8192 4317 1 8192 5582 0 0 0
1709869749062407 9 0 8 1 9 120 111 0 108 0 0 3 0 1 1 0 100 103 99 0 0 0 1367083 14658929 0 14615860 9679708 482304 7786541605 492863 62313270785 62313270785 0 13747077 348779696 21.573207 3557 3557 29138944 15427435 7243 7157 0.512821 9 73728 42527 1 8192 4317 1 8192 5582 0 0 0
1709869759253095 10 0 9 1 10 122 112 0 109 0 0 3 0 1 1 0 100 103 99 0 0 0 1367088 14658967 0 14615860 9724367 482471 7796687089 493040 62313270785 62313270785 0 13747077 348779696 21.573149 3557 3557 29138944 15427435 7243 7162 0.512821 10 81920 46812 1 8192 4317 1 8192 5582 0 0 0
1709869854887056 8 0 7 1 8 123 115 0 112 0 0 3 0 1 1 0 100 103 99 0 0 0 1367108 14659200 0 14615860 9764563 486502 7892273012 496293 62313270785 62313270785 0 13747077 348779696 21.572808 3557 3557 29138944 15427435 7243 7171 0.512821 8 65536 37057 1 8192 4317 1 8192 5508 0 0 0
1709869869737523 10 0 9 1 10 125 115 0 112 0 0 3 0 1 1 0 100 103 99 0 0 0 1367116 14659259 0 14615860 9936548 489205 7906946231 498555 62313270785 62313270785 0 13747077 348779696 21.572718 3557 3557 29138944 15427435 7243 7179 0.512821 10 81920 49017 1 8192 4317 1 8192 6452 0 0 0
1709869879473012 12 0 11 1 12 127 115 0 112 0 0 3 0 1 1 0 100 103 99 0 0 0 1367123 14659308 0 14615860 10013725 489462 7916603734 498801 62313270785 62313270785 0 13747077 348779696 21.572643 3557 3557 29138944 15427435 7243 7183 0.512821 12 98304 608364 1 8192 4317 1 8192 553439 0 0 0
1709869909025889 11 0 10 1 11 127 116 0 113 0 0 3 0 1 1 0 100 103 99 0 0 0 1367130 14659366 0 14615860 10053078 489687 7946116232 499362 62313270785 62313270785 0 13747077 348779696 21.572555 3557 3557 29138944 15427435 7243 7186 0.512821 11 90112 603797 1 8192 4317 1 8192 553439 0 0 0
1709869919146906 13 0 12 1 13 129 116 0 113 0 0 3 0 1 1 0 100 103 99 0 0 0 1367136 14659404 0 14615860 10097131 492614 7956189800 499577 62313270785 62313270785 0 13747077 348779696 21.572496 3557 3557 29138944 15427435 7243 7192 0.512821 13 106496 612327 1 8192 4317 1 8192 553439 0 0 0
1709869954887875 14 0 13 1 14 130 116 0 113 0 0 3 0 1 1 0 100 103 99 0 0 0 1367142 14659491 0 14615860 10110628 493026 7991914304 501829 62313270785 62313270785 0 13747077 348779696 21.572371 3557 3557 29138944 15427435 7243 7195 0.512821 14 114688 617450 1 8192 4317 1 8192 553439 0 0 0
1709869979169126 15 0 14 1 15 131 116 0 113 0 0 3 0 1 1 0 100 103 99 0 0 0 1367148 14659564 0 14615860 10127226 496559 8016174644 502318 62313270785 62313270785 0 13747077 348779696 21.572265 3557 3557 29138944 15427435 7243 7201 0.512821 15 122880 622233 1 8192 4317 1 8192 553439 0 0 0
1709870004302653 13 0 12 1 13 131 118 0 115 0 0 3 0 1 1 0 100 103 99 0 0 0 1367152 14659626 0 14615860 10172106 496841 8041260194 504846 62313270785 62313270785 0 13747077 348779696 21.572176 3557 3557 29138944 15427435 7243 7204 0.512821 13 106496 613625 1 8192 4317 1 8192 553439 0 0 0
1709870014898302 15 0 14 1 15 133 118 0 115 0 0 3 0 1 1 0 100 103 99 0 0 0 1367157 14659666 0 14615860 10214360 497055 8051812926 505055 62313270785 62313270785 0 13747077 348779696 21.572115 3557 3557 29138944 15427435 7243 7206 0.512821 15 122880 623247 1 8192 4317 1 8192 553439 0 0 0
1709870046779206 14 0 13 1 14 133 119 0 116 0 0 3 0 1 1 1 100 103 99 0 0 0 1367162 14659731 0 14615860 10214871 502990 8083584072 507537 67447873658 62313270785 0 13747077 348779696 21.572021 3557 3557 29138944 15427435 7243 7210 0.512821 14 114688 617739 1 8192 4317 1 8192 553439 0 0 0
1709870047916030 0 0 0 0 0 133 133 14 116 0 0 3 0 0 0 0 100 103 100 0 0 0 1367162 15793452 0 15749484 10315645 503025 8083584072 507537 67447873658 67447873658 0 13747077 358865836 20.707381 3557 3557 29138944 15427435 7243 7214 0.537179 0 0 0 0 0 0 0 0 0 0 0 0
