2024/03/10 12:26:19.50 work_queue_worker[18] debug: ./work_queue_worker version 8.0.0 DEVELOPMENT (released 2024-01-31 18:33:01 -0600)
2024/03/10 12:26:19.50 work_queue_worker[18] debug: Built by sunrise1001@ap21.uc.osg-htc.org on 2024-01-31 18:33:01 -0600
2024/03/10 12:26:19.50 work_queue_worker[18] debug: System: Linux ap21.uc.osg-htc.org 5.4.240-1.el8.elrepo.x86_64 #1 SMP Tue Apr 4 13:26:38 EDT 2023 x86_64 x86_64 x86_64 GNU/Linux
2024/03/10 12:26:19.50 work_queue_worker[18] debug: Configuration: --prefix /home/sunrise1001/cctools
2024/03/10 12:26:19.50 work_queue_worker[18] wq: WORK_QUEUE_SANDBOX set to /srv/worker-12740-18.
2024/03/10 12:26:19.50 work_queue_worker[18] debug: error reading disk usage on directory: ./cache.
2024/03/10 12:26:19.50 work_queue_worker[18] wq: querying catalog for managers with project=joyboy-32
2024/03/10 12:26:19.50 work_queue_worker[18] debug: trying catalog query: http://catalog.cse.nd.edu:9097/query/dHJ1ZQ==
2024/03/10 12:26:19.50 work_queue_worker[18] http: connect catalog.cse.nd.edu port 9097
2024/03/10 12:26:19.50 work_queue_worker[18] dns: looking up name catalog.cse.nd.edu
2024/03/10 12:26:19.50 work_queue_worker[18] dns: catalog.cse.nd.edu is 129.74.152.177
2024/03/10 12:26:19.50 work_queue_worker[18] tcp: connecting to 129.74.152.177 port 9097
2024/03/10 12:26:19.52 work_queue_worker[18] tcp: made connection to 129.74.152.177 port 9097
2024/03/10 12:26:19.52 work_queue_worker[18] http: GET /query/dHJ1ZQ== HTTP/1.1
Connection: close
Host: catalog.cse.nd.edu
User-Agent: Mozilla/5.0 (compatible; CCTools 8.0.0 DEVELOPMENT Parrot; http://ccl.cse.nd.edu/)
2024/03/10 12:26:19.53 work_queue_worker[18] http: HTTP/1.1 200 OK
2024/03/10 12:26:19.53 work_queue_worker[18] http: Date: Sun Mar 10 08:26:19 2024
2024/03/10 12:26:19.53 work_queue_worker[18] http: Server: catalog_server
2024/03/10 12:26:19.53 work_queue_worker[18] http: Connection: close
2024/03/10 12:26:19.53 work_queue_worker[18] http: Access-Control-Allow-Origin: *
2024/03/10 12:26:19.53 work_queue_worker[18] http: Content-type: text/plain; charset=utf-8
2024/03/10 12:26:19.53 work_queue_worker[18] http:
2024/03/10 12:26:19.61 work_queue_worker[18] tcp: disconnected from 129.74.152.177 port 9097
2024/03/10 12:26:19.61 work_queue_worker[18] wq: project name joyboy-32 matches 0 managers
2024/03/10 12:26:21.61 work_queue_worker[18] wq: project name joyboy-32 matches 0 managers
2024/03/10 12:26:25.62 work_queue_worker[18] debug: error reading disk usage on directory: ./cache.
2024/03/10 12:26:25.62 work_queue_worker[18] wq: project name joyboy-32 matches 0 managers
2024/03/10 12:26:33.62 work_queue_worker[18] debug: error reading disk usage on directory: ./cache.
2024/03/10 12:26:33.62 work_queue_worker[18] wq: project name joyboy-32 matches 0 managers
2024/03/10 12:26:49.62 work_queue_worker[18] debug: error reading disk usage on directory: ./cache.
2024/03/10 12:26:49.62 work_queue_worker[18] wq: project name joyboy-32 matches 0 managers
2024/03/10 12:27:21.62 work_queue_worker[18] debug: error reading disk usage on directory: ./cache.
2024/03/10 12:27:21.62 work_queue_worker[18] wq: querying catalog for managers with project=joyboy-32
2024/03/10 12:27:21.62 work_queue_worker[18] debug: trying catalog query: http://catalog.cse.nd.edu:9097/query/dHJ1ZQ==
2024/03/10 12:27:21.62 work_queue_worker[18] http: connect catalog.cse.nd.edu port 9097
2024/03/10 12:27:21.62 work_queue_worker[18] tcp: connecting to 129.74.152.177 port 9097
2024/03/10 12:27:21.63 work_queue_worker[18] tcp: made connection to 129.74.152.177 port 9097
2024/03/10 12:27:21.63 work_queue_worker[18] http: GET /query/dHJ1ZQ== HTTP/1.1
Connection: close
Host: catalog.cse.nd.edu
User-Agent: Mozilla/5.0 (compatible; CCTools 8.0.0 DEVELOPMENT Parrot; http://ccl.cse.nd.edu/)
2024/03/10 12:27:21.65 work_queue_worker[18] http: HTTP/1.1 200 OK
2024/03/10 12:27:21.65 work_queue_worker[18] http: Date: Sun Mar 10 08:27:21 2024
2024/03/10 12:27:21.65 work_queue_worker[18] http: Server: catalog_server
2024/03/10 12:27:21.65 work_queue_worker[18] http: Connection: close
2024/03/10 12:27:21.65 work_queue_worker[18] http: Access-Control-Allow-Origin: *
2024/03/10 12:27:21.65 work_queue_worker[18] http: Content-type: text/plain; charset=utf-8
2024/03/10 12:27:21.65 work_queue_worker[18] http:
2024/03/10 12:27:21.77 work_queue_worker[18] tcp: disconnected from 129.74.152.177 port 9097
2024/03/10 12:27:21.77 work_queue_worker[18] wq: project name joyboy-32 matches 0 managers
2024/03/10 12:28:21.77 work_queue_worker[18] debug: error reading disk usage on directory: ./cache.
2024/03/10 12:28:21.77 work_queue_worker[18] wq: querying catalog for managers with project=joyboy-32
2024/03/10 12:28:21.77 work_queue_worker[18] debug: trying catalog query: http://catalog.cse.nd.edu:9097/query/dHJ1ZQ==
2024/03/10 12:28:21.77 work_queue_worker[18] http: connect catalog.cse.nd.edu port 9097
2024/03/10 12:28:21.77 work_queue_worker[18] tcp: connecting to 129.74.152.177 port 9097
2024/03/10 12:28:21.78 work_queue_worker[18] tcp: made connection to 129.74.152.177 port 9097
2024/03/10 12:28:21.78 work_queue_worker[18] http: GET /query/dHJ1ZQ== HTTP/1.1
Connection: close
Host: catalog.cse.nd.edu
User-Agent: Mozilla/5.0 (compatible; CCTools 8.0.0 DEVELOPMENT Parrot; http://ccl.cse.nd.edu/)
2024/03/10 12:28:21.80 work_queue_worker[18] http: HTTP/1.1 200 OK
2024/03/10 12:28:21.80 work_queue_worker[18] http: Date: Sun Mar 10 08:28:21 2024
2024/03/10 12:28:21.80 work_queue_worker[18] http: Server: catalog_server
2024/03/10 12:28:21.80 work_queue_worker[18] http: Connection: close
2024/03/10 12:28:21.80 work_queue_worker[18] http: Access-Control-Allow-Origin: *
2024/03/10 12:28:21.80 work_queue_worker[18] http: Content-type: text/plain; charset=utf-8
2024/03/10 12:28:21.80 work_queue_worker[18] http:
2024/03/10 12:28:21.91 work_queue_worker[18] tcp: disconnected from 129.74.152.177 port 9097
2024/03/10 12:28:21.91 work_queue_worker[18] wq: project name joyboy-32 matches 0 managers
2024/03/10 12:29:21.91 work_queue_worker[18] debug: error reading disk usage on directory: ./cache.
2024/03/10 12:29:21.91 work_queue_worker[18] wq: querying catalog for managers with project=joyboy-32
2024/03/10 12:29:21.91 work_queue_worker[18] debug: trying catalog query: http://catalog.cse.nd.edu:9097/query/dHJ1ZQ==
2024/03/10 12:29:21.91 work_queue_worker[18] http: connect catalog.cse.nd.edu port 9097
2024/03/10 12:29:21.91 work_queue_worker[18] tcp: connecting to 129.74.152.177 port 9097
2024/03/10 12:29:21.92 work_queue_worker[18] tcp: made connection to 129.74.152.177 port 9097
2024/03/10 12:29:21.92 work_queue_worker[18] http: GET /query/dHJ1ZQ== HTTP/1.1
Connection: close
Host: catalog.cse.nd.edu
User-Agent: Mozilla/5.0 (compatible; CCTools 8.0.0 DEVELOPMENT Parrot; http://ccl.cse.nd.edu/)
2024/03/10 12:29:21.94 work_queue_worker[18] http: HTTP/1.1 200 OK
2024/03/10 12:29:21.94 work_queue_worker[18] http: Date: Sun Mar 10 08:29:21 2024
2024/03/10 12:29:21.94 work_queue_worker[18] http: Server: catalog_server
2024/03/10 12:29:21.94 work_queue_worker[18] http: Connection: close
2024/03/10 12:29:21.94 work_queue_worker[18] http: Access-Control-Allow-Origin: *
2024/03/10 12:29:21.94 work_queue_worker[18] http: Content-type: text/plain; charset=utf-8
2024/03/10 12:29:21.94 work_queue_worker[18] http:
2024/03/10 12:29:22.03 work_queue_worker[18] tcp: disconnected from 129.74.152.177 port 9097
2024/03/10 12:29:22.04 work_queue_worker[18] wq: project name joyboy-32 matches 0 managers
2024/03/10 12:30:22.04 work_queue_worker[18] debug: error reading disk usage on directory: ./cache.
2024/03/10 12:30:22.04 work_queue_worker[18] wq: querying catalog for managers with project=joyboy-32
2024/03/10 12:30:22.04 work_queue_worker[18] debug: trying catalog query: http://catalog.cse.nd.edu:9097/query/dHJ1ZQ==
2024/03/10 12:30:22.04 work_queue_worker[18] http: connect catalog.cse.nd.edu port 9097
2024/03/10 12:30:22.04 work_queue_worker[18] tcp: connecting to 129.74.152.177 port 9097
2024/03/10 12:30:22.05 work_queue_worker[18] tcp: made connection to 129.74.152.177 port 9097
2024/03/10 12:30:22.05 work_queue_worker[18] http: GET /query/dHJ1ZQ== HTTP/1.1
Connection: close
Host: catalog.cse.nd.edu
User-Agent: Mozilla/5.0 (compatible; CCTools 8.0.0 DEVELOPMENT Parrot; http://ccl.cse.nd.edu/)
2024/03/10 12:30:22.06 work_queue_worker[18] http: HTTP/1.1 200 OK
2024/03/10 12:30:22.06 work_queue_worker[18] http: Date: Sun Mar 10 08:30:22 2024
2024/03/10 12:30:22.06 work_queue_worker[18] http: Server: catalog_server
2024/03/10 12:30:22.06 work_queue_worker[18] http: Connection: close
2024/03/10 12:30:22.06 work_queue_worker[18] http: Access-Control-Allow-Origin: *
2024/03/10 12:30:22.06 work_queue_worker[18] http: Content-type: text/plain; charset=utf-8
2024/03/10 12:30:22.06 work_queue_worker[18] http:
2024/03/10 12:30:22.18 work_queue_worker[18] tcp: disconnected from 129.74.152.177 port 9097
2024/03/10 12:30:22.18 work_queue_worker[18] wq: project name joyboy-32 matches 0 managers
2024/03/10 12:31:22.19 work_queue_worker[18] debug: error reading disk usage on directory: ./cache.
2024/03/10 12:31:22.19 work_queue_worker[18] wq: querying catalog for managers with project=joyboy-32
2024/03/10 12:31:22.19 work_queue_worker[18] debug: trying catalog query: http://catalog.cse.nd.edu:9097/query/dHJ1ZQ==
2024/03/10 12:31:22.19 work_queue_worker[18] http: connect catalog.cse.nd.edu port 9097
2024/03/10 12:31:22.19 work_queue_worker[18] dns: looking up name catalog.cse.nd.edu
2024/03/10 12:31:22.19 work_queue_worker[18] dns: catalog.cse.nd.edu is 129.74.152.177
2024/03/10 12:31:22.19 work_queue_worker[18] tcp: connecting to 129.74.152.177 port 9097
2024/03/10 12:31:22.20 work_queue_worker[18] tcp: made connection to 129.74.152.177 port 9097
2024/03/10 12:31:22.20 work_queue_worker[18] http: GET /query/dHJ1ZQ== HTTP/1.1
Connection: close
Host: catalog.cse.nd.edu
User-Agent: Mozilla/5.0 (compatible; CCTools 8.0.0 DEVELOPMENT Parrot; http://ccl.cse.nd.edu/)
2024/03/10 12:31:22.21 work_queue_worker[18] http: HTTP/1.1 200 OK
2024/03/10 12:31:22.21 work_queue_worker[18] http: Date: Sun Mar 10 08:31:22 2024
2024/03/10 12:31:22.21 work_queue_worker[18] http: Server: catalog_server
2024/03/10 12:31:22.21 work_queue_worker[18] http: Connection: close
2024/03/10 12:31:22.21 work_queue_worker[18] http: Access-Control-Allow-Origin: *
2024/03/10 12:31:22.21 work_queue_worker[18] http: Content-type: text/plain; charset=utf-8
2024/03/10 12:31:22.21 work_queue_worker[18] http:
2024/03/10 12:31:22.30 work_queue_worker[18] tcp: disconnected from 129.74.152.177 port 9097
2024/03/10 12:31:22.30 work_queue_worker[18] wq: project name joyboy-32 matches 0 managers
2024/03/10 12:31:22.30 work_queue_worker[18] notice: stopping: could not connect after 300 seconds.
