# timestamp workers_connected workers_init workers_idle workers_busy workers_able workers_joined workers_removed workers_released workers_idled_out workers_blocked workers_fast_aborted workers_lost tasks_waiting tasks_on_workers tasks_running tasks_with_results tasks_submitted tasks_dispatched tasks_done tasks_failed tasks_cancelled tasks_exhausted_attempts time_send time_receive time_send_good time_receive_good time_status_msgs time_internal time_polling time_application time_execute time_execute_good time_execute_exhaustion bytes_sent bytes_received bandwidth capacity_tasks capacity_cores capacity_memory capacity_disk capacity_instantaneous capacity_weighted manager_load total_cores total_memory total_disk committed_cores committed_memory committed_disk max_cores max_memory max_disk min_cores min_memory min_disk
1709882047271827 0 0 0 0 0 0 0 0 0 0 0 0 32 0 0 0 32 0 0 0 0 0 0 0 0 0 0 0 0 0 0 0 0 0 0 1.000000 10 10 5120 10240 10 10 0.000000 0 0 0 0 0 0 0 0 0 0 0 0
1709882073949022 1 0 0 1 1 1 0 0 0 0 0 0 31 1 0 0 32 0 0 0 0 0 5835 168 0 0 2081 3154 26662966 9618 0 0 0 133467 0 1.000000 10 10 5120 10240 10 10 0.479134 1 8192 5333 0 0 0 1 8192 5333 0 0 0
1709882079767150 2 0 0 2 2 2 0 0 0 0 0 0 30 2 1 0 32 1 0 0 0 0 22089 225 0 0 155376 3356 32157809 9714 0 0 0 266934 0 1.000000 10 10 5120 10240 10 10 0.483067 2 16384 9546 1 8192 5333 1 8192 5333 0 0 0
1709882136786658 3 0 0 3 3 3 0 0 0 0 0 0 29 3 2 0 32 2 0 0 0 0 293187 696 0 0 197342 8142 89009033 12936 0 0 0 400401 0 1.000000 10 10 5120 10240 10 10 0.487160 3 24576 13794 2 16384 9546 1 8192 5333 0 0 0
1709882179057134 4 0 0 4 4 4 0 0 0 0 0 0 28 4 3 0 32 3 0 0 0 0 413703 1092 0 0 239270 11256 131112223 14150 0 0 0 533868 0 1.000000 10 10 5120 10240 10 10 0.487101 4 32768 18118 3 24576 13794 1 8192 5333 0 0 0
1709882184166045 7 0 0 7 7 7 0 0 0 0 0 0 25 7 7 1 37 12 5 0 0 0 634729 412868 0 411359 468119 11929 135335554 18031 10575098 9120315 0 1601604 741925 2.133419 10 10 81920 43280 11 11 0.497589 7 57344 31020 7 57344 31020 1 8192 5333 0 0 0
1709882191160945 7 0 0 7 7 7 0 0 0 0 0 0 25 7 7 1 44 19 12 0 0 0 712475 972166 0 970145 607664 12328 141551140 20371 24023303 22028612 0 2535869 1889664 2.505292 11 11 90112 47440 9 13 0.505668 7 57344 31020 7 57344 31020 1 8192 5333 0 0 0
1709882197026341 7 0 0 7 7 7 0 0 0 0 0 0 25 7 7 0 46 21 14 0 0 0 769921 1131207 0 1128982 647459 12539 147179053 21093 25505972 25505972 0 2802803 2180936 2.500023 11 11 90112 47314 12 13 0.509105 7 57344 31020 7 57344 31020 1 8192 5333 0 0 0
1709882202070669 12 0 0 12 12 12 0 0 0 0 0 0 20 12 12 0 46 26 14 0 0 0 1305005 1131394 0 1128982 762437 13280 151571985 21247 25505972 25505972 0 3470138 2180936 2.211988 10 10 81920 42968 9 13 0.486489 12 98304 56860 12 98304 56860 1 8192 7865 0 0 0
1709882207077128 25 0 0 25 25 25 0 0 0 0 0 0 7 25 24 1 60 53 28 0 0 0 2630646 1996342 0 1992654 1571118 14599 153552865 26067 55416618 53590849 0 7073741 4645502 2.415468 12 12 98304 55254 10 21 0.478707 25 204800 113373 25 204800 113373 1 8192 7865 0 0 0
1709882212091074 30 0 0 30 30 30 0 0 0 0 0 0 2 30 29 1 75 73 43 0 0 0 3458623 3259529 0 3254649 2304501 15734 155730009 29985 90487259 87205789 0 9743079 7408044 2.434685 11 11 90112 51114 54 25 0.491306 30 245760 136682 30 245760 136682 1 8192 7865 0 0 0
1709882218152440 32 0 0 32 32 32 0 0 0 0 0 0 0 32 32 1 85 85 53 0 0 0 3935874 4551872 0 4546142 2809651 16371 159472113 32583 109339645 107181411 0 11344683 8881877 2.272635 10 10 81920 47141 2 21 0.496130 32 262144 147040 32 262144 147040 1 8192 7865 0 0 0
1709882225473386 32 0 0 32 32 32 0 0 0 0 0 0 0 32 32 1 89 89 57 0 0 0 3937839 5464918 0 5458686 3021529 16739 165664332 33879 118664049 116425487 0 11878541 9477825 2.166069 10 10 81920 47344 3 22 0.503618 32 262144 147040 32 262144 147040 1 8192 7865 0 0 0
1709882232627754 32 0 0 32 32 32 0 0 0 0 0 0 0 32 32 1 91 91 59 0 0 0 3938908 6014110 0 6007547 3159917 19317 172126439 34574 124578113 121939584 0 12145475 9791807 2.101978 10 10 81920 47662 4 22 0.507288 32 262144 147040 32 262144 147040 1 8192 7865 0 0 0
1709882241575187 32 0 0 32 32 32 0 0 0 0 0 0 0 32 32 0 93 93 61 0 0 0 3940182 6568167 0 6561247 3297953 19578 180448255 35307 127311386 127311386 0 12412409 10083582 2.041600 10 10 81920 47981 5 22 0.509414 32 262144 147040 32 262144 147040 1 8192 7865 0 0 0
1709882467723544 32 0 0 32 32 32 0 0 0 0 0 0 0 32 32 1 93 93 61 0 0 0 3940216 6570273 0 6561247 3303129 30518 406564727 47853 521083064 127311386 0 12412409 10083582 2.041185 10 10 81920 48150 5 22 0.512821 32 262144 147040 32 262144 147040 1 8192 7865 0 0 0
1709882472751253 32 0 0 32 32 32 0 0 0 0 0 0 0 32 32 0 94 94 62 0 0 0 3940867 6580736 0 6571584 3303703 32826 411578071 48520 521083064 521083064 0 12545874 19877711 2.938862 31 31 253952 149957 28313 1437 0.511601 32 262144 147040 32 262144 147040 1 8192 7865 0 0 0
1709882759565798 32 0 0 32 32 32 0 0 0 0 0 0 0 32 32 1 94 94 62 0 0 0 3940909 6583489 0 6571584 3309848 48571 698330157 65077 1070716930 521083064 0 12545874 19877711 2.938082 31 31 253952 149957 28313 7519 0.512821 32 262144 147040 32 262144 147040 1 8192 7865 0 0 0
1709882766470037 32 0 0 32 32 32 0 0 0 0 0 0 0 32 32 0 96 96 64 0 0 0 3942320 6880648 0 6868360 3351565 48822 704912655 66579 1072128217 1072128217 0 12812808 29899930 3.763666 64 64 524288 309527 1638 9152 0.510792 32 262144 147040 32 262144 147040 1 8192 7865 0 0 0
1709882808383479 32 0 0 32 32 32 0 0 0 0 0 0 0 32 32 1 96 96 64 0 0 0 3942326 6881064 0 6868360 3353038 52181 746749296 69549 1671024422 1072128217 0 12812808 29899930 3.763520 64 64 524288 304728 9 8261 0.512820 32 262144 147040 32 262144 147040 1 8192 7865 0 0 0
1709882813993867 32 0 0 32 32 32 0 0 0 0 0 0 0 32 32 1 99 99 67 0 0 0 3944404 7998319 0 7985186 3558917 52490 751032944 70748 1674479115 1673268032 0 13213209 40060560 4.254124 93 93 761856 444231 3 6756 0.510408 32 262144 147040 32 262144 147040 1 8192 7865 0 0 0
1709882819616041 32 0 0 32 32 32 0 0 0 0 0 0 0 32 32 0 100 100 68 0 0 0 3945121 8271978 0 8258688 3627608 52673 756379745 71171 1674479115 1674479115 0 13346676 40210398 4.180698 91 91 745472 435272 2 6099 0.511307 32 262144 147040 32 262144 147040 1 8192 7865 0 0 0
1709882838755155 32 0 0 32 32 32 0 0 0 0 0 0 0 32 32 1 100 100 68 0 0 0 3945128 8272123 0 8258688 3627787 55236 775495048 71557 2320229843 1674479115 0 13346676 40210398 4.180646 88 88 720896 420296 2 5506 0.512605 32 262144 147040 32 262144 147040 1 8192 7865 0 0 0
1709882844401291 32 0 1 31 32 32 0 0 0 0 0 0 0 31 31 1 100 100 69 0 0 0 3945129 8504571 0 8491005 3648362 55325 780887118 72077 2954522298 2320229843 0 13346676 50016800 4.853781 88 88 720896 420296 2 4970 0.525873 32 262144 147040 31 253952 142802 1 8192 7865 0 0 0
1709882952146711 32 0 2 30 32 32 0 0 0 0 0 0 0 30 30 1 100 100 70 0 0 0 3945145 8745488 0 8730832 3671931 61987 888356461 77651 3699310444 2954522298 0 13346676 59868049 5.501932 153 153 1253376 719450 1857 4402 0.512821 32 262144 147040 30 245760 138553 1 8192 7865 0 0 0
1709883005600524 32 0 3 29 32 32 0 0 0 0 0 0 0 29 29 1 100 100 71 0 0 0 3945153 8975812 0 8960654 3692492 62728 941546423 82623 4494942762 3699310444 0 13346676 69701802 6.129666 153 153 1253376 719450 1857 4155 0.512898 32 262144 147040 29 237568 134199 1 8192 7865 0 0 0
1709883102785698 32 0 4 28 32 32 0 0 0 0 0 0 0 28 28 1 100 100 72 0 0 0 3945169 9281623 0 9265552 3721792 68993 1038392961 86591 5389480441 4494942762 0 13346676 79543948 6.697573 230 230 1884160 1085525 1802 3759 0.512821 32 262144 147040 28 229376 129176 1 8192 7865 0 0 0
1709883160178721 30 0 3 27 30 32 2 0 2 0 0 0 0 27 27 1 100 100 73 0 0 0 3945174 9512566 0 9495971 3742680 71837 1095527640 89848 6361748821 5389480441 0 13346676 89419330 7.282449 274 274 2244608 1293074 2693 3526 0.512848 30 245760 138553 27 221184 124942 1 8192 7865 0 0 0
1709883199013176 30 0 4 26 30 32 2 0 2 0 0 0 0 26 26 1 100 100 74 0 0 0 3945183 9743492 0 9726444 3764178 75352 1134103746 92232 7356858692 6361748821 0 13346676 99315371 7.849036 319 319 2613248 1500941 2874 3418 0.512831 30 245760 138553 26 212992 120610 1 8192 7865 0 0 0
1709883258687100 30 0 6 24 30 33 3 0 3 0 0 0 0 24 24 0 100 100 76 0 0 0 3945188 10206491 0 10188875 3844118 78795 1193247459 95754 8374878894 8374878894 0 13346676 118984267 8.917714 414 414 3391488 1950109 3011 3330 0.512844 30 245760 138438 24 196608 111932 1 8192 7865 0 0 0
1709883276913906 30 0 7 23 30 33 3 0 3 0 0 0 0 23 23 1 100 100 77 0 0 0 3945190 10437386 0 10419537 3864475 79084 1211151939 96689 10484610727 9426841281 0 13346676 128874462 9.430345 414 414 3391488 1950109 3011 3300 0.515648 30 245760 138438 23 188416 107656 1 8192 7865 0 0 0
1709883332405012 30 0 8 22 30 33 3 0 3 0 0 0 0 22 22 0 100 100 78 0 0 0 3945190 10437386 0 65910399 3934306 79084 1211151939 96689 10484610727 10484610727 0 13346676 138681094 10.080599 463 463 3792896 2180390 3120 3291 0.515648 30 245760 138438 23 188416 107656 1 8192 7865 0 0 0
1709883337745363 30 0 9 21 30 34 4 0 4 0 0 0 0 21 21 0 100 100 79 0 0 0 3945196 66159082 0 66140732 3966661 82014 1216221387 101455 11581397657 11581397657 0 13346676 148563651 2.202572 138 138 1130496 651208 19 2959 0.513315 30 245760 138534 21 172032 98712 1 8192 7865 0 0 0
1709883359151416 30 0 9 21 30 34 4 0 4 0 0 0 0 21 21 1 100 100 79 0 0 0 3945197 66159225 0 66140732 3966946 82297 1237606233 102016 12734400825 11581397657 0 13346676 148563651 2.202567 107 107 876544 504661 34 2813 0.512867 30 245760 138534 21 172032 98712 1 8192 7865 0 0 0
1709883381581728 30 0 10 20 30 34 4 0 4 0 0 0 0 20 20 1 100 100 80 0 0 0 3945197 66390271 0 66371543 3987181 82596 1259784235 102651 13908891246 12734400825 0 13346676 158427046 2.329069 107 107 876544 504661 34 2543 0.514698 30 245760 138534 20 163840 94483 1 8192 7865 0 0 0
1709883412777914 29 0 10 19 29 34 5 0 5 0 0 0 0 19 19 1 100 100 81 0 0 0 3945202 66620969 0 66601969 4007811 85800 1290723263 105006 15184776187 13908891246 0 13346676 168319143 2.455143 128 128 1048576 594576 3524 2676 0.513471 29 237568 134300 19 155648 90151 1 8192 7865 0 0 0
1709883438388045 30 0 12 18 30 35 5 0 5 0 0 0 0 18 18 0 100 100 82 0 0 0 3945207 66851482 0 66832197 4040527 86244 1316088748 105871 15184776187 15184776187 0 13346676 178213832 2.580436 128 128 1048576 594576 3524 2760 0.513233 30 245760 138565 18 147456 85903 1 8192 7865 0 0 0
1709883513481100 28 0 10 18 28 36 8 0 8 0 0 0 0 18 18 0 100 100 82 0 0 0 3945228 66851998 0 66832197 4179891 92814 1391031766 109094 15184776187 15184776187 0 13346676 178213832 2.580417 140 140 1146880 650238 3785 2908 0.512821 28 229376 130075 18 147456 85903 1 8192 7865 0 0 0
1709883613899041 27 0 9 18 27 37 10 0 10 0 0 0 0 18 18 0 100 100 82 0 0 0 3945241 66852676 0 66832197 4221814 96655 1491396836 115083 15184776187 15184776187 0 13346676 178213832 2.580391 140 140 1146880 650238 3785 2994 0.512821 27 221184 125892 18 147456 85903 1 8192 7865 0 0 0
1709883649401408 25 0 8 17 25 38 13 0 13 0 0 0 0 17 17 0 100 100 83 0 0 0 3945247 67083927 0 67063137 4282324 99657 1526600153 119130 16616077823 16616077823 0 13346676 188115406 2.704934 153 153 1253376 710876 4343 3136 0.512907 25 204800 116153 17 139264 81571 1 8192 7865 0 0 0
1709883699017055 24 0 7 17 24 39 15 0 15 0 0 0 0 17 17 0 100 100 83 0 0 0 3945262 67084252 0 67063137 4466343 104197 1576025644 120134 16616077823 16616077823 0 13346676 188115406 2.704921 153 153 1253376 710876 4343 3255 0.512821 24 196608 111831 17 139264 81571 1 8192 7865 0 0 0
1709883705000094 25 0 8 17 25 40 15 0 15 0 0 0 0 17 17 0 100 100 83 0 0 0 3945263 67084302 0 67063137 4506319 104333 1581968236 120243 16616077823 16616077823 0 13346676 188115406 2.704919 153 153 1253376 710876 4343 3310 0.512821 25 204800 116107 17 139264 81571 1 8192 7865 0 0 0
1709883725850357 24 0 7 17 24 40 16 0 16 0 0 0 0 17 17 1 100 100 83 0 0 0 3945264 67084423 0 67063137 4506971 104575 1602792700 122803 18126169676 16616077823 0 13346676 188115406 2.704914 153 153 1253376 710876 4343 3362 0.512821 24 196608 111859 17 139264 81571 1 8192 7865 0 0 0
1709883747395156 25 0 9 16 25 42 17 0 17 0 0 0 0 16 16 0 100 100 84 0 0 0 3945272 68446127 0 68424554 4614033 105002 1622889398 123648 18126169676 18126169676 0 13346676 198116849 2.785791 153 153 1253376 710876 4343 3459 0.512927 25 204800 117113 16 131072 76279 1 8192 7865 0 0 0
1709883827464032 26 0 10 16 26 44 18 0 18 0 0 0 0 16 16 0 100 100 84 0 0 0 3945286 68446685 0 68424554 4711693 110986 1702849981 127357 18126169676 18126169676 0 13346676 198116849 2.785769 165 165 1351680 770194 1026 3114 0.512821 26 212992 122247 16 131072 76279 1 8192 7865 0 0 0
1709883847382052 27 0 11 16 27 45 18 0 18 0 0 0 0 16 16 0 100 100 84 0 0 0 3945288 68446806 0 68424554 4753781 111269 1722723210 129451 18126169676 18126169676 0 13346676 198116849 2.785765 165 165 1351680 770194 1026 3010 0.512821 27 221184 126569 16 131072 76279 1 8192 7865 0 0 0
1709883882851725 28 0 12 16 28 46 18 0 18 0 0 0 0 16 16 0 100 100 84 0 0 0 3945295 68447047 0 68424554 4766244 114752 1758175748 130152 18126169676 18126169676 0 13346676 198116849 2.785755 165 165 1351680 770194 1026 2817 0.512821 28 229376 130834 16 131072 76279 1 8192 7865 0 0 0
1709883892979239 28 0 12 16 28 46 18 0 18 0 0 0 0 16 16 0 100 100 84 0 0 0 3945296 68447107 0 68424554 4919559 114874 1768149396 130363 18126169676 18126169676 0 13346676 198116849 2.785753 165 165 1351680 770194 1026 2728 0.512821 28 229376 130834 16 131072 76279 1 8192 7865 0 0 0
1709883927793468 29 0 13 16 29 49 20 0 20 0 0 0 0 16 16 0 100 100 84 0 0 0 3945308 68447371 0 68424554 4988043 115484 1802891831 132499 18126169676 18126169676 0 13346676 198116849 2.785742 165 165 1351680 770194 1026 2643 0.512821 29 237568 137725 16 131072 76279 1 8192 7865 0 0 0
1709883947455818 30 0 14 16 30 50 20 0 20 0 0 0 0 16 16 0 100 100 84 0 0 0 3945313 68447557 0 68424554 5033285 118810 1822504713 132949 18126169676 18126169676 0 13346676 198116849 2.785735 165 165 1351680 770194 1026 2487 0.512821 30 245760 142826 16 131072 76279 1 8192 7865 0 0 0
1709884018194446 28 0 12 16 28 51 23 0 23 0 0 0 0 16 16 0 100 100 84 0 0 0 3945321 68448044 0 68424554 5074099 123513 1893192316 137589 18126169676 18126169676 0 13346676 198116849 2.785716 165 165 1351680 770194 1026 2345 0.512821 28 229376 134226 16 131072 76279 1 8192 7865 0 0 0
1709884024020021 28 0 12 16 28 51 23 0 23 0 0 0 0 16 16 1 100 100 84 0 0 0 3945322 68448069 0 68424554 5074143 123579 1899009762 139615 19938846007 18126169676 0 13346676 198116849 2.785715 165 165 1351680 770194 1026 2280 0.512821 28 229376 134226 16 131072 76279 1 8192 7865 0 0 0
1709884059911567 25 0 10 15 25 51 26 0 26 0 0 0 0 15 15 1 100 100 85 0 0 0 3945327 69437146 0 69413255 5081387 126632 1933829730 140914 21918757707 19938846007 0 13346676 208154039 2.878610 181 181 1482752 844879 1777 2140 0.512859 25 204800 119415 15 122880 71256 1 8192 7865 0 0 0
1709884100371243 26 0 12 14 26 52 26 0 26 0 0 0 0 14 14 0 100 100 86 0 0 0 3945338 70290458 0 70266223 5213466 127245 1973376887 143883 21918757707 21918757707 0 13346676 218032695 2.972428 181 181 1482752 844879 1777 2105 0.512863 26 212992 124723 14 114688 67043 1 8192 7865 0 0 0
1709884200286050 23 0 9 14 23 54 31 0 31 0 0 0 0 14 14 0 100 100 86 0 0 0 3945355 70291085 0 70266223 5411248 133604 2073082348 147978 21918757707 21918757707 0 13346676 218032695 2.972402 197 197 1613824 915090 1597 2034 0.512821 23 188416 111328 14 114688 67043 1 8192 7865 0 0 0
1709884205845819 24 0 10 14 24 55 31 0 31 0 0 0 0 14 14 0 100 100 86 0 0 0 3945358 70291134 0 70266223 5433105 133738 2078619817 148082 21918757707 21918757707 0 13346676 218032695 2.972400 197 197 1613824 915090 1597 2013 0.512821 24 196608 116746 14 114688 67043 1 8192 7865 0 0 0
1709884245585079 25 0 11 14 25 58 33 0 33 0 0 0 0 14 14 0 100 100 86 0 0 0 3945366 70291403 0 70266223 5659377 137398 2118126000 150648 21918757707 21918757707 0 13346676 218032695 2.972389 197 197 1613824 915090 1597 1974 0.512821 25 204800 120698 14 114688 67043 1 8192 7865 0 0 0
1709884265704610 26 0 12 14 26 60 34 0 34 0 0 0 0 14 14 0 100 100 86 0 0 0 3945371 70291541 0 70266223 5809550 137717 2138094357 151011 21918757707 21918757707 0 13346676 218032695 2.972383 197 197 1613824 915090 1597 1956 0.512821 26 212992 128467 14 114688 67043 1 8192 7865 0 0 0
1709884362705350 24 0 10 14 24 61 37 0 37 0 0 0 0 14 14 1 100 100 86 0 0 0 3945383 70292128 0 70266223 5866737 145953 2235001786 157827 24074105690 21918757707 0 13346676 218032695 2.972359 197 197 1613824 915090 1597 1906 0.512821 24 196608 120315 14 114688 67043 1 8192 7865 0 0 0
1709884392848491 25 0 12 13 25 62 37 0 37 0 0 0 0 13 13 0 100 100 87 0 0 0 3945387 70525728 0 70499488 5932682 146435 2264863303 159394 24074105690 24074105690 0 13346676 228048629 3.091299 197 197 1613824 915090 1597 1877 0.512998 25 204800 125416 13 106496 62805 1 8192 7865 0 0 0
1709884452071807 24 0 11 13 24 63 39 0 39 0 0 0 0 13 13 0 100 100 87 0 0 0 3945402 70526117 0 70499488 5978540 149645 2324033938 162300 24074105690 24074105690 0 13346676 228048629 3.091282 216 216 1769472 999887 6457 2324 0.512821 24 196608 120711 13 106496 62805 1 8192 7865 0 0 0
1709884467904326 25 0 12 13 25 64 39 0 39 0 0 0 0 13 13 0 100 100 87 0 0 0 3945403 70526229 0 70499488 6018332 149928 2339822829 165469 24074105690 24074105690 0 13346676 228048629 3.091278 216 216 1769472 999887 6457 2531 0.512821 25 204800 125734 13 106496 62805 1 8192 7865 0 0 0
1709884487987539 27 0 14 13 27 66 39 0 39 0 0 0 0 13 13 0 100 100 87 0 0 0 3945412 70526368 0 70499488 6107413 152726 2359813406 165870 24074105690 24074105690 0 13346676 228048629 3.091272 216 216 1769472 999887 6457 2915 0.512821 27 221184 136479 13 106496 62805 1 8192 7865 0 0 0
1709884522082108 24 0 11 13 24 67 43 0 43 0 0 0 0 13 13 0 100 100 87 0 0 0 3945419 70526575 0 70499488 6188092 153215 2393824229 167961 24074105690 24074105690 0 13346676 228048629 3.091263 216 216 1769472 999887 6457 3093 0.512821 24 196608 120575 13 106496 62805 1 8192 7865 0 0 0
1709884532672261 25 0 12 13 25 68 43 0 43 0 0 0 0 13 13 1 100 100 87 0 0 0 3945423 70526630 0 70499488 6188349 155929 2404390711 168456 26400792694 24074105690 0 13346676 228048629 3.091260 216 216 1769472 999887 6457 3422 0.512821 25 204800 124907 13 106496 62805 1 8192 7865 0 0 0
1709884549257229 24 0 12 12 24 68 44 0 44 0 0 0 0 12 12 1 100 100 88 0 0 0 3945426 70759065 0 70731713 6209309 156228 2420735427 169226 28746807437 26400792694 0 13346676 238064814 3.209508 216 216 1769472 999887 6457 3719 0.513492 24 196608 120197 12 98304 58550 1 8192 7865 0 0 0
1709884559006275 24 0 13 11 24 69 45 0 45 0 0 0 0 11 11 0 100 100 89 0 0 0 3945427 71011964 0 70984428 6255346 156422 2430190671 169513 28746807437 28746807437 0 13346676 248136794 3.326824 237 237 1941504 1097407 6991 4039 0.514952 24 196608 116607 11 90112 54186 1 8192 7865 0 0 0
1709884584404077 24 0 13 11 24 70 46 0 46 0 0 0 0 11 11 0 100 100 89 0 0 0 3945431 71012096 0 70984428 6257092 156766 2455582126 173403 28746807437 28746807437 0 13346676 248136794 3.326818 258 258 2113536 1195251 8317 4253 0.512849 24 196608 116607 11 90112 54186 1 8192 7865 0 0 0
1709884604823344 24 0 13 11 24 70 46 0 46 0 0 0 0 11 11 1 100 100 89 0 0 0 3945433 71012204 0 70984428 6257494 160388 2475974199 173915 31145599413 28746807437 0 13346676 248136794 3.326813 258 258 2113536 1195251 8317 4650 0.512823 24 196608 116607 11 90112 54186 1 8192 7865 0 0 0
1709884610172149 26 0 16 10 26 72 46 0 46 0 0 0 0 10 10 0 100 100 90 0 0 0 3945436 71251385 0 71223445 6360272 160607 2481002461 174552 31145599413 31145599413 0 13346676 258093607 3.442508 258 258 2113536 1195251 8317 5009 0.513492 26 212992 125131 10 81920 49870 1 8192 7865 0 0 0
1709884700936713 24 0 14 10 24 73 49 0 49 0 0 0 0 10 10 0 100 100 90 0 0 0 3945446 71251840 0 71223445 6375436 164507 2571743763 177818 31145599413 31145599413 0 13346676 258093607 3.442486 279 279 2285568 1292830 7005 5204 0.512821 24 196608 116488 10 81920 49870 1 8192 7865 0 0 0
1709884710628149 26 0 16 10 26 75 49 0 49 0 0 0 0 10 10 0 100 100 90 0 0 0 3945450 71251917 0 71223445 6552589 164744 2581255886 179478 31145599413 31145599413 0 13346676 258093607 3.442483 279 279 2285568 1292830 7005 5295 0.512821 26 212992 125530 10 81920 49870 1 8192 7865 0 0 0
1709884735730198 28 0 18 10 28 77 49 0 49 0 0 0 0 10 10 0 100 100 90 0 0 0 3945459 71252097 0 71223445 6647870 168194 2606258151 180047 31145599413 31145599413 0 13346676 258093607 3.442474 279 279 2285568 1292830 7005 5463 0.512821 28 229376 135174 10 81920 49870 1 8192 7865 0 0 0
1709884787197493 24 0 14 10 24 77 53 0 53 0 0 0 0 10 10 1 100 100 90 0 0 0 3945471 71252377 0 71223445 6649913 171915 2657646993 182909 33118184482 31145599413 0 13346676 258093607 3.442461 279 279 2285568 1292830 7005 5615 0.512821 24 196608 113978 10 81920 49870 1 8192 7865 0 0 0
1709884832026980 23 0 14 9 23 78 55 0 55 0 0 0 0 9 9 0 100 100 91 0 0 0 3945481 72023432 0 71994153 6756202 172503 2701664838 185573 33118184482 33118184482 0 13346676 268150321 3.533767 279 279 2285568 1292830 7005 5751 0.512843 23 188416 110120 9 73728 45196 1 8192 7865 0 0 0
1709884842352759 22 0 13 9 22 78 56 0 56 0 0 0 0 9 9 1 100 100 91 0 0 0 3945483 72023482 0 71994153 6756520 175530 2711980981 185801 35741708047 33118184482 0 13346676 268150321 3.533765 294 294 2408448 1360242 1770 5363 0.512829 22 180224 105865 9 73728 45196 1 8192 7865 0 0 0
1709884852823507 23 0 15 8 23 79 56 0 56 0 0 0 0 8 8 0 100 100 92 0 0 0 3945484 72286419 0 72256927 6816693 175749 2722133843 186160 35741708047 35741708047 0 13346676 278169094 3.646913 294 294 2408448 1360242 1770 5014 0.514064 23 188416 111173 8 65536 40931 1 8192 7865 0 0 0
1709884897442446 22 0 14 8 22 81 59 0 59 0 0 0 0 8 8 0 100 100 92 0 0 0 3945494 72286862 0 72256927 6863298 179520 2766696926 190885 35741708047 35741708047 0 13346676 278169094 3.646891 318 318 2605056 1468868 8936 5398 0.512821 22 180224 108011 8 65536 40931 1 8192 7865 0 0 0
1709884913645156 19 0 11 8 19 81 62 0 62 0 0 0 0 8 8 1 100 100 92 0 0 0 3945496 72286961 0 72256927 6864409 179782 2782877721 191303 38449982720 35741708047 0 13346676 278169094 3.646886 318 318 2605056 1468868 8936 5575 0.512821 19 155648 95171 8 65536 40931 1 8192 7865 0 0 0
1709884928357158 20 0 13 7 20 82 62 0 62 0 0 0 0 7 7 0 100 100 93 0 0 0 3945497 72519318 0 72489130 6929327 180016 2797311326 191975 38449982720 38449982720 0 13346676 288255234 3.761599 318 318 2605056 1468868 8936 5904 0.514064 20 163840 100528 7 57344 36655 1 8192 7865 0 0 0
1709884948923056 22 0 15 7 22 84 62 0 62 0 0 0 0 7 7 0 100 100 93 0 0 0 3945502 72519425 0 72489130 6989848 180342 2817815665 192355 38449982720 38449982720 0 13346676 288255234 3.761594 342 342 2801664 1572398 8140 6016 0.512827 22 180224 111655 7 57344 36655 1 8192 7865 0 0 0
1709884983838182 23 0 16 7 23 85 62 0 62 0 0 0 0 7 7 0 100 100 93 0 0 0 3945507 72519584 0 72489130 7030358 183227 2852684769 194554 38449982720 38449982720 0 13346676 288255234 3.761586 342 342 2801664 1572398 8140 6224 0.512821 23 188416 115987 7 57344 36655 1 8192 7865 0 0 0
1709884993258083 24 0 17 7 24 86 62 0 62 0 0 0 0 7 7 0 100 100 93 0 0 0 3945512 72519627 0 72489130 7070373 183406 2862064039 194771 38449982720 38449982720 0 13346676 288255234 3.761583 342 342 2801664 1572398 8140 6320 0.512821 24 196608 120341 7 57344 36655 1 8192 7865 0 0 0
1709885018665155 22 0 15 7 22 87 65 0 65 0 0 0 0 7 7 0 100 100 93 0 0 0 3945516 72519730 0 72489130 7208174 186657 2887329229 195259 38449982720 38449982720 0 13346676 288255234 3.761578 342 342 2801664 1572398 8140 6498 0.512821 22 180224 110105 7 57344 36655 1 8192 7865 0 0 0
1709885033096521 23 0 16 7 23 88 65 0 65 0 0 0 0 7 7 0 100 100 93 0 0 0 3945521 72519824 0 72489130 7346031 186983 2901619589 197745 38449982720 38449982720 0 13346676 288255234 3.761573 342 342 2801664 1572398 8140 6581 0.512821 23 188416 114625 7 57344 36655 1 8192 7865 0 0 0
1709885053297611 23 0 16 7 23 90 67 0 67 0 0 0 0 7 7 0 100 100 93 0 0 0 3945531 72519920 0 72489130 7426419 187296 2921739267 198164 38449982720 38449982720 0 13346676 288255234 3.761568 342 342 2801664 1572398 8140 6659 0.512821 23 188416 113545 7 57344 36655 1 8192 7865 0 0 0
1709885058838206 24 0 17 7 24 91 67 0 67 0 0 0 0 7 7 0 100 100 93 0 0 0 3945532 72519954 0 72489130 7437972 187427 2927267903 198252 38449982720 38449982720 0 13346676 288255234 3.761566 342 342 2801664 1572398 8140 6734 0.512821 24 196608 119345 7 57344 36655 1 8192 7865 0 0 0
1709885103443908 23 0 16 7 23 91 68 0 68 0 0 0 0 7 7 0 100 100 93 0 0 0 3945541 72520131 0 72489130 7445609 190519 2971859491 201181 38449982720 38449982720 0 13346676 288255234 3.761557 342 342 2801664 1572398 8140 6872 0.512821 23 188416 114671 7 57344 36655 1 8192 7865 0 0 0
1709885113264978 24 0 17 7 24 92 68 0 68 0 0 0 0 7 7 0 100 100 93 0 0 0 3945543 72520208 0 72489130 7490859 190726 2981634472 201423 38449982720 38449982720 0 13346676 288255234 3.761553 342 342 2801664 1572398 8140 6936 0.512821 24 196608 119734 7 57344 36655 1 8192 7865 0 0 0
1709885128181615 26 0 19 7 26 94 68 0 68 0 0 0 0 7 7 0 100 100 93 0 0 0 3945548 72520292 0 72489130 7535780 190993 2996505227 201765 38449982720 38449982720 0 13346676 288255234 3.761549 342 342 2801664 1572398 8140 6997 0.512821 26 212992 139940 7 57344 36655 1 8192 14914 0 0 0
1709885177739598 23 0 16 7 23 94 71 0 71 0 0 0 0 7 7 1 100 100 93 0 0 0 3945555 72520512 0 72489130 7537621 194375 3046034750 204541 41424530771 38449982720 0 13346676 288255234 3.761538 342 342 2801664 1572398 8140 7110 0.512821 23 188416 125561 7 57344 36655 1 8192 14914 0 0 0
1709885207234635 22 0 16 6 22 95 73 0 73 0 0 0 0 6 6 0 100 100 94 0 0 0 3945565 72755770 0 72724190 7597782 198076 3075249412 205632 41424530771 41424530771 0 13346676 298338065 3.875366 367 367 3006464 1687129 8853 7294 0.512965 22 180224 119387 6 49152 32418 1 8192 14914 0 0 0
1709885222126710 22 0 16 6 22 96 74 0 74 0 0 0 0 6 6 0 100 100 94 0 0 0 3945571 72755843 0 72724190 7637621 198314 3090097477 209253 41424530771 41424530771 0 13346676 298338065 3.875362 367 367 3006464 1687129 8853 7372 0.512828 22 180224 119693 6 49152 32418 1 8192 14914 0 0 0
1709885232416681 22 0 16 6 22 97 75 0 75 0 0 0 0 6 6 0 100 100 94 0 0 0 3945572 72755893 0 72724190 7650856 198494 3100373623 209460 41424530771 41424530771 0 13346676 298338065 3.875359 367 367 3006464 1687129 8853 7447 0.512821 22 180224 120108 6 49152 32418 1 8192 14914 0 0 0
1709885242307153 23 0 17 6 23 98 75 0 75 0 0 0 0 6 6 0 100 100 94 0 0 0 3945575 72755944 0 72724190 7705531 198684 3110208829 209650 41424530771 41424530771 0 13346676 298338065 3.875357 367 367 3006464 1687129 8853 7518 0.512821 23 188416 125431 6 49152 32418 1 8192 14914 0 0 0
1709885247469038 22 0 16 6 22 99 77 0 77 0 0 0 0 6 6 0 100 100 94 0 0 0 3945576 72755979 0 72724190 7747890 198817 3115327921 209761 41424530771 41424530771 0 13346676 298338065 3.875355 367 367 3006464 1687129 8853 7585 0.512821 22 180224 118542 6 49152 32418 1 8192 14914 0 0 0
1709885267617039 23 0 17 6 23 100 77 0 77 0 0 0 0 6 6 0 100 100 94 0 0 0 3945580 72756079 0 72724190 7790545 201955 3135429389 210191 41424530771 41424530771 0 13346676 298338065 3.875349 367 367 3006464 1687129 8853 7710 0.512821 23 188416 122896 6 49152 32418 1 8192 14914 0 0 0
1709885277492627 24 0 18 6 24 101 77 0 77 0 0 0 0 6 6 0 100 100 94 0 0 0 3945580 72756140 0 72724190 7825727 202142 3145267514 212031 41424530771 41424530771 0 13346676 298338065 3.875346 367 367 3006464 1687129 8853 7768 0.512821 24 196608 127702 6 49152 32418 1 8192 14914 0 0 0
1709885287774363 24 0 18 6 24 102 78 0 78 0 0 0 0 6 6 0 100 100 94 0 0 0 3945582 72756184 0 72724190 7837507 202298 3155536902 212229 41424530771 41424530771 0 13346676 298338065 3.875344 367 367 3006464 1687129 8853 7823 0.512821 24 196608 127635 6 49152 32418 1 8192 14914 0 0 0
1709885357625079 19 0 13 6 19 103 84 0 84 0 0 0 0 6 6 0 100 100 94 0 0 0 3945591 72756457 0 72724190 7866855 207947 3225348864 215334 41424530771 41424530771 0 13346676 298338065 3.875330 367 367 3006464 1687129 8853 7924 0.512821 19 155648 104595 6 49152 32418 1 8192 14914 0 0 0
1709885377772945 20 0 14 6 20 104 84 0 84 0 0 0 0 6 6 0 100 100 94 0 0 0 3945602 72756561 0 72724190 7923106 210959 3245436694 215752 41424530771 41424530771 0 13346676 298338065 3.875324 367 367 3006464 1687129 8853 8016 0.512821 20 163840 110614 6 49152 32418 1 8192 14914 0 0 0
1709885412780164 21 0 15 6 21 106 85 0 85 0 0 0 0 6 6 0 100 100 94 0 0 0 3945614 72756735 0 72724190 7940124 211507 3280423408 218179 41424530771 41424530771 0 13346676 298338065 3.875315 367 367 3006464 1687129 8853 8058 0.512821 21 172032 115539 6 49152 32418 1 8192 14914 0 0 0
1709885437718510 20 0 14 6 20 107 87 0 87 0 0 0 0 6 6 0 100 100 94 0 0 0 3945621 72756848 0 72724190 8020299 215922 3305276038 218750 41424530771 41424530771 0 13346676 298338065 3.875309 367 367 3006464 1687129 8853 8136 0.512821 20 163840 99560 6 49152 32418 1 8192 7865 0 0 0
1709885477484186 23 0 17 6 23 110 87 0 87 0 0 0 0 6 6 0 100 100 94 0 0 0 3945630 72757014 0 72724190 8100103 216541 3344958122 221416 41424530771 41424530771 0 13346676 298338065 3.875300 367 367 3006464 1687129 8853 8172 0.512821 23 188416 112485 6 49152 32418 1 8192 7865 0 0 0
1709885482936230 23 0 17 6 23 111 88 0 88 0 0 0 0 6 6 0 100 100 94 0 0 0 3945633 72757049 0 72724190 8239759 216681 3350270048 221524 41424530771 41424530771 0 13346676 298338065 3.875298 367 367 3006464 1687129 8853 8207 0.512821 23 188416 112768 6 49152 32418 1 8192 7865 0 0 0
1709885517431474 24 0 18 6 24 113 89 0 89 0 0 0 0 6 6 0 100 100 94 0 0 0 3945643 72757268 0 72724190 8299150 220112 3384697891 225544 41424530771 41424530771 0 13346676 298338065 3.875286 367 367 3006464 1687129 8853 8271 0.512821 24 196608 118645 6 49152 32418 1 8192 7865 0 0 0
1709885537247628 22 0 16 6 22 113 91 0 91 0 0 0 0 6 6 1 100 100 94 0 0 0 3945645 72757345 0 72724190 8299868 220344 3404443191 225977 44725138983 41424530771 0 13346676 298338065 3.875282 367 367 3006464 1687129 8853 8301 0.512821 22 180224 108291 6 49152 32418 1 8192 7865 0 0 0
1709885573645118 21 0 16 5 21 115 94 0 94 0 0 0 0 5 5 0 100 100 95 0 0 0 3945649 73716789 0 73683357 8436885 224759 3439807572 227172 44725138983 44725138983 0 13346676 308411121 3.951101 393 393 3219456 1804841 2533 8065 0.512841 21 172032 105110 5 40960 27352 1 8192 7865 0 0 0
1709885583578801 21 0 16 5 21 116 95 0 95 0 0 0 0 5 5 0 100 100 95 0 0 0 3945651 73716830 0 73683357 8450067 224928 3449726042 228798 44725138983 44725138983 0 13346676 308411121 3.951099 393 393 3219456 1804841 2533 7789 0.512822 21 172032 106323 5 40960 27352 1 8192 7865 0 0 0
1709885613344802 21 0 16 5 21 117 96 0 96 0 0 0 0 5 5 0 100 100 95 0 0 0 3945656 73716961 0 73683357 8463771 228301 3479473970 229402 44725138983 44725138983 0 13346676 308411121 3.951092 393 393 3219456 1804841 2533 7278 0.512821 21 172032 107976 5 40960 27352 1 8192 7865 0 0 0
1709885623105803 22 0 17 5 22 118 96 0 96 0 0 0 0 5 5 0 100 100 95 0 0 0 3945659 73717012 0 73683357 8506104 228538 3489191909 229641 44725138983 44725138983 0 13346676 308411121 3.951089 393 393 3219456 1804841 2533 7041 0.512821 22 180224 112213 5 40960 27352 1 8192 7865 0 0 0
1709885630449641 23 0 19 4 23 119 96 0 96 0 0 0 0 4 4 0 100 100 96 0 0 0 3945662 73726762 0 73692991 8561518 228724 3496469635 230228 47882845793 47882845793 0 13346676 318441546 4.073748 393 393 3219456 1804841 2533 6602 0.516289 23 188416 117535 4 32768 22019 1 8192 7865 0 0 0
1709885660925040 23 0 19 4 23 120 97 0 97 0 0 0 0 4 4 0 100 100 96 0 0 0 3945664 73726877 0 73692991 8601335 229119 3526902516 232164 47882845793 47882845793 0 13346676 318441546 4.073742 420 420 3440640 1937992 155652 14055 0.512839 23 188416 116791 4 32768 22019 1 8192 7865 0 0 0
1709885670996076 24 0 20 4 24 121 97 0 97 0 0 0 0 4 4 0 100 100 96 0 0 0 3945665 73726921 0 73692991 8641016 229297 3536933294 232367 47882845793 47882845793 0 13346676 318441546 4.073740 420 420 3440640 1937992 155652 21135 0.512822 24 196608 121030 4 32768 22019 1 8192 7865 0 0 0
1709885685826116 23 0 19 4 23 122 99 0 99 0 0 0 0 4 4 0 100 100 96 0 0 0 3945667 73727000 0 73692991 8696877 232413 3551703785 232652 47882845793 47882845793 0 13346676 318441546 4.073736 420 420 3440640 1937992 155652 34251 0.512821 23 188416 116085 4 32768 22019 1 8192 7865 0 0 0
1709885695695747 24 0 20 4 24 123 99 0 99 0 0 0 0 4 4 0 100 100 96 0 0 0 3945671 73727045 0 73692991 8741153 232571 3561528466 232872 47882845793 47882845793 0 13346676 318441546 4.073733 420 420 3440640 1937992 155652 40322 0.512821 24 196608 121344 4 32768 22019 1 8192 7865 0 0 0
1709885730880162 24 0 20 4 24 125 101 0 101 0 0 0 0 4 4 0 100 100 96 0 0 0 3945681 73727192 0 73692991 8838963 233080 3596612156 234874 47882845793 47882845793 0 13346676 318441546 4.073725 420 420 3440640 1937992 155652 46089 0.512821 24 196608 121018 4 32768 22019 1 8192 7865 0 0 0
1709885790685040 22 0 18 4 22 127 105 0 105 0 0 0 0 4 4 0 100 100 96 0 0 0 3945699 73727448 0 73692991 8922840 236805 3656325667 238032 47882845793 47882845793 0 13346676 318441546 4.073710 420 420 3440640 1937992 155652 56773 0.512821 22 180224 112124 4 32768 22019 1 8192 7865 0 0 0
1709885820140985 21 0 17 4 21 128 107 0 107 0 0 0 0 4 4 0 100 100 96 0 0 0 3945713 73727587 0 73692991 8979247 240312 3685720661 238699 47882845793 47882845793 0 13346676 318441546 4.073702 420 420 3440640 1937992 155652 66414 0.512821 21 172032 107958 4 32768 22019 1 8192 7865 0 0 0
1709885880089995 19 0 15 4 19 129 110 0 110 0 0 0 0 4 4 0 100 100 96 0 0 0 3945726 73727842 0 73692991 9023052 243770 3745616642 243671 47882845793 47882845793 0 13346676 318441546 4.073688 420 420 3440640 1937992 155652 75115 0.512821 19 155648 96407 4 32768 22019 1 8192 7865 0 0 0
1709885885961169 20 0 16 4 20 131 111 0 111 0 0 0 0 4 4 0 100 100 96 0 0 0 3945731 73727885 0 73692991 9064443 243942 3751445933 243774 47882845793 47882845793 0 13346676 318441546 4.073686 420 420 3440640 1937992 155652 79142 0.512821 20 163840 99074 4 32768 22019 1 8192 7865 0 0 0
1709885950612845 18 0 14 4 18 133 115 0 115 0 0 0 0 4 4 0 100 100 96 0 0 0 3945747 73728135 0 73692991 9120879 247852 3816033661 246777 47882845793 47882845793 0 13346676 318441546 4.073672 420 420 3440640 1937992 155652 86603 0.512821 18 147456 88340 4 32768 22019 1 8192 7865 0 0 0
1709885960862738 19 0 15 4 19 135 116 0 116 0 0 0 0 4 4 0 100 100 96 0 0 0 3945755 73728191 0 73692991 9180707 248101 3826221444 248507 47882845793 47882845793 0 13346676 318441546 4.073668 420 420 3440640 1937992 155652 90056 0.512821 19 155648 94246 4 32768 22019 1 8192 7865 0 0 0
1709885980306061 20 0 16 4 20 137 117 0 117 0 0 0 0 4 4 0 100 100 96 0 0 0 3945761 73728289 0 73692991 9352250 251413 3845489016 248994 47882845793 47882845793 0 13346676 318441546 4.073663 420 420 3440640 1937992 155652 96452 0.512821 20 163840 99760 4 32768 22019 1 8192 7865 0 0 0
1709886005230584 19 0 15 4 19 138 119 0 119 0 0 0 0 4 4 0 100 100 96 0 0 0 3945764 73728387 0 73692991 9395014 251797 3870369546 249537 47882845793 47882845793 0 13346676 318441546 4.073658 420 420 3440640 1937992 155652 99412 0.512821 19 155648 93416 4 32768 22019 1 8192 7865 0 0 0
1709886015314158 20 0 16 4 20 139 119 0 119 0 0 0 0 4 4 0 100 100 96 0 0 0 3945765 73728436 0 73692991 9439219 251985 3880408286 249738 47882845793 47882845793 0 13346676 318441546 4.073655 420 420 3440640 1937992 155652 102224 0.512821 20 163840 108330 4 32768 22019 1 8192 14914 0 0 0
1709886035215529 18 0 14 4 18 140 122 0 122 0 0 0 0 4 4 0 100 100 96 0 0 0 3945772 73728517 0 73692991 9479326 255505 3900263532 251946 47882845793 47882845793 0 13346676 318441546 4.073650 420 420 3440640 1937992 155652 107434 0.512821 18 147456 98948 4 32768 22019 1 8192 14914 0 0 0
1709886045798021 19 0 15 4 19 141 122 0 122 0 0 0 0 4 4 0 100 100 96 0 0 0 3945777 73728563 0 73692991 9518942 255682 3910805840 252169 47882845793 47882845793 0 13346676 318441546 4.073648 420 420 3440640 1937992 155652 109845 0.512821 19 155648 103187 4 32768 22019 1 8192 14914 0 0 0
1709886055712760 20 0 16 4 20 142 122 0 122 0 0 0 0 4 4 0 100 100 96 0 0 0 3945782 73728607 0 73692991 9531825 255836 3920707110 252372 47882845793 47882845793 0 13346676 318441546 4.073645 420 420 3440640 1937992 155652 112136 0.512821 20 163840 109105 4 32768 22019 1 8192 14914 0 0 0
1709886075249166 21 0 17 4 21 143 122 0 122 0 0 0 0 4 4 0 100 100 96 0 0 0 3945787 73728687 0 73692991 9586275 256103 3940188132 252769 47882845793 47882845793 0 13346676 318441546 4.073641 420 420 3440640 1937992 155652 114312 0.512821 21 172032 114427 4 32768 22019 1 8192 14914 0 0 0
1709886085889073 22 0 18 4 22 144 122 0 122 0 0 0 0 4 4 0 100 100 96 0 0 0 3945788 73728737 0 73692991 9626351 256298 3950785604 254690 47882845793 47882845793 0 13346676 318441546 4.073638 420 420 3440640 1937992 155652 116379 0.512821 22 180224 118749 4 32768 22019 1 8192 14914 0 0 0
1709886125269323 21 0 17 4 21 146 125 0 125 0 0 0 0 4 4 0 100 100 96 0 0 0 3945802 73728925 0 73692991 9726228 260011 3990060881 255600 47882845793 47882845793 0 13346676 318441546 4.073628 420 420 3440640 1937992 155652 120209 0.512821 21 172032 115005 4 32768 22019 1 8192 14914 0 0 0
1709886130441352 22 0 18 4 22 147 125 0 125 0 0 0 0 4 4 0 100 100 96 0 0 0 3945804 73728960 0 73692991 9739415 260147 3995219275 255698 47882845793 47882845793 0 13346676 318441546 4.073626 420 420 3440640 1937992 155652 121982 0.512821 22 180224 120777 4 32768 22019 1 8192 14914 0 0 0
1709886155895504 23 0 19 4 23 148 125 0 125 0 0 0 0 4 4 0 100 100 96 0 0 0 3945809 73729069 0 73692991 9779207 263537 4020625662 259881 47882845793 47882845793 0 13346676 318441546 4.073620 420 420 3440640 1937992 155652 125266 0.512821 23 188416 125016 4 32768 22019 1 8192 14914 0 0 0
1709886185574259 24 0 20 4 24 151 127 0 127 0 0 0 0 4 4 0 100 100 96 0 0 0 3945826 73729207 0 73692991 9904105 264071 4050178021 260459 47882845793 47882845793 0 13346676 318441546 4.073611 420 420 3440640 1937992 155652 126786 0.512821 24 196608 130109 4 32768 22019 1 8192 14914 0 0 0
1709886190924178 25 0 21 4 25 152 127 0 127 0 0 0 0 4 4 0 100 100 96 0 0 0 3945830 73729241 0 73692991 9915889 264216 4055515741 260558 47882845793 47882845793 0 13346676 318441546 4.073609 420 420 3440640 1937992 155652 128230 0.512821 25 204800 134374 4 32768 22019 1 8192 14914 0 0 0
1709886255990800 25 0 21 4 25 154 129 0 129 0 0 0 0 4 4 0 100 100 96 0 0 0 3945847 73729514 0 73692991 9949989 267607 4120541338 263494 47882845793 47882845793 0 13346676 318441546 4.073594 420 420 3440640 1937992 155652 130905 0.512821 25 204800 135387 4 32768 22019 1 8192 14914 0 0 0
1709886295327070 22 0 18 4 22 155 133 0 133 0 0 0 0 4 4 0 100 100 96 0 0 0 3945851 73729665 0 73692991 9995722 271213 4159825407 265921 47882845793 47882845793 0 13346676 318441546 4.073586 420 420 3440640 1937992 155652 133319 0.512821 22 180224 120806 4 32768 22019 1 8192 14914 0 0 0
1709886325189103 21 0 17 4 21 156 135 0 135 0 0 0 0 4 4 0 100 100 96 0 0 0 3945857 73729779 0 73692991 10012612 273731 4189667070 266548 47882845793 47882845793 0 13346676 318441546 4.073580 420 420 3440640 1937992 155652 134436 0.512821 21 172032 107393 4 32768 22019 1 8192 7865 0 0 0
1709886330556702 22 0 18 4 22 157 135 0 135 0 0 0 0 4 4 0 100 100 96 0 0 0 3945861 73729819 0 73692991 10053423 273893 4194992057 267966 47882845793 47882845793 0 13346676 318441546 4.073578 420 420 3440640 1937992 155652 135497 0.512821 22 180224 111747 4 32768 22019 1 8192 7865 0 0 0
1709886345012435 21 0 17 4 21 157 136 0 136 0 0 0 0 4 4 0 100 100 96 0 0 0 3945865 73729886 0 73692991 10093779 276947 4209403833 268271 47882845793 47882845793 0 13346676 318441546 4.073574 420 420 3440640 1937992 155652 137463 0.512821 21 172032 107165 4 32768 22019 1 8192 7865 0 0 0
1709886360246629 20 0 16 4 20 158 138 0 138 0 0 0 0 4 4 0 100 100 96 0 0 0 3945869 73729951 0 73692991 10135769 277158 4224595287 268568 47882845793 47882845793 0 13346676 318441546 4.073570 420 420 3440640 1937992 155652 138373 0.512821 20 163840 101590 4 32768 22019 1 8192 7865 0 0 0
1709886365705069 22 0 18 4 22 160 138 0 138 0 0 0 0 4 4 0 100 100 96 0 0 0 3945875 73729995 0 73692991 10149135 277350 4230039884 268654 47882845793 47882845793 0 13346676 318441546 4.073568 420 420 3440640 1937992 155652 139237 0.512821 22 180224 110755 4 32768 22019 1 8192 7865 0 0 0
1709886425282349 18 0 14 4 18 160 142 0 142 0 0 0 0 4 4 1 100 100 96 0 0 0 3945883 73730214 0 73692991 10150907 280384 4289589424 271353 51546643695 47882845793 0 13346676 318441546 4.073556 420 420 3440640 1937992 155652 140838 0.512821 18 147456 90360 4 32768 22019 1 8192 7865 0 0 0
1709886435719487 19 0 16 3 19 162 143 0 143 0 0 0 0 3 3 0 100 100 97 0 0 0 3945887 73963519 0 73926119 10226806 280672 4299736138 271950 51546643695 51546643695 0 13346676 328564598 4.185271 420 420 3440640 1937992 155652 142283 0.513184 19 155648 104465 3 24576 17828 1 8192 14891 0 0 0
1709886445561512 20 0 17 3 20 163 143 0 143 0 0 0 0 3 3 0 100 100 97 0 0 0 3945889 73963560 0 73926119 10228311 280812 4309576132 272143 51546643695 51546643695 0 13346676 328564598 4.185269 454 454 3719168 2090745 10846 135712 0.512848 20 163840 109220 3 24576 17828 1 8192 14891 0 0 0
1709886460239975 18 0 15 3 18 163 145 0 145 0 0 0 0 3 3 0 100 100 97 0 0 0 3945894 73963611 0 73926119 10250060 283921 4324225917 275723 51546643695 51546643695 0 13346676 328564598 4.185266 454 454 3719168 2090745 10846 123538 0.512824 18 147456 99880 3 24576 17828 1 8192 14891 0 0 0
1709886465970086 20 0 17 3 20 166 146 0 146 0 0 0 0 3 3 0 100 100 97 0 0 0 3945899 73963667 0 73926119 10335555 284193 4329869917 275824 51546643695 51546643695 0 13346676 328564598 4.185263 454 454 3719168 2090745 10846 117904 0.512821 20 163840 120096 3 24576 17828 1 8192 14914 0 0 0
1709886500082035 19 0 16 3 19 167 148 0 148 0 0 0 0 3 3 0 100 100 97 0 0 0 3945902 73963779 0 73926119 10349169 284608 4363966844 276477 51546643695 51546643695 0 13346676 328564598 4.185257 454 454 3719168 2090745 10846 112552 0.512821 19 155648 117425 3 24576 17828 1 8192 14914 0 0 0
1709886510179038 20 0 17 3 20 168 148 0 148 0 0 0 0 3 3 0 100 100 97 0 0 0 3945904 73963828 0 73926119 10394096 284806 4374018298 276683 51546643695 51546643695 0 13346676 328564598 4.185254 454 454 3719168 2090745 10846 107467 0.512821 20 163840 122694 3 24576 17828 1 8192 14914 0 0 0
1709886540709037 21 0 18 3 21 169 148 0 148 0 0 0 0 3 3 0 100 100 97 0 0 0 3945912 73963931 0 73926119 10434459 287813 4404502339 278927 51546643695 51546643695 0 13346676 328564598 4.185248 454 454 3719168 2090745 10846 98047 0.512821 21 172032 126921 3 24576 17828 1 8192 14914 0 0 0
1709886565300213 21 0 18 3 21 171 150 0 150 0 0 0 0 3 3 0 100 100 97 0 0 0 3945921 73964034 0 73926119 10529392 288230 4428997330 279420 51546643695 51546643695 0 13346676 328564598 4.185242 454 454 3719168 2090745 10846 93687 0.512821 21 172032 125394 3 24576 17828 1 8192 14914 0 0 0
1709886580910385 22 0 19 3 22 172 150 0 150 0 0 0 0 3 3 0 100 100 97 0 0 0 3945927 73964101 0 73926119 10571705 291335 4444559792 281442 51546643695 51546643695 0 13346676 328564598 4.185238 454 454 3719168 2090745 10846 85611 0.512821 22 180224 129632 3 24576 17828 1 8192 14914 0 0 0
1709886590483105 23 0 20 3 23 173 150 0 150 0 0 0 0 3 3 0 100 100 97 0 0 0 3945930 73964150 0 73926119 10709279 291554 4453994272 281648 51546643695 51546643695 0 13346676 328564598 4.185235 454 454 3719168 2090745 10846 81873 0.512821 23 188416 134306 3 24576 17828 1 8192 14914 0 0 0
1709886610012192 23 0 20 3 23 174 151 0 151 0 0 0 0 3 3 0 100 100 97 0 0 0 3945934 73964215 0 73926119 10751930 291806 4473479787 282042 51546643695 51546643695 0 13346676 328564598 4.185231 454 454 3719168 2090745 10846 78322 0.512821 23 188416 133303 3 24576 17828 1 8192 14914 0 0 0
1709886615953067 24 0 21 3 24 175 151 0 151 0 0 0 0 3 3 0 100 100 97 0 0 0 3945935 73964235 0 73926119 10796158 291905 4479376055 282143 51546643695 51546643695 0 13346676 328564598 4.185230 454 454 3719168 2090745 10846 74949 0.512821 24 196608 138404 3 24576 17828 1 8192 14914 0 0 0
1709886670382180 19 0 16 3 19 175 156 0 156 0 0 0 0 3 3 0 100 100 97 0 0 0 3945943 73964397 0 73926119 10838090 295673 4533755947 285219 51546643695 51546643695 0 13346676 328564598 4.185221 454 454 3719168 2090745 10846 68700 0.512821 19 155648 114564 3 24576 17828 1 8192 14914 0 0 0
1709886695689005 22 0 19 3 22 178 156 0 156 0 0 0 0 3 3 0 100 100 97 0 0 0 3945953 73964511 0 73926119 10862293 298957 4559034380 285755 51546643695 51546643695 0 13346676 328564598 4.185214 454 454 3719168 2090745 10846 63060 0.512821 22 180224 129879 3 24576 17828 1 8192 14914 0 0 0
1709886710420232 23 0 20 3 23 179 156 0 156 0 0 0 0 3 3 0 100 100 97 0 0 0 3945956 73964586 0 73926119 10881091 299277 4573744296 287683 51546643695 51546643695 0 13346676 328564598 4.185210 454 454 3719168 2090745 10846 60450 0.512821 23 188416 135816 3 24576 17828 1 8192 14914 0 0 0
1709886715479171 24 0 21 3 24 180 156 0 156 0 0 0 0 3 3 0 100 100 97 0 0 0 3945957 73964611 0 73926119 10935389 299387 4578748538 287783 51546643695 51546643695 0 13346676 328564598 4.185209 454 454 3719168 2090745 10846 57970 0.512821 24 196608 141124 3 24576 17828 1 8192 14914 0 0 0
1709886725280453 24 0 21 3 24 180 156 0 156 0 0 0 0 3 3 0 100 100 97 0 0 0 3945958 73964641 0 73926119 10951405 299482 4588533319 287980 51546643695 51546643695 0 13346676 328564598 4.185207 454 454 3719168 2090745 10846 55614 0.512821 24 196608 141124 3 24576 17828 1 8192 14914 0 0 0
1709886732629142 24 0 21 3 24 181 157 0 157 0 0 0 0 3 3 1 100 100 97 0 0 0 3945961 73964678 0 73926119 10951976 299609 4595875504 288196 56071561690 51546643695 0 13346676 328564598 4.185205 454 454 3719168 2090745 10846 53376 0.512821 24 196608 142952 3 24576 17828 1 8192 14914 0 0 0
1709886742466740 23 0 21 2 23 182 159 0 159 0 0 0 0 2 2 0 100 100 98 0 0 0 3945961 74007407 0 73968724 10997971 299797 4605628964 288786 56071561690 56071561690 0 13346676 338656719 4.306377 454 454 3719168 2090745 10846 49230 0.514064 23 188416 127266 2 16384 9963 1 8192 14914 0 0 0
1709886767840094 20 0 18 2 20 183 163 0 163 0 0 0 0 2 2 0 100 100 98 0 0 0 3945969 74007490 0 73968724 11014906 304142 4630978385 291108 56071561690 56071561690 0 13346676 338656719 4.306372 497 497 4071424 2320767 53691 49666 0.512834 20 163840 103680 2 16384 9963 1 8192 7865 0 0 0
1709886772926589 21 0 19 2 21 184 163 0 163 0 0 0 0 2 2 0 100 100 98 0 0 0 3945973 74007510 0 73968724 11054829 304269 4636024513 291217 56071561690 56071561690 0 13346676 338656719 4.306371 497 497 4071424 2320767 53691 49868 0.512822 21 172032 108034 2 16384 9963 1 8192 7865 0 0 0
1709886832177148 20 0 18 2 20 185 165 0 165 0 0 0 0 2 2 0 100 100 98 0 0 0 3945989 74007685 0 73968724 11193649 307923 4695128636 294684 56071561690 56071561690 0 13346676 338656719 4.306360 497 497 4071424 2320767 53691 50242 0.512821 20 163840 101367 2 16384 9963 1 8192 7865 0 0 0
1709886867076382 19 0 17 2 19 186 167 0 167 0 0 0 0 2 2 0 100 100 98 0 0 0 3945997 74007789 0 73968724 11236981 308393 4729982974 295414 56071561690 56071561690 0 13346676 338656719 4.306354 497 497 4071424 2320767 53691 50415 0.512821 19 155648 97149 2 16384 9963 1 8192 7865 0 0 0
1709886872174270 18 0 16 2 18 186 168 0 168 0 0 0 0 2 2 0 100 100 98 0 0 0 3945998 74007801 0 73968724 11395955 308442 4734921580 295514 56071561690 56071561690 0 13346676 338656719 4.306353 497 497 4071424 2320767 53691 50579 0.512821 18 147456 91826 2 16384 9963 1 8192 7865 0 0 0
1709886902943659 18 0 16 2 18 188 170 0 170 0 0 0 0 2 2 0 100 100 98 0 0 0 3946003 74007903 0 73968724 11546372 311697 4765534334 298101 56071561690 56071561690 0 13346676 338656719 4.306347 497 497 4071424 2320767 53691 50883 0.512821 18 147456 94949 2 16384 9963 1 8192 7865 0 0 0
1709886922901040 17 0 15 2 17 189 172 0 172 0 0 0 0 2 2 0 100 100 98 0 0 0 3946005 74007971 0 73968724 11568895 312029 4785468151 298536 56071561690 56071561690 0 13346676 338656719 4.306343 497 497 4071424 2320767 53691 51024 0.512821 17 139264 90912 2 16384 9963 1 8192 7865 0 0 0
1709886937858051 19 0 17 2 19 191 172 0 172 0 0 0 0 2 2 0 100 100 98 0 0 0 3946008 74008036 0 73968724 11654068 315240 4800336239 298824 56071561690 56071561690 0 13346676 338656719 4.306340 497 497 4071424 2320767 53691 51285 0.512821 19 155648 99482 2 16384 9963 1 8192 7865 0 0 0
1709886947030890 21 0 19 2 21 193 172 0 172 0 0 0 0 2 2 0 100 100 98 0 0 0 3946015 74008091 0 73968724 11740565 315503 4809419943 300916 56071561690 56071561690 0 13346676 338656719 4.306336 497 497 4071424 2320767 53691 51406 0.512821 21 172032 109082 2 16384 9963 1 8192 7865 0 0 0
1709886967622495 22 0 20 2 22 194 172 0 172 0 0 0 0 2 2 0 100 100 98 0 0 0 3946021 74008164 0 73968724 11782978 315825 4829968150 301321 56071561690 56071561690 0 13346676 338656719 4.306332 497 497 4071424 2320767 53691 51521 0.512821 22 180224 113319 2 16384 9963 1 8192 7865 0 0 0
1709886977209627 23 0 21 2 23 196 173 0 173 0 0 0 0 2 2 0 100 100 98 0 0 0 3946024 74008214 0 73968724 11840771 316072 4839496785 301536 56071561690 56071561690 0 13346676 338656719 4.306329 497 497 4071424 2320767 53691 51630 0.512821 23 188416 120540 2 16384 9963 1 8192 7865 0 0 0
1709887007682205 22 0 20 2 22 197 175 0 175 0 0 0 0 2 2 0 100 100 98 0 0 0 3946035 74008319 0 73968724 11895964 319374 4869907825 304246 56071561690 56071561690 0 13346676 338656719 4.306323 497 497 4071424 2320767 53691 51832 0.512821 22 180224 114774 2 16384 9963 1 8192 7865 0 0 0
1709887057342899 19 0 17 2 19 199 180 0 180 0 0 0 0 2 2 0 100 100 98 0 0 0 3946051 74008475 0 73968724 11955076 323229 4919504045 305290 56071561690 56071561690 0 13346676 338656719 4.306313 497 497 4071424 2320767 53691 52014 0.512821 19 155648 96327 2 16384 9963 1 8192 7268 0 0 0
1709887077120448 19 0 17 2 19 201 182 0 182 0 0 0 0 2 2 0 100 100 98 0 0 0 3946059 74008553 0 73968724 12052560 323615 4939179904 308815 56071561690 56071561690 0 13346676 338656719 4.306308 497 497 4071424 2320767 53691 52098 0.512821 19 155648 95874 2 16384 9963 1 8192 7268 0 0 0
1709887082822053 20 0 18 2 20 202 182 0 182 0 0 0 0 2 2 0 100 100 98 0 0 0 3946062 74008573 0 73968724 12064087 323724 4944869590 308911 56071561690 56071561690 0 13346676 338656719 4.306307 497 497 4071424 2320767 53691 52178 0.512821 20 163840 100139 2 16384 9963 1 8192 7268 0 0 0
1709887112821792 21 0 19 2 21 203 182 0 182 0 0 0 0 2 2 0 100 100 98 0 0 0 3946067 74008665 0 73968724 12106253 324170 4974825725 309540 56071561690 56071561690 0 13346676 338656719 4.306302 497 497 4071424 2320767 53691 52254 0.512821 21 172032 104365 2 16384 9963 1 8192 7268 0 0 0
1709887127907831 22 0 20 2 22 204 182 0 182 0 0 0 0 2 2 0 100 100 98 0 0 0 3946069 74008717 0 73968724 12150801 327217 4989863577 309895 56071561690 56071561690 0 13346676 338656719 4.306299 497 497 4071424 2320767 53691 52395 0.512821 22 180224 109722 2 16384 9963 1 8192 7268 0 0 0
1709887172991978 21 0 19 2 21 205 184 0 184 0 0 0 0 2 2 0 100 100 98 0 0 0 3946076 74008854 0 73968724 12191335 327801 5034903547 312505 56071561690 56071561690 0 13346676 338656719 4.306291 497 497 4071424 2320767 53691 52460 0.512821 21 172032 105193 2 16384 9963 1 8192 7268 0 0 0
1709887197644722 23 0 21 2 23 208 185 0 185 0 0 0 0 2 2 1 100 100 98 0 0 0 3946083 74008971 0 73968724 12273167 331389 5059441335 314778 61053419558 56071561690 0 13346676 338656719 4.306284 497 497 4071424 2320767 53691 52581 0.512821 23 188416 119636 2 16384 9963 1 8192 7865 0 0 0
1709887207939026 23 0 22 1 23 209 186 0 186 0 0 0 0 1 1 0 100 100 99 0 0 0 3946086 74314312 0 74273947 12316601 331586 5069413036 315252 61053419558 61053419558 0 13346676 348748703 4.412462 497 497 4071424 2320767 53691 52690 0.514198 23 188416 118107 1 8192 4637 1 8192 7865 0 0 0
1709887242102076 21 0 20 1 21 211 190 0 190 0 0 0 0 1 1 0 100 100 99 0 0 0 3946097 74314414 0 74273947 12400438 334833 5103487986 315916 61053419558 61053419558 0 13346676 348748703 4.412456 544 544 4456448 2543123 11264 48652 0.512822 21 172032 107513 1 8192 4637 1 8192 7865 0 0 0
1709887262896614 21 0 20 1 21 212 191 0 191 0 0 0 0 1 1 0 100 100 99 0 0 0 3946102 74314479 0 74273947 12440418 335134 5124239952 317906 61053419558 61053419558 0 13346676 348748703 4.412452 544 544 4456448 2543123 11264 46783 0.512821 21 172032 107513 1 8192 4637 1 8192 7865 0 0 0
1709887277704391 19 0 18 1 19 213 194 0 194 0 0 0 0 1 1 0 100 100 99 0 0 0 3946107 74314521 0 74273947 12577966 335344 5138909413 318216 61053419558 61053419558 0 13346676 348748703 4.412449 544 544 4456448 2543123 11264 45008 0.512821 19 155648 96349 1 8192 4637 1 8192 7865 0 0 0
1709887317875093 19 0 18 1 19 215 196 0 196 0 0 0 0 1 1 0 100 100 99 0 0 0 3946117 74314651 0 74273947 12670132 340759 5178979481 320819 61053419558 61053419558 0 13346676 348748703 4.412442 544 544 4456448 2543123 11264 41719 0.512821 19 155648 104444 1 8192 4637 1 8192 14914 0 0 0
1709887357279182 20 0 19 1 20 216 196 0 196 0 0 0 0 1 1 0 100 100 99 0 0 0 3946126 74314771 0 74273947 12758334 343884 5218291040 321654 61053419558 61053419558 0 13346676 348748703 4.412434 544 544 4456448 2543123 11264 38751 0.512821 20 163840 108766 1 8192 4637 1 8192 14914 0 0 0
1709887387170279 19 0 18 1 19 219 200 0 200 0 0 0 0 1 1 0 100 100 99 0 0 0 3946134 74314875 0 74273947 12822013 344388 5248114063 325180 61053419558 61053419558 0 13346676 348748703 4.412428 544 544 4456448 2543123 11264 37377 0.512821 19 155648 105161 1 8192 4637 1 8192 14914 0 0 0
1709887417575070 19 0 18 1 19 220 201 0 201 0 0 0 0 1 1 0 100 100 99 0 0 0 3946142 74314977 0 74273947 12867148 347432 5278469717 325778 61053419558 61053419558 0 13346676 348748703 4.412422 544 544 4456448 2543123 11264 34832 0.512821 19 155648 106363 1 8192 4637 1 8192 14914 0 0 0
1709887432637080 19 0 18 1 19 221 202 0 202 0 0 0 0 1 1 0 100 100 99 0 0 0 3946149 74315032 0 74273947 12907445 347669 5293490653 326083 61053419558 61053419558 0 13346676 348748703 4.412418 544 544 4456448 2543123 11264 33654 0.512821 19 155648 105233 1 8192 4637 1 8192 14914 0 0 0
1709887447082544 21 0 20 1 21 223 202 0 202 0 0 0 0 1 1 0 100 100 99 0 0 0 3946155 74315084 0 74273947 13098936 347951 5307742552 327580 61053419558 61053419558 0 13346676 348748703 4.412415 544 544 4456448 2543123 11264 32535 0.512821 21 172032 115232 1 8192 4637 1 8192 14914 0 0 0
1709887452448960 22 0 21 1 22 224 202 0 202 0 0 0 0 1 1 0 100 100 99 0 0 0 3946159 74315108 0 74273947 13111995 348082 5313095466 327685 61053419558 61053419558 0 13346676 348748703 4.412413 544 544 4456448 2543123 11264 31472 0.512821 22 180224 121004 1 8192 4637 1 8192 14914 0 0 0
1709887482109549 19 0 18 1 19 225 206 0 206 0 0 0 0 1 1 0 100 100 99 0 0 0 3946163 74315196 0 74273947 13153381 351490 5342710295 328297 61053419558 61053419558 0 13346676 348748703 4.412408 544 544 4456448 2543123 11264 29503 0.512821 19 155648 101794 1 8192 4637 1 8192 14914 0 0 0
1709887497516255 21 0 20 1 21 227 206 0 206 0 0 0 0 1 1 0 100 100 99 0 0 0 3946169 74315245 0 74273947 13215969 351760 5358053491 328637 61053419558 61053419558 0 13346676 348748703 4.412405 544 544 4456448 2543123 11264 28592 0.512821 21 172032 111566 1 8192 4637 1 8192 14914 0 0 0
1709887502600064 22 0 21 1 22 229 207 0 207 0 0 0 0 1 1 0 100 100 99 0 0 0 3946173 74315275 0 74273947 13273327 351944 5363077572 330564 61053419558 61053419558 0 13346676 348748703 4.412403 544 544 4456448 2543123 11264 27726 0.512821 22 180224 116299 1 8192 4637 1 8192 14914 0 0 0
1709887538238311 20 0 19 1 20 229 209 0 209 0 0 0 0 1 1 1 100 100 99 0 0 0 3946178 74315361 0 74273947 13274282 354751 5398642476 331394 66375665371 61053419558 0 13346676 348748703 4.412398 544 544 4456448 2543123 11264 26122 0.512821 20 163840 106206 1 8192 4637 1 8192 14914 0 0 0
1709887568220258 20 0 20 0 20 229 209 0 209 0 0 0 0 0 0 0 100 100 100 0 0 0 3946178 74315361 0 104255702 13342827 354751 5398642476 331394 66375665371 66375665371 0 13346676 358865836 4.535683 544 544 4456448 2543123 11264 25380 0.512821 20 163840 106206 1 8192 4637 1 8192 14914 0 0 0
1709887568225524 0 0 0 0 0 229 229 20 209 0 0 0 0 0 0 0 100 100 100 0 0 0 3946178 104297301 0 104255702 13342827 354828 5398642476 333264 66375665371 66375665371 0 13346676 358865836 3.279362 544 544 4456448 2543123 11264 24005 0.537179 0 0 0 0 0 0 0 0 0 0 0 0
