2024/03/06 18:52:23.23 work_queue_worker[16] debug: ./work_queue_worker version 8.0.0 DEVELOPMENT (released 2024-01-31 18:33:01 -0600)
2024/03/06 18:52:23.23 work_queue_worker[16] debug: Built by sunrise1001@ap21.uc.osg-htc.org on 2024-01-31 18:33:01 -0600
2024/03/06 18:52:23.23 work_queue_worker[16] debug: System: Linux ap21.uc.osg-htc.org 5.4.240-1.el8.elrepo.x86_64 #1 SMP Tue Apr 4 13:26:38 EDT 2023 x86_64 x86_64 x86_64 GNU/Linux
2024/03/06 18:52:23.23 work_queue_worker[16] debug: Configuration: --prefix /home/sunrise1001/cctools
2024/03/06 18:52:23.24 work_queue_worker[16] wq: WORK_QUEUE_SANDBOX set to /srv/worker-32016-16.
2024/03/06 18:52:23.24 work_queue_worker[16] debug: error reading disk usage on directory: ./cache.
2024/03/06 18:52:23.24 work_queue_worker[16] wq: querying catalog for managers with project=nessie
2024/03/06 18:52:23.24 work_queue_worker[16] debug: trying catalog query: http://catalog.cse.nd.edu:9097/query/dHJ1ZQ==
2024/03/06 18:52:23.24 work_queue_worker[16] http: connect catalog.cse.nd.edu port 9097
2024/03/06 18:52:23.24 work_queue_worker[16] dns: looking up name catalog.cse.nd.edu
2024/03/06 18:52:23.24 work_queue_worker[16] dns: catalog.cse.nd.edu is 129.74.152.177
2024/03/06 18:52:23.24 work_queue_worker[16] tcp: connecting to 129.74.152.177 port 9097
2024/03/06 18:52:23.26 work_queue_worker[16] tcp: made connection to 129.74.152.177 port 9097
2024/03/06 18:52:23.26 work_queue_worker[16] http: GET /query/dHJ1ZQ== HTTP/1.1
Connection: close
Host: catalog.cse.nd.edu
User-Agent: Mozilla/5.0 (compatible; CCTools 8.0.0 DEVELOPMENT Parrot; http://ccl.cse.nd.edu/)
2024/03/06 18:52:23.29 work_queue_worker[16] http: HTTP/1.1 200 OK
2024/03/06 18:52:23.29 work_queue_worker[16] http: Date: Wed Mar  6 13:52:23 2024
2024/03/06 18:52:23.29 work_queue_worker[16] http: Server: catalog_server
2024/03/06 18:52:23.29 work_queue_worker[16] http: Connection: close
2024/03/06 18:52:23.29 work_queue_worker[16] http: Access-Control-Allow-Origin: *
2024/03/06 18:52:23.29 work_queue_worker[16] http: Content-type: text/plain; charset=utf-8
2024/03/06 18:52:23.29 work_queue_worker[16] http:
2024/03/06 18:52:23.43 work_queue_worker[16] tcp: disconnected from 129.74.152.177 port 9097
2024/03/06 18:52:23.44 work_queue_worker[16] wq: project name nessie matches 0 managers
2024/03/06 18:52:25.44 work_queue_worker[16] wq: project name nessie matches 0 managers
2024/03/06 18:52:29.44 work_queue_worker[16] debug: error reading disk usage on directory: ./cache.
2024/03/06 18:52:29.44 work_queue_worker[16] wq: project name nessie matches 0 managers
2024/03/06 18:52:37.44 work_queue_worker[16] debug: error reading disk usage on directory: ./cache.
2024/03/06 18:52:37.44 work_queue_worker[16] wq: project name nessie matches 0 managers
2024/03/06 18:52:53.44 work_queue_worker[16] debug: error reading disk usage on directory: ./cache.
2024/03/06 18:52:53.45 work_queue_worker[16] wq: project name nessie matches 0 managers
2024/03/06 18:53:25.45 work_queue_worker[16] debug: error reading disk usage on directory: ./cache.
2024/03/06 18:53:25.45 work_queue_worker[16] wq: querying catalog for managers with project=nessie
2024/03/06 18:53:25.45 work_queue_worker[16] debug: trying catalog query: http://catalog.cse.nd.edu:9097/query/dHJ1ZQ==
2024/03/06 18:53:25.45 work_queue_worker[16] http: connect catalog.cse.nd.edu port 9097
2024/03/06 18:53:25.45 work_queue_worker[16] tcp: connecting to 129.74.152.177 port 9097
2024/03/06 18:53:25.47 work_queue_worker[16] tcp: made connection to 129.74.152.177 port 9097
2024/03/06 18:53:25.47 work_queue_worker[16] http: GET /query/dHJ1ZQ== HTTP/1.1
Connection: close
Host: catalog.cse.nd.edu
User-Agent: Mozilla/5.0 (compatible; CCTools 8.0.0 DEVELOPMENT Parrot; http://ccl.cse.nd.edu/)
2024/03/06 18:53:25.50 work_queue_worker[16] http: HTTP/1.1 200 OK
2024/03/06 18:53:25.50 work_queue_worker[16] http: Date: Wed Mar  6 13:53:25 2024
2024/03/06 18:53:25.50 work_queue_worker[16] http: Server: catalog_server
2024/03/06 18:53:25.50 work_queue_worker[16] http: Connection: close
2024/03/06 18:53:25.50 work_queue_worker[16] http: Access-Control-Allow-Origin: *
2024/03/06 18:53:25.50 work_queue_worker[16] http: Content-type: text/plain; charset=utf-8
2024/03/06 18:53:25.50 work_queue_worker[16] http:
2024/03/06 18:53:25.62 work_queue_worker[16] tcp: disconnected from 129.74.152.177 port 9097
2024/03/06 18:53:25.62 work_queue_worker[16] wq: project name nessie matches 0 managers
2024/03/06 18:54:25.63 work_queue_worker[16] debug: error reading disk usage on directory: ./cache.
2024/03/06 18:54:25.63 work_queue_worker[16] wq: querying catalog for managers with project=nessie
2024/03/06 18:54:25.63 work_queue_worker[16] debug: trying catalog query: http://catalog.cse.nd.edu:9097/query/dHJ1ZQ==
2024/03/06 18:54:25.63 work_queue_worker[16] http: connect catalog.cse.nd.edu port 9097
2024/03/06 18:54:25.63 work_queue_worker[16] tcp: connecting to 129.74.152.177 port 9097
2024/03/06 18:54:25.65 work_queue_worker[16] tcp: made connection to 129.74.152.177 port 9097
2024/03/06 18:54:25.65 work_queue_worker[16] http: GET /query/dHJ1ZQ== HTTP/1.1
Connection: close
Host: catalog.cse.nd.edu
User-Agent: Mozilla/5.0 (compatible; CCTools 8.0.0 DEVELOPMENT Parrot; http://ccl.cse.nd.edu/)
2024/03/06 18:54:25.68 work_queue_worker[16] http: HTTP/1.1 200 OK
2024/03/06 18:54:25.68 work_queue_worker[16] http: Date: Wed Mar  6 13:54:25 2024
2024/03/06 18:54:25.68 work_queue_worker[16] http: Server: catalog_server
2024/03/06 18:54:25.68 work_queue_worker[16] http: Connection: close
2024/03/06 18:54:25.68 work_queue_worker[16] http: Access-Control-Allow-Origin: *
2024/03/06 18:54:25.68 work_queue_worker[16] http: Content-type: text/plain; charset=utf-8
2024/03/06 18:54:25.68 work_queue_worker[16] http:
2024/03/06 18:54:25.79 work_queue_worker[16] tcp: disconnected from 129.74.152.177 port 9097
2024/03/06 18:54:25.80 work_queue_worker[16] wq: project name nessie matches 0 managers
2024/03/06 18:55:25.80 work_queue_worker[16] debug: error reading disk usage on directory: ./cache.
2024/03/06 18:55:25.80 work_queue_worker[16] wq: querying catalog for managers with project=nessie
2024/03/06 18:55:25.80 work_queue_worker[16] debug: trying catalog query: http://catalog.cse.nd.edu:9097/query/dHJ1ZQ==
2024/03/06 18:55:25.80 work_queue_worker[16] http: connect catalog.cse.nd.edu port 9097
2024/03/06 18:55:25.80 work_queue_worker[16] tcp: connecting to 129.74.152.177 port 9097
2024/03/06 18:55:25.83 work_queue_worker[16] tcp: made connection to 129.74.152.177 port 9097
2024/03/06 18:55:25.83 work_queue_worker[16] http: GET /query/dHJ1ZQ== HTTP/1.1
Connection: close
Host: catalog.cse.nd.edu
User-Agent: Mozilla/5.0 (compatible; CCTools 8.0.0 DEVELOPMENT Parrot; http://ccl.cse.nd.edu/)
2024/03/06 18:55:25.85 work_queue_worker[16] http: HTTP/1.1 200 OK
2024/03/06 18:55:25.85 work_queue_worker[16] http: Date: Wed Mar  6 13:55:25 2024
2024/03/06 18:55:25.85 work_queue_worker[16] http: Server: catalog_server
2024/03/06 18:55:25.85 work_queue_worker[16] http: Connection: close
2024/03/06 18:55:25.85 work_queue_worker[16] http: Access-Control-Allow-Origin: *
2024/03/06 18:55:25.85 work_queue_worker[16] http: Content-type: text/plain; charset=utf-8
2024/03/06 18:55:25.85 work_queue_worker[16] http:
2024/03/06 18:55:25.97 work_queue_worker[16] tcp: disconnected from 129.74.152.177 port 9097
2024/03/06 18:55:25.97 work_queue_worker[16] wq: project name nessie matches 0 managers
2024/03/06 18:56:25.98 work_queue_worker[16] debug: error reading disk usage on directory: ./cache.
2024/03/06 18:56:25.98 work_queue_worker[16] wq: querying catalog for managers with project=nessie
2024/03/06 18:56:25.98 work_queue_worker[16] debug: trying catalog query: http://catalog.cse.nd.edu:9097/query/dHJ1ZQ==
2024/03/06 18:56:25.98 work_queue_worker[16] http: connect catalog.cse.nd.edu port 9097
2024/03/06 18:56:25.98 work_queue_worker[16] tcp: connecting to 129.74.152.177 port 9097
2024/03/06 18:56:26.00 work_queue_worker[16] tcp: made connection to 129.74.152.177 port 9097
2024/03/06 18:56:26.00 work_queue_worker[16] http: GET /query/dHJ1ZQ== HTTP/1.1
Connection: close
Host: catalog.cse.nd.edu
User-Agent: Mozilla/5.0 (compatible; CCTools 8.0.0 DEVELOPMENT Parrot; http://ccl.cse.nd.edu/)
2024/03/06 18:56:26.03 work_queue_worker[16] http: HTTP/1.1 200 OK
2024/03/06 18:56:26.03 work_queue_worker[16] http: Date: Wed Mar  6 13:56:26 2024
2024/03/06 18:56:26.03 work_queue_worker[16] http: Server: catalog_server
2024/03/06 18:56:26.03 work_queue_worker[16] http: Connection: close
2024/03/06 18:56:26.03 work_queue_worker[16] http: Access-Control-Allow-Origin: *
2024/03/06 18:56:26.03 work_queue_worker[16] http: Content-type: text/plain; charset=utf-8
2024/03/06 18:56:26.03 work_queue_worker[16] http:
2024/03/06 18:56:26.15 work_queue_worker[16] tcp: disconnected from 129.74.152.177 port 9097
2024/03/06 18:56:26.15 work_queue_worker[16] wq: project name nessie matches 0 managers
2024/03/06 18:57:26.15 work_queue_worker[16] debug: error reading disk usage on directory: ./cache.
2024/03/06 18:57:26.15 work_queue_worker[16] wq: querying catalog for managers with project=nessie
2024/03/06 18:57:26.15 work_queue_worker[16] debug: trying catalog query: http://catalog.cse.nd.edu:9097/query/dHJ1ZQ==
2024/03/06 18:57:26.15 work_queue_worker[16] http: connect catalog.cse.nd.edu port 9097
2024/03/06 18:57:26.15 work_queue_worker[16] dns: looking up name catalog.cse.nd.edu
2024/03/06 18:57:26.16 work_queue_worker[16] dns: catalog.cse.nd.edu is 129.74.152.177
2024/03/06 18:57:26.16 work_queue_worker[16] tcp: connecting to 129.74.152.177 port 9097
2024/03/06 18:57:26.18 work_queue_worker[16] tcp: made connection to 129.74.152.177 port 9097
2024/03/06 18:57:26.18 work_queue_worker[16] http: GET /query/dHJ1ZQ== HTTP/1.1
Connection: close
Host: catalog.cse.nd.edu
User-Agent: Mozilla/5.0 (compatible; CCTools 8.0.0 DEVELOPMENT Parrot; http://ccl.cse.nd.edu/)
2024/03/06 18:57:26.21 work_queue_worker[16] http: HTTP/1.1 200 OK
2024/03/06 18:57:26.21 work_queue_worker[16] http: Date: Wed Mar  6 13:57:26 2024
2024/03/06 18:57:26.21 work_queue_worker[16] http: Server: catalog_server
2024/03/06 18:57:26.21 work_queue_worker[16] http: Connection: close
2024/03/06 18:57:26.21 work_queue_worker[16] http: Access-Control-Allow-Origin: *
2024/03/06 18:57:26.21 work_queue_worker[16] http: Content-type: text/plain; charset=utf-8
2024/03/06 18:57:26.21 work_queue_worker[16] http:
2024/03/06 18:57:26.32 work_queue_worker[16] tcp: disconnected from 129.74.152.177 port 9097
2024/03/06 18:57:26.33 work_queue_worker[16] wq: project name nessie matches 0 managers
2024/03/06 18:57:26.33 work_queue_worker[16] notice: stopping: could not connect after 300 seconds.
